[ 2017-04-07T11:00:47+08:00 ] 127.0.0.1 127.0.0.1 GET /medias/public/index.php/port/userreg/reg.html
[ log ] localhost/medias/public/index.php/port/userreg/reg.html [运行时间：0.269898s][吞吐率：3.71req/s] [内存消耗：1,815.03kb] [文件加载：44]
[ info ] [ LANG ] D:\rar\phpstudy\WWW\medias\thinkphp\lang\zh-cn.php
[ info ] [ ROUTE ] array (
  'type' => 'module',
  'module' => 
  array (
    0 => 'port',
    1 => 'userreg',
    2 => 'reg',
  ),
)
[ info ] [ HEADER ] array (
  'cookie' => 'Hm_lvt_f7837cdb3a52632e3ab0c97029d9c19d=1490265823; Hm_lvt_0f9c7b195f0b86ba1118656d4a142474=1490606547; Hm_lvt_7e1b991d14eb5047e1f521cd606b8f00=1490752676,1491356481',
  'accept-language' => 'zh-CN,zh;q=0.8',
  'accept-encoding' => 'gzip, deflate, sdch, br',
  'accept' => 'text/html,application/xhtml+xml,application/xml;q=0.9,image/webp,*/*;q=0.8',
  'user-agent' => 'Mozilla/5.0 (Windows NT 10.0; WOW64) AppleWebKit/537.36 (KHTML, like Gecko) Chrome/56.0.2924.87 Safari/537.36',
  'upgrade-insecure-requests' => '1',
  'connection' => 'keep-alive',
  'host' => 'localhost',
  'content-length' => '',
  'content-type' => '',
)
[ info ] [ PARAM ] array (
)
[ info ] [ RUN ] app\port\controller\Userreg->reg[ D:\rar\phpstudy\WWW\medias\application\port\controller\Userreg.php ]
[ info ] [ DB ] INIT mysql
[ info ] [ VIEW ] D:\rar\phpstudy\WWW\medias\public/../application/port\view\userreg\reg.html [ array (
  0 => 'data',
  1 => 'buytime',
  2 => 'DealerData',
  3 => 'ProjectName',
  4 => 'dealer_info',
) ]
[ info ] [ LOG ] INIT File
[ sql ] [ DB ] CONNECT:[ UseTime:0.001500s ] mysql:dbname=media;host=127.0.0.1;port=3306;charset=utf8
[ sql ] [ SQL ] SHOW COLUMNS FROM `zt_brand` [ RunTime:0.021866s ]
[ sql ] [ SQL ] SELECT * FROM `zt_brand` WHERE  `pid` = 0   [ RunTime:0.004931s ]
[ sql ] [ SQL ] SHOW COLUMNS FROM `zt_dealer_list` [ RunTime:0.047189s ]
[ sql ] [ SQL ] SELECT * FROM `zt_dealer_list` WHERE  `pid` = 0   [ RunTime:0.004283s ]
[ sql ] [ SQL ] SHOW COLUMNS FROM `zt_project` [ RunTime:0.028813s ]
[ sql ] [ SQL ] SELECT `id`,`project_name` FROM `zt_project`  [ RunTime:0.005376s ]
[ sql ] [ SQL ] SHOW COLUMNS FROM `zt_buytime` [ RunTime:0.026289s ]
[ sql ] [ SQL ] SELECT `id`,`timename` FROM `zt_buytime`  [ RunTime:0.000440s ]

---------------------------------------------------------------
[ 2017-04-07T11:00:48+08:00 ] 127.0.0.1 127.0.0.1 GET /medias/public/index.php
[ log ] localhost/medias/public/index.php [运行时间：0.062441s][吞吐率：16.02req/s] [内存消耗：1,025.06kb] [文件加载：36]
[ info ] [ LANG ] D:\rar\phpstudy\WWW\medias\thinkphp\lang\zh-cn.php
[ info ] [ ROUTE ] array (
  'type' => 'module',
  'module' => 
  array (
    0 => '',
    1 => NULL,
    2 => NULL,
  ),
)
[ info ] [ HEADER ] array (
  'cookie' => 'Hm_lvt_f7837cdb3a52632e3ab0c97029d9c19d=1490265823; Hm_lvt_0f9c7b195f0b86ba1118656d4a142474=1490606547; Hm_lvt_7e1b991d14eb5047e1f521cd606b8f00=1490752676,1491356481,1491534048; Hm_lpvt_7e1b991d14eb5047e1f521cd606b8f00=1491534048',
  'accept-language' => 'zh-CN,zh;q=0.8',
  'accept-encoding' => 'gzip, deflate, sdch, br',
  'accept' => 'text/html,application/xhtml+xml,application/xml;q=0.9,image/webp,*/*;q=0.8',
  'user-agent' => 'Mozilla/5.0 (Windows NT 10.0; WOW64) AppleWebKit/537.36 (KHTML, like Gecko) Chrome/56.0.2924.87 Safari/537.36',
  'upgrade-insecure-requests' => '1',
  'connection' => 'keep-alive',
  'host' => 'localhost',
  'content-length' => '',
  'content-type' => '',
)
[ info ] [ PARAM ] array (
)
[ info ] [ SESSION ] INIT array (
  'id' => '',
  'var_session_id' => '',
  'prefix' => 'think',
  'type' => '',
  'auto_start' => true,
)
[ info ] [ LOG ] INIT File

---------------------------------------------------------------
[ 2017-04-07T11:00:48+08:00 ] 127.0.0.1 127.0.0.1 GET /medias/public/index.php/admin/login/index.html
[ log ] localhost/medias/public/index.php/admin/login/index.html [运行时间：0.037564s][吞吐率：26.62req/s] [内存消耗：1,012.27kb] [文件加载：34]
[ info ] [ LANG ] D:\rar\phpstudy\WWW\medias\thinkphp\lang\zh-cn.php
[ info ] [ ROUTE ] array (
  'type' => 'module',
  'module' => 
  array (
    0 => 'admin',
    1 => 'login',
    2 => 'index',
  ),
)
[ info ] [ HEADER ] array (
  'cookie' => 'Hm_lvt_f7837cdb3a52632e3ab0c97029d9c19d=1490265823; Hm_lvt_0f9c7b195f0b86ba1118656d4a142474=1490606547; Hm_lvt_7e1b991d14eb5047e1f521cd606b8f00=1490752676,1491356481,1491534048; Hm_lpvt_7e1b991d14eb5047e1f521cd606b8f00=1491534048; PHPSESSID=ft81na7ggc8e2j7cvn5j0me1o5',
  'accept-language' => 'zh-CN,zh;q=0.8',
  'accept-encoding' => 'gzip, deflate, sdch, br',
  'accept' => 'text/html,application/xhtml+xml,application/xml;q=0.9,image/webp,*/*;q=0.8',
  'user-agent' => 'Mozilla/5.0 (Windows NT 10.0; WOW64) AppleWebKit/537.36 (KHTML, like Gecko) Chrome/56.0.2924.87 Safari/537.36',
  'upgrade-insecure-requests' => '1',
  'connection' => 'keep-alive',
  'host' => 'localhost',
  'content-length' => '',
  'content-type' => '',
)
[ info ] [ PARAM ] array (
)
[ info ] [ RUN ] app\admin\controller\Login->index[ D:\rar\phpstudy\WWW\medias\application\admin\controller\Login.php ]
[ info ] [ VIEW ] D:\rar\phpstudy\WWW\medias\public/../application/admin\view\login\login.html [ array (
) ]
[ info ] [ LOG ] INIT File

---------------------------------------------------------------
[ 2017-04-07T18:25:54+08:00 ] 127.0.0.1 127.0.0.1 GET /medias/public/index.php/port/userreg/reg.html
[ log ] localhost/medias/public/index.php/port/userreg/reg.html [运行时间：0.068168s][吞吐率：14.67req/s] [内存消耗：1,815.21kb] [文件加载：44]
[ info ] [ LANG ] D:\rar\phpstudy\WWW\medias\thinkphp\lang\zh-cn.php
[ info ] [ ROUTE ] array (
  'type' => 'module',
  'module' => 
  array (
    0 => 'port',
    1 => 'userreg',
    2 => 'reg',
  ),
)
[ info ] [ HEADER ] array (
  'cookie' => 'Hm_lvt_f7837cdb3a52632e3ab0c97029d9c19d=1490265823; Hm_lvt_0f9c7b195f0b86ba1118656d4a142474=1490606547; Hm_lvt_7e1b991d14eb5047e1f521cd606b8f00=1490752676,1491356481,1491534048; Hm_lpvt_7e1b991d14eb5047e1f521cd606b8f00=1491534048; PHPSESSID=ft81na7ggc8e2j7cvn5j0me1o5',
  'accept-language' => 'zh-CN,zh;q=0.8',
  'accept-encoding' => 'gzip, deflate, sdch, br',
  'accept' => 'text/html,application/xhtml+xml,application/xml;q=0.9,image/webp,*/*;q=0.8',
  'user-agent' => 'Mozilla/5.0 (Windows NT 10.0; WOW64) AppleWebKit/537.36 (KHTML, like Gecko) Chrome/56.0.2924.87 Safari/537.36',
  'upgrade-insecure-requests' => '1',
  'connection' => 'keep-alive',
  'host' => 'localhost',
  'content-length' => '',
  'content-type' => '',
)
[ info ] [ PARAM ] array (
)
[ info ] [ RUN ] app\port\controller\Userreg->reg[ D:\rar\phpstudy\WWW\medias\application\port\controller\Userreg.php ]
[ info ] [ DB ] INIT mysql
[ info ] [ VIEW ] D:\rar\phpstudy\WWW\medias\public/../application/port\view\userreg\reg.html [ array (
  0 => 'data',
  1 => 'buytime',
  2 => 'DealerData',
  3 => 'ProjectName',
  4 => 'dealer_info',
) ]
[ info ] [ LOG ] INIT File
[ sql ] [ DB ] CONNECT:[ UseTime:0.001108s ] mysql:dbname=media;host=127.0.0.1;port=3306;charset=utf8
[ sql ] [ SQL ] SHOW COLUMNS FROM `zt_brand` [ RunTime:0.008875s ]
[ sql ] [ SQL ] SELECT * FROM `zt_brand` WHERE  `pid` = 0   [ RunTime:0.000902s ]
[ sql ] [ SQL ] SHOW COLUMNS FROM `zt_dealer_list` [ RunTime:0.007973s ]
[ sql ] [ SQL ] SELECT * FROM `zt_dealer_list` WHERE  `pid` = 0   [ RunTime:0.000723s ]
[ sql ] [ SQL ] SHOW COLUMNS FROM `zt_project` [ RunTime:0.008722s ]
[ sql ] [ SQL ] SELECT `id`,`project_name` FROM `zt_project`  [ RunTime:0.000317s ]
[ sql ] [ SQL ] SHOW COLUMNS FROM `zt_buytime` [ RunTime:0.007469s ]
[ sql ] [ SQL ] SELECT `id`,`timename` FROM `zt_buytime`  [ RunTime:0.000331s ]

---------------------------------------------------------------
[ 2017-04-07T18:25:55+08:00 ] 127.0.0.1 127.0.0.1 GET /medias/public/index.php
[ log ] localhost/medias/public/index.php [运行时间：0.018097s][吞吐率：55.26req/s] [内存消耗：1,024.91kb] [文件加载：36]
[ info ] [ LANG ] D:\rar\phpstudy\WWW\medias\thinkphp\lang\zh-cn.php
[ info ] [ ROUTE ] array (
  'type' => 'module',
  'module' => 
  array (
    0 => '',
    1 => NULL,
    2 => NULL,
  ),
)
[ info ] [ HEADER ] array (
  'cookie' => 'Hm_lvt_f7837cdb3a52632e3ab0c97029d9c19d=1490265823; Hm_lvt_0f9c7b195f0b86ba1118656d4a142474=1490606547; PHPSESSID=ft81na7ggc8e2j7cvn5j0me1o5; Hm_lvt_7e1b991d14eb5047e1f521cd606b8f00=1490752676,1491356481,1491534048; Hm_lpvt_7e1b991d14eb5047e1f521cd606b8f00=1491560754',
  'accept-language' => 'zh-CN,zh;q=0.8',
  'accept-encoding' => 'gzip, deflate, sdch, br',
  'accept' => 'text/html,application/xhtml+xml,application/xml;q=0.9,image/webp,*/*;q=0.8',
  'user-agent' => 'Mozilla/5.0 (Windows NT 10.0; WOW64) AppleWebKit/537.36 (KHTML, like Gecko) Chrome/56.0.2924.87 Safari/537.36',
  'upgrade-insecure-requests' => '1',
  'connection' => 'keep-alive',
  'host' => 'localhost',
  'content-length' => '',
  'content-type' => '',
)
[ info ] [ PARAM ] array (
)
[ info ] [ SESSION ] INIT array (
  'id' => '',
  'var_session_id' => '',
  'prefix' => 'think',
  'type' => '',
  'auto_start' => true,
)
[ info ] [ LOG ] INIT File

---------------------------------------------------------------
[ 2017-04-07T18:25:55+08:00 ] 127.0.0.1 127.0.0.1 GET /medias/public/index.php/admin/login/index.html
[ log ] localhost/medias/public/index.php/admin/login/index.html [运行时间：0.016952s][吞吐率：58.99req/s] [内存消耗：1,012.27kb] [文件加载：34]
[ info ] [ LANG ] D:\rar\phpstudy\WWW\medias\thinkphp\lang\zh-cn.php
[ info ] [ ROUTE ] array (
  'type' => 'module',
  'module' => 
  array (
    0 => 'admin',
    1 => 'login',
    2 => 'index',
  ),
)
[ info ] [ HEADER ] array (
  'cookie' => 'Hm_lvt_f7837cdb3a52632e3ab0c97029d9c19d=1490265823; Hm_lvt_0f9c7b195f0b86ba1118656d4a142474=1490606547; PHPSESSID=ft81na7ggc8e2j7cvn5j0me1o5; Hm_lvt_7e1b991d14eb5047e1f521cd606b8f00=1490752676,1491356481,1491534048; Hm_lpvt_7e1b991d14eb5047e1f521cd606b8f00=1491560754',
  'accept-language' => 'zh-CN,zh;q=0.8',
  'accept-encoding' => 'gzip, deflate, sdch, br',
  'accept' => 'text/html,application/xhtml+xml,application/xml;q=0.9,image/webp,*/*;q=0.8',
  'user-agent' => 'Mozilla/5.0 (Windows NT 10.0; WOW64) AppleWebKit/537.36 (KHTML, like Gecko) Chrome/56.0.2924.87 Safari/537.36',
  'upgrade-insecure-requests' => '1',
  'connection' => 'keep-alive',
  'host' => 'localhost',
  'content-length' => '',
  'content-type' => '',
)
[ info ] [ PARAM ] array (
)
[ info ] [ RUN ] app\admin\controller\Login->index[ D:\rar\phpstudy\WWW\medias\application\admin\controller\Login.php ]
[ info ] [ VIEW ] D:\rar\phpstudy\WWW\medias\public/../application/admin\view\login\login.html [ array (
) ]
[ info ] [ LOG ] INIT File

---------------------------------------------------------------
