[ 2017-04-10T10:33:03+08:00 ] 127.0.0.1 127.0.0.1 GET /medias/public/index.php/port/userreg/reg.html
[ log ] localhost/medias/public/index.php/port/userreg/reg.html [运行时间：0.340154s][吞吐率：2.94req/s] [内存消耗：1,814.89kb] [文件加载：44]
[ info ] [ LANG ] D:\rar\phpstudy\WWW\medias\thinkphp\lang\zh-cn.php
[ info ] [ ROUTE ] array (
  'type' => 'module',
  'module' => 
  array (
    0 => 'port',
    1 => 'userreg',
    2 => 'reg',
  ),
)
[ info ] [ HEADER ] array (
  'cookie' => 'Hm_lvt_f7837cdb3a52632e3ab0c97029d9c19d=1490265823; Hm_lvt_0f9c7b195f0b86ba1118656d4a142474=1490606547',
  'accept-language' => 'zh-CN,zh;q=0.8',
  'accept-encoding' => 'gzip, deflate, sdch, br',
  'accept' => 'text/html,application/xhtml+xml,application/xml;q=0.9,image/webp,*/*;q=0.8',
  'user-agent' => 'Mozilla/5.0 (Windows NT 10.0; WOW64) AppleWebKit/537.36 (KHTML, like Gecko) Chrome/56.0.2924.87 Safari/537.36',
  'upgrade-insecure-requests' => '1',
  'connection' => 'keep-alive',
  'host' => 'localhost',
  'content-length' => '',
  'content-type' => '',
)
[ info ] [ PARAM ] array (
)
[ info ] [ RUN ] app\port\controller\Userreg->reg[ D:\rar\phpstudy\WWW\medias\application\port\controller\Userreg.php ]
[ info ] [ DB ] INIT mysql
[ info ] [ VIEW ] D:\rar\phpstudy\WWW\medias\public/../application/port\view\userreg\reg.html [ array (
  0 => 'data',
  1 => 'buytime',
  2 => 'DealerData',
  3 => 'ProjectName',
  4 => 'dealer_info',
) ]
[ info ] [ LOG ] INIT File
[ sql ] [ DB ] CONNECT:[ UseTime:0.002225s ] mysql:dbname=media;host=127.0.0.1;port=3306;charset=utf8
[ sql ] [ SQL ] SHOW COLUMNS FROM `zt_brand` [ RunTime:0.028807s ]
[ sql ] [ SQL ] SELECT * FROM `zt_brand` WHERE  `pid` = 0   [ RunTime:0.004761s ]
[ sql ] [ SQL ] SHOW COLUMNS FROM `zt_dealer_list` [ RunTime:0.034147s ]
[ sql ] [ SQL ] SELECT * FROM `zt_dealer_list` WHERE  `pid` = 0   [ RunTime:0.008886s ]
[ sql ] [ SQL ] SHOW COLUMNS FROM `zt_project` [ RunTime:0.018899s ]
[ sql ] [ SQL ] SELECT `id`,`project_name` FROM `zt_project`  [ RunTime:0.006599s ]
[ sql ] [ SQL ] SHOW COLUMNS FROM `zt_buytime` [ RunTime:0.018235s ]
[ sql ] [ SQL ] SELECT `id`,`timename` FROM `zt_buytime`  [ RunTime:0.000492s ]

---------------------------------------------------------------
[ 2017-04-10T10:33:04+08:00 ] 127.0.0.1 127.0.0.1 GET /medias/public/index.php
[ log ] localhost/medias/public/index.php [运行时间：0.113819s][吞吐率：8.79req/s] [内存消耗：1,024.93kb] [文件加载：36]
[ info ] [ LANG ] D:\rar\phpstudy\WWW\medias\thinkphp\lang\zh-cn.php
[ info ] [ ROUTE ] array (
  'type' => 'module',
  'module' => 
  array (
    0 => '',
    1 => NULL,
    2 => NULL,
  ),
)
[ info ] [ HEADER ] array (
  'cookie' => 'Hm_lvt_f7837cdb3a52632e3ab0c97029d9c19d=1490265823; Hm_lvt_0f9c7b195f0b86ba1118656d4a142474=1490606547; Hm_lvt_7e1b991d14eb5047e1f521cd606b8f00=1491791584; Hm_lpvt_7e1b991d14eb5047e1f521cd606b8f00=1491791584',
  'accept-language' => 'zh-CN,zh;q=0.8',
  'accept-encoding' => 'gzip, deflate, sdch, br',
  'accept' => 'text/html,application/xhtml+xml,application/xml;q=0.9,image/webp,*/*;q=0.8',
  'user-agent' => 'Mozilla/5.0 (Windows NT 10.0; WOW64) AppleWebKit/537.36 (KHTML, like Gecko) Chrome/56.0.2924.87 Safari/537.36',
  'upgrade-insecure-requests' => '1',
  'connection' => 'keep-alive',
  'host' => 'localhost',
  'content-length' => '',
  'content-type' => '',
)
[ info ] [ PARAM ] array (
)
[ info ] [ SESSION ] INIT array (
  'id' => '',
  'var_session_id' => '',
  'prefix' => 'think',
  'type' => '',
  'auto_start' => true,
)
[ info ] [ LOG ] INIT File

---------------------------------------------------------------
[ 2017-04-10T10:33:04+08:00 ] 127.0.0.1 127.0.0.1 GET /medias/public/index.php/admin/login/index.html
[ log ] localhost/medias/public/index.php/admin/login/index.html [运行时间：0.023592s][吞吐率：42.39req/s] [内存消耗：1,012.30kb] [文件加载：34]
[ info ] [ LANG ] D:\rar\phpstudy\WWW\medias\thinkphp\lang\zh-cn.php
[ info ] [ ROUTE ] array (
  'type' => 'module',
  'module' => 
  array (
    0 => 'admin',
    1 => 'login',
    2 => 'index',
  ),
)
[ info ] [ HEADER ] array (
  'cookie' => 'Hm_lvt_f7837cdb3a52632e3ab0c97029d9c19d=1490265823; Hm_lvt_0f9c7b195f0b86ba1118656d4a142474=1490606547; Hm_lvt_7e1b991d14eb5047e1f521cd606b8f00=1491791584; Hm_lpvt_7e1b991d14eb5047e1f521cd606b8f00=1491791584; PHPSESSID=ee3ib6gk87l53h29u2a8s8t3l4',
  'accept-language' => 'zh-CN,zh;q=0.8',
  'accept-encoding' => 'gzip, deflate, sdch, br',
  'accept' => 'text/html,application/xhtml+xml,application/xml;q=0.9,image/webp,*/*;q=0.8',
  'user-agent' => 'Mozilla/5.0 (Windows NT 10.0; WOW64) AppleWebKit/537.36 (KHTML, like Gecko) Chrome/56.0.2924.87 Safari/537.36',
  'upgrade-insecure-requests' => '1',
  'connection' => 'keep-alive',
  'host' => 'localhost',
  'content-length' => '',
  'content-type' => '',
)
[ info ] [ PARAM ] array (
)
[ info ] [ RUN ] app\admin\controller\Login->index[ D:\rar\phpstudy\WWW\medias\application\admin\controller\Login.php ]
[ info ] [ VIEW ] D:\rar\phpstudy\WWW\medias\public/../application/admin\view\login\login.html [ array (
) ]
[ info ] [ LOG ] INIT File

---------------------------------------------------------------
[ 2017-04-10T15:11:12+08:00 ] 127.0.0.1 127.0.0.1 GET /medias/public/index.php
[ log ] localhost/medias/public/index.php [运行时间：0.022574s][吞吐率：44.30req/s] [内存消耗：1,024.80kb] [文件加载：36]
[ info ] [ LANG ] D:\rar\phpstudy\WWW\medias\thinkphp\lang\zh-cn.php
[ info ] [ ROUTE ] array (
  'type' => 'module',
  'module' => 
  array (
    0 => '',
    1 => NULL,
    2 => NULL,
  ),
)
[ info ] [ HEADER ] array (
  'cookie' => 'Hm_lvt_f7837cdb3a52632e3ab0c97029d9c19d=1490265823; Hm_lvt_0f9c7b195f0b86ba1118656d4a142474=1490606547; Hm_lvt_7e1b991d14eb5047e1f521cd606b8f00=1491791584; Hm_lpvt_7e1b991d14eb5047e1f521cd606b8f00=1491791584; PHPSESSID=ee3ib6gk87l53h29u2a8s8t3l4',
  'accept-language' => 'zh-CN,zh;q=0.8',
  'accept-encoding' => 'gzip, deflate, sdch, br',
  'accept' => 'text/html,application/xhtml+xml,application/xml;q=0.9,image/webp,*/*;q=0.8',
  'user-agent' => 'Mozilla/5.0 (Windows NT 10.0; WOW64) AppleWebKit/537.36 (KHTML, like Gecko) Chrome/56.0.2924.87 Safari/537.36',
  'upgrade-insecure-requests' => '1',
  'connection' => 'keep-alive',
  'host' => 'localhost',
  'content-length' => '',
  'content-type' => '',
)
[ info ] [ PARAM ] array (
)
[ info ] [ SESSION ] INIT array (
  'id' => '',
  'var_session_id' => '',
  'prefix' => 'think',
  'type' => '',
  'auto_start' => true,
)
[ info ] [ LOG ] INIT File

---------------------------------------------------------------
[ 2017-04-10T15:11:12+08:00 ] 127.0.0.1 127.0.0.1 GET /medias/public/index.php/admin/login/index.html
[ log ] localhost/medias/public/index.php/admin/login/index.html [运行时间：0.018537s][吞吐率：53.95req/s] [内存消耗：1,012.30kb] [文件加载：34]
[ info ] [ LANG ] D:\rar\phpstudy\WWW\medias\thinkphp\lang\zh-cn.php
[ info ] [ ROUTE ] array (
  'type' => 'module',
  'module' => 
  array (
    0 => 'admin',
    1 => 'login',
    2 => 'index',
  ),
)
[ info ] [ HEADER ] array (
  'cookie' => 'Hm_lvt_f7837cdb3a52632e3ab0c97029d9c19d=1490265823; Hm_lvt_0f9c7b195f0b86ba1118656d4a142474=1490606547; Hm_lvt_7e1b991d14eb5047e1f521cd606b8f00=1491791584; Hm_lpvt_7e1b991d14eb5047e1f521cd606b8f00=1491791584; PHPSESSID=ee3ib6gk87l53h29u2a8s8t3l4',
  'accept-language' => 'zh-CN,zh;q=0.8',
  'accept-encoding' => 'gzip, deflate, sdch, br',
  'accept' => 'text/html,application/xhtml+xml,application/xml;q=0.9,image/webp,*/*;q=0.8',
  'user-agent' => 'Mozilla/5.0 (Windows NT 10.0; WOW64) AppleWebKit/537.36 (KHTML, like Gecko) Chrome/56.0.2924.87 Safari/537.36',
  'upgrade-insecure-requests' => '1',
  'connection' => 'keep-alive',
  'host' => 'localhost',
  'content-length' => '',
  'content-type' => '',
)
[ info ] [ PARAM ] array (
)
[ info ] [ RUN ] app\admin\controller\Login->index[ D:\rar\phpstudy\WWW\medias\application\admin\controller\Login.php ]
[ info ] [ VIEW ] D:\rar\phpstudy\WWW\medias\public/../application/admin\view\login\login.html [ array (
) ]
[ info ] [ LOG ] INIT File

---------------------------------------------------------------
[ 2017-04-10T15:11:13+08:00 ] 127.0.0.1 127.0.0.1 POST /medias/public/index.php/admin/login/login.html
[ log ] localhost/medias/public/index.php/admin/login/login.html [运行时间：0.314950s][吞吐率：3.18req/s] [内存消耗：1,693.70kb] [文件加载：41]
[ info ] [ LANG ] D:\rar\phpstudy\WWW\medias\thinkphp\lang\zh-cn.php
[ info ] [ ROUTE ] array (
  'type' => 'module',
  'module' => 
  array (
    0 => 'admin',
    1 => 'login',
    2 => 'login',
  ),
)
[ info ] [ HEADER ] array (
  'cookie' => 'Hm_lvt_f7837cdb3a52632e3ab0c97029d9c19d=1490265823; Hm_lvt_0f9c7b195f0b86ba1118656d4a142474=1490606547; Hm_lvt_7e1b991d14eb5047e1f521cd606b8f00=1491791584; Hm_lpvt_7e1b991d14eb5047e1f521cd606b8f00=1491791584; PHPSESSID=ee3ib6gk87l53h29u2a8s8t3l4',
  'accept-language' => 'zh-CN,zh;q=0.8',
  'accept-encoding' => 'gzip, deflate, br',
  'referer' => 'http://localhost/medias/public/index.php/admin/login/index.html',
  'content-type' => 'application/x-www-form-urlencoded; charset=UTF-8',
  'user-agent' => 'Mozilla/5.0 (Windows NT 10.0; WOW64) AppleWebKit/537.36 (KHTML, like Gecko) Chrome/56.0.2924.87 Safari/537.36',
  'x-requested-with' => 'XMLHttpRequest',
  'origin' => 'http://localhost',
  'accept' => 'application/json, text/javascript, */*; q=0.01',
  'content-length' => '30',
  'connection' => 'keep-alive',
  'host' => 'localhost',
)
[ info ] [ PARAM ] array (
  'username' => 'admin',
  'password' => '555666',
)
[ info ] [ RUN ] app\admin\controller\Login->login[ D:\rar\phpstudy\WWW\medias\application\admin\controller\Login.php ]
[ info ] [ DB ] INIT mysql
[ info ] [ SESSION ] INIT array (
  'id' => '',
  'var_session_id' => '',
  'prefix' => 'think',
  'type' => '',
  'auto_start' => true,
)
[ info ] [ DB ] INIT mysql
[ info ] [ LOG ] INIT File
[ sql ] [ DB ] CONNECT:[ UseTime:0.010463s ] mysql:dbname=media;host=127.0.0.1;port=3306;charset=utf8
[ sql ] [ SQL ] SHOW COLUMNS FROM `zt_admin` [ RunTime:0.111789s ]
[ sql ] [ SQL ] SELECT * FROM `zt_admin` WHERE  `username` = 'admin' LIMIT 1    [ RunTime:0.000559s ]
[ sql ] [ SQL ] SHOW COLUMNS FROM `zt_auth_group` [ RunTime:0.078735s ]
[ sql ] [ SQL ] SELECT * FROM `zt_auth_group` WHERE  `id` = 1 LIMIT 1    [ RunTime:0.009350s ]
[ sql ] [ SQL ] SHOW COLUMNS FROM `zt_auth_rule` [ RunTime:0.015786s ]
[ sql ] [ SQL ] SELECT `name` FROM `zt_auth_rule`  [ RunTime:0.000672s ]
[ sql ] [ SQL ] UPDATE `zt_admin`  SET `loginnum`=147,`last_login_ip`='127.0.0.1',`last_login_time`=1491808273  WHERE  `user_id` = 1       [ RunTime:0.000442s ]
[ sql ] [ DB ] CONNECT:[ UseTime:0.000931s ] mysql:dbname=media;host=127.0.0.1;port=3306;charset=utf8
[ sql ] [ SQL ] SHOW COLUMNS FROM `zt_log` [ RunTime:0.040446s ]
[ sql ] [ SQL ] INSERT INTO `zt_log` (`admin_id` , `admin_name` , `description` , `status` , `ip` , `add_time`) VALUES (1 , 'admin' , '用户【admin】登录成功' , 1 , '127.0.0.1' , 1491808273)        [ RunTime:0.000525s ]

---------------------------------------------------------------
[ 2017-04-10T15:11:14+08:00 ] 127.0.0.1 127.0.0.1 POST /medias/public/index.php/admin/login/loginsong.html
[ log ] localhost/medias/public/index.php/admin/login/loginsong.html [运行时间：0.081749s][吞吐率：12.23req/s] [内存消耗：1,732.88kb] [文件加载：44]
[ info ] [ LANG ] D:\rar\phpstudy\WWW\medias\thinkphp\lang\zh-cn.php
[ info ] [ ROUTE ] array (
  'type' => 'module',
  'module' => 
  array (
    0 => 'admin',
    1 => 'login',
    2 => 'loginsong',
  ),
)
[ info ] [ HEADER ] array (
  'cookie' => 'Hm_lvt_f7837cdb3a52632e3ab0c97029d9c19d=1490265823; Hm_lvt_0f9c7b195f0b86ba1118656d4a142474=1490606547; Hm_lvt_7e1b991d14eb5047e1f521cd606b8f00=1491791584; Hm_lpvt_7e1b991d14eb5047e1f521cd606b8f00=1491791584; PHPSESSID=ee3ib6gk87l53h29u2a8s8t3l4',
  'accept-language' => 'zh-CN,zh;q=0.8',
  'accept-encoding' => 'gzip, deflate, br',
  'referer' => 'http://localhost/medias/public/index.php/admin/login/index.html',
  'accept' => 'text/html,application/xhtml+xml,application/xml;q=0.9,image/webp,*/*;q=0.8',
  'content-type' => 'application/x-www-form-urlencoded',
  'user-agent' => 'Mozilla/5.0 (Windows NT 10.0; WOW64) AppleWebKit/537.36 (KHTML, like Gecko) Chrome/56.0.2924.87 Safari/537.36',
  'upgrade-insecure-requests' => '1',
  'origin' => 'http://localhost',
  'cache-control' => 'max-age=0',
  'content-length' => '30',
  'connection' => 'keep-alive',
  'host' => 'localhost',
)
[ info ] [ PARAM ] array (
  'username' => 'admin',
  'password' => '555666',
)
[ info ] [ RUN ] app\admin\controller\Login->loginsong[ D:\rar\phpstudy\WWW\medias\application\admin\controller\Login.php ]
[ info ] [ DB ] INIT mysql
[ info ] [ SESSION ] INIT array (
  'id' => '',
  'var_session_id' => '',
  'prefix' => 'think',
  'type' => '',
  'auto_start' => true,
)
[ info ] [ DB ] INIT mysql
[ info ] [ LOG ] INIT File
[ sql ] [ DB ] CONNECT:[ UseTime:0.000608s ] mysql:dbname=media;host=127.0.0.1;port=3306;charset=utf8
[ sql ] [ SQL ] SHOW COLUMNS FROM `zt_admin` [ RunTime:0.009653s ]
[ sql ] [ SQL ] SELECT * FROM `zt_admin` WHERE  `username` = 'admin' LIMIT 1    [ RunTime:0.000588s ]
[ sql ] [ SQL ] SHOW COLUMNS FROM `zt_auth_group` [ RunTime:0.011226s ]
[ sql ] [ SQL ] SELECT * FROM `zt_auth_group` WHERE  `id` = 1 LIMIT 1    [ RunTime:0.000473s ]
[ sql ] [ SQL ] SHOW COLUMNS FROM `zt_auth_rule` [ RunTime:0.009041s ]
[ sql ] [ SQL ] SELECT `name` FROM `zt_auth_rule`  [ RunTime:0.001214s ]
[ sql ] [ SQL ] UPDATE `zt_admin`  SET `loginnum`=148,`last_login_ip`='127.0.0.1',`last_login_time`=1491808274  WHERE  `user_id` = 1       [ RunTime:0.001412s ]
[ sql ] [ DB ] CONNECT:[ UseTime:0.000754s ] mysql:dbname=media;host=127.0.0.1;port=3306;charset=utf8
[ sql ] [ SQL ] SHOW COLUMNS FROM `zt_log` [ RunTime:0.008833s ]
[ sql ] [ SQL ] INSERT INTO `zt_log` (`admin_id` , `admin_name` , `description` , `status` , `ip` , `add_time`) VALUES (1 , 'admin' , '用户【admin】登录成功' , 1 , '127.0.0.1' , 1491808274)        [ RunTime:0.000531s ]

---------------------------------------------------------------
[ 2017-04-10T15:11:14+08:00 ] 127.0.0.1 127.0.0.1 GET /medias/public/index.php/admin/index/index.html
[ log ] localhost/medias/public/index.php/admin/index/index.html [运行时间：0.048150s][吞吐率：20.77req/s] [内存消耗：1,034.26kb] [文件加载：36]
[ info ] [ LANG ] D:\rar\phpstudy\WWW\medias\thinkphp\lang\zh-cn.php
[ info ] [ ROUTE ] array (
  'type' => 'module',
  'module' => 
  array (
    0 => 'admin',
    1 => 'index',
    2 => 'index',
  ),
)
[ info ] [ HEADER ] array (
  'cookie' => 'Hm_lvt_f7837cdb3a52632e3ab0c97029d9c19d=1490265823; Hm_lvt_0f9c7b195f0b86ba1118656d4a142474=1490606547; Hm_lvt_7e1b991d14eb5047e1f521cd606b8f00=1491791584; Hm_lpvt_7e1b991d14eb5047e1f521cd606b8f00=1491791584; PHPSESSID=ee3ib6gk87l53h29u2a8s8t3l4',
  'accept-language' => 'zh-CN,zh;q=0.8',
  'accept-encoding' => 'gzip, deflate, sdch, br',
  'referer' => 'http://localhost/medias/public/index.php/admin/login/index.html',
  'accept' => 'text/html,application/xhtml+xml,application/xml;q=0.9,image/webp,*/*;q=0.8',
  'user-agent' => 'Mozilla/5.0 (Windows NT 10.0; WOW64) AppleWebKit/537.36 (KHTML, like Gecko) Chrome/56.0.2924.87 Safari/537.36',
  'upgrade-insecure-requests' => '1',
  'cache-control' => 'max-age=0',
  'connection' => 'keep-alive',
  'host' => 'localhost',
  'content-length' => '',
  'content-type' => '',
)
[ info ] [ PARAM ] array (
)
[ info ] [ SESSION ] INIT array (
  'id' => '',
  'var_session_id' => '',
  'prefix' => 'think',
  'type' => '',
  'auto_start' => true,
)
[ info ] [ RUN ] app\admin\controller\Index->index[ D:\rar\phpstudy\WWW\medias\application\admin\controller\Index.php ]
[ info ] [ VIEW ] D:\rar\phpstudy\WWW\medias\public/../application/admin\view\index\index.html [ array (
) ]
[ info ] [ LOG ] INIT File

---------------------------------------------------------------
[ 2017-04-10T15:11:14+08:00 ] 127.0.0.1 127.0.0.1 GET /medias/public/index.php/admin/index/top.html
[ log ] localhost/medias/public/index.php/admin/index/top.html [运行时间：0.034461s][吞吐率：29.02req/s] [内存消耗：1,034.73kb] [文件加载：36]
[ info ] [ LANG ] D:\rar\phpstudy\WWW\medias\thinkphp\lang\zh-cn.php
[ info ] [ ROUTE ] array (
  'type' => 'module',
  'module' => 
  array (
    0 => 'admin',
    1 => 'index',
    2 => 'top',
  ),
)
[ info ] [ HEADER ] array (
  'cookie' => 'Hm_lvt_f7837cdb3a52632e3ab0c97029d9c19d=1490265823; Hm_lvt_0f9c7b195f0b86ba1118656d4a142474=1490606547; Hm_lvt_7e1b991d14eb5047e1f521cd606b8f00=1491791584; Hm_lpvt_7e1b991d14eb5047e1f521cd606b8f00=1491791584; PHPSESSID=ee3ib6gk87l53h29u2a8s8t3l4',
  'accept-language' => 'zh-CN,zh;q=0.8',
  'accept-encoding' => 'gzip, deflate, sdch, br',
  'referer' => 'http://localhost/medias/public/index.php/admin/index/index.html',
  'accept' => 'text/html,application/xhtml+xml,application/xml;q=0.9,image/webp,*/*;q=0.8',
  'user-agent' => 'Mozilla/5.0 (Windows NT 10.0; WOW64) AppleWebKit/537.36 (KHTML, like Gecko) Chrome/56.0.2924.87 Safari/537.36',
  'upgrade-insecure-requests' => '1',
  'connection' => 'keep-alive',
  'host' => 'localhost',
  'content-length' => '',
  'content-type' => '',
)
[ info ] [ PARAM ] array (
)
[ info ] [ SESSION ] INIT array (
  'id' => '',
  'var_session_id' => '',
  'prefix' => 'think',
  'type' => '',
  'auto_start' => true,
)
[ info ] [ RUN ] app\admin\controller\Index->top[ D:\rar\phpstudy\WWW\medias\application\admin\controller\Index.php ]
[ info ] [ VIEW ] D:\rar\phpstudy\WWW\medias\public/../application/admin\view\index\top.html [ array (
  0 => 'UserName',
  1 => 'UserId',
) ]
[ info ] [ LOG ] INIT File

---------------------------------------------------------------
[ 2017-04-10T15:11:14+08:00 ] 127.0.0.1 127.0.0.1 GET /medias/public/index.php/admin/index/menu.html
[ log ] localhost/medias/public/index.php/admin/index/menu.html [运行时间：0.101939s][吞吐率：9.81req/s] [内存消耗：1,746.94kb] [文件加载：45]
[ info ] [ LANG ] D:\rar\phpstudy\WWW\medias\thinkphp\lang\zh-cn.php
[ info ] [ ROUTE ] array (
  'type' => 'module',
  'module' => 
  array (
    0 => 'admin',
    1 => 'index',
    2 => 'menu',
  ),
)
[ info ] [ HEADER ] array (
  'cookie' => 'Hm_lvt_f7837cdb3a52632e3ab0c97029d9c19d=1490265823; Hm_lvt_0f9c7b195f0b86ba1118656d4a142474=1490606547; Hm_lvt_7e1b991d14eb5047e1f521cd606b8f00=1491791584; Hm_lpvt_7e1b991d14eb5047e1f521cd606b8f00=1491791584; PHPSESSID=ee3ib6gk87l53h29u2a8s8t3l4',
  'accept-language' => 'zh-CN,zh;q=0.8',
  'accept-encoding' => 'gzip, deflate, sdch, br',
  'referer' => 'http://localhost/medias/public/index.php/admin/index/index.html',
  'accept' => 'text/html,application/xhtml+xml,application/xml;q=0.9,image/webp,*/*;q=0.8',
  'user-agent' => 'Mozilla/5.0 (Windows NT 10.0; WOW64) AppleWebKit/537.36 (KHTML, like Gecko) Chrome/56.0.2924.87 Safari/537.36',
  'upgrade-insecure-requests' => '1',
  'connection' => 'keep-alive',
  'host' => 'localhost',
  'content-length' => '',
  'content-type' => '',
)
[ info ] [ PARAM ] array (
)
[ info ] [ SESSION ] INIT array (
  'id' => '',
  'var_session_id' => '',
  'prefix' => 'think',
  'type' => '',
  'auto_start' => true,
)
[ info ] [ RUN ] app\admin\controller\Index->menu[ D:\rar\phpstudy\WWW\medias\application\admin\controller\Index.php ]
[ info ] [ DB ] INIT mysql
[ info ] [ VIEW ] D:\rar\phpstudy\WWW\medias\public/../application/admin\view\index\menu.html [ array (
  0 => 'menuarr',
) ]
[ info ] [ LOG ] INIT File
[ sql ] [ DB ] CONNECT:[ UseTime:0.000690s ] mysql:dbname=media;host=127.0.0.1;port=3306;charset=utf8
[ sql ] [ SQL ] SHOW COLUMNS FROM `zt_admin` [ RunTime:0.032053s ]
[ sql ] [ SQL ] SELECT `a`.`user_id`,`b`.`rules` FROM `zt_admin` `a` LEFT JOIN `zt_auth_group` `b` ON `a`.`groupid`=`b`.`id` WHERE  `a`.`user_id` = 1  [ RunTime:0.000360s ]
[ sql ] [ SQL ] SHOW COLUMNS FROM `zt_auth_rule` [ RunTime:0.007777s ]
[ sql ] [ SQL ] SELECT `id`,`name`,`title` FROM `zt_auth_rule` WHERE  `pid` = 0 ORDER BY sort   [ RunTime:0.000385s ]
[ sql ] [ SQL ] SELECT `id`,`name`,`title` FROM `zt_auth_rule` WHERE  `pid` = 26 ORDER BY sort   [ RunTime:0.000416s ]
[ sql ] [ SQL ] SELECT `id`,`name`,`title` FROM `zt_auth_rule` WHERE  `pid` = 118 ORDER BY sort   [ RunTime:0.000424s ]
[ sql ] [ SQL ] SELECT `id`,`name`,`title` FROM `zt_auth_rule` WHERE  `pid` = 13 ORDER BY sort   [ RunTime:0.000336s ]
[ sql ] [ SQL ] SELECT `id`,`name`,`title` FROM `zt_auth_rule` WHERE  `pid` = 5 ORDER BY sort   [ RunTime:0.000380s ]
[ sql ] [ SQL ] SELECT `id`,`name`,`title` FROM `zt_auth_rule` WHERE  `pid` = 1 ORDER BY sort   [ RunTime:0.000303s ]

---------------------------------------------------------------
[ 2017-04-10T15:11:14+08:00 ] 127.0.0.1 127.0.0.1 GET /medias/public/index.php/admin/index/main.html
[ log ] localhost/medias/public/index.php/admin/index/main.html [运行时间：0.029273s][吞吐率：34.16req/s] [内存消耗：990.34kb] [文件加载：35]
[ info ] [ LANG ] D:\rar\phpstudy\WWW\medias\thinkphp\lang\zh-cn.php
[ info ] [ ROUTE ] array (
  'type' => 'module',
  'module' => 
  array (
    0 => 'admin',
    1 => 'index',
    2 => 'main',
  ),
)
[ info ] [ HEADER ] array (
  'cookie' => 'Hm_lvt_f7837cdb3a52632e3ab0c97029d9c19d=1490265823; Hm_lvt_0f9c7b195f0b86ba1118656d4a142474=1490606547; Hm_lvt_7e1b991d14eb5047e1f521cd606b8f00=1491791584; Hm_lpvt_7e1b991d14eb5047e1f521cd606b8f00=1491791584; PHPSESSID=ee3ib6gk87l53h29u2a8s8t3l4',
  'accept-language' => 'zh-CN,zh;q=0.8',
  'accept-encoding' => 'gzip, deflate, sdch, br',
  'referer' => 'http://localhost/medias/public/index.php/admin/index/index.html',
  'accept' => 'text/html,application/xhtml+xml,application/xml;q=0.9,image/webp,*/*;q=0.8',
  'user-agent' => 'Mozilla/5.0 (Windows NT 10.0; WOW64) AppleWebKit/537.36 (KHTML, like Gecko) Chrome/56.0.2924.87 Safari/537.36',
  'upgrade-insecure-requests' => '1',
  'connection' => 'keep-alive',
  'host' => 'localhost',
  'content-length' => '',
  'content-type' => '',
)
[ info ] [ PARAM ] array (
)
[ info ] [ SESSION ] INIT array (
  'id' => '',
  'var_session_id' => '',
  'prefix' => 'think',
  'type' => '',
  'auto_start' => true,
)
[ info ] [ RUN ] app\admin\controller\Index->main[ D:\rar\phpstudy\WWW\medias\application\admin\controller\Index.php ]
[ info ] [ VIEW ] D:\rar\phpstudy\WWW\medias\public/../application/admin\view\index\main.html [ array (
) ]
[ info ] [ LOG ] INIT File

---------------------------------------------------------------
[ 2017-04-10T15:11:15+08:00 ] 127.0.0.1 127.0.0.1 GET /medias/public/index.php/admin/project/show.html
[ log ] localhost/medias/public/index.php/admin/project/show.html [运行时间：0.183170s][吞吐率：5.46req/s] [内存消耗：1,869.32kb] [文件加载：50]
[ info ] [ LANG ] D:\rar\phpstudy\WWW\medias\thinkphp\lang\zh-cn.php
[ info ] [ ROUTE ] array (
  'type' => 'module',
  'module' => 
  array (
    0 => 'admin',
    1 => 'project',
    2 => 'show',
  ),
)
[ info ] [ HEADER ] array (
  'cookie' => 'Hm_lvt_f7837cdb3a52632e3ab0c97029d9c19d=1490265823; Hm_lvt_0f9c7b195f0b86ba1118656d4a142474=1490606547; Hm_lvt_7e1b991d14eb5047e1f521cd606b8f00=1491791584; Hm_lpvt_7e1b991d14eb5047e1f521cd606b8f00=1491791584; PHPSESSID=ee3ib6gk87l53h29u2a8s8t3l4',
  'accept-language' => 'zh-CN,zh;q=0.8',
  'accept-encoding' => 'gzip, deflate, sdch, br',
  'referer' => 'http://localhost/medias/public/index.php/admin/index/menu.html',
  'accept' => 'text/html,application/xhtml+xml,application/xml;q=0.9,image/webp,*/*;q=0.8',
  'user-agent' => 'Mozilla/5.0 (Windows NT 10.0; WOW64) AppleWebKit/537.36 (KHTML, like Gecko) Chrome/56.0.2924.87 Safari/537.36',
  'upgrade-insecure-requests' => '1',
  'connection' => 'keep-alive',
  'host' => 'localhost',
  'content-length' => '',
  'content-type' => '',
)
[ info ] [ PARAM ] array (
)
[ info ] [ SESSION ] INIT array (
  'id' => '',
  'var_session_id' => '',
  'prefix' => 'think',
  'type' => '',
  'auto_start' => true,
)
[ info ] [ RUN ] app\admin\controller\Project->show[ D:\rar\phpstudy\WWW\medias\application\admin\controller\Project.php ]
[ info ] [ DB ] INIT mysql
[ info ] [ VIEW ] D:\rar\phpstudy\WWW\medias\public/../application/admin\view\project\show.html [ array (
  0 => 'delopt',
  1 => 'data',
) ]
[ info ] [ LOG ] INIT File
[ sql ] [ DB ] CONNECT:[ UseTime:0.001271s ] mysql:dbname=media;host=127.0.0.1;port=3306;charset=utf8
[ sql ] [ SQL ] SHOW COLUMNS FROM `zt_project` [ RunTime:0.009055s ]
[ sql ] [ SQL ] SELECT COUNT(*) AS tp_count FROM `zt_project` `p` INNER JOIN `zt_brand` `b` ON `p`.`brand`=`b`.`brand_id` ORDER BY id desc LIMIT 1   [ RunTime:0.000764s ]
[ sql ] [ SQL ] SELECT * FROM `zt_project` `p` INNER JOIN `zt_brand` `b` ON `p`.`brand`=`b`.`brand_id` ORDER BY id desc LIMIT 0,20   [ RunTime:0.000588s ]
[ sql ] [ SQL ] SHOW COLUMNS FROM `zt_admin` [ RunTime:0.008012s ]
[ sql ] [ SQL ] SELECT `rules` FROM `zt_admin` `a` INNER JOIN `zt_auth_group` `b` ON `b`.`id`=`a`.`groupid` WHERE  `a`.`user_id` = 1  [ RunTime:0.000342s ]

---------------------------------------------------------------
[ 2017-04-10T15:11:18+08:00 ] 127.0.0.1 127.0.0.1 GET /medias/public/index.php/admin/dealer/show/id/32.html
[ log ] localhost/medias/public/index.php/admin/dealer/show/id/32.html [运行时间：0.227794s][吞吐率：4.39req/s] [内存消耗：1,990.59kb] [文件加载：52]
[ info ] [ LANG ] D:\rar\phpstudy\WWW\medias\thinkphp\lang\zh-cn.php
[ info ] [ ROUTE ] array (
  'type' => 'module',
  'module' => 
  array (
    0 => 'admin',
    1 => 'dealer',
    2 => 'show',
  ),
)
[ info ] [ HEADER ] array (
  'cookie' => 'Hm_lvt_f7837cdb3a52632e3ab0c97029d9c19d=1490265823; Hm_lvt_0f9c7b195f0b86ba1118656d4a142474=1490606547; Hm_lvt_7e1b991d14eb5047e1f521cd606b8f00=1491791584; Hm_lpvt_7e1b991d14eb5047e1f521cd606b8f00=1491791584; PHPSESSID=ee3ib6gk87l53h29u2a8s8t3l4',
  'accept-language' => 'zh-CN,zh;q=0.8',
  'accept-encoding' => 'gzip, deflate, sdch, br',
  'referer' => 'http://localhost/medias/public/index.php/admin/project/show.html',
  'accept' => 'text/html,application/xhtml+xml,application/xml;q=0.9,image/webp,*/*;q=0.8',
  'user-agent' => 'Mozilla/5.0 (Windows NT 10.0; WOW64) AppleWebKit/537.36 (KHTML, like Gecko) Chrome/56.0.2924.87 Safari/537.36',
  'upgrade-insecure-requests' => '1',
  'connection' => 'keep-alive',
  'host' => 'localhost',
  'content-length' => '',
  'content-type' => '',
)
[ info ] [ PARAM ] array (
  'id' => '32',
)
[ info ] [ SESSION ] INIT array (
  'id' => '',
  'var_session_id' => '',
  'prefix' => 'think',
  'type' => '',
  'auto_start' => true,
)
[ info ] [ RUN ] app\admin\controller\Dealer->show[ D:\rar\phpstudy\WWW\medias\application\admin\controller\Dealer.php ]
[ info ] [ DB ] INIT mysql
[ info ] [ VIEW ] D:\rar\phpstudy\WWW\medias\public/../application/admin\view\dealer\show.html [ array (
  0 => 'yxenews',
  1 => 'proname',
  2 => 'proid',
  3 => 'enewsid',
  4 => 'editopt',
  5 => 'delopt',
  6 => 'data',
  7 => 'page',
) ]
[ info ] [ LOG ] INIT File
[ sql ] [ DB ] CONNECT:[ UseTime:0.000685s ] mysql:dbname=media;host=127.0.0.1;port=3306;charset=utf8
[ sql ] [ SQL ] SHOW COLUMNS FROM `zt_allpro` [ RunTime:0.031044s ]
[ sql ] [ SQL ] SELECT * FROM `zt_allpro` WHERE  `proid` = 32   [ RunTime:0.000555s ]
[ sql ] [ SQL ] SHOW COLUMNS FROM `zt_user_dealer` [ RunTime:0.007881s ]
[ sql ] [ SQL ] SELECT COUNT(*) AS tp_count FROM `zt_user_dealer` `d` LEFT JOIN `zt_brand` `c` ON `d`.`car_series_id`=`c`.`brand_id` LEFT JOIN `zt_project` `p` ON `d`.`project_id`=`p`.`id` LEFT JOIN `zt_lotuser` `m` ON `m`.`userid`=`d`.`dealer_id` LEFT JOIN `zt_lottery` `n` ON `m`.`lotid`=`n`.`id` WHERE  `d`.`project_id` = 32  AND `d`.`whreg` = 1 ORDER BY dealer_id desc  LIMIT 1   [ RunTime:0.044147s ]
[ sql ] [ SQL ] SELECT `d`.`dealer_id`,`d`.`project_id`,`d`.`name`,`d`.`sex`,`d`.`phone`,`d`.`car_time`,`d`.`dealer_name`,`d`.`car_series_id`,`d`.`time`,`d`.`buy_car_time`,n.name as lotname FROM `zt_user_dealer` `d` LEFT JOIN `zt_brand` `c` ON `d`.`car_series_id`=`c`.`brand_id` LEFT JOIN `zt_project` `p` ON `d`.`project_id`=`p`.`id` LEFT JOIN `zt_lotuser` `m` ON `m`.`userid`=`d`.`dealer_id` LEFT JOIN `zt_lottery` `n` ON `m`.`lotid`=`n`.`id` WHERE  `d`.`project_id` = 32  AND `d`.`whreg` = 1 ORDER BY dealer_id desc  LIMIT 0,20   [ RunTime:0.000982s ]
[ sql ] [ SQL ] SHOW COLUMNS FROM `zt_project` [ RunTime:0.007757s ]
[ sql ] [ SQL ] SELECT `id`,`project_name` FROM `zt_project` WHERE  `id` = 32   [ RunTime:0.000395s ]
[ sql ] [ SQL ] SHOW COLUMNS FROM `zt_buytime` [ RunTime:0.007818s ]
[ sql ] [ SQL ] SELECT `id`,`timename` FROM `zt_buytime`  [ RunTime:0.000351s ]
[ sql ] [ SQL ] SHOW COLUMNS FROM `zt_brand` [ RunTime:0.008760s ]
[ sql ] [ SQL ] SELECT `brand_id`,`brand_name` FROM `zt_brand` WHERE  `brand_id` IN (61)   [ RunTime:0.000419s ]
[ sql ] [ SQL ] SELECT * FROM `zt_allpro` WHERE  `proid` = 32   [ RunTime:0.000397s ]
[ sql ] [ SQL ] SHOW COLUMNS FROM `zt_dealer_list` [ RunTime:0.009638s ]
[ sql ] [ SQL ] SELECT `dealer_id`,`dealer_name` FROM `zt_dealer_list` WHERE  `dealer_id` IN (2,94,95)     [ RunTime:0.000452s ]
[ sql ] [ SQL ] SELECT `brand_id`,`brand_name` FROM `zt_brand` WHERE  `brand_id` IN (61)   [ RunTime:0.000404s ]
[ sql ] [ SQL ] SELECT * FROM `zt_allpro` WHERE  `proid` = 32   [ RunTime:0.000318s ]
[ sql ] [ SQL ] SELECT `dealer_id`,`dealer_name` FROM `zt_dealer_list` WHERE  `dealer_id` IN (3,101,102)     [ RunTime:0.000430s ]
[ sql ] [ SQL ] SELECT `brand_id`,`brand_name` FROM `zt_brand` WHERE  `brand_id` IN (61)   [ RunTime:0.000366s ]
[ sql ] [ SQL ] SELECT * FROM `zt_allpro` WHERE  `proid` = 32   [ RunTime:0.000412s ]
[ sql ] [ SQL ] SELECT `dealer_id`,`dealer_name` FROM `zt_dealer_list` WHERE  `dealer_id` IN (2,94,95)     [ RunTime:0.000431s ]
[ sql ] [ SQL ] SHOW COLUMNS FROM `zt_admin` [ RunTime:0.007893s ]
[ sql ] [ SQL ] SELECT `rules` FROM `zt_admin` `a` INNER JOIN `zt_auth_group` `b` ON `b`.`id`=`a`.`groupid` WHERE  `a`.`user_id` = 1  [ RunTime:0.000267s ]
[ sql ] [ SQL ] SELECT `rules` FROM `zt_admin` `a` INNER JOIN `zt_auth_group` `b` ON `b`.`id`=`a`.`groupid` WHERE  `a`.`user_id` = 1  [ RunTime:0.000408s ]

---------------------------------------------------------------
[ 2017-04-10T15:11:37+08:00 ] 127.0.0.1 127.0.0.1 GET /medias/public/index.php/admin/dealer/show/enews/1/id/32.html
[ log ] localhost/medias/public/index.php/admin/dealer/show/enews/1/id/32.html [运行时间：0.113821s][吞吐率：8.79req/s] [内存消耗：1,990.80kb] [文件加载：52]
[ info ] [ LANG ] D:\rar\phpstudy\WWW\medias\thinkphp\lang\zh-cn.php
[ info ] [ ROUTE ] array (
  'type' => 'module',
  'module' => 
  array (
    0 => 'admin',
    1 => 'dealer',
    2 => 'show',
  ),
)
[ info ] [ HEADER ] array (
  'cookie' => 'Hm_lvt_f7837cdb3a52632e3ab0c97029d9c19d=1490265823; Hm_lvt_0f9c7b195f0b86ba1118656d4a142474=1490606547; Hm_lvt_7e1b991d14eb5047e1f521cd606b8f00=1491791584; Hm_lpvt_7e1b991d14eb5047e1f521cd606b8f00=1491791584; PHPSESSID=ee3ib6gk87l53h29u2a8s8t3l4',
  'accept-language' => 'zh-CN,zh;q=0.8',
  'accept-encoding' => 'gzip, deflate, sdch, br',
  'referer' => 'http://localhost/medias/public/index.php/admin/dealer/show/id/32.html',
  'accept' => 'text/html,application/xhtml+xml,application/xml;q=0.9,image/webp,*/*;q=0.8',
  'user-agent' => 'Mozilla/5.0 (Windows NT 10.0; WOW64) AppleWebKit/537.36 (KHTML, like Gecko) Chrome/56.0.2924.87 Safari/537.36',
  'upgrade-insecure-requests' => '1',
  'connection' => 'keep-alive',
  'host' => 'localhost',
  'content-length' => '',
  'content-type' => '',
)
[ info ] [ PARAM ] array (
  'enews' => '1',
  'id' => '32',
)
[ info ] [ SESSION ] INIT array (
  'id' => '',
  'var_session_id' => '',
  'prefix' => 'think',
  'type' => '',
  'auto_start' => true,
)
[ info ] [ RUN ] app\admin\controller\Dealer->show[ D:\rar\phpstudy\WWW\medias\application\admin\controller\Dealer.php ]
[ info ] [ DB ] INIT mysql
[ info ] [ VIEW ] D:\rar\phpstudy\WWW\medias\public/../application/admin\view\dealer\show.html [ array (
  0 => 'yxenews',
  1 => 'proname',
  2 => 'proid',
  3 => 'enewsid',
  4 => 'editopt',
  5 => 'delopt',
  6 => 'data',
  7 => 'page',
) ]
[ info ] [ LOG ] INIT File
[ sql ] [ DB ] CONNECT:[ UseTime:0.010709s ] mysql:dbname=media;host=127.0.0.1;port=3306;charset=utf8
[ sql ] [ SQL ] SHOW COLUMNS FROM `zt_allpro` [ RunTime:0.008584s ]
[ sql ] [ SQL ] SELECT * FROM `zt_allpro` WHERE  `proid` = 32   [ RunTime:0.000424s ]
[ sql ] [ SQL ] SHOW COLUMNS FROM `zt_user_dealer` [ RunTime:0.008476s ]
[ sql ] [ SQL ] SELECT COUNT(*) AS tp_count FROM `zt_user_dealer` `d` LEFT JOIN `zt_brand` `c` ON `d`.`car_series_id`=`c`.`brand_id` LEFT JOIN `zt_project` `p` ON `d`.`project_id`=`p`.`id` LEFT JOIN `zt_lotuser` `m` ON `m`.`userid`=`d`.`dealer_id` LEFT JOIN `zt_lottery` `n` ON `m`.`lotid`=`n`.`id` WHERE  `d`.`project_id` = 32  AND `d`.`whreg` = '1' ORDER BY dealer_id desc  LIMIT 1   [ RunTime:0.000495s ]
[ sql ] [ SQL ] SELECT `d`.`dealer_id`,`d`.`project_id`,`d`.`name`,`d`.`sex`,`d`.`phone`,`d`.`car_time`,`d`.`dealer_name`,`d`.`car_series_id`,`d`.`time`,`d`.`buy_car_time`,n.name as lotname FROM `zt_user_dealer` `d` LEFT JOIN `zt_brand` `c` ON `d`.`car_series_id`=`c`.`brand_id` LEFT JOIN `zt_project` `p` ON `d`.`project_id`=`p`.`id` LEFT JOIN `zt_lotuser` `m` ON `m`.`userid`=`d`.`dealer_id` LEFT JOIN `zt_lottery` `n` ON `m`.`lotid`=`n`.`id` WHERE  `d`.`project_id` = 32  AND `d`.`whreg` = '1' ORDER BY dealer_id desc  LIMIT 0,20   [ RunTime:0.001066s ]
[ sql ] [ SQL ] SHOW COLUMNS FROM `zt_project` [ RunTime:0.008174s ]
[ sql ] [ SQL ] SELECT `id`,`project_name` FROM `zt_project` WHERE  `id` = 32   [ RunTime:0.000351s ]
[ sql ] [ SQL ] SHOW COLUMNS FROM `zt_buytime` [ RunTime:0.008663s ]
[ sql ] [ SQL ] SELECT `id`,`timename` FROM `zt_buytime`  [ RunTime:0.000404s ]
[ sql ] [ SQL ] SHOW COLUMNS FROM `zt_brand` [ RunTime:0.008128s ]
[ sql ] [ SQL ] SELECT `brand_id`,`brand_name` FROM `zt_brand` WHERE  `brand_id` IN (61)   [ RunTime:0.000459s ]
[ sql ] [ SQL ] SELECT * FROM `zt_allpro` WHERE  `proid` = 32   [ RunTime:0.000405s ]
[ sql ] [ SQL ] SHOW COLUMNS FROM `zt_dealer_list` [ RunTime:0.007972s ]
[ sql ] [ SQL ] SELECT `dealer_id`,`dealer_name` FROM `zt_dealer_list` WHERE  `dealer_id` IN (2,94,95)     [ RunTime:0.000372s ]
[ sql ] [ SQL ] SELECT `brand_id`,`brand_name` FROM `zt_brand` WHERE  `brand_id` IN (61)   [ RunTime:0.000222s ]
[ sql ] [ SQL ] SELECT * FROM `zt_allpro` WHERE  `proid` = 32   [ RunTime:0.000284s ]
[ sql ] [ SQL ] SELECT `dealer_id`,`dealer_name` FROM `zt_dealer_list` WHERE  `dealer_id` IN (3,101,102)     [ RunTime:0.000324s ]
[ sql ] [ SQL ] SELECT `brand_id`,`brand_name` FROM `zt_brand` WHERE  `brand_id` IN (61)   [ RunTime:0.000214s ]
[ sql ] [ SQL ] SELECT * FROM `zt_allpro` WHERE  `proid` = 32   [ RunTime:0.000242s ]
[ sql ] [ SQL ] SELECT `dealer_id`,`dealer_name` FROM `zt_dealer_list` WHERE  `dealer_id` IN (2,94,95)     [ RunTime:0.000315s ]
[ sql ] [ SQL ] SHOW COLUMNS FROM `zt_admin` [ RunTime:0.008112s ]
[ sql ] [ SQL ] SELECT `rules` FROM `zt_admin` `a` INNER JOIN `zt_auth_group` `b` ON `b`.`id`=`a`.`groupid` WHERE  `a`.`user_id` = 1  [ RunTime:0.000401s ]
[ sql ] [ SQL ] SELECT `rules` FROM `zt_admin` `a` INNER JOIN `zt_auth_group` `b` ON `b`.`id`=`a`.`groupid` WHERE  `a`.`user_id` = 1  [ RunTime:0.000248s ]

---------------------------------------------------------------
[ 2017-04-10T15:11:42+08:00 ] 127.0.0.1 127.0.0.1 GET /medias/public/index.php/admin/dealer/show/enews/1/id/32.html
[ log ] localhost/medias/public/index.php/admin/dealer/show/enews/1/id/32.html [运行时间：0.105279s][吞吐率：9.50req/s] [内存消耗：1,990.73kb] [文件加载：52]
[ info ] [ LANG ] D:\rar\phpstudy\WWW\medias\thinkphp\lang\zh-cn.php
[ info ] [ ROUTE ] array (
  'type' => 'module',
  'module' => 
  array (
    0 => 'admin',
    1 => 'dealer',
    2 => 'show',
  ),
)
[ info ] [ HEADER ] array (
  'cookie' => 'Hm_lvt_f7837cdb3a52632e3ab0c97029d9c19d=1490265823; Hm_lvt_0f9c7b195f0b86ba1118656d4a142474=1490606547; Hm_lvt_7e1b991d14eb5047e1f521cd606b8f00=1491791584; Hm_lpvt_7e1b991d14eb5047e1f521cd606b8f00=1491791584; PHPSESSID=ee3ib6gk87l53h29u2a8s8t3l4',
  'accept-language' => 'zh-CN,zh;q=0.8',
  'accept-encoding' => 'gzip, deflate, sdch, br',
  'referer' => 'http://localhost/medias/public/index.php/admin/dealer/show/enews/1/id/32.html',
  'accept' => 'text/html,application/xhtml+xml,application/xml;q=0.9,image/webp,*/*;q=0.8',
  'user-agent' => 'Mozilla/5.0 (Windows NT 10.0; WOW64) AppleWebKit/537.36 (KHTML, like Gecko) Chrome/56.0.2924.87 Safari/537.36',
  'upgrade-insecure-requests' => '1',
  'connection' => 'keep-alive',
  'host' => 'localhost',
  'content-length' => '',
  'content-type' => '',
)
[ info ] [ PARAM ] array (
  'enews' => '1',
  'id' => '32',
)
[ info ] [ SESSION ] INIT array (
  'id' => '',
  'var_session_id' => '',
  'prefix' => 'think',
  'type' => '',
  'auto_start' => true,
)
[ info ] [ RUN ] app\admin\controller\Dealer->show[ D:\rar\phpstudy\WWW\medias\application\admin\controller\Dealer.php ]
[ info ] [ DB ] INIT mysql
[ info ] [ VIEW ] D:\rar\phpstudy\WWW\medias\public/../application/admin\view\dealer\show.html [ array (
  0 => 'yxenews',
  1 => 'proname',
  2 => 'proid',
  3 => 'enewsid',
  4 => 'editopt',
  5 => 'delopt',
  6 => 'data',
  7 => 'page',
) ]
[ info ] [ LOG ] INIT File
[ sql ] [ DB ] CONNECT:[ UseTime:0.000723s ] mysql:dbname=media;host=127.0.0.1;port=3306;charset=utf8
[ sql ] [ SQL ] SHOW COLUMNS FROM `zt_allpro` [ RunTime:0.010471s ]
[ sql ] [ SQL ] SELECT * FROM `zt_allpro` WHERE  `proid` = 32   [ RunTime:0.000416s ]
[ sql ] [ SQL ] SHOW COLUMNS FROM `zt_user_dealer` [ RunTime:0.008244s ]
[ sql ] [ SQL ] SELECT COUNT(*) AS tp_count FROM `zt_user_dealer` `d` LEFT JOIN `zt_brand` `c` ON `d`.`car_series_id`=`c`.`brand_id` LEFT JOIN `zt_project` `p` ON `d`.`project_id`=`p`.`id` LEFT JOIN `zt_lotuser` `m` ON `m`.`userid`=`d`.`dealer_id` LEFT JOIN `zt_lottery` `n` ON `m`.`lotid`=`n`.`id` WHERE  `d`.`project_id` = 32  AND `d`.`whreg` = '1' ORDER BY dealer_id desc  LIMIT 1   [ RunTime:0.000642s ]
[ sql ] [ SQL ] SELECT `d`.`dealer_id`,`d`.`project_id`,`d`.`name`,`d`.`sex`,`d`.`phone`,`d`.`car_time`,`d`.`dealer_name`,`d`.`car_series_id`,`d`.`time`,`d`.`buy_car_time`,n.name as lotname FROM `zt_user_dealer` `d` LEFT JOIN `zt_brand` `c` ON `d`.`car_series_id`=`c`.`brand_id` LEFT JOIN `zt_project` `p` ON `d`.`project_id`=`p`.`id` LEFT JOIN `zt_lotuser` `m` ON `m`.`userid`=`d`.`dealer_id` LEFT JOIN `zt_lottery` `n` ON `m`.`lotid`=`n`.`id` WHERE  `d`.`project_id` = 32  AND `d`.`whreg` = '1' ORDER BY dealer_id desc  LIMIT 0,20   [ RunTime:0.000781s ]
[ sql ] [ SQL ] SHOW COLUMNS FROM `zt_project` [ RunTime:0.007527s ]
[ sql ] [ SQL ] SELECT `id`,`project_name` FROM `zt_project` WHERE  `id` = 32   [ RunTime:0.000349s ]
[ sql ] [ SQL ] SHOW COLUMNS FROM `zt_buytime` [ RunTime:0.007221s ]
[ sql ] [ SQL ] SELECT `id`,`timename` FROM `zt_buytime`  [ RunTime:0.000409s ]
[ sql ] [ SQL ] SHOW COLUMNS FROM `zt_brand` [ RunTime:0.007963s ]
[ sql ] [ SQL ] SELECT `brand_id`,`brand_name` FROM `zt_brand` WHERE  `brand_id` IN (61)   [ RunTime:0.000422s ]
[ sql ] [ SQL ] SELECT * FROM `zt_allpro` WHERE  `proid` = 32   [ RunTime:0.000399s ]
[ sql ] [ SQL ] SHOW COLUMNS FROM `zt_dealer_list` [ RunTime:0.008448s ]
[ sql ] [ SQL ] SELECT `dealer_id`,`dealer_name` FROM `zt_dealer_list` WHERE  `dealer_id` IN (2,94,95)     [ RunTime:0.000471s ]
[ sql ] [ SQL ] SELECT `brand_id`,`brand_name` FROM `zt_brand` WHERE  `brand_id` IN (61)   [ RunTime:0.000278s ]
[ sql ] [ SQL ] SELECT * FROM `zt_allpro` WHERE  `proid` = 32   [ RunTime:0.000430s ]
[ sql ] [ SQL ] SELECT `dealer_id`,`dealer_name` FROM `zt_dealer_list` WHERE  `dealer_id` IN (3,101,102)     [ RunTime:0.000345s ]
[ sql ] [ SQL ] SELECT `brand_id`,`brand_name` FROM `zt_brand` WHERE  `brand_id` IN (61)   [ RunTime:0.000303s ]
[ sql ] [ SQL ] SELECT * FROM `zt_allpro` WHERE  `proid` = 32   [ RunTime:0.000353s ]
[ sql ] [ SQL ] SELECT `dealer_id`,`dealer_name` FROM `zt_dealer_list` WHERE  `dealer_id` IN (2,94,95)     [ RunTime:0.000399s ]
[ sql ] [ SQL ] SHOW COLUMNS FROM `zt_admin` [ RunTime:0.008157s ]
[ sql ] [ SQL ] SELECT `rules` FROM `zt_admin` `a` INNER JOIN `zt_auth_group` `b` ON `b`.`id`=`a`.`groupid` WHERE  `a`.`user_id` = 1  [ RunTime:0.000340s ]
[ sql ] [ SQL ] SELECT `rules` FROM `zt_admin` `a` INNER JOIN `zt_auth_group` `b` ON `b`.`id`=`a`.`groupid` WHERE  `a`.`user_id` = 1  [ RunTime:0.000270s ]

---------------------------------------------------------------
[ 2017-04-10T15:11:43+08:00 ] 127.0.0.1 127.0.0.1 GET /medias/public/index.php/admin/dealer/show/enews/1/id/32.html
[ log ] localhost/medias/public/index.php/admin/dealer/show/enews/1/id/32.html [运行时间：0.111397s][吞吐率：8.98req/s] [内存消耗：1,990.73kb] [文件加载：52]
[ info ] [ LANG ] D:\rar\phpstudy\WWW\medias\thinkphp\lang\zh-cn.php
[ info ] [ ROUTE ] array (
  'type' => 'module',
  'module' => 
  array (
    0 => 'admin',
    1 => 'dealer',
    2 => 'show',
  ),
)
[ info ] [ HEADER ] array (
  'cookie' => 'Hm_lvt_f7837cdb3a52632e3ab0c97029d9c19d=1490265823; Hm_lvt_0f9c7b195f0b86ba1118656d4a142474=1490606547; Hm_lvt_7e1b991d14eb5047e1f521cd606b8f00=1491791584; Hm_lpvt_7e1b991d14eb5047e1f521cd606b8f00=1491791584; PHPSESSID=ee3ib6gk87l53h29u2a8s8t3l4',
  'accept-language' => 'zh-CN,zh;q=0.8',
  'accept-encoding' => 'gzip, deflate, sdch, br',
  'referer' => 'http://localhost/medias/public/index.php/admin/dealer/show/enews/1/id/32.html',
  'accept' => 'text/html,application/xhtml+xml,application/xml;q=0.9,image/webp,*/*;q=0.8',
  'user-agent' => 'Mozilla/5.0 (Windows NT 10.0; WOW64) AppleWebKit/537.36 (KHTML, like Gecko) Chrome/56.0.2924.87 Safari/537.36',
  'upgrade-insecure-requests' => '1',
  'connection' => 'keep-alive',
  'host' => 'localhost',
  'content-length' => '',
  'content-type' => '',
)
[ info ] [ PARAM ] array (
  'enews' => '1',
  'id' => '32',
)
[ info ] [ SESSION ] INIT array (
  'id' => '',
  'var_session_id' => '',
  'prefix' => 'think',
  'type' => '',
  'auto_start' => true,
)
[ info ] [ RUN ] app\admin\controller\Dealer->show[ D:\rar\phpstudy\WWW\medias\application\admin\controller\Dealer.php ]
[ info ] [ DB ] INIT mysql
[ info ] [ VIEW ] D:\rar\phpstudy\WWW\medias\public/../application/admin\view\dealer\show.html [ array (
  0 => 'yxenews',
  1 => 'proname',
  2 => 'proid',
  3 => 'enewsid',
  4 => 'editopt',
  5 => 'delopt',
  6 => 'data',
  7 => 'page',
) ]
[ info ] [ LOG ] INIT File
[ sql ] [ DB ] CONNECT:[ UseTime:0.000754s ] mysql:dbname=media;host=127.0.0.1;port=3306;charset=utf8
[ sql ] [ SQL ] SHOW COLUMNS FROM `zt_allpro` [ RunTime:0.009403s ]
[ sql ] [ SQL ] SELECT * FROM `zt_allpro` WHERE  `proid` = 32   [ RunTime:0.000444s ]
[ sql ] [ SQL ] SHOW COLUMNS FROM `zt_user_dealer` [ RunTime:0.008178s ]
[ sql ] [ SQL ] SELECT COUNT(*) AS tp_count FROM `zt_user_dealer` `d` LEFT JOIN `zt_brand` `c` ON `d`.`car_series_id`=`c`.`brand_id` LEFT JOIN `zt_project` `p` ON `d`.`project_id`=`p`.`id` LEFT JOIN `zt_lotuser` `m` ON `m`.`userid`=`d`.`dealer_id` LEFT JOIN `zt_lottery` `n` ON `m`.`lotid`=`n`.`id` WHERE  `d`.`project_id` = 32  AND `d`.`whreg` = '1' ORDER BY dealer_id desc  LIMIT 1   [ RunTime:0.000635s ]
[ sql ] [ SQL ] SELECT `d`.`dealer_id`,`d`.`project_id`,`d`.`name`,`d`.`sex`,`d`.`phone`,`d`.`car_time`,`d`.`dealer_name`,`d`.`car_series_id`,`d`.`time`,`d`.`buy_car_time`,n.name as lotname FROM `zt_user_dealer` `d` LEFT JOIN `zt_brand` `c` ON `d`.`car_series_id`=`c`.`brand_id` LEFT JOIN `zt_project` `p` ON `d`.`project_id`=`p`.`id` LEFT JOIN `zt_lotuser` `m` ON `m`.`userid`=`d`.`dealer_id` LEFT JOIN `zt_lottery` `n` ON `m`.`lotid`=`n`.`id` WHERE  `d`.`project_id` = 32  AND `d`.`whreg` = '1' ORDER BY dealer_id desc  LIMIT 0,20   [ RunTime:0.000965s ]
[ sql ] [ SQL ] SHOW COLUMNS FROM `zt_project` [ RunTime:0.008423s ]
[ sql ] [ SQL ] SELECT `id`,`project_name` FROM `zt_project` WHERE  `id` = 32   [ RunTime:0.000314s ]
[ sql ] [ SQL ] SHOW COLUMNS FROM `zt_buytime` [ RunTime:0.015528s ]
[ sql ] [ SQL ] SELECT `id`,`timename` FROM `zt_buytime`  [ RunTime:0.000357s ]
[ sql ] [ SQL ] SHOW COLUMNS FROM `zt_brand` [ RunTime:0.008229s ]
[ sql ] [ SQL ] SELECT `brand_id`,`brand_name` FROM `zt_brand` WHERE  `brand_id` IN (61)   [ RunTime:0.000406s ]
[ sql ] [ SQL ] SELECT * FROM `zt_allpro` WHERE  `proid` = 32   [ RunTime:0.000338s ]
[ sql ] [ SQL ] SHOW COLUMNS FROM `zt_dealer_list` [ RunTime:0.007781s ]
[ sql ] [ SQL ] SELECT `dealer_id`,`dealer_name` FROM `zt_dealer_list` WHERE  `dealer_id` IN (2,94,95)     [ RunTime:0.000451s ]
[ sql ] [ SQL ] SELECT `brand_id`,`brand_name` FROM `zt_brand` WHERE  `brand_id` IN (61)   [ RunTime:0.000385s ]
[ sql ] [ SQL ] SELECT * FROM `zt_allpro` WHERE  `proid` = 32   [ RunTime:0.000366s ]
[ sql ] [ SQL ] SELECT `dealer_id`,`dealer_name` FROM `zt_dealer_list` WHERE  `dealer_id` IN (3,101,102)     [ RunTime:0.000302s ]
[ sql ] [ SQL ] SELECT `brand_id`,`brand_name` FROM `zt_brand` WHERE  `brand_id` IN (61)   [ RunTime:0.000283s ]
[ sql ] [ SQL ] SELECT * FROM `zt_allpro` WHERE  `proid` = 32   [ RunTime:0.000287s ]
[ sql ] [ SQL ] SELECT `dealer_id`,`dealer_name` FROM `zt_dealer_list` WHERE  `dealer_id` IN (2,94,95)     [ RunTime:0.000383s ]
[ sql ] [ SQL ] SHOW COLUMNS FROM `zt_admin` [ RunTime:0.007718s ]
[ sql ] [ SQL ] SELECT `rules` FROM `zt_admin` `a` INNER JOIN `zt_auth_group` `b` ON `b`.`id`=`a`.`groupid` WHERE  `a`.`user_id` = 1  [ RunTime:0.000394s ]
[ sql ] [ SQL ] SELECT `rules` FROM `zt_admin` `a` INNER JOIN `zt_auth_group` `b` ON `b`.`id`=`a`.`groupid` WHERE  `a`.`user_id` = 1  [ RunTime:0.000382s ]

---------------------------------------------------------------
