[ 2017-04-13T14:31:48+08:00 ] 127.0.0.1 127.0.0.1 GET /medias/public/index.php/port/userreg/reg.html
[ log ] localhost/medias/public/index.php/port/userreg/reg.html [运行时间：0.285186s][吞吐率：3.51req/s] [内存消耗：1,815.04kb] [文件加载：44]
[ info ] [ LANG ] D:\rar\phpstudy\WWW\medias\thinkphp\lang\zh-cn.php
[ info ] [ ROUTE ] array (
  'type' => 'module',
  'module' => 
  array (
    0 => 'port',
    1 => 'userreg',
    2 => 'reg',
  ),
)
[ info ] [ HEADER ] array (
  'cookie' => 'Hm_lvt_f7837cdb3a52632e3ab0c97029d9c19d=1490265823; Hm_lvt_0f9c7b195f0b86ba1118656d4a142474=1490606547; Hm_lvt_7e1b991d14eb5047e1f521cd606b8f00=1491791584',
  'accept-language' => 'zh-CN,zh;q=0.8',
  'accept-encoding' => 'gzip, deflate, sdch, br',
  'accept' => 'text/html,application/xhtml+xml,application/xml;q=0.9,image/webp,*/*;q=0.8',
  'user-agent' => 'Mozilla/5.0 (Windows NT 10.0; WOW64) AppleWebKit/537.36 (KHTML, like Gecko) Chrome/56.0.2924.87 Safari/537.36',
  'upgrade-insecure-requests' => '1',
  'connection' => 'keep-alive',
  'host' => 'localhost',
  'content-length' => '',
  'content-type' => '',
)
[ info ] [ PARAM ] array (
)
[ info ] [ RUN ] app\port\controller\Userreg->reg[ D:\rar\phpstudy\WWW\medias\application\port\controller\Userreg.php ]
[ info ] [ DB ] INIT mysql
[ info ] [ VIEW ] D:\rar\phpstudy\WWW\medias\public/../application/port\view\userreg\reg.html [ array (
  0 => 'data',
  1 => 'buytime',
  2 => 'DealerData',
  3 => 'ProjectName',
  4 => 'dealer_info',
) ]
[ info ] [ LOG ] INIT File
[ sql ] [ DB ] CONNECT:[ UseTime:0.001310s ] mysql:dbname=media;host=127.0.0.1;port=3306;charset=utf8
[ sql ] [ SQL ] SHOW COLUMNS FROM `zt_brand` [ RunTime:0.017439s ]
[ sql ] [ SQL ] SELECT * FROM `zt_brand` WHERE  `pid` = 0   [ RunTime:0.000525s ]
[ sql ] [ SQL ] SHOW COLUMNS FROM `zt_dealer_list` [ RunTime:0.018676s ]
[ sql ] [ SQL ] SELECT * FROM `zt_dealer_list` WHERE  `pid` = 0   [ RunTime:0.004648s ]
[ sql ] [ SQL ] SHOW COLUMNS FROM `zt_project` [ RunTime:0.019712s ]
[ sql ] [ SQL ] SELECT `id`,`project_name` FROM `zt_project`  [ RunTime:0.006046s ]
[ sql ] [ SQL ] SHOW COLUMNS FROM `zt_buytime` [ RunTime:0.008782s ]
[ sql ] [ SQL ] SELECT `id`,`timename` FROM `zt_buytime`  [ RunTime:0.000316s ]

---------------------------------------------------------------
[ 2017-04-13T14:32:39+08:00 ] 127.0.0.1 127.0.0.1 POST /medias/public/index.php/port/Hkinfo/ItHk
[ log ] localhost/medias/public/index.php/port/Hkinfo/ItHk [运行时间：0.169733s][吞吐率：5.89req/s] [内存消耗：978.60kb] [文件加载：35]
[ info ] [ LANG ] D:\rar\phpstudy\WWW\medias\thinkphp\lang\zh-cn.php
[ info ] [ ROUTE ] array (
  'type' => 'module',
  'module' => 
  array (
    0 => 'port',
    1 => 'Hkinfo',
    2 => 'ItHk',
  ),
)
[ info ] [ HEADER ] array (
  'cookie' => 'Hm_lvt_f7837cdb3a52632e3ab0c97029d9c19d=1490265823; Hm_lvt_0f9c7b195f0b86ba1118656d4a142474=1490606547; Hm_lvt_7e1b991d14eb5047e1f521cd606b8f00=1491791584,1492065109; Hm_lpvt_7e1b991d14eb5047e1f521cd606b8f00=1492065109',
  'accept-language' => 'zh-CN,zh;q=0.8',
  'accept-encoding' => 'gzip, deflate, br',
  'referer' => 'http://localhost/pic/test/song.html',
  'content-type' => 'application/x-www-form-urlencoded; charset=UTF-8',
  'user-agent' => 'Mozilla/5.0 (Windows NT 10.0; WOW64) AppleWebKit/537.36 (KHTML, like Gecko) Chrome/56.0.2924.87 Safari/537.36',
  'x-requested-with' => 'XMLHttpRequest',
  'origin' => 'http://localhost',
  'accept' => 'application/json, text/javascript, */*; q=0.01',
  'cache-control' => 'no-cache',
  'pragma' => 'no-cache',
  'content-length' => '7',
  'connection' => 'keep-alive',
  'host' => 'localhost',
)
[ info ] [ PARAM ] array (
  'pid' => 'kkk',
)
[ info ] [ RUN ] app\port\controller\Hkinfo->ItHk[ D:\rar\phpstudy\WWW\medias\application\port\controller\Hkinfo.php ]
[ info ] [ LOG ] INIT File
[ error ] [1]Class 'app\admin\model\HkdataModel' not found[D:\rar\phpstudy\WWW\medias\application\port\controller\Hkinfo.php:23]

---------------------------------------------------------------
[ 2017-04-13T14:33:24+08:00 ] 127.0.0.1 127.0.0.1 POST /medias/public/index.php/port/Hkinfo/ItHk
[ log ] localhost/medias/public/index.php/port/Hkinfo/ItHk [运行时间：0.013815s][吞吐率：72.39req/s] [内存消耗：978.63kb] [文件加载：35]
[ info ] [ LANG ] D:\rar\phpstudy\WWW\medias\thinkphp\lang\zh-cn.php
[ info ] [ ROUTE ] array (
  'type' => 'module',
  'module' => 
  array (
    0 => 'port',
    1 => 'Hkinfo',
    2 => 'ItHk',
  ),
)
[ info ] [ HEADER ] array (
  'cookie' => 'Hm_lvt_f7837cdb3a52632e3ab0c97029d9c19d=1490265823; Hm_lvt_0f9c7b195f0b86ba1118656d4a142474=1490606547; Hm_lvt_7e1b991d14eb5047e1f521cd606b8f00=1491791584,1492065109; Hm_lpvt_7e1b991d14eb5047e1f521cd606b8f00=1492065109',
  'accept-language' => 'zh-CN,zh;q=0.8',
  'accept-encoding' => 'gzip, deflate, br',
  'referer' => 'http://localhost/pic/test/song.html',
  'content-type' => 'application/x-www-form-urlencoded; charset=UTF-8',
  'user-agent' => 'Mozilla/5.0 (Windows NT 10.0; WOW64) AppleWebKit/537.36 (KHTML, like Gecko) Chrome/56.0.2924.87 Safari/537.36',
  'x-requested-with' => 'XMLHttpRequest',
  'origin' => 'http://localhost',
  'accept' => 'application/json, text/javascript, */*; q=0.01',
  'cache-control' => 'no-cache',
  'pragma' => 'no-cache',
  'content-length' => '7',
  'connection' => 'keep-alive',
  'host' => 'localhost',
)
[ info ] [ PARAM ] array (
  'pid' => 'kkk',
)
[ info ] [ RUN ] app\port\controller\Hkinfo->ItHk[ D:\rar\phpstudy\WWW\medias\application\port\controller\Hkinfo.php ]
[ info ] [ LOG ] INIT File
[ error ] [1]Class 'app\admin\model\HkdataModel' not found[D:\rar\phpstudy\WWW\medias\application\port\controller\Hkinfo.php:23]

---------------------------------------------------------------
[ 2017-04-13T14:33:33+08:00 ] 127.0.0.1 127.0.0.1 POST /medias/public/index.php/port/Hkinfo/ItHk
[ log ] localhost/medias/public/index.php/port/Hkinfo/ItHk [运行时间：0.014223s][吞吐率：70.31req/s] [内存消耗：978.63kb] [文件加载：35]
[ info ] [ LANG ] D:\rar\phpstudy\WWW\medias\thinkphp\lang\zh-cn.php
[ info ] [ ROUTE ] array (
  'type' => 'module',
  'module' => 
  array (
    0 => 'port',
    1 => 'Hkinfo',
    2 => 'ItHk',
  ),
)
[ info ] [ HEADER ] array (
  'cookie' => 'Hm_lvt_f7837cdb3a52632e3ab0c97029d9c19d=1490265823; Hm_lvt_0f9c7b195f0b86ba1118656d4a142474=1490606547; Hm_lvt_7e1b991d14eb5047e1f521cd606b8f00=1491791584,1492065109; Hm_lpvt_7e1b991d14eb5047e1f521cd606b8f00=1492065109',
  'accept-language' => 'zh-CN,zh;q=0.8',
  'accept-encoding' => 'gzip, deflate, br',
  'referer' => 'http://localhost/pic/test/song.html',
  'content-type' => 'application/x-www-form-urlencoded; charset=UTF-8',
  'user-agent' => 'Mozilla/5.0 (Windows NT 10.0; WOW64) AppleWebKit/537.36 (KHTML, like Gecko) Chrome/56.0.2924.87 Safari/537.36',
  'x-requested-with' => 'XMLHttpRequest',
  'origin' => 'http://localhost',
  'accept' => 'application/json, text/javascript, */*; q=0.01',
  'cache-control' => 'no-cache',
  'pragma' => 'no-cache',
  'content-length' => '7',
  'connection' => 'keep-alive',
  'host' => 'localhost',
)
[ info ] [ PARAM ] array (
  'pid' => 'kkk',
)
[ info ] [ RUN ] app\port\controller\Hkinfo->ItHk[ D:\rar\phpstudy\WWW\medias\application\port\controller\Hkinfo.php ]
[ info ] [ LOG ] INIT File
[ error ] [1]Class 'app\admin\model\HkdataModel' not found[D:\rar\phpstudy\WWW\medias\application\port\controller\Hkinfo.php:23]

---------------------------------------------------------------
[ 2017-04-13T14:33:38+08:00 ] 127.0.0.1 127.0.0.1 POST /medias/public/index.php/port/Hkinfo/ItHk
[ log ] localhost/medias/public/index.php/port/Hkinfo/ItHk [运行时间：0.018581s][吞吐率：53.82req/s] [内存消耗：978.63kb] [文件加载：35]
[ info ] [ LANG ] D:\rar\phpstudy\WWW\medias\thinkphp\lang\zh-cn.php
[ info ] [ ROUTE ] array (
  'type' => 'module',
  'module' => 
  array (
    0 => 'port',
    1 => 'Hkinfo',
    2 => 'ItHk',
  ),
)
[ info ] [ HEADER ] array (
  'cookie' => 'Hm_lvt_f7837cdb3a52632e3ab0c97029d9c19d=1490265823; Hm_lvt_0f9c7b195f0b86ba1118656d4a142474=1490606547; Hm_lvt_7e1b991d14eb5047e1f521cd606b8f00=1491791584,1492065109; Hm_lpvt_7e1b991d14eb5047e1f521cd606b8f00=1492065109',
  'accept-language' => 'zh-CN,zh;q=0.8',
  'accept-encoding' => 'gzip, deflate, br',
  'referer' => 'http://localhost/pic/test/song.html',
  'content-type' => 'application/x-www-form-urlencoded; charset=UTF-8',
  'user-agent' => 'Mozilla/5.0 (Windows NT 10.0; WOW64) AppleWebKit/537.36 (KHTML, like Gecko) Chrome/56.0.2924.87 Safari/537.36',
  'x-requested-with' => 'XMLHttpRequest',
  'origin' => 'http://localhost',
  'accept' => 'application/json, text/javascript, */*; q=0.01',
  'cache-control' => 'no-cache',
  'pragma' => 'no-cache',
  'content-length' => '7',
  'connection' => 'keep-alive',
  'host' => 'localhost',
)
[ info ] [ PARAM ] array (
  'pid' => 'kkk',
)
[ info ] [ RUN ] app\port\controller\Hkinfo->ItHk[ D:\rar\phpstudy\WWW\medias\application\port\controller\Hkinfo.php ]
[ info ] [ LOG ] INIT File
[ error ] [1]Class 'app\admin\model\HkdataModel' not found[D:\rar\phpstudy\WWW\medias\application\port\controller\Hkinfo.php:23]

---------------------------------------------------------------
[ 2017-04-13T14:33:41+08:00 ] 127.0.0.1 127.0.0.1 POST /medias/public/index.php/port/Hkinfo/ItHk
[ log ] localhost/medias/public/index.php/port/Hkinfo/ItHk [运行时间：0.016341s][吞吐率：61.20req/s] [内存消耗：978.63kb] [文件加载：35]
[ info ] [ LANG ] D:\rar\phpstudy\WWW\medias\thinkphp\lang\zh-cn.php
[ info ] [ ROUTE ] array (
  'type' => 'module',
  'module' => 
  array (
    0 => 'port',
    1 => 'Hkinfo',
    2 => 'ItHk',
  ),
)
[ info ] [ HEADER ] array (
  'cookie' => 'Hm_lvt_f7837cdb3a52632e3ab0c97029d9c19d=1490265823; Hm_lvt_0f9c7b195f0b86ba1118656d4a142474=1490606547; Hm_lvt_7e1b991d14eb5047e1f521cd606b8f00=1491791584,1492065109; Hm_lpvt_7e1b991d14eb5047e1f521cd606b8f00=1492065109',
  'accept-language' => 'zh-CN,zh;q=0.8',
  'accept-encoding' => 'gzip, deflate, br',
  'referer' => 'http://localhost/pic/test/song.html',
  'content-type' => 'application/x-www-form-urlencoded; charset=UTF-8',
  'user-agent' => 'Mozilla/5.0 (Windows NT 10.0; WOW64) AppleWebKit/537.36 (KHTML, like Gecko) Chrome/56.0.2924.87 Safari/537.36',
  'x-requested-with' => 'XMLHttpRequest',
  'origin' => 'http://localhost',
  'accept' => 'application/json, text/javascript, */*; q=0.01',
  'cache-control' => 'no-cache',
  'pragma' => 'no-cache',
  'content-length' => '7',
  'connection' => 'keep-alive',
  'host' => 'localhost',
)
[ info ] [ PARAM ] array (
  'pid' => 'kkk',
)
[ info ] [ RUN ] app\port\controller\Hkinfo->ItHk[ D:\rar\phpstudy\WWW\medias\application\port\controller\Hkinfo.php ]
[ info ] [ LOG ] INIT File
[ error ] [1]Class 'app\admin\model\HkdataModel' not found[D:\rar\phpstudy\WWW\medias\application\port\controller\Hkinfo.php:23]

---------------------------------------------------------------
[ 2017-04-13T14:33:44+08:00 ] 127.0.0.1 127.0.0.1 POST /medias/public/index.php/port/Hkinfo/ItHk
[ log ] localhost/medias/public/index.php/port/Hkinfo/ItHk [运行时间：0.015097s][吞吐率：66.24req/s] [内存消耗：978.63kb] [文件加载：35]
[ info ] [ LANG ] D:\rar\phpstudy\WWW\medias\thinkphp\lang\zh-cn.php
[ info ] [ ROUTE ] array (
  'type' => 'module',
  'module' => 
  array (
    0 => 'port',
    1 => 'Hkinfo',
    2 => 'ItHk',
  ),
)
[ info ] [ HEADER ] array (
  'cookie' => 'Hm_lvt_f7837cdb3a52632e3ab0c97029d9c19d=1490265823; Hm_lvt_0f9c7b195f0b86ba1118656d4a142474=1490606547; Hm_lvt_7e1b991d14eb5047e1f521cd606b8f00=1491791584,1492065109; Hm_lpvt_7e1b991d14eb5047e1f521cd606b8f00=1492065109',
  'accept-language' => 'zh-CN,zh;q=0.8',
  'accept-encoding' => 'gzip, deflate, br',
  'referer' => 'http://localhost/pic/test/song.html',
  'content-type' => 'application/x-www-form-urlencoded; charset=UTF-8',
  'user-agent' => 'Mozilla/5.0 (Windows NT 10.0; WOW64) AppleWebKit/537.36 (KHTML, like Gecko) Chrome/56.0.2924.87 Safari/537.36',
  'x-requested-with' => 'XMLHttpRequest',
  'origin' => 'http://localhost',
  'accept' => 'application/json, text/javascript, */*; q=0.01',
  'cache-control' => 'no-cache',
  'pragma' => 'no-cache',
  'content-length' => '7',
  'connection' => 'keep-alive',
  'host' => 'localhost',
)
[ info ] [ PARAM ] array (
  'pid' => 'kkk',
)
[ info ] [ RUN ] app\port\controller\Hkinfo->ItHk[ D:\rar\phpstudy\WWW\medias\application\port\controller\Hkinfo.php ]
[ info ] [ LOG ] INIT File
[ error ] [1]Class 'app\admin\model\HkdataModel' not found[D:\rar\phpstudy\WWW\medias\application\port\controller\Hkinfo.php:23]

---------------------------------------------------------------
[ 2017-04-13T14:34:46+08:00 ] 127.0.0.1 127.0.0.1 POST /medias/public/index.php/port/Hkinfo/ItHk
[ log ] localhost/medias/public/index.php/port/Hkinfo/ItHk [运行时间：0.015720s][吞吐率：63.61req/s] [内存消耗：978.65kb] [文件加载：35]
[ info ] [ LANG ] D:\rar\phpstudy\WWW\medias\thinkphp\lang\zh-cn.php
[ info ] [ ROUTE ] array (
  'type' => 'module',
  'module' => 
  array (
    0 => 'port',
    1 => 'Hkinfo',
    2 => 'ItHk',
  ),
)
[ info ] [ HEADER ] array (
  'cookie' => 'Hm_lvt_f7837cdb3a52632e3ab0c97029d9c19d=1490265823; Hm_lvt_0f9c7b195f0b86ba1118656d4a142474=1490606547; Hm_lvt_7e1b991d14eb5047e1f521cd606b8f00=1491791584,1492065109; Hm_lpvt_7e1b991d14eb5047e1f521cd606b8f00=1492065109',
  'accept-language' => 'zh-CN,zh;q=0.8',
  'accept-encoding' => 'gzip, deflate, br',
  'referer' => 'http://localhost/pic/test/song.html',
  'content-type' => 'application/x-www-form-urlencoded; charset=UTF-8',
  'user-agent' => 'Mozilla/5.0 (Windows NT 10.0; WOW64) AppleWebKit/537.36 (KHTML, like Gecko) Chrome/56.0.2924.87 Safari/537.36',
  'x-requested-with' => 'XMLHttpRequest',
  'origin' => 'http://localhost',
  'accept' => 'application/json, text/javascript, */*; q=0.01',
  'cache-control' => 'no-cache',
  'pragma' => 'no-cache',
  'content-length' => '7',
  'connection' => 'keep-alive',
  'host' => 'localhost',
)
[ info ] [ PARAM ] array (
  'pid' => 'kkk',
)
[ info ] [ RUN ] app\port\controller\Hkinfo->ItHk[ D:\rar\phpstudy\WWW\medias\application\port\controller\Hkinfo.php ]
[ info ] [ LOG ] INIT File
[ error ] [1]Class 'app\admin\model\HkdataModel' not found[D:\rar\phpstudy\WWW\medias\application\port\controller\Hkinfo.php:23]

---------------------------------------------------------------
[ 2017-04-13T14:35:44+08:00 ] 127.0.0.1 127.0.0.1 POST /medias/public/index.php/port/Hkinfo/ItHk
[ log ] localhost/medias/public/index.php/port/Hkinfo/ItHk [运行时间：0.016515s][吞吐率：60.55req/s] [内存消耗：978.65kb] [文件加载：35]
[ info ] [ LANG ] D:\rar\phpstudy\WWW\medias\thinkphp\lang\zh-cn.php
[ info ] [ ROUTE ] array (
  'type' => 'module',
  'module' => 
  array (
    0 => 'port',
    1 => 'Hkinfo',
    2 => 'ItHk',
  ),
)
[ info ] [ HEADER ] array (
  'cookie' => 'Hm_lvt_f7837cdb3a52632e3ab0c97029d9c19d=1490265823; Hm_lvt_0f9c7b195f0b86ba1118656d4a142474=1490606547; Hm_lvt_7e1b991d14eb5047e1f521cd606b8f00=1491791584,1492065109; Hm_lpvt_7e1b991d14eb5047e1f521cd606b8f00=1492065109',
  'accept-language' => 'zh-CN,zh;q=0.8',
  'accept-encoding' => 'gzip, deflate, br',
  'referer' => 'http://localhost/pic/test/song.html',
  'content-type' => 'application/x-www-form-urlencoded; charset=UTF-8',
  'user-agent' => 'Mozilla/5.0 (Windows NT 10.0; WOW64) AppleWebKit/537.36 (KHTML, like Gecko) Chrome/56.0.2924.87 Safari/537.36',
  'x-requested-with' => 'XMLHttpRequest',
  'origin' => 'http://localhost',
  'accept' => 'application/json, text/javascript, */*; q=0.01',
  'cache-control' => 'no-cache',
  'pragma' => 'no-cache',
  'content-length' => '7',
  'connection' => 'keep-alive',
  'host' => 'localhost',
)
[ info ] [ PARAM ] array (
  'pid' => 'kkk',
)
[ info ] [ RUN ] app\port\controller\Hkinfo->ItHk[ D:\rar\phpstudy\WWW\medias\application\port\controller\Hkinfo.php ]
[ info ] [ LOG ] INIT File
[ error ] [1]Class 'app\admin\model\HkdataModel' not found[D:\rar\phpstudy\WWW\medias\application\port\controller\Hkinfo.php:23]

---------------------------------------------------------------
[ 2017-04-13T14:36:05+08:00 ] 127.0.0.1 127.0.0.1 POST /medias/public/index.php/port/Hkinfo/ItHk
[ log ] localhost/medias/public/index.php/port/Hkinfo/ItHk [运行时间：0.040407s][吞吐率：24.75req/s] [内存消耗：1,465.10kb] [文件加载：38]
[ info ] [ LANG ] D:\rar\phpstudy\WWW\medias\thinkphp\lang\zh-cn.php
[ info ] [ ROUTE ] array (
  'type' => 'module',
  'module' => 
  array (
    0 => 'port',
    1 => 'Hkinfo',
    2 => 'ItHk',
  ),
)
[ info ] [ HEADER ] array (
  'cookie' => 'Hm_lvt_f7837cdb3a52632e3ab0c97029d9c19d=1490265823; Hm_lvt_0f9c7b195f0b86ba1118656d4a142474=1490606547; Hm_lvt_7e1b991d14eb5047e1f521cd606b8f00=1491791584,1492065109; Hm_lpvt_7e1b991d14eb5047e1f521cd606b8f00=1492065109',
  'accept-language' => 'zh-CN,zh;q=0.8',
  'accept-encoding' => 'gzip, deflate, br',
  'referer' => 'http://localhost/pic/test/song.html',
  'content-type' => 'application/x-www-form-urlencoded; charset=UTF-8',
  'user-agent' => 'Mozilla/5.0 (Windows NT 10.0; WOW64) AppleWebKit/537.36 (KHTML, like Gecko) Chrome/56.0.2924.87 Safari/537.36',
  'x-requested-with' => 'XMLHttpRequest',
  'origin' => 'http://localhost',
  'accept' => 'application/json, text/javascript, */*; q=0.01',
  'cache-control' => 'no-cache',
  'pragma' => 'no-cache',
  'content-length' => '7',
  'connection' => 'keep-alive',
  'host' => 'localhost',
)
[ info ] [ PARAM ] array (
  'pid' => 'kkk',
)
[ info ] [ RUN ] app\port\controller\Hkinfo->ItHk[ D:\rar\phpstudy\WWW\medias\application\port\controller\Hkinfo.php ]
[ info ] [ DB ] INIT mysql
[ info ] [ LOG ] INIT File

---------------------------------------------------------------
[ 2017-04-13T14:36:37+08:00 ] 127.0.0.1 127.0.0.1 POST /medias/public/index.php/port/Hkinfo/ItHk
[ log ] localhost/medias/public/index.php/port/Hkinfo/ItHk [运行时间：0.021039s][吞吐率：47.53req/s] [内存消耗：1,465.10kb] [文件加载：38]
[ info ] [ LANG ] D:\rar\phpstudy\WWW\medias\thinkphp\lang\zh-cn.php
[ info ] [ ROUTE ] array (
  'type' => 'module',
  'module' => 
  array (
    0 => 'port',
    1 => 'Hkinfo',
    2 => 'ItHk',
  ),
)
[ info ] [ HEADER ] array (
  'cookie' => 'Hm_lvt_f7837cdb3a52632e3ab0c97029d9c19d=1490265823; Hm_lvt_0f9c7b195f0b86ba1118656d4a142474=1490606547; Hm_lvt_7e1b991d14eb5047e1f521cd606b8f00=1491791584,1492065109; Hm_lpvt_7e1b991d14eb5047e1f521cd606b8f00=1492065109',
  'accept-language' => 'zh-CN,zh;q=0.8',
  'accept-encoding' => 'gzip, deflate, br',
  'referer' => 'http://localhost/pic/test/song.html',
  'content-type' => 'application/x-www-form-urlencoded; charset=UTF-8',
  'user-agent' => 'Mozilla/5.0 (Windows NT 10.0; WOW64) AppleWebKit/537.36 (KHTML, like Gecko) Chrome/56.0.2924.87 Safari/537.36',
  'x-requested-with' => 'XMLHttpRequest',
  'origin' => 'http://localhost',
  'accept' => 'application/json, text/javascript, */*; q=0.01',
  'cache-control' => 'no-cache',
  'pragma' => 'no-cache',
  'content-length' => '7',
  'connection' => 'keep-alive',
  'host' => 'localhost',
)
[ info ] [ PARAM ] array (
  'pid' => 'kkk',
)
[ info ] [ RUN ] app\port\controller\Hkinfo->ItHk[ D:\rar\phpstudy\WWW\medias\application\port\controller\Hkinfo.php ]
[ info ] [ DB ] INIT mysql
[ info ] [ LOG ] INIT File

---------------------------------------------------------------
[ 2017-04-13T14:41:25+08:00 ] 127.0.0.1 127.0.0.1 POST /medias/public/index.php/port/Hkinfo/ItHk
[ log ] localhost/medias/public/index.php/port/Hkinfo/ItHk [运行时间：0.020933s][吞吐率：47.77req/s] [内存消耗：1,465.10kb] [文件加载：38]
[ info ] [ LANG ] D:\rar\phpstudy\WWW\medias\thinkphp\lang\zh-cn.php
[ info ] [ ROUTE ] array (
  'type' => 'module',
  'module' => 
  array (
    0 => 'port',
    1 => 'Hkinfo',
    2 => 'ItHk',
  ),
)
[ info ] [ HEADER ] array (
  'cookie' => 'Hm_lvt_f7837cdb3a52632e3ab0c97029d9c19d=1490265823; Hm_lvt_0f9c7b195f0b86ba1118656d4a142474=1490606547; Hm_lvt_7e1b991d14eb5047e1f521cd606b8f00=1491791584,1492065109; Hm_lpvt_7e1b991d14eb5047e1f521cd606b8f00=1492065109',
  'accept-language' => 'zh-CN,zh;q=0.8',
  'accept-encoding' => 'gzip, deflate, br',
  'referer' => 'http://localhost/pic/test/song.html',
  'content-type' => 'application/x-www-form-urlencoded; charset=UTF-8',
  'user-agent' => 'Mozilla/5.0 (Windows NT 10.0; WOW64) AppleWebKit/537.36 (KHTML, like Gecko) Chrome/56.0.2924.87 Safari/537.36',
  'x-requested-with' => 'XMLHttpRequest',
  'origin' => 'http://localhost',
  'accept' => 'application/json, text/javascript, */*; q=0.01',
  'cache-control' => 'no-cache',
  'pragma' => 'no-cache',
  'content-length' => '7',
  'connection' => 'keep-alive',
  'host' => 'localhost',
)
[ info ] [ PARAM ] array (
  'pid' => 'kkk',
)
[ info ] [ RUN ] app\port\controller\Hkinfo->ItHk[ D:\rar\phpstudy\WWW\medias\application\port\controller\Hkinfo.php ]
[ info ] [ DB ] INIT mysql
[ info ] [ LOG ] INIT File

---------------------------------------------------------------
[ 2017-04-13T14:45:15+08:00 ] 127.0.0.1 127.0.0.1 POST /medias/public/index.php/port/Hkinfo/ItHk
[ log ] localhost/medias/public/index.php/port/Hkinfo/ItHk [运行时间：0.019660s][吞吐率：50.86req/s] [内存消耗：1,465.10kb] [文件加载：38]
[ info ] [ LANG ] D:\rar\phpstudy\WWW\medias\thinkphp\lang\zh-cn.php
[ info ] [ ROUTE ] array (
  'type' => 'module',
  'module' => 
  array (
    0 => 'port',
    1 => 'Hkinfo',
    2 => 'ItHk',
  ),
)
[ info ] [ HEADER ] array (
  'cookie' => 'Hm_lvt_f7837cdb3a52632e3ab0c97029d9c19d=1490265823; Hm_lvt_0f9c7b195f0b86ba1118656d4a142474=1490606547; Hm_lvt_7e1b991d14eb5047e1f521cd606b8f00=1491791584,1492065109; Hm_lpvt_7e1b991d14eb5047e1f521cd606b8f00=1492065109',
  'accept-language' => 'zh-CN,zh;q=0.8',
  'accept-encoding' => 'gzip, deflate, br',
  'referer' => 'http://localhost/pic/test/song.html',
  'content-type' => 'application/x-www-form-urlencoded; charset=UTF-8',
  'user-agent' => 'Mozilla/5.0 (Windows NT 10.0; WOW64) AppleWebKit/537.36 (KHTML, like Gecko) Chrome/56.0.2924.87 Safari/537.36',
  'x-requested-with' => 'XMLHttpRequest',
  'origin' => 'http://localhost',
  'accept' => 'application/json, text/javascript, */*; q=0.01',
  'cache-control' => 'no-cache',
  'pragma' => 'no-cache',
  'content-length' => '7',
  'connection' => 'keep-alive',
  'host' => 'localhost',
)
[ info ] [ PARAM ] array (
  'pid' => 'kkk',
)
[ info ] [ RUN ] app\port\controller\Hkinfo->ItHk[ D:\rar\phpstudy\WWW\medias\application\port\controller\Hkinfo.php ]
[ info ] [ DB ] INIT mysql
[ info ] [ LOG ] INIT File

---------------------------------------------------------------
[ 2017-04-13T15:39:30+08:00 ] 127.0.0.1 127.0.0.1 POST /medias/public/index.php/port/Hkinfo/ItHk
[ log ] localhost/medias/public/index.php/port/Hkinfo/ItHk [运行时间：0.023141s][吞吐率：43.21req/s] [内存消耗：1,465.77kb] [文件加载：38]
[ info ] [ LANG ] D:\rar\phpstudy\WWW\medias\thinkphp\lang\zh-cn.php
[ info ] [ ROUTE ] array (
  'type' => 'module',
  'module' => 
  array (
    0 => 'port',
    1 => 'Hkinfo',
    2 => 'ItHk',
  ),
)
[ info ] [ HEADER ] array (
  'cookie' => 'Hm_lvt_f7837cdb3a52632e3ab0c97029d9c19d=1490265823; Hm_lvt_0f9c7b195f0b86ba1118656d4a142474=1490606547; Hm_lvt_7e1b991d14eb5047e1f521cd606b8f00=1491791584,1492065109; Hm_lpvt_7e1b991d14eb5047e1f521cd606b8f00=1492065109',
  'accept-language' => 'zh-CN,zh;q=0.8',
  'accept-encoding' => 'gzip, deflate, br',
  'referer' => 'http://localhost/pic/test/song.html',
  'content-type' => 'application/x-www-form-urlencoded; charset=UTF-8',
  'user-agent' => 'Mozilla/5.0 (Windows NT 10.0; WOW64) AppleWebKit/537.36 (KHTML, like Gecko) Chrome/56.0.2924.87 Safari/537.36',
  'x-requested-with' => 'XMLHttpRequest',
  'origin' => 'http://localhost',
  'accept' => 'application/json, text/javascript, */*; q=0.01',
  'cache-control' => 'no-cache',
  'pragma' => 'no-cache',
  'content-length' => '34',
  'connection' => 'keep-alive',
  'host' => 'localhost',
)
[ info ] [ PARAM ] array (
  'pid' => 'kkk',
  'laiyuan' => 'null',
  'biaoti' => '1',
  'zl' => '1',
)
[ info ] [ RUN ] app\port\controller\Hkinfo->ItHk[ D:\rar\phpstudy\WWW\medias\application\port\controller\Hkinfo.php ]
[ info ] [ DB ] INIT mysql
[ info ] [ LOG ] INIT File

---------------------------------------------------------------
[ 2017-04-13T15:40:15+08:00 ] 127.0.0.1 127.0.0.1 POST /medias/public/index.php/port/Hkinfo/ItHk
[ log ] localhost/medias/public/index.php/port/Hkinfo/ItHk [运行时间：0.017491s][吞吐率：57.17req/s] [内存消耗：1,396.80kb] [文件加载：35]
[ info ] [ LANG ] D:\rar\phpstudy\WWW\medias\thinkphp\lang\zh-cn.php
[ info ] [ ROUTE ] array (
  'type' => 'module',
  'module' => 
  array (
    0 => 'port',
    1 => 'Hkinfo',
    2 => 'ItHk',
  ),
)
[ info ] [ HEADER ] array (
  'cookie' => 'Hm_lvt_f7837cdb3a52632e3ab0c97029d9c19d=1490265823; Hm_lvt_0f9c7b195f0b86ba1118656d4a142474=1490606547; Hm_lvt_7e1b991d14eb5047e1f521cd606b8f00=1491791584,1492065109; Hm_lpvt_7e1b991d14eb5047e1f521cd606b8f00=1492065109',
  'accept-language' => 'zh-CN,zh;q=0.8',
  'accept-encoding' => 'gzip, deflate, br',
  'referer' => 'http://localhost/pic/test/song.html',
  'content-type' => 'application/x-www-form-urlencoded; charset=UTF-8',
  'user-agent' => 'Mozilla/5.0 (Windows NT 10.0; WOW64) AppleWebKit/537.36 (KHTML, like Gecko) Chrome/56.0.2924.87 Safari/537.36',
  'x-requested-with' => 'XMLHttpRequest',
  'origin' => 'http://localhost',
  'accept' => 'application/json, text/javascript, */*; q=0.01',
  'cache-control' => 'no-cache',
  'pragma' => 'no-cache',
  'content-length' => '34',
  'connection' => 'keep-alive',
  'host' => 'localhost',
)
[ info ] [ PARAM ] array (
  'pid' => 'kkk',
  'laiyuan' => 'null',
  'biaoti' => '1',
  'zl' => '1',
)
[ info ] [ RUN ] app\port\controller\Hkinfo->ItHk[ D:\rar\phpstudy\WWW\medias\application\port\controller\Hkinfo.php ]
[ info ] [ DB ] INIT mysql
[ info ] [ LOG ] INIT File

---------------------------------------------------------------
[ 2017-04-13T15:40:31+08:00 ] 127.0.0.1 127.0.0.1 POST /medias/public/index.php/port/Hkinfo/ItHk
[ log ] localhost/medias/public/index.php/port/Hkinfo/ItHk [运行时间：0.020126s][吞吐率：49.69req/s] [内存消耗：1,465.63kb] [文件加载：38]
[ info ] [ LANG ] D:\rar\phpstudy\WWW\medias\thinkphp\lang\zh-cn.php
[ info ] [ ROUTE ] array (
  'type' => 'module',
  'module' => 
  array (
    0 => 'port',
    1 => 'Hkinfo',
    2 => 'ItHk',
  ),
)
[ info ] [ HEADER ] array (
  'cookie' => 'Hm_lvt_f7837cdb3a52632e3ab0c97029d9c19d=1490265823; Hm_lvt_0f9c7b195f0b86ba1118656d4a142474=1490606547; Hm_lvt_7e1b991d14eb5047e1f521cd606b8f00=1491791584,1492065109; Hm_lpvt_7e1b991d14eb5047e1f521cd606b8f00=1492065109',
  'accept-language' => 'zh-CN,zh;q=0.8',
  'accept-encoding' => 'gzip, deflate, br',
  'referer' => 'http://localhost/pic/test/song.html',
  'content-type' => 'application/x-www-form-urlencoded; charset=UTF-8',
  'user-agent' => 'Mozilla/5.0 (Windows NT 10.0; WOW64) AppleWebKit/537.36 (KHTML, like Gecko) Chrome/56.0.2924.87 Safari/537.36',
  'x-requested-with' => 'XMLHttpRequest',
  'origin' => 'http://localhost',
  'accept' => 'application/json, text/javascript, */*; q=0.01',
  'cache-control' => 'no-cache',
  'pragma' => 'no-cache',
  'content-length' => '34',
  'connection' => 'keep-alive',
  'host' => 'localhost',
)
[ info ] [ PARAM ] array (
  'pid' => 'kkk',
  'laiyuan' => 'null',
  'biaoti' => '1',
  'zl' => '1',
)
[ info ] [ RUN ] app\port\controller\Hkinfo->ItHk[ D:\rar\phpstudy\WWW\medias\application\port\controller\Hkinfo.php ]
[ info ] [ DB ] INIT mysql
[ info ] [ LOG ] INIT File

---------------------------------------------------------------
[ 2017-04-13T15:41:13+08:00 ] 127.0.0.1 127.0.0.1 POST /medias/public/index.php/port/Hkinfo/ItHk
[ log ] localhost/medias/public/index.php/port/Hkinfo/ItHk [运行时间：0.019366s][吞吐率：51.64req/s] [内存消耗：1,465.62kb] [文件加载：38]
[ info ] [ LANG ] D:\rar\phpstudy\WWW\medias\thinkphp\lang\zh-cn.php
[ info ] [ ROUTE ] array (
  'type' => 'module',
  'module' => 
  array (
    0 => 'port',
    1 => 'Hkinfo',
    2 => 'ItHk',
  ),
)
[ info ] [ HEADER ] array (
  'cookie' => 'Hm_lvt_f7837cdb3a52632e3ab0c97029d9c19d=1490265823; Hm_lvt_0f9c7b195f0b86ba1118656d4a142474=1490606547; Hm_lvt_7e1b991d14eb5047e1f521cd606b8f00=1491791584,1492065109; Hm_lpvt_7e1b991d14eb5047e1f521cd606b8f00=1492065109',
  'accept-language' => 'zh-CN,zh;q=0.8',
  'accept-encoding' => 'gzip, deflate, br',
  'referer' => 'http://localhost/pic/test/song.html',
  'content-type' => 'application/x-www-form-urlencoded; charset=UTF-8',
  'user-agent' => 'Mozilla/5.0 (Windows NT 10.0; WOW64) AppleWebKit/537.36 (KHTML, like Gecko) Chrome/56.0.2924.87 Safari/537.36',
  'x-requested-with' => 'XMLHttpRequest',
  'origin' => 'http://localhost',
  'accept' => 'application/json, text/javascript, */*; q=0.01',
  'cache-control' => 'no-cache',
  'pragma' => 'no-cache',
  'content-length' => '34',
  'connection' => 'keep-alive',
  'host' => 'localhost',
)
[ info ] [ PARAM ] array (
  'pid' => 'kkk',
  'laiyuan' => 'null',
  'biaoti' => '1',
  'zl' => '1',
)
[ info ] [ RUN ] app\port\controller\Hkinfo->ItHk[ D:\rar\phpstudy\WWW\medias\application\port\controller\Hkinfo.php ]
[ info ] [ DB ] INIT mysql
[ info ] [ LOG ] INIT File

---------------------------------------------------------------
[ 2017-04-13T15:41:21+08:00 ] 127.0.0.1 127.0.0.1 POST /medias/public/index.php/port/Hkinfo/ItHk
[ log ] localhost/medias/public/index.php/port/Hkinfo/ItHk [运行时间：0.018257s][吞吐率：54.77req/s] [内存消耗：1,396.77kb] [文件加载：35]
[ info ] [ LANG ] D:\rar\phpstudy\WWW\medias\thinkphp\lang\zh-cn.php
[ info ] [ ROUTE ] array (
  'type' => 'module',
  'module' => 
  array (
    0 => 'port',
    1 => 'Hkinfo',
    2 => 'ItHk',
  ),
)
[ info ] [ HEADER ] array (
  'cookie' => 'Hm_lvt_f7837cdb3a52632e3ab0c97029d9c19d=1490265823; Hm_lvt_0f9c7b195f0b86ba1118656d4a142474=1490606547; Hm_lvt_7e1b991d14eb5047e1f521cd606b8f00=1491791584,1492065109; Hm_lpvt_7e1b991d14eb5047e1f521cd606b8f00=1492065109',
  'accept-language' => 'zh-CN,zh;q=0.8',
  'accept-encoding' => 'gzip, deflate, br',
  'referer' => 'http://localhost/pic/test/song.html',
  'content-type' => 'application/x-www-form-urlencoded; charset=UTF-8',
  'user-agent' => 'Mozilla/5.0 (Windows NT 10.0; WOW64) AppleWebKit/537.36 (KHTML, like Gecko) Chrome/56.0.2924.87 Safari/537.36',
  'x-requested-with' => 'XMLHttpRequest',
  'origin' => 'http://localhost',
  'accept' => 'application/json, text/javascript, */*; q=0.01',
  'cache-control' => 'no-cache',
  'pragma' => 'no-cache',
  'content-length' => '34',
  'connection' => 'keep-alive',
  'host' => 'localhost',
)
[ info ] [ PARAM ] array (
  'pid' => 'kkk',
  'laiyuan' => 'null',
  'biaoti' => '1',
  'zl' => '1',
)
[ info ] [ RUN ] app\port\controller\Hkinfo->ItHk[ D:\rar\phpstudy\WWW\medias\application\port\controller\Hkinfo.php ]
[ info ] [ DB ] INIT mysql
[ info ] [ LOG ] INIT File

---------------------------------------------------------------
[ 2017-04-13T15:41:40+08:00 ] 127.0.0.1 127.0.0.1 POST /medias/public/index.php/port/Hkinfo/ItHk
[ log ] localhost/medias/public/index.php/port/Hkinfo/ItHk [运行时间：0.018311s][吞吐率：54.61req/s] [内存消耗：1,396.77kb] [文件加载：35]
[ info ] [ LANG ] D:\rar\phpstudy\WWW\medias\thinkphp\lang\zh-cn.php
[ info ] [ ROUTE ] array (
  'type' => 'module',
  'module' => 
  array (
    0 => 'port',
    1 => 'Hkinfo',
    2 => 'ItHk',
  ),
)
[ info ] [ HEADER ] array (
  'cookie' => 'Hm_lvt_f7837cdb3a52632e3ab0c97029d9c19d=1490265823; Hm_lvt_0f9c7b195f0b86ba1118656d4a142474=1490606547; Hm_lvt_7e1b991d14eb5047e1f521cd606b8f00=1491791584,1492065109; Hm_lpvt_7e1b991d14eb5047e1f521cd606b8f00=1492065109',
  'accept-language' => 'zh-CN,zh;q=0.8',
  'accept-encoding' => 'gzip, deflate, br',
  'referer' => 'http://localhost/pic/test/song.html',
  'content-type' => 'application/x-www-form-urlencoded; charset=UTF-8',
  'user-agent' => 'Mozilla/5.0 (Windows NT 10.0; WOW64) AppleWebKit/537.36 (KHTML, like Gecko) Chrome/56.0.2924.87 Safari/537.36',
  'x-requested-with' => 'XMLHttpRequest',
  'origin' => 'http://localhost',
  'accept' => 'application/json, text/javascript, */*; q=0.01',
  'cache-control' => 'no-cache',
  'pragma' => 'no-cache',
  'content-length' => '34',
  'connection' => 'keep-alive',
  'host' => 'localhost',
)
[ info ] [ PARAM ] array (
  'pid' => 'kkk',
  'laiyuan' => 'null',
  'biaoti' => '1',
  'zl' => '1',
)
[ info ] [ RUN ] app\port\controller\Hkinfo->ItHk[ D:\rar\phpstudy\WWW\medias\application\port\controller\Hkinfo.php ]
[ info ] [ DB ] INIT mysql
[ info ] [ LOG ] INIT File

---------------------------------------------------------------
[ 2017-04-13T15:42:00+08:00 ] 127.0.0.1 127.0.0.1 POST /medias/public/index.php/port/Hkinfo/ItHk
[ log ] localhost/medias/public/index.php/port/Hkinfo/ItHk [运行时间：0.019301s][吞吐率：51.81req/s] [内存消耗：1,396.77kb] [文件加载：35]
[ info ] [ LANG ] D:\rar\phpstudy\WWW\medias\thinkphp\lang\zh-cn.php
[ info ] [ ROUTE ] array (
  'type' => 'module',
  'module' => 
  array (
    0 => 'port',
    1 => 'Hkinfo',
    2 => 'ItHk',
  ),
)
[ info ] [ HEADER ] array (
  'cookie' => 'Hm_lvt_f7837cdb3a52632e3ab0c97029d9c19d=1490265823; Hm_lvt_0f9c7b195f0b86ba1118656d4a142474=1490606547; Hm_lvt_7e1b991d14eb5047e1f521cd606b8f00=1491791584,1492065109; Hm_lpvt_7e1b991d14eb5047e1f521cd606b8f00=1492065109',
  'accept-language' => 'zh-CN,zh;q=0.8',
  'accept-encoding' => 'gzip, deflate, br',
  'referer' => 'http://localhost/pic/test/song.html',
  'content-type' => 'application/x-www-form-urlencoded; charset=UTF-8',
  'user-agent' => 'Mozilla/5.0 (Windows NT 10.0; WOW64) AppleWebKit/537.36 (KHTML, like Gecko) Chrome/56.0.2924.87 Safari/537.36',
  'x-requested-with' => 'XMLHttpRequest',
  'origin' => 'http://localhost',
  'accept' => 'application/json, text/javascript, */*; q=0.01',
  'cache-control' => 'no-cache',
  'pragma' => 'no-cache',
  'content-length' => '34',
  'connection' => 'keep-alive',
  'host' => 'localhost',
)
[ info ] [ PARAM ] array (
  'pid' => 'kkk',
  'laiyuan' => 'null',
  'biaoti' => '1',
  'zl' => '1',
)
[ info ] [ RUN ] app\port\controller\Hkinfo->ItHk[ D:\rar\phpstudy\WWW\medias\application\port\controller\Hkinfo.php ]
[ info ] [ DB ] INIT mysql
[ info ] [ LOG ] INIT File

---------------------------------------------------------------
[ 2017-04-13T15:42:17+08:00 ] 127.0.0.1 127.0.0.1 POST /medias/public/index.php/port/Hkinfo/ItHk
[ log ] localhost/medias/public/index.php/port/Hkinfo/ItHk [运行时间：0.017705s][吞吐率：56.48req/s] [内存消耗：1,396.77kb] [文件加载：35]
[ info ] [ LANG ] D:\rar\phpstudy\WWW\medias\thinkphp\lang\zh-cn.php
[ info ] [ ROUTE ] array (
  'type' => 'module',
  'module' => 
  array (
    0 => 'port',
    1 => 'Hkinfo',
    2 => 'ItHk',
  ),
)
[ info ] [ HEADER ] array (
  'cookie' => 'Hm_lvt_f7837cdb3a52632e3ab0c97029d9c19d=1490265823; Hm_lvt_0f9c7b195f0b86ba1118656d4a142474=1490606547; Hm_lvt_7e1b991d14eb5047e1f521cd606b8f00=1491791584,1492065109; Hm_lpvt_7e1b991d14eb5047e1f521cd606b8f00=1492065109',
  'accept-language' => 'zh-CN,zh;q=0.8',
  'accept-encoding' => 'gzip, deflate, br',
  'referer' => 'http://localhost/pic/test/song.html',
  'content-type' => 'application/x-www-form-urlencoded; charset=UTF-8',
  'user-agent' => 'Mozilla/5.0 (Windows NT 10.0; WOW64) AppleWebKit/537.36 (KHTML, like Gecko) Chrome/56.0.2924.87 Safari/537.36',
  'x-requested-with' => 'XMLHttpRequest',
  'origin' => 'http://localhost',
  'accept' => 'application/json, text/javascript, */*; q=0.01',
  'cache-control' => 'no-cache',
  'pragma' => 'no-cache',
  'content-length' => '34',
  'connection' => 'keep-alive',
  'host' => 'localhost',
)
[ info ] [ PARAM ] array (
  'pid' => 'kkk',
  'laiyuan' => 'null',
  'biaoti' => '1',
  'zl' => '1',
)
[ info ] [ RUN ] app\port\controller\Hkinfo->ItHk[ D:\rar\phpstudy\WWW\medias\application\port\controller\Hkinfo.php ]
[ info ] [ DB ] INIT mysql
[ info ] [ LOG ] INIT File

---------------------------------------------------------------
[ 2017-04-13T15:43:23+08:00 ] 127.0.0.1 127.0.0.1 POST /medias/public/index.php/port/Hkinfo/ItHk
[ log ] localhost/medias/public/index.php/port/Hkinfo/ItHk [运行时间：0.015272s][吞吐率：65.48req/s] [内存消耗：1,396.77kb] [文件加载：35]
[ info ] [ LANG ] D:\rar\phpstudy\WWW\medias\thinkphp\lang\zh-cn.php
[ info ] [ ROUTE ] array (
  'type' => 'module',
  'module' => 
  array (
    0 => 'port',
    1 => 'Hkinfo',
    2 => 'ItHk',
  ),
)
[ info ] [ HEADER ] array (
  'cookie' => 'Hm_lvt_f7837cdb3a52632e3ab0c97029d9c19d=1490265823; Hm_lvt_0f9c7b195f0b86ba1118656d4a142474=1490606547; Hm_lvt_7e1b991d14eb5047e1f521cd606b8f00=1491791584,1492065109; Hm_lpvt_7e1b991d14eb5047e1f521cd606b8f00=1492065109',
  'accept-language' => 'zh-CN,zh;q=0.8',
  'accept-encoding' => 'gzip, deflate, br',
  'referer' => 'http://localhost/pic/test/song.html',
  'content-type' => 'application/x-www-form-urlencoded; charset=UTF-8',
  'user-agent' => 'Mozilla/5.0 (Windows NT 10.0; WOW64) AppleWebKit/537.36 (KHTML, like Gecko) Chrome/56.0.2924.87 Safari/537.36',
  'x-requested-with' => 'XMLHttpRequest',
  'origin' => 'http://localhost',
  'accept' => 'application/json, text/javascript, */*; q=0.01',
  'cache-control' => 'no-cache',
  'pragma' => 'no-cache',
  'content-length' => '34',
  'connection' => 'keep-alive',
  'host' => 'localhost',
)
[ info ] [ PARAM ] array (
  'pid' => 'kkk',
  'laiyuan' => 'null',
  'biaoti' => '1',
  'zl' => '1',
)
[ info ] [ RUN ] app\port\controller\Hkinfo->ItHk[ D:\rar\phpstudy\WWW\medias\application\port\controller\Hkinfo.php ]
[ info ] [ DB ] INIT mysql
[ info ] [ LOG ] INIT File

---------------------------------------------------------------
[ 2017-04-13T15:50:02+08:00 ] 127.0.0.1 127.0.0.1 POST /medias/public/index.php/port/Hkinfo/ItHk
[ log ] localhost/medias/public/index.php/port/Hkinfo/ItHk [运行时间：0.021571s][吞吐率：46.36req/s] [内存消耗：1,397.10kb] [文件加载：35]
[ info ] [ LANG ] D:\rar\phpstudy\WWW\medias\thinkphp\lang\zh-cn.php
[ info ] [ ROUTE ] array (
  'type' => 'module',
  'module' => 
  array (
    0 => 'port',
    1 => 'Hkinfo',
    2 => 'ItHk',
  ),
)
[ info ] [ HEADER ] array (
  'cookie' => 'Hm_lvt_f7837cdb3a52632e3ab0c97029d9c19d=1490265823; Hm_lvt_0f9c7b195f0b86ba1118656d4a142474=1490606547; Hm_lvt_7e1b991d14eb5047e1f521cd606b8f00=1491791584,1492065109; Hm_lpvt_7e1b991d14eb5047e1f521cd606b8f00=1492065109',
  'accept-language' => 'zh-CN,zh;q=0.8',
  'accept-encoding' => 'gzip, deflate, br',
  'referer' => 'http://localhost/pic/test/song.html',
  'content-type' => 'application/x-www-form-urlencoded; charset=UTF-8',
  'user-agent' => 'Mozilla/5.0 (Windows NT 10.0; WOW64) AppleWebKit/537.36 (KHTML, like Gecko) Chrome/56.0.2924.87 Safari/537.36',
  'x-requested-with' => 'XMLHttpRequest',
  'origin' => 'http://localhost',
  'accept' => 'application/json, text/javascript, */*; q=0.01',
  'cache-control' => 'no-cache',
  'pragma' => 'no-cache',
  'content-length' => '34',
  'connection' => 'keep-alive',
  'host' => 'localhost',
)
[ info ] [ PARAM ] array (
  'pid' => 'kkk',
  'laiyuan' => 'null',
  'biaoti' => '1',
  'zl' => '1',
)
[ info ] [ RUN ] app\port\controller\Hkinfo->ItHk[ D:\rar\phpstudy\WWW\medias\application\port\controller\Hkinfo.php ]
[ info ] [ DB ] INIT mysql
[ info ] [ LOG ] INIT File

---------------------------------------------------------------
[ 2017-04-13T17:23:19+08:00 ] 127.0.0.1 127.0.0.1 POST /medias/public/index.php/port/Hkinfo/ItHk
[ log ] localhost/medias/public/index.php/port/Hkinfo/ItHk [运行时间：0.018440s][吞吐率：54.23req/s] [内存消耗：990.32kb] [文件加载：35]
[ info ] [ LANG ] D:\rar\phpstudy\WWW\medias\thinkphp\lang\zh-cn.php
[ info ] [ ROUTE ] array (
  'type' => 'module',
  'module' => 
  array (
    0 => 'port',
    1 => 'Hkinfo',
    2 => 'ItHk',
  ),
)
[ info ] [ HEADER ] array (
  'cookie' => 'Hm_lvt_f7837cdb3a52632e3ab0c97029d9c19d=1490265823; Hm_lvt_0f9c7b195f0b86ba1118656d4a142474=1490606547; Hm_lvt_7e1b991d14eb5047e1f521cd606b8f00=1491791584,1492065109; Hm_lpvt_7e1b991d14eb5047e1f521cd606b8f00=1492065109',
  'accept-language' => 'zh-CN,zh;q=0.8',
  'accept-encoding' => 'gzip, deflate, br',
  'referer' => 'http://localhost/pic/test/song.html',
  'content-type' => 'application/x-www-form-urlencoded; charset=UTF-8',
  'user-agent' => 'Mozilla/5.0 (Windows NT 10.0; WOW64) AppleWebKit/537.36 (KHTML, like Gecko) Chrome/56.0.2924.87 Safari/537.36',
  'x-requested-with' => 'XMLHttpRequest',
  'origin' => 'http://localhost',
  'accept' => 'application/json, text/javascript, */*; q=0.01',
  'cache-control' => 'no-cache',
  'pragma' => 'no-cache',
  'content-length' => '34',
  'connection' => 'keep-alive',
  'host' => 'localhost',
)
[ info ] [ PARAM ] array (
  'pid' => 'kkk',
  'laiyuan' => 'null',
  'biaoti' => '1',
  'zl' => '1',
)
[ info ] [ RUN ] app\port\controller\Hkinfo->ItHk[ D:\rar\phpstudy\WWW\medias\application\port\controller\Hkinfo.php ]
[ info ] [ LOG ] INIT File
[ error ] [64]Cannot redeclare app\port\model\HkdataModel::IntHk()[D:\rar\phpstudy\WWW\medias\application\port\model\HkdataModel.php:25]

---------------------------------------------------------------
[ 2017-04-13T17:23:46+08:00 ] 127.0.0.1 127.0.0.1 POST /medias/public/index.php/port/Hkinfo/ItHk
[ log ] localhost/medias/public/index.php/port/Hkinfo/ItHk [运行时间：0.019525s][吞吐率：51.22req/s] [内存消耗：990.32kb] [文件加载：35]
[ info ] [ LANG ] D:\rar\phpstudy\WWW\medias\thinkphp\lang\zh-cn.php
[ info ] [ ROUTE ] array (
  'type' => 'module',
  'module' => 
  array (
    0 => 'port',
    1 => 'Hkinfo',
    2 => 'ItHk',
  ),
)
[ info ] [ HEADER ] array (
  'cookie' => 'Hm_lvt_f7837cdb3a52632e3ab0c97029d9c19d=1490265823; Hm_lvt_0f9c7b195f0b86ba1118656d4a142474=1490606547; Hm_lvt_7e1b991d14eb5047e1f521cd606b8f00=1491791584,1492065109; Hm_lpvt_7e1b991d14eb5047e1f521cd606b8f00=1492065109',
  'accept-language' => 'zh-CN,zh;q=0.8',
  'accept-encoding' => 'gzip, deflate, br',
  'referer' => 'http://localhost/pic/test/song.html',
  'content-type' => 'application/x-www-form-urlencoded; charset=UTF-8',
  'user-agent' => 'Mozilla/5.0 (Windows NT 10.0; WOW64) AppleWebKit/537.36 (KHTML, like Gecko) Chrome/56.0.2924.87 Safari/537.36',
  'x-requested-with' => 'XMLHttpRequest',
  'origin' => 'http://localhost',
  'accept' => 'application/json, text/javascript, */*; q=0.01',
  'cache-control' => 'no-cache',
  'pragma' => 'no-cache',
  'content-length' => '34',
  'connection' => 'keep-alive',
  'host' => 'localhost',
)
[ info ] [ PARAM ] array (
  'pid' => 'kkk',
  'laiyuan' => 'null',
  'biaoti' => '1',
  'zl' => '1',
)
[ info ] [ RUN ] app\port\controller\Hkinfo->ItHk[ D:\rar\phpstudy\WWW\medias\application\port\controller\Hkinfo.php ]
[ info ] [ LOG ] INIT File
[ error ] [64]Cannot redeclare app\port\model\HkdataModel::IntHk()[D:\rar\phpstudy\WWW\medias\application\port\model\HkdataModel.php:25]

---------------------------------------------------------------
[ 2017-04-13T17:24:00+08:00 ] 127.0.0.1 127.0.0.1 POST /medias/public/index.php/port/Hkinfo/ItHk
[ log ] localhost/medias/public/index.php/port/Hkinfo/ItHk [运行时间：0.014210s][吞吐率：70.37req/s] [内存消耗：990.32kb] [文件加载：35]
[ info ] [ LANG ] D:\rar\phpstudy\WWW\medias\thinkphp\lang\zh-cn.php
[ info ] [ ROUTE ] array (
  'type' => 'module',
  'module' => 
  array (
    0 => 'port',
    1 => 'Hkinfo',
    2 => 'ItHk',
  ),
)
[ info ] [ HEADER ] array (
  'cookie' => 'Hm_lvt_f7837cdb3a52632e3ab0c97029d9c19d=1490265823; Hm_lvt_0f9c7b195f0b86ba1118656d4a142474=1490606547; Hm_lvt_7e1b991d14eb5047e1f521cd606b8f00=1491791584,1492065109; Hm_lpvt_7e1b991d14eb5047e1f521cd606b8f00=1492065109',
  'accept-language' => 'zh-CN,zh;q=0.8',
  'accept-encoding' => 'gzip, deflate, br',
  'referer' => 'http://localhost/pic/test/song.html',
  'content-type' => 'application/x-www-form-urlencoded; charset=UTF-8',
  'user-agent' => 'Mozilla/5.0 (Windows NT 10.0; WOW64) AppleWebKit/537.36 (KHTML, like Gecko) Chrome/56.0.2924.87 Safari/537.36',
  'x-requested-with' => 'XMLHttpRequest',
  'origin' => 'http://localhost',
  'accept' => 'application/json, text/javascript, */*; q=0.01',
  'cache-control' => 'no-cache',
  'pragma' => 'no-cache',
  'content-length' => '34',
  'connection' => 'keep-alive',
  'host' => 'localhost',
)
[ info ] [ PARAM ] array (
  'pid' => 'kkk',
  'laiyuan' => 'null',
  'biaoti' => '1',
  'zl' => '1',
)
[ info ] [ RUN ] app\port\controller\Hkinfo->ItHk[ D:\rar\phpstudy\WWW\medias\application\port\controller\Hkinfo.php ]
[ info ] [ LOG ] INIT File
[ error ] [64]Cannot redeclare app\port\model\HkdataModel::IntHk()[D:\rar\phpstudy\WWW\medias\application\port\model\HkdataModel.php:25]

---------------------------------------------------------------
[ 2017-04-13T17:33:48+08:00 ] 127.0.0.1 127.0.0.1 POST /medias/public/index.php/port/Hkinfo/ItHk
[ log ] localhost/medias/public/index.php/port/Hkinfo/ItHk [运行时间：0.021991s][吞吐率：45.47req/s] [内存消耗：990.32kb] [文件加载：35]
[ info ] [ LANG ] D:\rar\phpstudy\WWW\medias\thinkphp\lang\zh-cn.php
[ info ] [ ROUTE ] array (
  'type' => 'module',
  'module' => 
  array (
    0 => 'port',
    1 => 'Hkinfo',
    2 => 'ItHk',
  ),
)
[ info ] [ HEADER ] array (
  'cookie' => 'Hm_lvt_f7837cdb3a52632e3ab0c97029d9c19d=1490265823; Hm_lvt_0f9c7b195f0b86ba1118656d4a142474=1490606547; Hm_lvt_7e1b991d14eb5047e1f521cd606b8f00=1491791584,1492065109; Hm_lpvt_7e1b991d14eb5047e1f521cd606b8f00=1492065109',
  'accept-language' => 'zh-CN,zh;q=0.8',
  'accept-encoding' => 'gzip, deflate, br',
  'referer' => 'http://localhost/pic/test/song.html',
  'content-type' => 'application/x-www-form-urlencoded; charset=UTF-8',
  'user-agent' => 'Mozilla/5.0 (Windows NT 10.0; WOW64) AppleWebKit/537.36 (KHTML, like Gecko) Chrome/56.0.2924.87 Safari/537.36',
  'x-requested-with' => 'XMLHttpRequest',
  'origin' => 'http://localhost',
  'accept' => 'application/json, text/javascript, */*; q=0.01',
  'cache-control' => 'no-cache',
  'pragma' => 'no-cache',
  'content-length' => '34',
  'connection' => 'keep-alive',
  'host' => 'localhost',
)
[ info ] [ PARAM ] array (
  'pid' => 'kkk',
  'laiyuan' => 'null',
  'biaoti' => '1',
  'zl' => '1',
)
[ info ] [ RUN ] app\port\controller\Hkinfo->ItHk[ D:\rar\phpstudy\WWW\medias\application\port\controller\Hkinfo.php ]
[ info ] [ LOG ] INIT File
[ error ] [64]Cannot redeclare app\port\model\HkdataModel::IntHk()[D:\rar\phpstudy\WWW\medias\application\port\model\HkdataModel.php:25]

---------------------------------------------------------------
[ 2017-04-13T17:34:27+08:00 ] 127.0.0.1 127.0.0.1 POST /medias/public/index.php/port/Hkinfo/ItHk
[ log ] localhost/medias/public/index.php/port/Hkinfo/ItHk [运行时间：0.019847s][吞吐率：50.39req/s] [内存消耗：990.32kb] [文件加载：35]
[ info ] [ LANG ] D:\rar\phpstudy\WWW\medias\thinkphp\lang\zh-cn.php
[ info ] [ ROUTE ] array (
  'type' => 'module',
  'module' => 
  array (
    0 => 'port',
    1 => 'Hkinfo',
    2 => 'ItHk',
  ),
)
[ info ] [ HEADER ] array (
  'cookie' => 'Hm_lvt_f7837cdb3a52632e3ab0c97029d9c19d=1490265823; Hm_lvt_0f9c7b195f0b86ba1118656d4a142474=1490606547; Hm_lvt_7e1b991d14eb5047e1f521cd606b8f00=1491791584,1492065109; Hm_lpvt_7e1b991d14eb5047e1f521cd606b8f00=1492065109',
  'accept-language' => 'zh-CN,zh;q=0.8',
  'accept-encoding' => 'gzip, deflate, br',
  'referer' => 'http://localhost/pic/test/song.html',
  'content-type' => 'application/x-www-form-urlencoded; charset=UTF-8',
  'user-agent' => 'Mozilla/5.0 (Windows NT 10.0; WOW64) AppleWebKit/537.36 (KHTML, like Gecko) Chrome/56.0.2924.87 Safari/537.36',
  'x-requested-with' => 'XMLHttpRequest',
  'origin' => 'http://localhost',
  'accept' => 'application/json, text/javascript, */*; q=0.01',
  'cache-control' => 'no-cache',
  'pragma' => 'no-cache',
  'content-length' => '34',
  'connection' => 'keep-alive',
  'host' => 'localhost',
)
[ info ] [ PARAM ] array (
  'pid' => 'kkk',
  'laiyuan' => 'null',
  'biaoti' => '1',
  'zl' => '1',
)
[ info ] [ RUN ] app\port\controller\Hkinfo->ItHk[ D:\rar\phpstudy\WWW\medias\application\port\controller\Hkinfo.php ]
[ info ] [ LOG ] INIT File
[ error ] [64]Cannot redeclare app\port\model\HkdataModel::IntHk()[D:\rar\phpstudy\WWW\medias\application\port\model\HkdataModel.php:25]

---------------------------------------------------------------
[ 2017-04-13T17:37:18+08:00 ] 127.0.0.1 127.0.0.1 POST /medias/public/index.php/port/Hkinfo/ItHk
[ log ] localhost/medias/public/index.php/port/Hkinfo/ItHk [运行时间：0.021475s][吞吐率：46.57req/s] [内存消耗：990.32kb] [文件加载：35]
[ info ] [ LANG ] D:\rar\phpstudy\WWW\medias\thinkphp\lang\zh-cn.php
[ info ] [ ROUTE ] array (
  'type' => 'module',
  'module' => 
  array (
    0 => 'port',
    1 => 'Hkinfo',
    2 => 'ItHk',
  ),
)
[ info ] [ HEADER ] array (
  'cookie' => 'Hm_lvt_f7837cdb3a52632e3ab0c97029d9c19d=1490265823; Hm_lvt_0f9c7b195f0b86ba1118656d4a142474=1490606547; Hm_lvt_7e1b991d14eb5047e1f521cd606b8f00=1491791584,1492065109; Hm_lpvt_7e1b991d14eb5047e1f521cd606b8f00=1492065109',
  'accept-language' => 'zh-CN,zh;q=0.8',
  'accept-encoding' => 'gzip, deflate, br',
  'referer' => 'http://localhost/pic/test/song.html',
  'content-type' => 'application/x-www-form-urlencoded; charset=UTF-8',
  'user-agent' => 'Mozilla/5.0 (Windows NT 10.0; WOW64) AppleWebKit/537.36 (KHTML, like Gecko) Chrome/56.0.2924.87 Safari/537.36',
  'x-requested-with' => 'XMLHttpRequest',
  'origin' => 'http://localhost',
  'accept' => 'application/json, text/javascript, */*; q=0.01',
  'cache-control' => 'no-cache',
  'pragma' => 'no-cache',
  'content-length' => '34',
  'connection' => 'keep-alive',
  'host' => 'localhost',
)
[ info ] [ PARAM ] array (
  'pid' => 'kkk',
  'laiyuan' => 'null',
  'biaoti' => '1',
  'zl' => '1',
)
[ info ] [ RUN ] app\port\controller\Hkinfo->ItHk[ D:\rar\phpstudy\WWW\medias\application\port\controller\Hkinfo.php ]
[ info ] [ LOG ] INIT File
[ error ] [64]Cannot redeclare app\port\model\HkdataModel::IntHk()[D:\rar\phpstudy\WWW\medias\application\port\model\HkdataModel.php:25]

---------------------------------------------------------------
[ 2017-04-13T17:40:32+08:00 ] 127.0.0.1 127.0.0.1 POST /medias/public/index.php/port/Hkinfo/ItHk
[ log ] localhost/medias/public/index.php/port/Hkinfo/ItHk [运行时间：0.022531s][吞吐率：44.38req/s] [内存消耗：990.32kb] [文件加载：35]
[ info ] [ LANG ] D:\rar\phpstudy\WWW\medias\thinkphp\lang\zh-cn.php
[ info ] [ ROUTE ] array (
  'type' => 'module',
  'module' => 
  array (
    0 => 'port',
    1 => 'Hkinfo',
    2 => 'ItHk',
  ),
)
[ info ] [ HEADER ] array (
  'cookie' => 'Hm_lvt_f7837cdb3a52632e3ab0c97029d9c19d=1490265823; Hm_lvt_0f9c7b195f0b86ba1118656d4a142474=1490606547; Hm_lvt_7e1b991d14eb5047e1f521cd606b8f00=1491791584,1492065109; Hm_lpvt_7e1b991d14eb5047e1f521cd606b8f00=1492065109',
  'accept-language' => 'zh-CN,zh;q=0.8',
  'accept-encoding' => 'gzip, deflate, br',
  'referer' => 'http://localhost/pic/test/song.html',
  'content-type' => 'application/x-www-form-urlencoded; charset=UTF-8',
  'user-agent' => 'Mozilla/5.0 (Windows NT 10.0; WOW64) AppleWebKit/537.36 (KHTML, like Gecko) Chrome/56.0.2924.87 Safari/537.36',
  'x-requested-with' => 'XMLHttpRequest',
  'origin' => 'http://localhost',
  'accept' => 'application/json, text/javascript, */*; q=0.01',
  'cache-control' => 'no-cache',
  'pragma' => 'no-cache',
  'content-length' => '34',
  'connection' => 'keep-alive',
  'host' => 'localhost',
)
[ info ] [ PARAM ] array (
  'pid' => 'kkk',
  'laiyuan' => 'null',
  'biaoti' => '1',
  'zl' => '1',
)
[ info ] [ RUN ] app\port\controller\Hkinfo->ItHk[ D:\rar\phpstudy\WWW\medias\application\port\controller\Hkinfo.php ]
[ info ] [ LOG ] INIT File
[ error ] [64]Cannot redeclare app\port\model\HkdataModel::IntHk()[D:\rar\phpstudy\WWW\medias\application\port\model\HkdataModel.php:25]

---------------------------------------------------------------
[ 2017-04-13T17:53:07+08:00 ] 127.0.0.1 127.0.0.1 POST /medias/public/index.php/port/Hkinfo/ItHk
[ log ] localhost/medias/public/index.php/port/Hkinfo/ItHk [运行时间：0.022623s][吞吐率：44.20req/s] [内存消耗：990.30kb] [文件加载：35]
[ info ] [ LANG ] D:\rar\phpstudy\WWW\medias\thinkphp\lang\zh-cn.php
[ info ] [ ROUTE ] array (
  'type' => 'module',
  'module' => 
  array (
    0 => 'port',
    1 => 'Hkinfo',
    2 => 'ItHk',
  ),
)
[ info ] [ HEADER ] array (
  'cookie' => 'Hm_lvt_f7837cdb3a52632e3ab0c97029d9c19d=1490265823; Hm_lvt_0f9c7b195f0b86ba1118656d4a142474=1490606547; Hm_lvt_7e1b991d14eb5047e1f521cd606b8f00=1491791584,1492065109; Hm_lpvt_7e1b991d14eb5047e1f521cd606b8f00=1492065109',
  'accept-language' => 'zh-CN,zh;q=0.8',
  'accept-encoding' => 'gzip, deflate, br',
  'referer' => 'http://localhost/pic/test/song.html',
  'content-type' => 'application/x-www-form-urlencoded; charset=UTF-8',
  'user-agent' => 'Mozilla/5.0 (Windows NT 10.0; WOW64) AppleWebKit/537.36 (KHTML, like Gecko) Chrome/56.0.2924.87 Safari/537.36',
  'x-requested-with' => 'XMLHttpRequest',
  'origin' => 'http://localhost',
  'accept' => 'application/json, text/javascript, */*; q=0.01',
  'cache-control' => 'no-cache',
  'pragma' => 'no-cache',
  'content-length' => '34',
  'connection' => 'keep-alive',
  'host' => 'localhost',
)
[ info ] [ PARAM ] array (
  'pid' => 'kkk',
  'laiyuan' => 'null',
  'biaoti' => '1',
  'zl' => '1',
)
[ info ] [ RUN ] app\port\controller\Hkinfo->ItHk[ D:\rar\phpstudy\WWW\medias\application\port\controller\Hkinfo.php ]
[ info ] [ LOG ] INIT File
[ error ] [64]Cannot redeclare app\port\model\HkdataModel::IntHk()[D:\rar\phpstudy\WWW\medias\application\port\model\HkdataModel.php:25]

---------------------------------------------------------------
[ 2017-04-13T18:02:42+08:00 ] 127.0.0.1 127.0.0.1 POST /medias/public/index.php/port/Hkinfo/ItHk
[ log ] localhost/medias/public/index.php/port/Hkinfo/ItHk [运行时间：0.022769s][吞吐率：43.92req/s] [内存消耗：990.30kb] [文件加载：35]
[ info ] [ LANG ] D:\rar\phpstudy\WWW\medias\thinkphp\lang\zh-cn.php
[ info ] [ ROUTE ] array (
  'type' => 'module',
  'module' => 
  array (
    0 => 'port',
    1 => 'Hkinfo',
    2 => 'ItHk',
  ),
)
[ info ] [ HEADER ] array (
  'cookie' => 'Hm_lvt_f7837cdb3a52632e3ab0c97029d9c19d=1490265823; Hm_lvt_0f9c7b195f0b86ba1118656d4a142474=1490606547; Hm_lvt_7e1b991d14eb5047e1f521cd606b8f00=1491791584,1492065109; Hm_lpvt_7e1b991d14eb5047e1f521cd606b8f00=1492065109',
  'accept-language' => 'zh-CN,zh;q=0.8',
  'accept-encoding' => 'gzip, deflate, br',
  'referer' => 'http://localhost/pic/test/song.html',
  'content-type' => 'application/x-www-form-urlencoded; charset=UTF-8',
  'user-agent' => 'Mozilla/5.0 (Windows NT 10.0; WOW64) AppleWebKit/537.36 (KHTML, like Gecko) Chrome/56.0.2924.87 Safari/537.36',
  'x-requested-with' => 'XMLHttpRequest',
  'origin' => 'http://localhost',
  'accept' => 'application/json, text/javascript, */*; q=0.01',
  'cache-control' => 'no-cache',
  'pragma' => 'no-cache',
  'content-length' => '34',
  'connection' => 'keep-alive',
  'host' => 'localhost',
)
[ info ] [ PARAM ] array (
  'pid' => 'kkk',
  'laiyuan' => 'null',
  'biaoti' => '1',
  'zl' => '1',
)
[ info ] [ RUN ] app\port\controller\Hkinfo->ItHk[ D:\rar\phpstudy\WWW\medias\application\port\controller\Hkinfo.php ]
[ info ] [ LOG ] INIT File
[ error ] [64]Cannot redeclare app\port\model\HkdataModel::IntHk()[D:\rar\phpstudy\WWW\medias\application\port\model\HkdataModel.php:25]

---------------------------------------------------------------
[ 2017-04-13T18:03:23+08:00 ] 127.0.0.1 127.0.0.1 POST /medias/public/index.php/port/Hkinfo/ItHk
[ log ] localhost/medias/public/index.php/port/Hkinfo/ItHk [运行时间：0.020580s][吞吐率：48.59req/s] [内存消耗：990.30kb] [文件加载：35]
[ info ] [ LANG ] D:\rar\phpstudy\WWW\medias\thinkphp\lang\zh-cn.php
[ info ] [ ROUTE ] array (
  'type' => 'module',
  'module' => 
  array (
    0 => 'port',
    1 => 'Hkinfo',
    2 => 'ItHk',
  ),
)
[ info ] [ HEADER ] array (
  'cookie' => 'Hm_lvt_f7837cdb3a52632e3ab0c97029d9c19d=1490265823; Hm_lvt_0f9c7b195f0b86ba1118656d4a142474=1490606547; Hm_lvt_7e1b991d14eb5047e1f521cd606b8f00=1491791584,1492065109; Hm_lpvt_7e1b991d14eb5047e1f521cd606b8f00=1492065109',
  'accept-language' => 'zh-CN,zh;q=0.8',
  'accept-encoding' => 'gzip, deflate, br',
  'referer' => 'http://localhost/pic/test/song.html',
  'content-type' => 'application/x-www-form-urlencoded; charset=UTF-8',
  'user-agent' => 'Mozilla/5.0 (Windows NT 10.0; WOW64) AppleWebKit/537.36 (KHTML, like Gecko) Chrome/56.0.2924.87 Safari/537.36',
  'x-requested-with' => 'XMLHttpRequest',
  'origin' => 'http://localhost',
  'accept' => 'application/json, text/javascript, */*; q=0.01',
  'cache-control' => 'no-cache',
  'pragma' => 'no-cache',
  'content-length' => '34',
  'connection' => 'keep-alive',
  'host' => 'localhost',
)
[ info ] [ PARAM ] array (
  'pid' => 'kkk',
  'laiyuan' => 'null',
  'biaoti' => '1',
  'zl' => '1',
)
[ info ] [ RUN ] app\port\controller\Hkinfo->ItHk[ D:\rar\phpstudy\WWW\medias\application\port\controller\Hkinfo.php ]
[ info ] [ LOG ] INIT File
[ error ] [64]Cannot redeclare app\port\model\HkdataModel::IntHk()[D:\rar\phpstudy\WWW\medias\application\port\model\HkdataModel.php:25]

---------------------------------------------------------------
[ 2017-04-13T18:03:33+08:00 ] 127.0.0.1 127.0.0.1 POST /medias/public/index.php/port/Hkinfo/ItHk
[ log ] localhost/medias/public/index.php/port/Hkinfo/ItHk [运行时间：0.018982s][吞吐率：52.68req/s] [内存消耗：990.30kb] [文件加载：35]
[ info ] [ LANG ] D:\rar\phpstudy\WWW\medias\thinkphp\lang\zh-cn.php
[ info ] [ ROUTE ] array (
  'type' => 'module',
  'module' => 
  array (
    0 => 'port',
    1 => 'Hkinfo',
    2 => 'ItHk',
  ),
)
[ info ] [ HEADER ] array (
  'cookie' => 'Hm_lvt_f7837cdb3a52632e3ab0c97029d9c19d=1490265823; Hm_lvt_0f9c7b195f0b86ba1118656d4a142474=1490606547; Hm_lvt_7e1b991d14eb5047e1f521cd606b8f00=1491791584,1492065109; Hm_lpvt_7e1b991d14eb5047e1f521cd606b8f00=1492065109',
  'accept-language' => 'zh-CN,zh;q=0.8',
  'accept-encoding' => 'gzip, deflate, br',
  'referer' => 'http://localhost/pic/test/song.html',
  'content-type' => 'application/x-www-form-urlencoded; charset=UTF-8',
  'user-agent' => 'Mozilla/5.0 (Windows NT 10.0; WOW64) AppleWebKit/537.36 (KHTML, like Gecko) Chrome/56.0.2924.87 Safari/537.36',
  'x-requested-with' => 'XMLHttpRequest',
  'origin' => 'http://localhost',
  'accept' => 'application/json, text/javascript, */*; q=0.01',
  'cache-control' => 'no-cache',
  'pragma' => 'no-cache',
  'content-length' => '34',
  'connection' => 'keep-alive',
  'host' => 'localhost',
)
[ info ] [ PARAM ] array (
  'pid' => 'kkk',
  'laiyuan' => 'null',
  'biaoti' => '1',
  'zl' => '1',
)
[ info ] [ RUN ] app\port\controller\Hkinfo->ItHk[ D:\rar\phpstudy\WWW\medias\application\port\controller\Hkinfo.php ]
[ info ] [ LOG ] INIT File
[ error ] [64]Cannot redeclare app\port\model\HkdataModel::IntHk()[D:\rar\phpstudy\WWW\medias\application\port\model\HkdataModel.php:25]

---------------------------------------------------------------
