[ 2017-04-25T10:46:36+08:00 ] 127.0.0.1 127.0.0.1 GET /medias/public/index.php
[ log ] localhost/medias/public/index.php [运行时间：0.037035s][吞吐率：27.00req/s] [内存消耗：1,024.63kb] [文件加载：36]
[ info ] [ LANG ] D:\rar\phpstudy\WWW\medias\thinkphp\lang\zh-cn.php
[ info ] [ ROUTE ] array (
  'type' => 'module',
  'module' => 
  array (
    0 => '',
    1 => NULL,
    2 => NULL,
  ),
)
[ info ] [ HEADER ] array (
  'cookie' => 'Hm_lvt_f7837cdb3a52632e3ab0c97029d9c19d=1490265823; Hm_lvt_0f9c7b195f0b86ba1118656d4a142474=1490606547; Hm_lvt_7e1b991d14eb5047e1f521cd606b8f00=1491791584,1492065109',
  'accept-language' => 'zh-CN,zh;q=0.8',
  'accept-encoding' => 'gzip, deflate, sdch, br',
  'accept' => 'text/html,application/xhtml+xml,application/xml;q=0.9,image/webp,*/*;q=0.8',
  'user-agent' => 'Mozilla/5.0 (Windows NT 10.0; WOW64) AppleWebKit/537.36 (KHTML, like Gecko) Chrome/56.0.2924.87 Safari/537.36',
  'upgrade-insecure-requests' => '1',
  'connection' => 'keep-alive',
  'host' => 'localhost',
  'content-length' => '',
  'content-type' => '',
)
[ info ] [ PARAM ] array (
)
[ info ] [ SESSION ] INIT array (
  'id' => '',
  'var_session_id' => '',
  'prefix' => 'think',
  'type' => '',
  'auto_start' => true,
)
[ info ] [ LOG ] INIT File

---------------------------------------------------------------
[ 2017-04-25T10:46:36+08:00 ] 127.0.0.1 127.0.0.1 GET /medias/public/index.php/admin/login/index.html
[ log ] localhost/medias/public/index.php/admin/login/index.html [运行时间：0.038590s][吞吐率：25.91req/s] [内存消耗：1,130.89kb] [文件加载：36]
[ info ] [ LANG ] D:\rar\phpstudy\WWW\medias\thinkphp\lang\zh-cn.php
[ info ] [ ROUTE ] array (
  'type' => 'module',
  'module' => 
  array (
    0 => 'admin',
    1 => 'login',
    2 => 'index',
  ),
)
[ info ] [ HEADER ] array (
  'cookie' => 'Hm_lvt_f7837cdb3a52632e3ab0c97029d9c19d=1490265823; Hm_lvt_0f9c7b195f0b86ba1118656d4a142474=1490606547; Hm_lvt_7e1b991d14eb5047e1f521cd606b8f00=1491791584,1492065109; PHPSESSID=463rh0bmf7kvpqjgrfdobcjk77',
  'accept-language' => 'zh-CN,zh;q=0.8',
  'accept-encoding' => 'gzip, deflate, sdch, br',
  'accept' => 'text/html,application/xhtml+xml,application/xml;q=0.9,image/webp,*/*;q=0.8',
  'user-agent' => 'Mozilla/5.0 (Windows NT 10.0; WOW64) AppleWebKit/537.36 (KHTML, like Gecko) Chrome/56.0.2924.87 Safari/537.36',
  'upgrade-insecure-requests' => '1',
  'connection' => 'keep-alive',
  'host' => 'localhost',
  'content-length' => '',
  'content-type' => '',
)
[ info ] [ PARAM ] array (
)
[ info ] [ RUN ] app\admin\controller\Login->index[ D:\rar\phpstudy\WWW\medias\application\admin\controller\Login.php ]
[ info ] [ VIEW ] D:\rar\phpstudy\WWW\medias\public/../application/admin\view\login\login.html [ array (
) ]
[ info ] [ LOG ] INIT File

---------------------------------------------------------------
[ 2017-04-25T10:46:37+08:00 ] 127.0.0.1 127.0.0.1 POST /medias/public/index.php/admin/login/login.html
[ log ] localhost/medias/public/index.php/admin/login/login.html [运行时间：0.205481s][吞吐率：4.87req/s] [内存消耗：1,693.70kb] [文件加载：41]
[ info ] [ LANG ] D:\rar\phpstudy\WWW\medias\thinkphp\lang\zh-cn.php
[ info ] [ ROUTE ] array (
  'type' => 'module',
  'module' => 
  array (
    0 => 'admin',
    1 => 'login',
    2 => 'login',
  ),
)
[ info ] [ HEADER ] array (
  'cookie' => 'Hm_lvt_f7837cdb3a52632e3ab0c97029d9c19d=1490265823; Hm_lvt_0f9c7b195f0b86ba1118656d4a142474=1490606547; Hm_lvt_7e1b991d14eb5047e1f521cd606b8f00=1491791584,1492065109; PHPSESSID=463rh0bmf7kvpqjgrfdobcjk77',
  'accept-language' => 'zh-CN,zh;q=0.8',
  'accept-encoding' => 'gzip, deflate, br',
  'referer' => 'http://localhost/medias/public/index.php/admin/login/index.html',
  'content-type' => 'application/x-www-form-urlencoded; charset=UTF-8',
  'user-agent' => 'Mozilla/5.0 (Windows NT 10.0; WOW64) AppleWebKit/537.36 (KHTML, like Gecko) Chrome/56.0.2924.87 Safari/537.36',
  'x-requested-with' => 'XMLHttpRequest',
  'origin' => 'http://localhost',
  'accept' => 'application/json, text/javascript, */*; q=0.01',
  'content-length' => '30',
  'connection' => 'keep-alive',
  'host' => 'localhost',
)
[ info ] [ PARAM ] array (
  'username' => 'admin',
  'password' => '555666',
)
[ info ] [ RUN ] app\admin\controller\Login->login[ D:\rar\phpstudy\WWW\medias\application\admin\controller\Login.php ]
[ info ] [ DB ] INIT mysql
[ info ] [ SESSION ] INIT array (
  'id' => '',
  'var_session_id' => '',
  'prefix' => 'think',
  'type' => '',
  'auto_start' => true,
)
[ info ] [ DB ] INIT mysql
[ info ] [ LOG ] INIT File
[ sql ] [ DB ] CONNECT:[ UseTime:0.001624s ] mysql:dbname=media;host=127.0.0.1;port=3306;charset=utf8
[ sql ] [ SQL ] SHOW COLUMNS FROM `zt_admin` [ RunTime:0.084903s ]
[ sql ] [ SQL ] SELECT * FROM `zt_admin` WHERE  `username` = 'admin' LIMIT 1    [ RunTime:0.000498s ]
[ sql ] [ SQL ] SHOW COLUMNS FROM `zt_auth_group` [ RunTime:0.020495s ]
[ sql ] [ SQL ] SELECT * FROM `zt_auth_group` WHERE  `id` = 1 LIMIT 1    [ RunTime:0.000509s ]
[ sql ] [ SQL ] SHOW COLUMNS FROM `zt_auth_rule` [ RunTime:0.014978s ]
[ sql ] [ SQL ] SELECT `name` FROM `zt_auth_rule`  [ RunTime:0.000455s ]
[ sql ] [ SQL ] UPDATE `zt_admin`  SET `loginnum`=202,`last_login_ip`='127.0.0.1',`last_login_time`=1493088397  WHERE  `user_id` = 1       [ RunTime:0.000376s ]
[ sql ] [ DB ] CONNECT:[ UseTime:0.001008s ] mysql:dbname=media;host=127.0.0.1;port=3306;charset=utf8
[ sql ] [ SQL ] SHOW COLUMNS FROM `zt_log` [ RunTime:0.017861s ]
[ sql ] [ SQL ] INSERT INTO `zt_log` (`admin_id` , `admin_name` , `description` , `status` , `ip` , `add_time`) VALUES (1 , 'admin' , '用户【admin】登录成功' , 1 , '127.0.0.1' , 1493088397)        [ RunTime:0.000599s ]

---------------------------------------------------------------
[ 2017-04-25T10:46:37+08:00 ] 127.0.0.1 127.0.0.1 POST /medias/public/index.php/admin/login/loginsong.html
[ log ] localhost/medias/public/index.php/admin/login/loginsong.html [运行时间：0.063052s][吞吐率：15.86req/s] [内存消耗：1,732.63kb] [文件加载：44]
[ info ] [ LANG ] D:\rar\phpstudy\WWW\medias\thinkphp\lang\zh-cn.php
[ info ] [ ROUTE ] array (
  'type' => 'module',
  'module' => 
  array (
    0 => 'admin',
    1 => 'login',
    2 => 'loginsong',
  ),
)
[ info ] [ HEADER ] array (
  'cookie' => 'Hm_lvt_f7837cdb3a52632e3ab0c97029d9c19d=1490265823; Hm_lvt_0f9c7b195f0b86ba1118656d4a142474=1490606547; Hm_lvt_7e1b991d14eb5047e1f521cd606b8f00=1491791584,1492065109; PHPSESSID=463rh0bmf7kvpqjgrfdobcjk77',
  'accept-language' => 'zh-CN,zh;q=0.8',
  'accept-encoding' => 'gzip, deflate, br',
  'referer' => 'http://localhost/medias/public/index.php/admin/login/index.html',
  'accept' => 'text/html,application/xhtml+xml,application/xml;q=0.9,image/webp,*/*;q=0.8',
  'content-type' => 'application/x-www-form-urlencoded',
  'user-agent' => 'Mozilla/5.0 (Windows NT 10.0; WOW64) AppleWebKit/537.36 (KHTML, like Gecko) Chrome/56.0.2924.87 Safari/537.36',
  'upgrade-insecure-requests' => '1',
  'origin' => 'http://localhost',
  'cache-control' => 'max-age=0',
  'content-length' => '30',
  'connection' => 'keep-alive',
  'host' => 'localhost',
)
[ info ] [ PARAM ] array (
  'username' => 'admin',
  'password' => '555666',
)
[ info ] [ RUN ] app\admin\controller\Login->loginsong[ D:\rar\phpstudy\WWW\medias\application\admin\controller\Login.php ]
[ info ] [ DB ] INIT mysql
[ info ] [ SESSION ] INIT array (
  'id' => '',
  'var_session_id' => '',
  'prefix' => 'think',
  'type' => '',
  'auto_start' => true,
)
[ info ] [ DB ] INIT mysql
[ info ] [ LOG ] INIT File
[ sql ] [ DB ] CONNECT:[ UseTime:0.001475s ] mysql:dbname=media;host=127.0.0.1;port=3306;charset=utf8
[ sql ] [ SQL ] SHOW COLUMNS FROM `zt_admin` [ RunTime:0.008523s ]
[ sql ] [ SQL ] SELECT * FROM `zt_admin` WHERE  `username` = 'admin' LIMIT 1    [ RunTime:0.000498s ]
[ sql ] [ SQL ] SHOW COLUMNS FROM `zt_auth_group` [ RunTime:0.009111s ]
[ sql ] [ SQL ] SELECT * FROM `zt_auth_group` WHERE  `id` = 1 LIMIT 1    [ RunTime:0.000321s ]
[ sql ] [ SQL ] SHOW COLUMNS FROM `zt_auth_rule` [ RunTime:0.007372s ]
[ sql ] [ SQL ] SELECT `name` FROM `zt_auth_rule`  [ RunTime:0.000417s ]
[ sql ] [ SQL ] UPDATE `zt_admin`  SET `loginnum`=203,`last_login_ip`='127.0.0.1',`last_login_time`=1493088397  WHERE  `user_id` = 1       [ RunTime:0.000385s ]
[ sql ] [ DB ] CONNECT:[ UseTime:0.000654s ] mysql:dbname=media;host=127.0.0.1;port=3306;charset=utf8
[ sql ] [ SQL ] SHOW COLUMNS FROM `zt_log` [ RunTime:0.008469s ]
[ sql ] [ SQL ] INSERT INTO `zt_log` (`admin_id` , `admin_name` , `description` , `status` , `ip` , `add_time`) VALUES (1 , 'admin' , '用户【admin】登录成功' , 1 , '127.0.0.1' , 1493088397)        [ RunTime:0.000383s ]

---------------------------------------------------------------
[ 2017-04-25T10:46:37+08:00 ] 127.0.0.1 127.0.0.1 GET /medias/public/index.php/admin/index/index.html
[ log ] localhost/medias/public/index.php/admin/index/index.html [运行时间：0.017004s][吞吐率：58.81req/s] [内存消耗：1,034.16kb] [文件加载：36]
[ info ] [ LANG ] D:\rar\phpstudy\WWW\medias\thinkphp\lang\zh-cn.php
[ info ] [ ROUTE ] array (
  'type' => 'module',
  'module' => 
  array (
    0 => 'admin',
    1 => 'index',
    2 => 'index',
  ),
)
[ info ] [ HEADER ] array (
  'cookie' => 'Hm_lvt_f7837cdb3a52632e3ab0c97029d9c19d=1490265823; Hm_lvt_0f9c7b195f0b86ba1118656d4a142474=1490606547; Hm_lvt_7e1b991d14eb5047e1f521cd606b8f00=1491791584,1492065109; PHPSESSID=463rh0bmf7kvpqjgrfdobcjk77',
  'accept-language' => 'zh-CN,zh;q=0.8',
  'accept-encoding' => 'gzip, deflate, sdch, br',
  'referer' => 'http://localhost/medias/public/index.php/admin/login/index.html',
  'accept' => 'text/html,application/xhtml+xml,application/xml;q=0.9,image/webp,*/*;q=0.8',
  'user-agent' => 'Mozilla/5.0 (Windows NT 10.0; WOW64) AppleWebKit/537.36 (KHTML, like Gecko) Chrome/56.0.2924.87 Safari/537.36',
  'upgrade-insecure-requests' => '1',
  'cache-control' => 'max-age=0',
  'connection' => 'keep-alive',
  'host' => 'localhost',
  'content-length' => '',
  'content-type' => '',
)
[ info ] [ PARAM ] array (
)
[ info ] [ SESSION ] INIT array (
  'id' => '',
  'var_session_id' => '',
  'prefix' => 'think',
  'type' => '',
  'auto_start' => true,
)
[ info ] [ RUN ] app\admin\controller\Index->index[ D:\rar\phpstudy\WWW\medias\application\admin\controller\Index.php ]
[ info ] [ VIEW ] D:\rar\phpstudy\WWW\medias\public/../application/admin\view\index\index.html [ array (
) ]
[ info ] [ LOG ] INIT File

---------------------------------------------------------------
[ 2017-04-25T10:46:37+08:00 ] 127.0.0.1 127.0.0.1 GET /medias/public/index.php/admin/index/top.html
[ log ] localhost/medias/public/index.php/admin/index/top.html [运行时间：0.022250s][吞吐率：44.94req/s] [内存消耗：1,034.52kb] [文件加载：36]
[ info ] [ LANG ] D:\rar\phpstudy\WWW\medias\thinkphp\lang\zh-cn.php
[ info ] [ ROUTE ] array (
  'type' => 'module',
  'module' => 
  array (
    0 => 'admin',
    1 => 'index',
    2 => 'top',
  ),
)
[ info ] [ HEADER ] array (
  'cookie' => 'Hm_lvt_f7837cdb3a52632e3ab0c97029d9c19d=1490265823; Hm_lvt_0f9c7b195f0b86ba1118656d4a142474=1490606547; Hm_lvt_7e1b991d14eb5047e1f521cd606b8f00=1491791584,1492065109; PHPSESSID=463rh0bmf7kvpqjgrfdobcjk77',
  'accept-language' => 'zh-CN,zh;q=0.8',
  'accept-encoding' => 'gzip, deflate, sdch, br',
  'referer' => 'http://localhost/medias/public/index.php/admin/index/index.html',
  'accept' => 'text/html,application/xhtml+xml,application/xml;q=0.9,image/webp,*/*;q=0.8',
  'user-agent' => 'Mozilla/5.0 (Windows NT 10.0; WOW64) AppleWebKit/537.36 (KHTML, like Gecko) Chrome/56.0.2924.87 Safari/537.36',
  'upgrade-insecure-requests' => '1',
  'connection' => 'keep-alive',
  'host' => 'localhost',
  'content-length' => '',
  'content-type' => '',
)
[ info ] [ PARAM ] array (
)
[ info ] [ SESSION ] INIT array (
  'id' => '',
  'var_session_id' => '',
  'prefix' => 'think',
  'type' => '',
  'auto_start' => true,
)
[ info ] [ RUN ] app\admin\controller\Index->top[ D:\rar\phpstudy\WWW\medias\application\admin\controller\Index.php ]
[ info ] [ VIEW ] D:\rar\phpstudy\WWW\medias\public/../application/admin\view\index\top.html [ array (
  0 => 'UserName',
  1 => 'UserId',
) ]
[ info ] [ LOG ] INIT File

---------------------------------------------------------------
[ 2017-04-25T10:46:37+08:00 ] 127.0.0.1 127.0.0.1 GET /medias/public/index.php/admin/index/menu.html
[ log ] localhost/medias/public/index.php/admin/index/menu.html [运行时间：0.048238s][吞吐率：20.73req/s] [内存消耗：1,746.91kb] [文件加载：45]
[ info ] [ LANG ] D:\rar\phpstudy\WWW\medias\thinkphp\lang\zh-cn.php
[ info ] [ ROUTE ] array (
  'type' => 'module',
  'module' => 
  array (
    0 => 'admin',
    1 => 'index',
    2 => 'menu',
  ),
)
[ info ] [ HEADER ] array (
  'cookie' => 'Hm_lvt_f7837cdb3a52632e3ab0c97029d9c19d=1490265823; Hm_lvt_0f9c7b195f0b86ba1118656d4a142474=1490606547; Hm_lvt_7e1b991d14eb5047e1f521cd606b8f00=1491791584,1492065109; PHPSESSID=463rh0bmf7kvpqjgrfdobcjk77',
  'accept-language' => 'zh-CN,zh;q=0.8',
  'accept-encoding' => 'gzip, deflate, sdch, br',
  'referer' => 'http://localhost/medias/public/index.php/admin/index/index.html',
  'accept' => 'text/html,application/xhtml+xml,application/xml;q=0.9,image/webp,*/*;q=0.8',
  'user-agent' => 'Mozilla/5.0 (Windows NT 10.0; WOW64) AppleWebKit/537.36 (KHTML, like Gecko) Chrome/56.0.2924.87 Safari/537.36',
  'upgrade-insecure-requests' => '1',
  'connection' => 'keep-alive',
  'host' => 'localhost',
  'content-length' => '',
  'content-type' => '',
)
[ info ] [ PARAM ] array (
)
[ info ] [ SESSION ] INIT array (
  'id' => '',
  'var_session_id' => '',
  'prefix' => 'think',
  'type' => '',
  'auto_start' => true,
)
[ info ] [ RUN ] app\admin\controller\Index->menu[ D:\rar\phpstudy\WWW\medias\application\admin\controller\Index.php ]
[ info ] [ DB ] INIT mysql
[ info ] [ VIEW ] D:\rar\phpstudy\WWW\medias\public/../application/admin\view\index\menu.html [ array (
  0 => 'menuarr',
) ]
[ info ] [ LOG ] INIT File
[ sql ] [ DB ] CONNECT:[ UseTime:0.001117s ] mysql:dbname=media;host=127.0.0.1;port=3306;charset=utf8
[ sql ] [ SQL ] SHOW COLUMNS FROM `zt_admin` [ RunTime:0.007869s ]
[ sql ] [ SQL ] SELECT `a`.`user_id`,`b`.`rules` FROM `zt_admin` `a` LEFT JOIN `zt_auth_group` `b` ON `a`.`groupid`=`b`.`id` WHERE  `a`.`user_id` = 1  [ RunTime:0.000219s ]
[ sql ] [ SQL ] SHOW COLUMNS FROM `zt_auth_rule` [ RunTime:0.007392s ]
[ sql ] [ SQL ] SELECT `id`,`name`,`title` FROM `zt_auth_rule` WHERE  `pid` = 0 ORDER BY sort   [ RunTime:0.000291s ]
[ sql ] [ SQL ] SELECT `id`,`name`,`title` FROM `zt_auth_rule` WHERE  `pid` = 26 ORDER BY sort   [ RunTime:0.000253s ]
[ sql ] [ SQL ] SELECT `id`,`name`,`title` FROM `zt_auth_rule` WHERE  `pid` = 118 ORDER BY sort   [ RunTime:0.000213s ]
[ sql ] [ SQL ] SELECT `id`,`name`,`title` FROM `zt_auth_rule` WHERE  `pid` = 121 ORDER BY sort   [ RunTime:0.000238s ]
[ sql ] [ SQL ] SELECT `id`,`name`,`title` FROM `zt_auth_rule` WHERE  `pid` = 13 ORDER BY sort   [ RunTime:0.000214s ]
[ sql ] [ SQL ] SELECT `id`,`name`,`title` FROM `zt_auth_rule` WHERE  `pid` = 5 ORDER BY sort   [ RunTime:0.000217s ]
[ sql ] [ SQL ] SELECT `id`,`name`,`title` FROM `zt_auth_rule` WHERE  `pid` = 1 ORDER BY sort   [ RunTime:0.000226s ]

---------------------------------------------------------------
[ 2017-04-25T10:46:37+08:00 ] 127.0.0.1 127.0.0.1 GET /medias/public/index.php/admin/index/main.html
[ log ] localhost/medias/public/index.php/admin/index/main.html [运行时间：0.020515s][吞吐率：48.74req/s] [内存消耗：990.16kb] [文件加载：35]
[ info ] [ LANG ] D:\rar\phpstudy\WWW\medias\thinkphp\lang\zh-cn.php
[ info ] [ ROUTE ] array (
  'type' => 'module',
  'module' => 
  array (
    0 => 'admin',
    1 => 'index',
    2 => 'main',
  ),
)
[ info ] [ HEADER ] array (
  'cookie' => 'Hm_lvt_f7837cdb3a52632e3ab0c97029d9c19d=1490265823; Hm_lvt_0f9c7b195f0b86ba1118656d4a142474=1490606547; Hm_lvt_7e1b991d14eb5047e1f521cd606b8f00=1491791584,1492065109; PHPSESSID=463rh0bmf7kvpqjgrfdobcjk77',
  'accept-language' => 'zh-CN,zh;q=0.8',
  'accept-encoding' => 'gzip, deflate, sdch, br',
  'referer' => 'http://localhost/medias/public/index.php/admin/index/index.html',
  'accept' => 'text/html,application/xhtml+xml,application/xml;q=0.9,image/webp,*/*;q=0.8',
  'user-agent' => 'Mozilla/5.0 (Windows NT 10.0; WOW64) AppleWebKit/537.36 (KHTML, like Gecko) Chrome/56.0.2924.87 Safari/537.36',
  'upgrade-insecure-requests' => '1',
  'connection' => 'keep-alive',
  'host' => 'localhost',
  'content-length' => '',
  'content-type' => '',
)
[ info ] [ PARAM ] array (
)
[ info ] [ SESSION ] INIT array (
  'id' => '',
  'var_session_id' => '',
  'prefix' => 'think',
  'type' => '',
  'auto_start' => true,
)
[ info ] [ RUN ] app\admin\controller\Index->main[ D:\rar\phpstudy\WWW\medias\application\admin\controller\Index.php ]
[ info ] [ VIEW ] D:\rar\phpstudy\WWW\medias\public/../application/admin\view\index\main.html [ array (
) ]
[ info ] [ LOG ] INIT File

---------------------------------------------------------------
[ 2017-04-25T10:46:39+08:00 ] 127.0.0.1 127.0.0.1 GET /medias/public/index.php/admin/project/show.html
[ log ] localhost/medias/public/index.php/admin/project/show.html [运行时间：0.129554s][吞吐率：7.72req/s] [内存消耗：1,870.19kb] [文件加载：50]
[ info ] [ LANG ] D:\rar\phpstudy\WWW\medias\thinkphp\lang\zh-cn.php
[ info ] [ ROUTE ] array (
  'type' => 'module',
  'module' => 
  array (
    0 => 'admin',
    1 => 'project',
    2 => 'show',
  ),
)
[ info ] [ HEADER ] array (
  'cookie' => 'Hm_lvt_f7837cdb3a52632e3ab0c97029d9c19d=1490265823; Hm_lvt_0f9c7b195f0b86ba1118656d4a142474=1490606547; Hm_lvt_7e1b991d14eb5047e1f521cd606b8f00=1491791584,1492065109; PHPSESSID=463rh0bmf7kvpqjgrfdobcjk77',
  'accept-language' => 'zh-CN,zh;q=0.8',
  'accept-encoding' => 'gzip, deflate, sdch, br',
  'referer' => 'http://localhost/medias/public/index.php/admin/index/menu.html',
  'accept' => 'text/html,application/xhtml+xml,application/xml;q=0.9,image/webp,*/*;q=0.8',
  'user-agent' => 'Mozilla/5.0 (Windows NT 10.0; WOW64) AppleWebKit/537.36 (KHTML, like Gecko) Chrome/56.0.2924.87 Safari/537.36',
  'upgrade-insecure-requests' => '1',
  'connection' => 'keep-alive',
  'host' => 'localhost',
  'content-length' => '',
  'content-type' => '',
)
[ info ] [ PARAM ] array (
)
[ info ] [ SESSION ] INIT array (
  'id' => '',
  'var_session_id' => '',
  'prefix' => 'think',
  'type' => '',
  'auto_start' => true,
)
[ info ] [ RUN ] app\admin\controller\Project->show[ D:\rar\phpstudy\WWW\medias\application\admin\controller\Project.php ]
[ info ] [ DB ] INIT mysql
[ info ] [ VIEW ] D:\rar\phpstudy\WWW\medias\public/../application/admin\view\project\show.html [ array (
  0 => 'delopt',
  1 => 'data',
) ]
[ info ] [ LOG ] INIT File
[ sql ] [ DB ] CONNECT:[ UseTime:0.000738s ] mysql:dbname=media;host=127.0.0.1;port=3306;charset=utf8
[ sql ] [ SQL ] SHOW COLUMNS FROM `zt_project` [ RunTime:0.085288s ]
[ sql ] [ SQL ] SELECT COUNT(*) AS tp_count FROM `zt_project` `p` INNER JOIN `zt_brand` `b` ON `p`.`brand`=`b`.`brand_id` ORDER BY id desc LIMIT 1   [ RunTime:0.010129s ]
[ sql ] [ SQL ] SELECT * FROM `zt_project` `p` INNER JOIN `zt_brand` `b` ON `p`.`brand`=`b`.`brand_id` ORDER BY id desc LIMIT 0,20   [ RunTime:0.000518s ]
[ sql ] [ SQL ] SHOW COLUMNS FROM `zt_admin` [ RunTime:0.007320s ]
[ sql ] [ SQL ] SELECT `rules` FROM `zt_admin` `a` INNER JOIN `zt_auth_group` `b` ON `b`.`id`=`a`.`groupid` WHERE  `a`.`user_id` = 1  [ RunTime:0.000313s ]

---------------------------------------------------------------
[ 2017-04-25T10:47:24+08:00 ] 127.0.0.1 127.0.0.1 GET /medias/public/index.php/admin/dealer/show/id/32.html
[ log ] localhost/medias/public/index.php/admin/dealer/show/id/32.html [运行时间：44.064836s][吞吐率：0.02req/s] [内存消耗：1,790.14kb] [文件加载：44]
[ info ] [ LANG ] D:\rar\phpstudy\WWW\medias\thinkphp\lang\zh-cn.php
[ info ] [ ROUTE ] array (
  'type' => 'module',
  'module' => 
  array (
    0 => 'admin',
    1 => 'dealer',
    2 => 'show',
  ),
)
[ info ] [ HEADER ] array (
  'cookie' => 'Hm_lvt_f7837cdb3a52632e3ab0c97029d9c19d=1490265823; Hm_lvt_0f9c7b195f0b86ba1118656d4a142474=1490606547; Hm_lvt_7e1b991d14eb5047e1f521cd606b8f00=1491791584,1492065109; PHPSESSID=463rh0bmf7kvpqjgrfdobcjk77',
  'accept-language' => 'zh-CN,zh;q=0.8',
  'accept-encoding' => 'gzip, deflate, sdch, br',
  'referer' => 'http://localhost/medias/public/index.php/admin/project/show.html',
  'accept' => 'text/html,application/xhtml+xml,application/xml;q=0.9,image/webp,*/*;q=0.8',
  'user-agent' => 'Mozilla/5.0 (Windows NT 10.0; WOW64) AppleWebKit/537.36 (KHTML, like Gecko) Chrome/56.0.2924.87 Safari/537.36',
  'upgrade-insecure-requests' => '1',
  'connection' => 'keep-alive',
  'host' => 'localhost',
  'content-length' => '',
  'content-type' => '',
)
[ info ] [ PARAM ] array (
  'id' => '32',
)
[ info ] [ SESSION ] INIT array (
  'id' => '',
  'var_session_id' => '',
  'prefix' => 'think',
  'type' => '',
  'auto_start' => true,
)
[ info ] [ RUN ] app\admin\controller\Dealer->show[ D:\rar\phpstudy\WWW\medias\application\admin\controller\Dealer.php ]
[ info ] [ DB ] INIT mysql
[ info ] [ LOG ] INIT File
[ sql ] [ DB ] CONNECT:[ UseTime:0.000751s ] mysql:dbname=media;host=127.0.0.1;port=3306;charset=utf8
[ sql ] [ SQL ] SHOW COLUMNS FROM `zt_allpro` [ RunTime:0.053281s ]
[ sql ] [ SQL ] SELECT * FROM `zt_allpro` WHERE  `proid` = 32   [ RunTime:0.000309s ]
[ sql ] [ SQL ] SHOW COLUMNS FROM `zt_user_dealer` [ RunTime:0.065188s ]
[ sql ] [ SQL ] SELECT `d`.`dealer_id`,`d`.`project_id`,`d`.`name`,`d`.`sex`,`d`.`phone`,`d`.`car_time`,`d`.`dealer_name`,`d`.`car_series_id`,`d`.`time`,`d`.`buy_car_time`,n.name as lotname FROM `zt_user_dealer` `d` LEFT JOIN `zt_brand` `c` ON `d`.`car_series_id`=`c`.`brand_id` LEFT JOIN `zt_project` `p` ON `d`.`project_id`=`p`.`id` LEFT JOIN `zt_lotuser` `m` ON `m`.`userid`=`d`.`dealer_id` LEFT JOIN `zt_lottery` `n` ON `m`.`lotid`=`n`.`id` WHERE  `d`.`project_id` = 32  AND `d`.`whreg` = 1 ORDER BY dealer_id desc  LIMIT 0,20   [ RunTime:43.913009s ]
[ sql ] [ SQL ] SHOW COLUMNS FROM `zt_project` [ RunTime:0.008123s ]
[ sql ] [ SQL ] SELECT `id`,`project_name` FROM `zt_project` WHERE  `id` = 32   [ RunTime:0.000189s ]

---------------------------------------------------------------
[ 2017-04-25T11:30:24+08:00 ] 127.0.0.1 127.0.0.1 GET /medias/public/index.php/admin/project/show.html
[ log ] localhost/medias/public/index.php/admin/project/show.html [运行时间：0.047918s][吞吐率：20.87req/s] [内存消耗：1,870.19kb] [文件加载：50]
[ info ] [ LANG ] D:\rar\phpstudy\WWW\medias\thinkphp\lang\zh-cn.php
[ info ] [ ROUTE ] array (
  'type' => 'module',
  'module' => 
  array (
    0 => 'admin',
    1 => 'project',
    2 => 'show',
  ),
)
[ info ] [ HEADER ] array (
  'cookie' => 'Hm_lvt_f7837cdb3a52632e3ab0c97029d9c19d=1490265823; Hm_lvt_0f9c7b195f0b86ba1118656d4a142474=1490606547; Hm_lvt_7e1b991d14eb5047e1f521cd606b8f00=1491791584,1492065109; PHPSESSID=463rh0bmf7kvpqjgrfdobcjk77',
  'accept-language' => 'zh-CN,zh;q=0.8',
  'accept-encoding' => 'gzip, deflate, sdch, br',
  'referer' => 'http://localhost/medias/public/index.php/admin/index/menu.html',
  'accept' => 'text/html,application/xhtml+xml,application/xml;q=0.9,image/webp,*/*;q=0.8',
  'user-agent' => 'Mozilla/5.0 (Windows NT 10.0; WOW64) AppleWebKit/537.36 (KHTML, like Gecko) Chrome/56.0.2924.87 Safari/537.36',
  'upgrade-insecure-requests' => '1',
  'connection' => 'keep-alive',
  'host' => 'localhost',
  'content-length' => '',
  'content-type' => '',
)
[ info ] [ PARAM ] array (
)
[ info ] [ SESSION ] INIT array (
  'id' => '',
  'var_session_id' => '',
  'prefix' => 'think',
  'type' => '',
  'auto_start' => true,
)
[ info ] [ RUN ] app\admin\controller\Project->show[ D:\rar\phpstudy\WWW\medias\application\admin\controller\Project.php ]
[ info ] [ DB ] INIT mysql
[ info ] [ VIEW ] D:\rar\phpstudy\WWW\medias\public/../application/admin\view\project\show.html [ array (
  0 => 'delopt',
  1 => 'data',
) ]
[ info ] [ LOG ] INIT File
[ sql ] [ DB ] CONNECT:[ UseTime:0.001137s ] mysql:dbname=media;host=127.0.0.1;port=3306;charset=utf8
[ sql ] [ SQL ] SHOW COLUMNS FROM `zt_project` [ RunTime:0.008568s ]
[ sql ] [ SQL ] SELECT COUNT(*) AS tp_count FROM `zt_project` `p` INNER JOIN `zt_brand` `b` ON `p`.`brand`=`b`.`brand_id` ORDER BY id desc LIMIT 1   [ RunTime:0.000725s ]
[ sql ] [ SQL ] SELECT * FROM `zt_project` `p` INNER JOIN `zt_brand` `b` ON `p`.`brand`=`b`.`brand_id` ORDER BY id desc LIMIT 0,20   [ RunTime:0.000571s ]
[ sql ] [ SQL ] SHOW COLUMNS FROM `zt_admin` [ RunTime:0.008207s ]
[ sql ] [ SQL ] SELECT `rules` FROM `zt_admin` `a` INNER JOIN `zt_auth_group` `b` ON `b`.`id`=`a`.`groupid` WHERE  `a`.`user_id` = 1  [ RunTime:0.000961s ]

---------------------------------------------------------------
[ 2017-04-25T11:31:10+08:00 ] 127.0.0.1 127.0.0.1 GET /medias/public/index.php/admin/dealer/show/id/32.html
[ log ] localhost/medias/public/index.php/admin/dealer/show/id/32.html [运行时间：44.002581s][吞吐率：0.02req/s] [内存消耗：1,790.65kb] [文件加载：44]
[ info ] [ LANG ] D:\rar\phpstudy\WWW\medias\thinkphp\lang\zh-cn.php
[ info ] [ ROUTE ] array (
  'type' => 'module',
  'module' => 
  array (
    0 => 'admin',
    1 => 'dealer',
    2 => 'show',
  ),
)
[ info ] [ HEADER ] array (
  'cookie' => 'Hm_lvt_f7837cdb3a52632e3ab0c97029d9c19d=1490265823; Hm_lvt_0f9c7b195f0b86ba1118656d4a142474=1490606547; Hm_lvt_7e1b991d14eb5047e1f521cd606b8f00=1491791584,1492065109; PHPSESSID=463rh0bmf7kvpqjgrfdobcjk77',
  'accept-language' => 'zh-CN,zh;q=0.8',
  'accept-encoding' => 'gzip, deflate, sdch, br',
  'referer' => 'http://localhost/medias/public/index.php/admin/project/show.html',
  'accept' => 'text/html,application/xhtml+xml,application/xml;q=0.9,image/webp,*/*;q=0.8',
  'user-agent' => 'Mozilla/5.0 (Windows NT 10.0; WOW64) AppleWebKit/537.36 (KHTML, like Gecko) Chrome/56.0.2924.87 Safari/537.36',
  'upgrade-insecure-requests' => '1',
  'connection' => 'keep-alive',
  'host' => 'localhost',
  'content-length' => '',
  'content-type' => '',
)
[ info ] [ PARAM ] array (
  'id' => '32',
)
[ info ] [ SESSION ] INIT array (
  'id' => '',
  'var_session_id' => '',
  'prefix' => 'think',
  'type' => '',
  'auto_start' => true,
)
[ info ] [ RUN ] app\admin\controller\Dealer->show[ D:\rar\phpstudy\WWW\medias\application\admin\controller\Dealer.php ]
[ info ] [ DB ] INIT mysql
[ info ] [ LOG ] INIT File
[ sql ] [ DB ] CONNECT:[ UseTime:0.000761s ] mysql:dbname=media;host=127.0.0.1;port=3306;charset=utf8
[ sql ] [ SQL ] SHOW COLUMNS FROM `zt_allpro` [ RunTime:0.008628s ]
[ sql ] [ SQL ] SELECT * FROM `zt_allpro` WHERE  `proid` = 32   [ RunTime:0.000481s ]
[ sql ] [ SQL ] SHOW COLUMNS FROM `zt_user_dealer` [ RunTime:0.016235s ]
[ sql ] [ SQL ] SELECT `d`.`dealer_id`,`d`.`project_id`,`d`.`name`,`d`.`sex`,`d`.`phone`,`d`.`car_time`,`d`.`dealer_name`,`d`.`car_series_id`,`d`.`time`,`d`.`buy_car_time`,n.name as lotname FROM `zt_user_dealer` `d` LEFT JOIN `zt_brand` `c` ON `d`.`car_series_id`=`c`.`brand_id` LEFT JOIN `zt_project` `p` ON `d`.`project_id`=`p`.`id` LEFT JOIN `zt_lotuser` `m` ON `m`.`userid`=`d`.`dealer_id` LEFT JOIN `zt_lottery` `n` ON `m`.`lotid`=`n`.`id` WHERE  `d`.`project_id` = 32  AND `d`.`whreg` = 1 ORDER BY dealer_id desc  LIMIT 0,20   [ RunTime:43.945070s ]
[ sql ] [ SQL ] SHOW COLUMNS FROM `zt_project` [ RunTime:0.008051s ]
[ sql ] [ SQL ] SELECT `id`,`project_name` FROM `zt_project` WHERE  `id` = 32   [ RunTime:0.000358s ]

---------------------------------------------------------------
[ 2017-04-25T11:31:55+08:00 ] 127.0.0.1 127.0.0.1 GET /medias/public/index.php/admin/project/show.html
[ log ] localhost/medias/public/index.php/admin/project/show.html [运行时间：0.043084s][吞吐率：23.21req/s] [内存消耗：1,870.19kb] [文件加载：50]
[ info ] [ LANG ] D:\rar\phpstudy\WWW\medias\thinkphp\lang\zh-cn.php
[ info ] [ ROUTE ] array (
  'type' => 'module',
  'module' => 
  array (
    0 => 'admin',
    1 => 'project',
    2 => 'show',
  ),
)
[ info ] [ HEADER ] array (
  'cookie' => 'Hm_lvt_f7837cdb3a52632e3ab0c97029d9c19d=1490265823; Hm_lvt_0f9c7b195f0b86ba1118656d4a142474=1490606547; Hm_lvt_7e1b991d14eb5047e1f521cd606b8f00=1491791584,1492065109; PHPSESSID=463rh0bmf7kvpqjgrfdobcjk77',
  'accept-language' => 'zh-CN,zh;q=0.8',
  'accept-encoding' => 'gzip, deflate, sdch, br',
  'referer' => 'http://localhost/medias/public/index.php/admin/index/menu.html',
  'accept' => 'text/html,application/xhtml+xml,application/xml;q=0.9,image/webp,*/*;q=0.8',
  'user-agent' => 'Mozilla/5.0 (Windows NT 10.0; WOW64) AppleWebKit/537.36 (KHTML, like Gecko) Chrome/56.0.2924.87 Safari/537.36',
  'upgrade-insecure-requests' => '1',
  'connection' => 'keep-alive',
  'host' => 'localhost',
  'content-length' => '',
  'content-type' => '',
)
[ info ] [ PARAM ] array (
)
[ info ] [ SESSION ] INIT array (
  'id' => '',
  'var_session_id' => '',
  'prefix' => 'think',
  'type' => '',
  'auto_start' => true,
)
[ info ] [ RUN ] app\admin\controller\Project->show[ D:\rar\phpstudy\WWW\medias\application\admin\controller\Project.php ]
[ info ] [ DB ] INIT mysql
[ info ] [ VIEW ] D:\rar\phpstudy\WWW\medias\public/../application/admin\view\project\show.html [ array (
  0 => 'delopt',
  1 => 'data',
) ]
[ info ] [ LOG ] INIT File
[ sql ] [ DB ] CONNECT:[ UseTime:0.000779s ] mysql:dbname=media;host=127.0.0.1;port=3306;charset=utf8
[ sql ] [ SQL ] SHOW COLUMNS FROM `zt_project` [ RunTime:0.009579s ]
[ sql ] [ SQL ] SELECT COUNT(*) AS tp_count FROM `zt_project` `p` INNER JOIN `zt_brand` `b` ON `p`.`brand`=`b`.`brand_id` ORDER BY id desc LIMIT 1   [ RunTime:0.000435s ]
[ sql ] [ SQL ] SELECT * FROM `zt_project` `p` INNER JOIN `zt_brand` `b` ON `p`.`brand`=`b`.`brand_id` ORDER BY id desc LIMIT 0,20   [ RunTime:0.000551s ]
[ sql ] [ SQL ] SHOW COLUMNS FROM `zt_admin` [ RunTime:0.007684s ]
[ sql ] [ SQL ] SELECT `rules` FROM `zt_admin` `a` INNER JOIN `zt_auth_group` `b` ON `b`.`id`=`a`.`groupid` WHERE  `a`.`user_id` = 1  [ RunTime:0.000321s ]

---------------------------------------------------------------
[ 2017-04-25T11:31:57+08:00 ] 127.0.0.1 127.0.0.1 GET /medias/public/index.php/admin/dealer/show/id/32.html
[ log ] localhost/medias/public/index.php/admin/dealer/show/id/32.html [运行时间：0.251718s][吞吐率：3.97req/s] [内存消耗：1,790.29kb] [文件加载：44]
[ info ] [ LANG ] D:\rar\phpstudy\WWW\medias\thinkphp\lang\zh-cn.php
[ info ] [ ROUTE ] array (
  'type' => 'module',
  'module' => 
  array (
    0 => 'admin',
    1 => 'dealer',
    2 => 'show',
  ),
)
[ info ] [ HEADER ] array (
  'cookie' => 'Hm_lvt_f7837cdb3a52632e3ab0c97029d9c19d=1490265823; Hm_lvt_0f9c7b195f0b86ba1118656d4a142474=1490606547; Hm_lvt_7e1b991d14eb5047e1f521cd606b8f00=1491791584,1492065109; PHPSESSID=463rh0bmf7kvpqjgrfdobcjk77',
  'accept-language' => 'zh-CN,zh;q=0.8',
  'accept-encoding' => 'gzip, deflate, sdch, br',
  'referer' => 'http://localhost/medias/public/index.php/admin/project/show.html',
  'accept' => 'text/html,application/xhtml+xml,application/xml;q=0.9,image/webp,*/*;q=0.8',
  'user-agent' => 'Mozilla/5.0 (Windows NT 10.0; WOW64) AppleWebKit/537.36 (KHTML, like Gecko) Chrome/56.0.2924.87 Safari/537.36',
  'upgrade-insecure-requests' => '1',
  'connection' => 'keep-alive',
  'host' => 'localhost',
  'content-length' => '',
  'content-type' => '',
)
[ info ] [ PARAM ] array (
  'id' => '32',
)
[ info ] [ SESSION ] INIT array (
  'id' => '',
  'var_session_id' => '',
  'prefix' => 'think',
  'type' => '',
  'auto_start' => true,
)
[ info ] [ RUN ] app\admin\controller\Dealer->show[ D:\rar\phpstudy\WWW\medias\application\admin\controller\Dealer.php ]
[ info ] [ DB ] INIT mysql
[ info ] [ LOG ] INIT File
[ sql ] [ DB ] CONNECT:[ UseTime:0.000709s ] mysql:dbname=media;host=127.0.0.1;port=3306;charset=utf8
[ sql ] [ SQL ] SHOW COLUMNS FROM `zt_allpro` [ RunTime:0.010858s ]
[ sql ] [ SQL ] SELECT * FROM `zt_allpro` WHERE  `proid` = 32   [ RunTime:0.000437s ]
[ sql ] [ SQL ] SHOW COLUMNS FROM `zt_user_dealer` [ RunTime:0.007453s ]
[ sql ] [ SQL ] SELECT `d`.`dealer_id`,`d`.`project_id`,`d`.`name`,`d`.`sex`,`d`.`phone`,`d`.`car_time`,`d`.`dealer_name`,`d`.`car_series_id`,`d`.`time`,`d`.`buy_car_time`,n.name as lotname FROM `zt_user_dealer` `d` LEFT JOIN `zt_brand` `c` ON `d`.`car_series_id`=`c`.`brand_id` LEFT JOIN `zt_project` `p` ON `d`.`project_id`=`p`.`id` LEFT JOIN `zt_lotuser` `m` ON `m`.`userid`=`d`.`dealer_id` LEFT JOIN `zt_lottery` `n` ON `m`.`lotid`=`n`.`id` WHERE  `d`.`project_id` = 32  AND `d`.`whreg` = 1 LIMIT 0,20   [ RunTime:0.202474s ]
[ sql ] [ SQL ] SHOW COLUMNS FROM `zt_project` [ RunTime:0.007709s ]
[ sql ] [ SQL ] SELECT `id`,`project_name` FROM `zt_project` WHERE  `id` = 32   [ RunTime:0.000236s ]

---------------------------------------------------------------
[ 2017-04-25T14:38:37+08:00 ] 127.0.0.1 127.0.0.1 GET /medias/public/index.php/admin/project/show.html
[ log ] localhost/medias/public/index.php/admin/project/show.html [运行时间：0.133110s][吞吐率：7.51req/s] [内存消耗：1,870.19kb] [文件加载：50]
[ info ] [ LANG ] D:\rar\phpstudy\WWW\medias\thinkphp\lang\zh-cn.php
[ info ] [ ROUTE ] array (
  'type' => 'module',
  'module' => 
  array (
    0 => 'admin',
    1 => 'project',
    2 => 'show',
  ),
)
[ info ] [ HEADER ] array (
  'cookie' => 'Hm_lvt_f7837cdb3a52632e3ab0c97029d9c19d=1490265823; Hm_lvt_0f9c7b195f0b86ba1118656d4a142474=1490606547; Hm_lvt_7e1b991d14eb5047e1f521cd606b8f00=1491791584,1492065109; PHPSESSID=463rh0bmf7kvpqjgrfdobcjk77',
  'accept-language' => 'zh-CN,zh;q=0.8',
  'accept-encoding' => 'gzip, deflate, sdch, br',
  'referer' => 'http://localhost/medias/public/index.php/admin/index/menu.html',
  'accept' => 'text/html,application/xhtml+xml,application/xml;q=0.9,image/webp,*/*;q=0.8',
  'user-agent' => 'Mozilla/5.0 (Windows NT 10.0; WOW64) AppleWebKit/537.36 (KHTML, like Gecko) Chrome/56.0.2924.87 Safari/537.36',
  'upgrade-insecure-requests' => '1',
  'connection' => 'keep-alive',
  'host' => 'localhost',
  'content-length' => '',
  'content-type' => '',
)
[ info ] [ PARAM ] array (
)
[ info ] [ SESSION ] INIT array (
  'id' => '',
  'var_session_id' => '',
  'prefix' => 'think',
  'type' => '',
  'auto_start' => true,
)
[ info ] [ RUN ] app\admin\controller\Project->show[ D:\rar\phpstudy\WWW\medias\application\admin\controller\Project.php ]
[ info ] [ DB ] INIT mysql
[ info ] [ VIEW ] D:\rar\phpstudy\WWW\medias\public/../application/admin\view\project\show.html [ array (
  0 => 'delopt',
  1 => 'data',
) ]
[ info ] [ LOG ] INIT File
[ sql ] [ DB ] CONNECT:[ UseTime:0.001256s ] mysql:dbname=media;host=127.0.0.1;port=3306;charset=utf8
[ sql ] [ SQL ] SHOW COLUMNS FROM `zt_project` [ RunTime:0.009270s ]
[ sql ] [ SQL ] SELECT COUNT(*) AS tp_count FROM `zt_project` `p` INNER JOIN `zt_brand` `b` ON `p`.`brand`=`b`.`brand_id` ORDER BY id desc LIMIT 1   [ RunTime:0.000513s ]
[ sql ] [ SQL ] SELECT * FROM `zt_project` `p` INNER JOIN `zt_brand` `b` ON `p`.`brand`=`b`.`brand_id` ORDER BY id desc LIMIT 0,20   [ RunTime:0.000550s ]
[ sql ] [ SQL ] SHOW COLUMNS FROM `zt_admin` [ RunTime:0.091307s ]
[ sql ] [ SQL ] SELECT `rules` FROM `zt_admin` `a` INNER JOIN `zt_auth_group` `b` ON `b`.`id`=`a`.`groupid` WHERE  `a`.`user_id` = 1  [ RunTime:0.000664s ]

---------------------------------------------------------------
[ 2017-04-25T14:38:39+08:00 ] 127.0.0.1 127.0.0.1 GET /medias/public/index.php/admin/dealer/show/id/32.html
[ log ] localhost/medias/public/index.php/admin/dealer/show/id/32.html [运行时间：0.071915s][吞吐率：13.91req/s] [内存消耗：1,876.91kb] [文件加载：48]
[ info ] [ LANG ] D:\rar\phpstudy\WWW\medias\thinkphp\lang\zh-cn.php
[ info ] [ ROUTE ] array (
  'type' => 'module',
  'module' => 
  array (
    0 => 'admin',
    1 => 'dealer',
    2 => 'show',
  ),
)
[ info ] [ HEADER ] array (
  'cookie' => 'Hm_lvt_f7837cdb3a52632e3ab0c97029d9c19d=1490265823; Hm_lvt_0f9c7b195f0b86ba1118656d4a142474=1490606547; Hm_lvt_7e1b991d14eb5047e1f521cd606b8f00=1491791584,1492065109; PHPSESSID=463rh0bmf7kvpqjgrfdobcjk77',
  'accept-language' => 'zh-CN,zh;q=0.8',
  'accept-encoding' => 'gzip, deflate, sdch, br',
  'referer' => 'http://localhost/medias/public/index.php/admin/project/show.html',
  'accept' => 'text/html,application/xhtml+xml,application/xml;q=0.9,image/webp,*/*;q=0.8',
  'user-agent' => 'Mozilla/5.0 (Windows NT 10.0; WOW64) AppleWebKit/537.36 (KHTML, like Gecko) Chrome/56.0.2924.87 Safari/537.36',
  'upgrade-insecure-requests' => '1',
  'connection' => 'keep-alive',
  'host' => 'localhost',
  'content-length' => '',
  'content-type' => '',
)
[ info ] [ PARAM ] array (
  'id' => '32',
)
[ info ] [ SESSION ] INIT array (
  'id' => '',
  'var_session_id' => '',
  'prefix' => 'think',
  'type' => '',
  'auto_start' => true,
)
[ info ] [ RUN ] app\admin\controller\Dealer->show[ D:\rar\phpstudy\WWW\medias\application\admin\controller\Dealer.php ]
[ info ] [ DB ] INIT mysql
[ info ] [ LOG ] INIT File
[ sql ] [ DB ] CONNECT:[ UseTime:0.000841s ] mysql:dbname=media;host=127.0.0.1;port=3306;charset=utf8
[ sql ] [ SQL ] SHOW COLUMNS FROM `zt_allpro` [ RunTime:0.010510s ]
[ sql ] [ SQL ] SELECT * FROM `zt_allpro` WHERE  `proid` = 32   [ RunTime:0.000487s ]
[ sql ] [ SQL ] SHOW COLUMNS FROM `zt_user_dealer` [ RunTime:0.008609s ]
[ sql ] [ SQL ] SELECT COUNT(*) AS tp_count FROM `zt_user_dealer` `d` LEFT JOIN `zt_brand` `c` ON `d`.`car_series_id`=`c`.`brand_id` LEFT JOIN `zt_project` `p` ON `d`.`project_id`=`p`.`id` WHERE  `d`.`project_id` = 32  AND `d`.`whreg` = 1 ORDER BY dealer_id desc  LIMIT 1   [ RunTime:0.004710s ]
[ sql ] [ SQL ] SELECT `d`.`dealer_id`,`d`.`project_id`,`d`.`name`,`d`.`sex`,`d`.`phone`,`d`.`car_time`,`d`.`dealer_name`,`d`.`car_series_id`,`d`.`time`,d.buy_car_time as lotname FROM `zt_user_dealer` `d` LEFT JOIN `zt_brand` `c` ON `d`.`car_series_id`=`c`.`brand_id` LEFT JOIN `zt_project` `p` ON `d`.`project_id`=`p`.`id` WHERE  `d`.`project_id` = 32  AND `d`.`whreg` = 1 ORDER BY dealer_id desc  LIMIT 0,20   [ RunTime:0.013054s ]
[ sql ] [ SQL ] SHOW COLUMNS FROM `zt_project` [ RunTime:0.008264s ]
[ sql ] [ SQL ] SELECT `id`,`project_name` FROM `zt_project` WHERE  `id` = 32   [ RunTime:0.000408s ]

---------------------------------------------------------------
[ 2017-04-25T15:04:35+08:00 ] 127.0.0.1 127.0.0.1 GET /medias/public/index.php/admin/index/index.html
[ log ] localhost/medias/public/index.php/admin/index/index.html [运行时间：0.035115s][吞吐率：28.48req/s] [内存消耗：1,025.02kb] [文件加载：36]
[ info ] [ LANG ] D:\rar\phpstudy\WWW\medias\thinkphp\lang\zh-cn.php
[ info ] [ ROUTE ] array (
  'type' => 'module',
  'module' => 
  array (
    0 => 'admin',
    1 => 'index',
    2 => 'index',
  ),
)
[ info ] [ HEADER ] array (
  'cookie' => 'Hm_lvt_f7837cdb3a52632e3ab0c97029d9c19d=1490265823; Hm_lvt_0f9c7b195f0b86ba1118656d4a142474=1490606547; Hm_lvt_7e1b991d14eb5047e1f521cd606b8f00=1491791584,1492065109',
  'accept-language' => 'zh-CN,zh;q=0.8',
  'accept-encoding' => 'gzip, deflate, sdch, br',
  'referer' => 'http://localhost/medias/public/index.php/admin/login/index.html',
  'accept' => 'text/html,application/xhtml+xml,application/xml;q=0.9,image/webp,*/*;q=0.8',
  'user-agent' => 'Mozilla/5.0 (Windows NT 10.0; WOW64) AppleWebKit/537.36 (KHTML, like Gecko) Chrome/56.0.2924.87 Safari/537.36',
  'upgrade-insecure-requests' => '1',
  'connection' => 'keep-alive',
  'host' => 'localhost',
  'content-length' => '',
  'content-type' => '',
)
[ info ] [ PARAM ] array (
)
[ info ] [ SESSION ] INIT array (
  'id' => '',
  'var_session_id' => '',
  'prefix' => 'think',
  'type' => '',
  'auto_start' => true,
)
[ info ] [ LOG ] INIT File

---------------------------------------------------------------
[ 2017-04-25T16:06:50+08:00 ] 127.0.0.1 127.0.0.1 POST /medias/public/index.php/admin/login/login.html
[ log ] localhost/medias/public/index.php/admin/login/login.html [运行时间：0.063496s][吞吐率：15.75req/s] [内存消耗：1,693.74kb] [文件加载：41]
[ info ] [ LANG ] D:\rar\phpstudy\WWW\medias\thinkphp\lang\zh-cn.php
[ info ] [ ROUTE ] array (
  'type' => 'module',
  'module' => 
  array (
    0 => 'admin',
    1 => 'login',
    2 => 'login',
  ),
)
[ info ] [ HEADER ] array (
  'cookie' => 'Hm_lvt_f7837cdb3a52632e3ab0c97029d9c19d=1490265823; Hm_lvt_0f9c7b195f0b86ba1118656d4a142474=1490606547; Hm_lvt_7e1b991d14eb5047e1f521cd606b8f00=1491791584,1492065109; PHPSESSID=580u5og7q01e8ftu208mdabu96',
  'accept-language' => 'zh-CN,zh;q=0.8',
  'accept-encoding' => 'gzip, deflate, br',
  'referer' => 'http://localhost/medias/public/index.php/admin/login/index.html',
  'content-type' => 'application/x-www-form-urlencoded; charset=UTF-8',
  'user-agent' => 'Mozilla/5.0 (Windows NT 10.0; WOW64) AppleWebKit/537.36 (KHTML, like Gecko) Chrome/56.0.2924.87 Safari/537.36',
  'x-requested-with' => 'XMLHttpRequest',
  'origin' => 'http://localhost',
  'accept' => 'application/json, text/javascript, */*; q=0.01',
  'content-length' => '30',
  'connection' => 'keep-alive',
  'host' => 'localhost',
)
[ info ] [ PARAM ] array (
  'username' => 'admin',
  'password' => '555666',
)
[ info ] [ RUN ] app\admin\controller\Login->login[ D:\rar\phpstudy\WWW\medias\application\admin\controller\Login.php ]
[ info ] [ DB ] INIT mysql
[ info ] [ SESSION ] INIT array (
  'id' => '',
  'var_session_id' => '',
  'prefix' => 'think',
  'type' => '',
  'auto_start' => true,
)
[ info ] [ DB ] INIT mysql
[ info ] [ LOG ] INIT File
[ sql ] [ DB ] CONNECT:[ UseTime:0.001036s ] mysql:dbname=media;host=127.0.0.1;port=3306;charset=utf8
[ sql ] [ SQL ] SHOW COLUMNS FROM `zt_admin` [ RunTime:0.007766s ]
[ sql ] [ SQL ] SELECT * FROM `zt_admin` WHERE  `username` = 'admin' LIMIT 1    [ RunTime:0.000560s ]
[ sql ] [ SQL ] SHOW COLUMNS FROM `zt_auth_group` [ RunTime:0.009063s ]
[ sql ] [ SQL ] SELECT * FROM `zt_auth_group` WHERE  `id` = 1 LIMIT 1    [ RunTime:0.000461s ]
[ sql ] [ SQL ] SHOW COLUMNS FROM `zt_auth_rule` [ RunTime:0.007400s ]
[ sql ] [ SQL ] SELECT `name` FROM `zt_auth_rule`  [ RunTime:0.000441s ]
[ sql ] [ SQL ] UPDATE `zt_admin`  SET `loginnum`=204,`last_login_ip`='127.0.0.1',`last_login_time`=1493107610  WHERE  `user_id` = 1       [ RunTime:0.000336s ]
[ sql ] [ DB ] CONNECT:[ UseTime:0.001049s ] mysql:dbname=media;host=127.0.0.1;port=3306;charset=utf8
[ sql ] [ SQL ] SHOW COLUMNS FROM `zt_log` [ RunTime:0.008323s ]
[ sql ] [ SQL ] INSERT INTO `zt_log` (`admin_id` , `admin_name` , `description` , `status` , `ip` , `add_time`) VALUES (1 , 'admin' , '用户【admin】登录成功' , 1 , '127.0.0.1' , 1493107610)        [ RunTime:0.000454s ]

---------------------------------------------------------------
[ 2017-04-25T16:06:50+08:00 ] 127.0.0.1 127.0.0.1 POST /medias/public/index.php/admin/login/loginsong.html
[ log ] localhost/medias/public/index.php/admin/login/loginsong.html [运行时间：0.068350s][吞吐率：14.63req/s] [内存消耗：1,732.63kb] [文件加载：44]
[ info ] [ LANG ] D:\rar\phpstudy\WWW\medias\thinkphp\lang\zh-cn.php
[ info ] [ ROUTE ] array (
  'type' => 'module',
  'module' => 
  array (
    0 => 'admin',
    1 => 'login',
    2 => 'loginsong',
  ),
)
[ info ] [ HEADER ] array (
  'cookie' => 'Hm_lvt_f7837cdb3a52632e3ab0c97029d9c19d=1490265823; Hm_lvt_0f9c7b195f0b86ba1118656d4a142474=1490606547; Hm_lvt_7e1b991d14eb5047e1f521cd606b8f00=1491791584,1492065109; PHPSESSID=580u5og7q01e8ftu208mdabu96',
  'accept-language' => 'zh-CN,zh;q=0.8',
  'accept-encoding' => 'gzip, deflate, br',
  'referer' => 'http://localhost/medias/public/index.php/admin/login/index.html',
  'accept' => 'text/html,application/xhtml+xml,application/xml;q=0.9,image/webp,*/*;q=0.8',
  'content-type' => 'application/x-www-form-urlencoded',
  'user-agent' => 'Mozilla/5.0 (Windows NT 10.0; WOW64) AppleWebKit/537.36 (KHTML, like Gecko) Chrome/56.0.2924.87 Safari/537.36',
  'upgrade-insecure-requests' => '1',
  'origin' => 'http://localhost',
  'cache-control' => 'max-age=0',
  'content-length' => '30',
  'connection' => 'keep-alive',
  'host' => 'localhost',
)
[ info ] [ PARAM ] array (
  'username' => 'admin',
  'password' => '555666',
)
[ info ] [ RUN ] app\admin\controller\Login->loginsong[ D:\rar\phpstudy\WWW\medias\application\admin\controller\Login.php ]
[ info ] [ DB ] INIT mysql
[ info ] [ SESSION ] INIT array (
  'id' => '',
  'var_session_id' => '',
  'prefix' => 'think',
  'type' => '',
  'auto_start' => true,
)
[ info ] [ DB ] INIT mysql
[ info ] [ LOG ] INIT File
[ sql ] [ DB ] CONNECT:[ UseTime:0.000775s ] mysql:dbname=media;host=127.0.0.1;port=3306;charset=utf8
[ sql ] [ SQL ] SHOW COLUMNS FROM `zt_admin` [ RunTime:0.010671s ]
[ sql ] [ SQL ] SELECT * FROM `zt_admin` WHERE  `username` = 'admin' LIMIT 1    [ RunTime:0.000451s ]
[ sql ] [ SQL ] SHOW COLUMNS FROM `zt_auth_group` [ RunTime:0.008517s ]
[ sql ] [ SQL ] SELECT * FROM `zt_auth_group` WHERE  `id` = 1 LIMIT 1    [ RunTime:0.000374s ]
[ sql ] [ SQL ] SHOW COLUMNS FROM `zt_auth_rule` [ RunTime:0.008572s ]
[ sql ] [ SQL ] SELECT `name` FROM `zt_auth_rule`  [ RunTime:0.000401s ]
[ sql ] [ SQL ] UPDATE `zt_admin`  SET `loginnum`=205,`last_login_ip`='127.0.0.1',`last_login_time`=1493107610  WHERE  `user_id` = 1       [ RunTime:0.000383s ]
[ sql ] [ DB ] CONNECT:[ UseTime:0.000754s ] mysql:dbname=media;host=127.0.0.1;port=3306;charset=utf8
[ sql ] [ SQL ] SHOW COLUMNS FROM `zt_log` [ RunTime:0.010209s ]
[ sql ] [ SQL ] INSERT INTO `zt_log` (`admin_id` , `admin_name` , `description` , `status` , `ip` , `add_time`) VALUES (1 , 'admin' , '用户【admin】登录成功' , 1 , '127.0.0.1' , 1493107610)        [ RunTime:0.000317s ]

---------------------------------------------------------------
[ 2017-04-25T16:06:50+08:00 ] 127.0.0.1 127.0.0.1 GET /medias/public/index.php/admin/index/index.html
[ log ] localhost/medias/public/index.php/admin/index/index.html [运行时间：0.018257s][吞吐率：54.77req/s] [内存消耗：1,034.16kb] [文件加载：36]
[ info ] [ LANG ] D:\rar\phpstudy\WWW\medias\thinkphp\lang\zh-cn.php
[ info ] [ ROUTE ] array (
  'type' => 'module',
  'module' => 
  array (
    0 => 'admin',
    1 => 'index',
    2 => 'index',
  ),
)
[ info ] [ HEADER ] array (
  'cookie' => 'Hm_lvt_f7837cdb3a52632e3ab0c97029d9c19d=1490265823; Hm_lvt_0f9c7b195f0b86ba1118656d4a142474=1490606547; Hm_lvt_7e1b991d14eb5047e1f521cd606b8f00=1491791584,1492065109; PHPSESSID=580u5og7q01e8ftu208mdabu96',
  'accept-language' => 'zh-CN,zh;q=0.8',
  'accept-encoding' => 'gzip, deflate, sdch, br',
  'referer' => 'http://localhost/medias/public/index.php/admin/login/index.html',
  'accept' => 'text/html,application/xhtml+xml,application/xml;q=0.9,image/webp,*/*;q=0.8',
  'user-agent' => 'Mozilla/5.0 (Windows NT 10.0; WOW64) AppleWebKit/537.36 (KHTML, like Gecko) Chrome/56.0.2924.87 Safari/537.36',
  'upgrade-insecure-requests' => '1',
  'cache-control' => 'max-age=0',
  'connection' => 'keep-alive',
  'host' => 'localhost',
  'content-length' => '',
  'content-type' => '',
)
[ info ] [ PARAM ] array (
)
[ info ] [ SESSION ] INIT array (
  'id' => '',
  'var_session_id' => '',
  'prefix' => 'think',
  'type' => '',
  'auto_start' => true,
)
[ info ] [ RUN ] app\admin\controller\Index->index[ D:\rar\phpstudy\WWW\medias\application\admin\controller\Index.php ]
[ info ] [ VIEW ] D:\rar\phpstudy\WWW\medias\public/../application/admin\view\index\index.html [ array (
) ]
[ info ] [ LOG ] INIT File

---------------------------------------------------------------
[ 2017-04-25T16:06:50+08:00 ] 127.0.0.1 127.0.0.1 GET /medias/public/index.php/admin/index/top.html
[ log ] localhost/medias/public/index.php/admin/index/top.html [运行时间：0.020471s][吞吐率：48.85req/s] [内存消耗：1,034.52kb] [文件加载：36]
[ info ] [ LANG ] D:\rar\phpstudy\WWW\medias\thinkphp\lang\zh-cn.php
[ info ] [ ROUTE ] array (
  'type' => 'module',
  'module' => 
  array (
    0 => 'admin',
    1 => 'index',
    2 => 'top',
  ),
)
[ info ] [ HEADER ] array (
  'cookie' => 'Hm_lvt_f7837cdb3a52632e3ab0c97029d9c19d=1490265823; Hm_lvt_0f9c7b195f0b86ba1118656d4a142474=1490606547; Hm_lvt_7e1b991d14eb5047e1f521cd606b8f00=1491791584,1492065109; PHPSESSID=580u5og7q01e8ftu208mdabu96',
  'accept-language' => 'zh-CN,zh;q=0.8',
  'accept-encoding' => 'gzip, deflate, sdch, br',
  'referer' => 'http://localhost/medias/public/index.php/admin/index/index.html',
  'accept' => 'text/html,application/xhtml+xml,application/xml;q=0.9,image/webp,*/*;q=0.8',
  'user-agent' => 'Mozilla/5.0 (Windows NT 10.0; WOW64) AppleWebKit/537.36 (KHTML, like Gecko) Chrome/56.0.2924.87 Safari/537.36',
  'upgrade-insecure-requests' => '1',
  'connection' => 'keep-alive',
  'host' => 'localhost',
  'content-length' => '',
  'content-type' => '',
)
[ info ] [ PARAM ] array (
)
[ info ] [ SESSION ] INIT array (
  'id' => '',
  'var_session_id' => '',
  'prefix' => 'think',
  'type' => '',
  'auto_start' => true,
)
[ info ] [ RUN ] app\admin\controller\Index->top[ D:\rar\phpstudy\WWW\medias\application\admin\controller\Index.php ]
[ info ] [ VIEW ] D:\rar\phpstudy\WWW\medias\public/../application/admin\view\index\top.html [ array (
  0 => 'UserName',
  1 => 'UserId',
) ]
[ info ] [ LOG ] INIT File

---------------------------------------------------------------
[ 2017-04-25T16:06:50+08:00 ] 127.0.0.1 127.0.0.1 GET /medias/public/index.php/admin/index/menu.html
[ log ] localhost/medias/public/index.php/admin/index/menu.html [运行时间：0.053681s][吞吐率：18.63req/s] [内存消耗：1,746.91kb] [文件加载：45]
[ info ] [ LANG ] D:\rar\phpstudy\WWW\medias\thinkphp\lang\zh-cn.php
[ info ] [ ROUTE ] array (
  'type' => 'module',
  'module' => 
  array (
    0 => 'admin',
    1 => 'index',
    2 => 'menu',
  ),
)
[ info ] [ HEADER ] array (
  'cookie' => 'Hm_lvt_f7837cdb3a52632e3ab0c97029d9c19d=1490265823; Hm_lvt_0f9c7b195f0b86ba1118656d4a142474=1490606547; Hm_lvt_7e1b991d14eb5047e1f521cd606b8f00=1491791584,1492065109; PHPSESSID=580u5og7q01e8ftu208mdabu96',
  'accept-language' => 'zh-CN,zh;q=0.8',
  'accept-encoding' => 'gzip, deflate, sdch, br',
  'referer' => 'http://localhost/medias/public/index.php/admin/index/index.html',
  'accept' => 'text/html,application/xhtml+xml,application/xml;q=0.9,image/webp,*/*;q=0.8',
  'user-agent' => 'Mozilla/5.0 (Windows NT 10.0; WOW64) AppleWebKit/537.36 (KHTML, like Gecko) Chrome/56.0.2924.87 Safari/537.36',
  'upgrade-insecure-requests' => '1',
  'connection' => 'keep-alive',
  'host' => 'localhost',
  'content-length' => '',
  'content-type' => '',
)
[ info ] [ PARAM ] array (
)
[ info ] [ SESSION ] INIT array (
  'id' => '',
  'var_session_id' => '',
  'prefix' => 'think',
  'type' => '',
  'auto_start' => true,
)
[ info ] [ RUN ] app\admin\controller\Index->menu[ D:\rar\phpstudy\WWW\medias\application\admin\controller\Index.php ]
[ info ] [ DB ] INIT mysql
[ info ] [ VIEW ] D:\rar\phpstudy\WWW\medias\public/../application/admin\view\index\menu.html [ array (
  0 => 'menuarr',
) ]
[ info ] [ LOG ] INIT File
[ sql ] [ DB ] CONNECT:[ UseTime:0.000647s ] mysql:dbname=media;host=127.0.0.1;port=3306;charset=utf8
[ sql ] [ SQL ] SHOW COLUMNS FROM `zt_admin` [ RunTime:0.009227s ]
[ sql ] [ SQL ] SELECT `a`.`user_id`,`b`.`rules` FROM `zt_admin` `a` LEFT JOIN `zt_auth_group` `b` ON `a`.`groupid`=`b`.`id` WHERE  `a`.`user_id` = 1  [ RunTime:0.000305s ]
[ sql ] [ SQL ] SHOW COLUMNS FROM `zt_auth_rule` [ RunTime:0.006275s ]
[ sql ] [ SQL ] SELECT `id`,`name`,`title` FROM `zt_auth_rule` WHERE  `pid` = 0 ORDER BY sort   [ RunTime:0.001610s ]
[ sql ] [ SQL ] SELECT `id`,`name`,`title` FROM `zt_auth_rule` WHERE  `pid` = 26 ORDER BY sort   [ RunTime:0.000546s ]
[ sql ] [ SQL ] SELECT `id`,`name`,`title` FROM `zt_auth_rule` WHERE  `pid` = 118 ORDER BY sort   [ RunTime:0.000309s ]
[ sql ] [ SQL ] SELECT `id`,`name`,`title` FROM `zt_auth_rule` WHERE  `pid` = 121 ORDER BY sort   [ RunTime:0.000198s ]
[ sql ] [ SQL ] SELECT `id`,`name`,`title` FROM `zt_auth_rule` WHERE  `pid` = 13 ORDER BY sort   [ RunTime:0.000169s ]
[ sql ] [ SQL ] SELECT `id`,`name`,`title` FROM `zt_auth_rule` WHERE  `pid` = 5 ORDER BY sort   [ RunTime:0.000186s ]
[ sql ] [ SQL ] SELECT `id`,`name`,`title` FROM `zt_auth_rule` WHERE  `pid` = 1 ORDER BY sort   [ RunTime:0.000277s ]

---------------------------------------------------------------
[ 2017-04-25T16:06:50+08:00 ] 127.0.0.1 127.0.0.1 GET /medias/public/index.php/admin/index/main.html
[ log ] localhost/medias/public/index.php/admin/index/main.html [运行时间：0.023880s][吞吐率：41.88req/s] [内存消耗：990.16kb] [文件加载：35]
[ info ] [ LANG ] D:\rar\phpstudy\WWW\medias\thinkphp\lang\zh-cn.php
[ info ] [ ROUTE ] array (
  'type' => 'module',
  'module' => 
  array (
    0 => 'admin',
    1 => 'index',
    2 => 'main',
  ),
)
[ info ] [ HEADER ] array (
  'cookie' => 'Hm_lvt_f7837cdb3a52632e3ab0c97029d9c19d=1490265823; Hm_lvt_0f9c7b195f0b86ba1118656d4a142474=1490606547; Hm_lvt_7e1b991d14eb5047e1f521cd606b8f00=1491791584,1492065109; PHPSESSID=580u5og7q01e8ftu208mdabu96',
  'accept-language' => 'zh-CN,zh;q=0.8',
  'accept-encoding' => 'gzip, deflate, sdch, br',
  'referer' => 'http://localhost/medias/public/index.php/admin/index/index.html',
  'accept' => 'text/html,application/xhtml+xml,application/xml;q=0.9,image/webp,*/*;q=0.8',
  'user-agent' => 'Mozilla/5.0 (Windows NT 10.0; WOW64) AppleWebKit/537.36 (KHTML, like Gecko) Chrome/56.0.2924.87 Safari/537.36',
  'upgrade-insecure-requests' => '1',
  'connection' => 'keep-alive',
  'host' => 'localhost',
  'content-length' => '',
  'content-type' => '',
)
[ info ] [ PARAM ] array (
)
[ info ] [ SESSION ] INIT array (
  'id' => '',
  'var_session_id' => '',
  'prefix' => 'think',
  'type' => '',
  'auto_start' => true,
)
[ info ] [ RUN ] app\admin\controller\Index->main[ D:\rar\phpstudy\WWW\medias\application\admin\controller\Index.php ]
[ info ] [ VIEW ] D:\rar\phpstudy\WWW\medias\public/../application/admin\view\index\main.html [ array (
) ]
[ info ] [ LOG ] INIT File

---------------------------------------------------------------
[ 2017-04-25T16:06:51+08:00 ] 127.0.0.1 127.0.0.1 GET /medias/public/index.php/admin/project/show.html
[ log ] localhost/medias/public/index.php/admin/project/show.html [运行时间：0.042987s][吞吐率：23.26req/s] [内存消耗：1,870.19kb] [文件加载：50]
[ info ] [ LANG ] D:\rar\phpstudy\WWW\medias\thinkphp\lang\zh-cn.php
[ info ] [ ROUTE ] array (
  'type' => 'module',
  'module' => 
  array (
    0 => 'admin',
    1 => 'project',
    2 => 'show',
  ),
)
[ info ] [ HEADER ] array (
  'cookie' => 'Hm_lvt_f7837cdb3a52632e3ab0c97029d9c19d=1490265823; Hm_lvt_0f9c7b195f0b86ba1118656d4a142474=1490606547; Hm_lvt_7e1b991d14eb5047e1f521cd606b8f00=1491791584,1492065109; PHPSESSID=580u5og7q01e8ftu208mdabu96',
  'accept-language' => 'zh-CN,zh;q=0.8',
  'accept-encoding' => 'gzip, deflate, sdch, br',
  'referer' => 'http://localhost/medias/public/index.php/admin/index/menu.html',
  'accept' => 'text/html,application/xhtml+xml,application/xml;q=0.9,image/webp,*/*;q=0.8',
  'user-agent' => 'Mozilla/5.0 (Windows NT 10.0; WOW64) AppleWebKit/537.36 (KHTML, like Gecko) Chrome/56.0.2924.87 Safari/537.36',
  'upgrade-insecure-requests' => '1',
  'connection' => 'keep-alive',
  'host' => 'localhost',
  'content-length' => '',
  'content-type' => '',
)
[ info ] [ PARAM ] array (
)
[ info ] [ SESSION ] INIT array (
  'id' => '',
  'var_session_id' => '',
  'prefix' => 'think',
  'type' => '',
  'auto_start' => true,
)
[ info ] [ RUN ] app\admin\controller\Project->show[ D:\rar\phpstudy\WWW\medias\application\admin\controller\Project.php ]
[ info ] [ DB ] INIT mysql
[ info ] [ VIEW ] D:\rar\phpstudy\WWW\medias\public/../application/admin\view\project\show.html [ array (
  0 => 'delopt',
  1 => 'data',
) ]
[ info ] [ LOG ] INIT File
[ sql ] [ DB ] CONNECT:[ UseTime:0.000626s ] mysql:dbname=media;host=127.0.0.1;port=3306;charset=utf8
[ sql ] [ SQL ] SHOW COLUMNS FROM `zt_project` [ RunTime:0.008760s ]
[ sql ] [ SQL ] SELECT COUNT(*) AS tp_count FROM `zt_project` `p` INNER JOIN `zt_brand` `b` ON `p`.`brand`=`b`.`brand_id` ORDER BY id desc LIMIT 1   [ RunTime:0.000692s ]
[ sql ] [ SQL ] SELECT * FROM `zt_project` `p` INNER JOIN `zt_brand` `b` ON `p`.`brand`=`b`.`brand_id` ORDER BY id desc LIMIT 0,20   [ RunTime:0.000523s ]
[ sql ] [ SQL ] SHOW COLUMNS FROM `zt_admin` [ RunTime:0.007418s ]
[ sql ] [ SQL ] SELECT `rules` FROM `zt_admin` `a` INNER JOIN `zt_auth_group` `b` ON `b`.`id`=`a`.`groupid` WHERE  `a`.`user_id` = 1  [ RunTime:0.000397s ]

---------------------------------------------------------------
[ 2017-04-25T16:08:23+08:00 ] 127.0.0.1 127.0.0.1 GET /medias/public/index.php/admin/dealer/show/id/32.html
[ log ] localhost/medias/public/index.php/admin/dealer/show/id/32.html [运行时间：90.457167s][吞吐率：0.01req/s] [内存消耗：1,876.85kb] [文件加载：48]
[ info ] [ LANG ] D:\rar\phpstudy\WWW\medias\thinkphp\lang\zh-cn.php
[ info ] [ ROUTE ] array (
  'type' => 'module',
  'module' => 
  array (
    0 => 'admin',
    1 => 'dealer',
    2 => 'show',
  ),
)
[ info ] [ HEADER ] array (
  'cookie' => 'Hm_lvt_f7837cdb3a52632e3ab0c97029d9c19d=1490265823; Hm_lvt_0f9c7b195f0b86ba1118656d4a142474=1490606547; Hm_lvt_7e1b991d14eb5047e1f521cd606b8f00=1491791584,1492065109; PHPSESSID=580u5og7q01e8ftu208mdabu96',
  'accept-language' => 'zh-CN,zh;q=0.8',
  'accept-encoding' => 'gzip, deflate, sdch, br',
  'referer' => 'http://localhost/medias/public/index.php/admin/project/show.html',
  'accept' => 'text/html,application/xhtml+xml,application/xml;q=0.9,image/webp,*/*;q=0.8',
  'user-agent' => 'Mozilla/5.0 (Windows NT 10.0; WOW64) AppleWebKit/537.36 (KHTML, like Gecko) Chrome/56.0.2924.87 Safari/537.36',
  'upgrade-insecure-requests' => '1',
  'connection' => 'keep-alive',
  'host' => 'localhost',
  'content-length' => '',
  'content-type' => '',
)
[ info ] [ PARAM ] array (
  'id' => '32',
)
[ info ] [ SESSION ] INIT array (
  'id' => '',
  'var_session_id' => '',
  'prefix' => 'think',
  'type' => '',
  'auto_start' => true,
)
[ info ] [ RUN ] app\admin\controller\Dealer->show[ D:\rar\phpstudy\WWW\medias\application\admin\controller\Dealer.php ]
[ info ] [ DB ] INIT mysql
[ info ] [ LOG ] INIT File
[ sql ] [ DB ] CONNECT:[ UseTime:0.000692s ] mysql:dbname=media;host=127.0.0.1;port=3306;charset=utf8
[ sql ] [ SQL ] SHOW COLUMNS FROM `zt_allpro` [ RunTime:0.008554s ]
[ sql ] [ SQL ] SELECT * FROM `zt_allpro` WHERE  `proid` = 32   [ RunTime:0.000451s ]
[ sql ] [ SQL ] SHOW COLUMNS FROM `zt_user_dealer` [ RunTime:0.007918s ]
[ sql ] [ SQL ] SELECT COUNT(*) AS tp_count FROM `zt_user_dealer` `d` LEFT JOIN `zt_brand` `c` ON `d`.`car_series_id`=`c`.`brand_id` LEFT JOIN `zt_project` `p` ON `d`.`project_id`=`p`.`id` LEFT JOIN `zt_lotuser` `m` ON `m`.`userid`=`d`.`dealer_id` WHERE  `d`.`project_id` = 32  AND `d`.`whreg` = 1 ORDER BY dealer_id desc  LIMIT 1   [ RunTime:45.462002s ]
[ sql ] [ SQL ] SELECT `d`.`dealer_id`,`d`.`project_id`,`d`.`name`,`d`.`sex`,`d`.`phone`,`d`.`car_time`,`d`.`dealer_name`,`d`.`car_series_id`,`d`.`time`,d.buy_car_time as lotname FROM `zt_user_dealer` `d` LEFT JOIN `zt_brand` `c` ON `d`.`car_series_id`=`c`.`brand_id` LEFT JOIN `zt_project` `p` ON `d`.`project_id`=`p`.`id` LEFT JOIN `zt_lotuser` `m` ON `m`.`userid`=`d`.`dealer_id` WHERE  `d`.`project_id` = 32  AND `d`.`whreg` = 1 ORDER BY dealer_id desc  LIMIT 0,20   [ RunTime:44.943021s ]
[ sql ] [ SQL ] SHOW COLUMNS FROM `zt_project` [ RunTime:0.007767s ]
[ sql ] [ SQL ] SELECT `id`,`project_name` FROM `zt_project` WHERE  `id` = 32   [ RunTime:0.000317s ]

---------------------------------------------------------------
[ 2017-04-25T16:09:53+08:00 ] 127.0.0.1 127.0.0.1 GET /medias/public/index.php/admin/dealer/show/id/32.html
[ log ] localhost/medias/public/index.php/admin/dealer/show/id/32.html [运行时间：90.766729s][吞吐率：0.01req/s] [内存消耗：1,876.85kb] [文件加载：48]
[ info ] [ LANG ] D:\rar\phpstudy\WWW\medias\thinkphp\lang\zh-cn.php
[ info ] [ ROUTE ] array (
  'type' => 'module',
  'module' => 
  array (
    0 => 'admin',
    1 => 'dealer',
    2 => 'show',
  ),
)
[ info ] [ HEADER ] array (
  'cookie' => 'Hm_lvt_f7837cdb3a52632e3ab0c97029d9c19d=1490265823; Hm_lvt_0f9c7b195f0b86ba1118656d4a142474=1490606547; Hm_lvt_7e1b991d14eb5047e1f521cd606b8f00=1491791584,1492065109; PHPSESSID=580u5og7q01e8ftu208mdabu96',
  'accept-language' => 'zh-CN,zh;q=0.8',
  'accept-encoding' => 'gzip, deflate, sdch, br',
  'referer' => 'http://localhost/medias/public/index.php/admin/project/show.html',
  'accept' => 'text/html,application/xhtml+xml,application/xml;q=0.9,image/webp,*/*;q=0.8',
  'user-agent' => 'Mozilla/5.0 (Windows NT 10.0; WOW64) AppleWebKit/537.36 (KHTML, like Gecko) Chrome/56.0.2924.87 Safari/537.36',
  'upgrade-insecure-requests' => '1',
  'connection' => 'keep-alive',
  'host' => 'localhost',
  'content-length' => '',
  'content-type' => '',
)
[ info ] [ PARAM ] array (
  'id' => '32',
)
[ info ] [ SESSION ] INIT array (
  'id' => '',
  'var_session_id' => '',
  'prefix' => 'think',
  'type' => '',
  'auto_start' => true,
)
[ info ] [ RUN ] app\admin\controller\Dealer->show[ D:\rar\phpstudy\WWW\medias\application\admin\controller\Dealer.php ]
[ info ] [ DB ] INIT mysql
[ info ] [ LOG ] INIT File
[ sql ] [ DB ] CONNECT:[ UseTime:0.000708s ] mysql:dbname=media;host=127.0.0.1;port=3306;charset=utf8
[ sql ] [ SQL ] SHOW COLUMNS FROM `zt_allpro` [ RunTime:0.006813s ]
[ sql ] [ SQL ] SELECT * FROM `zt_allpro` WHERE  `proid` = 32   [ RunTime:0.000320s ]
[ sql ] [ SQL ] SHOW COLUMNS FROM `zt_user_dealer` [ RunTime:0.007054s ]
[ sql ] [ SQL ] SELECT COUNT(*) AS tp_count FROM `zt_user_dealer` `d` LEFT JOIN `zt_brand` `c` ON `d`.`car_series_id`=`c`.`brand_id` LEFT JOIN `zt_project` `p` ON `d`.`project_id`=`p`.`id` LEFT JOIN `zt_lotuser` `m` ON `m`.`userid`=`d`.`dealer_id` WHERE  `d`.`project_id` = 32  AND `d`.`whreg` = 1 ORDER BY dealer_id desc  LIMIT 1   [ RunTime:45.123935s ]
[ sql ] [ SQL ] SELECT `d`.`dealer_id`,`d`.`project_id`,`d`.`name`,`d`.`sex`,`d`.`phone`,`d`.`car_time`,`d`.`dealer_name`,`d`.`car_series_id`,`d`.`time`,d.buy_car_time as lotname FROM `zt_user_dealer` `d` LEFT JOIN `zt_brand` `c` ON `d`.`car_series_id`=`c`.`brand_id` LEFT JOIN `zt_project` `p` ON `d`.`project_id`=`p`.`id` LEFT JOIN `zt_lotuser` `m` ON `m`.`userid`=`d`.`dealer_id` WHERE  `d`.`project_id` = 32  AND `d`.`whreg` = 1 ORDER BY dealer_id desc  LIMIT 0,20   [ RunTime:45.595391s ]
[ sql ] [ SQL ] SHOW COLUMNS FROM `zt_project` [ RunTime:0.007733s ]
[ sql ] [ SQL ] SELECT `id`,`project_name` FROM `zt_project` WHERE  `id` = 32   [ RunTime:0.000309s ]

---------------------------------------------------------------
