[ 2017-06-09T10:21:37+08:00 ] 127.0.0.1 127.0.0.1 GET /medias/public/index.php
[ log ] localhost/medias/public/index.php [运行时间：0.069123s][吞吐率：14.47req/s] [内存消耗：1,026.25kb] [文件加载：36]
[ info ] [ LANG ] D:\rar\phpstudy\WWW\medias\thinkphp\lang\zh-cn.php
[ info ] [ ROUTE ] array (
  'type' => 'module',
  'module' => 
  array (
    0 => '',
    1 => NULL,
    2 => NULL,
  ),
)
[ info ] [ HEADER ] array (
  'cookie' => 'Hm_lvt_f7837cdb3a52632e3ab0c97029d9c19d=1490265823; Hm_lvt_0f9c7b195f0b86ba1118656d4a142474=1490606547; cna=BLM+EVhwMW0CASebnorWKGr1; Hm_lvt_8ec9c91b90c7c95b8a61831bd25de969=1493196656,1493363203; Hm_lvt_9b892b9b49ee5115c47c4c076c7483f8=1493797349; Hm_lvt_7e1b991d14eb5047e1f521cd606b8f00=1494230939,1495849992; Hm_lvt_add096930b07acc951facf60f1bf5db9=1496739940; Hm_lvt_b6e20c79cdc60f1fee68b2b72b0585ca=1496891967',
  'accept-language' => 'zh-CN,zh;q=0.8',
  'accept-encoding' => 'gzip, deflate, sdch, br',
  'accept' => 'text/html,application/xhtml+xml,application/xml;q=0.9,image/webp,*/*;q=0.8',
  'user-agent' => 'Mozilla/5.0 (Windows NT 10.0; Win64; x64) AppleWebKit/537.36 (KHTML, like Gecko) Chrome/58.0.3029.110 Safari/537.36',
  'upgrade-insecure-requests' => '1',
  'cache-control' => 'max-age=0',
  'connection' => 'keep-alive',
  'host' => 'localhost',
  'content-length' => '',
  'content-type' => '',
)
[ info ] [ PARAM ] array (
)
[ info ] [ SESSION ] INIT array (
  'id' => '',
  'var_session_id' => '',
  'prefix' => 'think',
  'type' => '',
  'auto_start' => true,
)
[ info ] [ LOG ] INIT File

---------------------------------------------------------------
[ 2017-06-09T10:21:37+08:00 ] 127.0.0.1 127.0.0.1 GET /medias/public/index.php/admin/login/index.html
[ log ] localhost/medias/public/index.php/admin/login/index.html [运行时间：0.032518s][吞吐率：30.75req/s] [内存消耗：1,012.63kb] [文件加载：34]
[ info ] [ LANG ] D:\rar\phpstudy\WWW\medias\thinkphp\lang\zh-cn.php
[ info ] [ ROUTE ] array (
  'type' => 'module',
  'module' => 
  array (
    0 => 'admin',
    1 => 'login',
    2 => 'index',
  ),
)
[ info ] [ HEADER ] array (
  'cookie' => 'Hm_lvt_f7837cdb3a52632e3ab0c97029d9c19d=1490265823; Hm_lvt_0f9c7b195f0b86ba1118656d4a142474=1490606547; cna=BLM+EVhwMW0CASebnorWKGr1; Hm_lvt_8ec9c91b90c7c95b8a61831bd25de969=1493196656,1493363203; Hm_lvt_9b892b9b49ee5115c47c4c076c7483f8=1493797349; Hm_lvt_7e1b991d14eb5047e1f521cd606b8f00=1494230939,1495849992; Hm_lvt_add096930b07acc951facf60f1bf5db9=1496739940; Hm_lvt_b6e20c79cdc60f1fee68b2b72b0585ca=1496891967; PHPSESSID=eg2tf457secnrd2mojj80t7dl0',
  'accept-language' => 'zh-CN,zh;q=0.8',
  'accept-encoding' => 'gzip, deflate, sdch, br',
  'accept' => 'text/html,application/xhtml+xml,application/xml;q=0.9,image/webp,*/*;q=0.8',
  'user-agent' => 'Mozilla/5.0 (Windows NT 10.0; Win64; x64) AppleWebKit/537.36 (KHTML, like Gecko) Chrome/58.0.3029.110 Safari/537.36',
  'upgrade-insecure-requests' => '1',
  'cache-control' => 'max-age=0',
  'connection' => 'keep-alive',
  'host' => 'localhost',
  'content-length' => '',
  'content-type' => '',
)
[ info ] [ PARAM ] array (
)
[ info ] [ RUN ] app\admin\controller\Login->index[ D:\rar\phpstudy\WWW\medias\application\admin\controller\Login.php ]
[ info ] [ VIEW ] D:\rar\phpstudy\WWW\medias\public/../application/admin\view\login\login.html [ array (
) ]
[ info ] [ LOG ] INIT File

---------------------------------------------------------------
[ 2017-06-09T10:21:38+08:00 ] 127.0.0.1 127.0.0.1 OPTIONS /medias/public/index.php/admin/login/login.html
[ log ] 127.0.0.1/medias/public/index.php/admin/login/login.html [运行时间：0.062677s][吞吐率：15.95req/s] [内存消耗：1,530.11kb] [文件加载：40]
[ info ] [ LANG ] D:\rar\phpstudy\WWW\medias\thinkphp\lang\zh-cn.php
[ info ] [ ROUTE ] array (
  'type' => 'module',
  'module' => 
  array (
    0 => 'admin',
    1 => 'login',
    2 => 'login',
  ),
)
[ info ] [ HEADER ] array (
  'accept-language' => 'zh-CN,zh;q=0.8',
  'accept-encoding' => 'gzip, deflate, sdch, br',
  'referer' => 'http://localhost/medias/public/index.php/admin/login/index.html',
  'accept' => '*/*',
  'access-control-request-headers' => 'x-requested-with',
  'user-agent' => 'Mozilla/5.0 (Windows NT 10.0; Win64; x64) AppleWebKit/537.36 (KHTML, like Gecko) Chrome/58.0.3029.110 Safari/537.36',
  'origin' => 'http://localhost',
  'access-control-request-method' => 'POST',
  'connection' => 'keep-alive',
  'host' => '127.0.0.1',
  'content-length' => '',
  'content-type' => '',
)
[ info ] [ PARAM ] array (
)
[ info ] [ RUN ] app\admin\controller\Login->login[ D:\rar\phpstudy\WWW\medias\application\admin\controller\Login.php ]
[ info ] [ DB ] INIT mysql
[ info ] [ VIEW ] D:\rar\phpstudy\WWW\medias\public/../application/admin\view\login\login.html [ array (
) ]
[ info ] [ LOG ] INIT File

---------------------------------------------------------------
[ 2017-06-09T10:21:40+08:00 ] 127.0.0.1 127.0.0.1 POST /medias/public/index.php/admin/login/loginsong.html
[ log ] 127.0.0.1/medias/public/index.php/admin/login/loginsong.html [运行时间：0.146702s][吞吐率：6.82req/s] [内存消耗：1,733.09kb] [文件加载：44]
[ info ] [ LANG ] D:\rar\phpstudy\WWW\medias\thinkphp\lang\zh-cn.php
[ info ] [ ROUTE ] array (
  'type' => 'module',
  'module' => 
  array (
    0 => 'admin',
    1 => 'login',
    2 => 'loginsong',
  ),
)
[ info ] [ HEADER ] array (
  'cookie' => 'Hm_lvt_7e1b991d14eb5047e1f521cd606b8f00=1495784905,1496214821,1496223851',
  'accept-language' => 'zh-CN,zh;q=0.8',
  'accept-encoding' => 'gzip, deflate, br',
  'referer' => 'http://localhost/medias/public/index.php/admin/login/index.html',
  'accept' => 'text/html,application/xhtml+xml,application/xml;q=0.9,image/webp,*/*;q=0.8',
  'content-type' => 'application/x-www-form-urlencoded',
  'user-agent' => 'Mozilla/5.0 (Windows NT 10.0; Win64; x64) AppleWebKit/537.36 (KHTML, like Gecko) Chrome/58.0.3029.110 Safari/537.36',
  'upgrade-insecure-requests' => '1',
  'origin' => 'http://localhost',
  'cache-control' => 'max-age=0',
  'content-length' => '30',
  'connection' => 'keep-alive',
  'host' => '127.0.0.1',
)
[ info ] [ PARAM ] array (
  'username' => 'admin',
  'password' => '555666',
)
[ info ] [ RUN ] app\admin\controller\Login->loginsong[ D:\rar\phpstudy\WWW\medias\application\admin\controller\Login.php ]
[ info ] [ DB ] INIT mysql
[ info ] [ SESSION ] INIT array (
  'id' => '',
  'var_session_id' => '',
  'prefix' => 'think',
  'type' => '',
  'auto_start' => true,
)
[ info ] [ DB ] INIT mysql
[ info ] [ LOG ] INIT File
[ sql ] [ DB ] CONNECT:[ UseTime:0.001171s ] mysql:dbname=media;host=127.0.0.1;port=3306;charset=utf8
[ sql ] [ SQL ] SHOW COLUMNS FROM `zt_admin` [ RunTime:0.058575s ]
[ sql ] [ SQL ] SELECT * FROM `zt_admin` WHERE  `username` = 'admin' LIMIT 1    [ RunTime:0.000539s ]
[ sql ] [ SQL ] SHOW COLUMNS FROM `zt_auth_group` [ RunTime:0.014888s ]
[ sql ] [ SQL ] SELECT * FROM `zt_auth_group` WHERE  `id` = 1 LIMIT 1    [ RunTime:0.007334s ]
[ sql ] [ SQL ] SHOW COLUMNS FROM `zt_auth_rule` [ RunTime:0.015703s ]
[ sql ] [ SQL ] SELECT `name` FROM `zt_auth_rule`  [ RunTime:0.000526s ]
[ sql ] [ SQL ] UPDATE `zt_admin`  SET `loginnum`=250,`last_login_ip`='127.0.0.1',`last_login_time`=1496974900  WHERE  `user_id` = 1       [ RunTime:0.000368s ]
[ sql ] [ DB ] CONNECT:[ UseTime:0.000870s ] mysql:dbname=media;host=127.0.0.1;port=3306;charset=utf8
[ sql ] [ SQL ] SHOW COLUMNS FROM `zt_log` [ RunTime:0.019724s ]
[ sql ] [ SQL ] INSERT INTO `zt_log` (`admin_id` , `admin_name` , `description` , `status` , `ip` , `add_time`) VALUES (1 , 'admin' , '用户【admin】登录成功' , 1 , '127.0.0.1' , 1496974900)        [ RunTime:0.000357s ]

---------------------------------------------------------------
[ 2017-06-09T10:21:40+08:00 ] 127.0.0.1 127.0.0.1 GET /medias/public/index.php/admin/index/index.html
[ log ] 127.0.0.1/medias/public/index.php/admin/index/index.html [运行时间：0.048441s][吞吐率：20.64req/s] [内存消耗：1,745.16kb] [文件加载：45]
[ info ] [ LANG ] D:\rar\phpstudy\WWW\medias\thinkphp\lang\zh-cn.php
[ info ] [ ROUTE ] array (
  'type' => 'module',
  'module' => 
  array (
    0 => 'admin',
    1 => 'index',
    2 => 'index',
  ),
)
[ info ] [ HEADER ] array (
  'cookie' => 'Hm_lvt_7e1b991d14eb5047e1f521cd606b8f00=1495784905,1496214821,1496223851; PHPSESSID=hacafh34b7itf0jag1b2p049s4',
  'accept-language' => 'zh-CN,zh;q=0.8',
  'accept-encoding' => 'gzip, deflate, sdch, br',
  'referer' => 'http://localhost/medias/public/index.php/admin/login/index.html',
  'accept' => 'text/html,application/xhtml+xml,application/xml;q=0.9,image/webp,*/*;q=0.8',
  'user-agent' => 'Mozilla/5.0 (Windows NT 10.0; Win64; x64) AppleWebKit/537.36 (KHTML, like Gecko) Chrome/58.0.3029.110 Safari/537.36',
  'upgrade-insecure-requests' => '1',
  'cache-control' => 'max-age=0',
  'connection' => 'keep-alive',
  'host' => '127.0.0.1',
  'content-length' => '',
  'content-type' => '',
)
[ info ] [ PARAM ] array (
)
[ info ] [ SESSION ] INIT array (
  'id' => '',
  'var_session_id' => '',
  'prefix' => 'think',
  'type' => '',
  'auto_start' => true,
)
[ info ] [ RUN ] app\admin\controller\Index->index[ D:\rar\phpstudy\WWW\medias\application\admin\controller\Index.php ]
[ info ] [ DB ] INIT mysql
[ info ] [ VIEW ] D:\rar\phpstudy\WWW\medias\public/../application/admin\view\index\index.html [ array (
) ]
[ info ] [ LOG ] INIT File
[ sql ] [ DB ] CONNECT:[ UseTime:0.000590s ] mysql:dbname=media;host=127.0.0.1;port=3306;charset=utf8
[ sql ] [ SQL ] SHOW COLUMNS FROM `zt_admin` [ RunTime:0.008055s ]
[ sql ] [ SQL ] SELECT * FROM `zt_admin` `a` INNER JOIN `zt_auth_group` `g` ON `a`.`groupid`=`g`.`id` WHERE  `a`.`user_id` = 1  [ RunTime:0.000566s ]

---------------------------------------------------------------
[ 2017-06-09T10:21:40+08:00 ] 127.0.0.1 127.0.0.1 GET /medias/public/index.php/admin/index/top.html
[ log ] 127.0.0.1/medias/public/index.php/admin/index/top.html [运行时间：0.033068s][吞吐率：30.24req/s] [内存消耗：1,035.85kb] [文件加载：36]
[ info ] [ LANG ] D:\rar\phpstudy\WWW\medias\thinkphp\lang\zh-cn.php
[ info ] [ ROUTE ] array (
  'type' => 'module',
  'module' => 
  array (
    0 => 'admin',
    1 => 'index',
    2 => 'top',
  ),
)
[ info ] [ HEADER ] array (
  'cookie' => 'Hm_lvt_7e1b991d14eb5047e1f521cd606b8f00=1495784905,1496214821,1496223851; PHPSESSID=hacafh34b7itf0jag1b2p049s4',
  'accept-language' => 'zh-CN,zh;q=0.8',
  'accept-encoding' => 'gzip, deflate, sdch, br',
  'referer' => 'http://127.0.0.1/medias/public/index.php/admin/index/index.html',
  'accept' => 'text/html,application/xhtml+xml,application/xml;q=0.9,image/webp,*/*;q=0.8',
  'user-agent' => 'Mozilla/5.0 (Windows NT 10.0; Win64; x64) AppleWebKit/537.36 (KHTML, like Gecko) Chrome/58.0.3029.110 Safari/537.36',
  'upgrade-insecure-requests' => '1',
  'connection' => 'keep-alive',
  'host' => '127.0.0.1',
  'content-length' => '',
  'content-type' => '',
)
[ info ] [ PARAM ] array (
)
[ info ] [ SESSION ] INIT array (
  'id' => '',
  'var_session_id' => '',
  'prefix' => 'think',
  'type' => '',
  'auto_start' => true,
)
[ info ] [ RUN ] app\admin\controller\Index->top[ D:\rar\phpstudy\WWW\medias\application\admin\controller\Index.php ]
[ info ] [ VIEW ] D:\rar\phpstudy\WWW\medias\public/../application/admin\view\index\top.html [ array (
  0 => 'UserName',
  1 => 'UserId',
) ]
[ info ] [ LOG ] INIT File

---------------------------------------------------------------
[ 2017-06-09T10:21:40+08:00 ] 127.0.0.1 127.0.0.1 GET /medias/public/index.php/admin/index/menu.html
[ log ] 127.0.0.1/medias/public/index.php/admin/index/menu.html [运行时间：0.054218s][吞吐率：18.44req/s] [内存消耗：1,748.97kb] [文件加载：45]
[ info ] [ LANG ] D:\rar\phpstudy\WWW\medias\thinkphp\lang\zh-cn.php
[ info ] [ ROUTE ] array (
  'type' => 'module',
  'module' => 
  array (
    0 => 'admin',
    1 => 'index',
    2 => 'menu',
  ),
)
[ info ] [ HEADER ] array (
  'cookie' => 'Hm_lvt_7e1b991d14eb5047e1f521cd606b8f00=1495784905,1496214821,1496223851; PHPSESSID=hacafh34b7itf0jag1b2p049s4',
  'accept-language' => 'zh-CN,zh;q=0.8',
  'accept-encoding' => 'gzip, deflate, sdch, br',
  'referer' => 'http://127.0.0.1/medias/public/index.php/admin/index/index.html',
  'accept' => 'text/html,application/xhtml+xml,application/xml;q=0.9,image/webp,*/*;q=0.8',
  'user-agent' => 'Mozilla/5.0 (Windows NT 10.0; Win64; x64) AppleWebKit/537.36 (KHTML, like Gecko) Chrome/58.0.3029.110 Safari/537.36',
  'upgrade-insecure-requests' => '1',
  'connection' => 'keep-alive',
  'host' => '127.0.0.1',
  'content-length' => '',
  'content-type' => '',
)
[ info ] [ PARAM ] array (
)
[ info ] [ SESSION ] INIT array (
  'id' => '',
  'var_session_id' => '',
  'prefix' => 'think',
  'type' => '',
  'auto_start' => true,
)
[ info ] [ RUN ] app\admin\controller\Index->menu[ D:\rar\phpstudy\WWW\medias\application\admin\controller\Index.php ]
[ info ] [ DB ] INIT mysql
[ info ] [ VIEW ] D:\rar\phpstudy\WWW\medias\public/../application/admin\view\index\menu.html [ array (
  0 => 'menuarr',
) ]
[ info ] [ LOG ] INIT File
[ sql ] [ DB ] CONNECT:[ UseTime:0.000520s ] mysql:dbname=media;host=127.0.0.1;port=3306;charset=utf8
[ sql ] [ SQL ] SHOW COLUMNS FROM `zt_admin` [ RunTime:0.008126s ]
[ sql ] [ SQL ] SELECT `a`.`user_id`,`b`.`rules` FROM `zt_admin` `a` LEFT JOIN `zt_auth_group` `b` ON `a`.`groupid`=`b`.`id` WHERE  `a`.`user_id` = 1  [ RunTime:0.000252s ]
[ sql ] [ SQL ] SHOW COLUMNS FROM `zt_auth_rule` [ RunTime:0.008689s ]
[ sql ] [ SQL ] SELECT `id`,`name`,`title` FROM `zt_auth_rule` WHERE  `pid` = 0 ORDER BY sort   [ RunTime:0.000320s ]
[ sql ] [ SQL ] SELECT `id`,`name`,`title` FROM `zt_auth_rule` WHERE  `pid` = 26 ORDER BY sort   [ RunTime:0.000243s ]
[ sql ] [ SQL ] SELECT `id`,`name`,`title` FROM `zt_auth_rule` WHERE  `pid` = 118 ORDER BY sort   [ RunTime:0.000216s ]
[ sql ] [ SQL ] SELECT `id`,`name`,`title` FROM `zt_auth_rule` WHERE  `pid` = 121 ORDER BY sort   [ RunTime:0.000215s ]
[ sql ] [ SQL ] SELECT `id`,`name`,`title` FROM `zt_auth_rule` WHERE  `pid` = 122 ORDER BY sort   [ RunTime:0.000346s ]
[ sql ] [ SQL ] SELECT `id`,`name`,`title` FROM `zt_auth_rule` WHERE  `pid` = 13 ORDER BY sort   [ RunTime:0.000310s ]
[ sql ] [ SQL ] SELECT `id`,`name`,`title` FROM `zt_auth_rule` WHERE  `pid` = 5 ORDER BY sort   [ RunTime:0.000285s ]
[ sql ] [ SQL ] SELECT `id`,`name`,`title` FROM `zt_auth_rule` WHERE  `pid` = 1 ORDER BY sort   [ RunTime:0.000297s ]

---------------------------------------------------------------
[ 2017-06-09T10:21:40+08:00 ] 127.0.0.1 127.0.0.1 GET /medias/public/index.php/admin/index/main.html
[ log ] 127.0.0.1/medias/public/index.php/admin/index/main.html [运行时间：0.045669s][吞吐率：21.90req/s] [内存消耗：991.46kb] [文件加载：35]
[ info ] [ LANG ] D:\rar\phpstudy\WWW\medias\thinkphp\lang\zh-cn.php
[ info ] [ ROUTE ] array (
  'type' => 'module',
  'module' => 
  array (
    0 => 'admin',
    1 => 'index',
    2 => 'main',
  ),
)
[ info ] [ HEADER ] array (
  'cookie' => 'Hm_lvt_7e1b991d14eb5047e1f521cd606b8f00=1495784905,1496214821,1496223851; PHPSESSID=hacafh34b7itf0jag1b2p049s4',
  'accept-language' => 'zh-CN,zh;q=0.8',
  'accept-encoding' => 'gzip, deflate, sdch, br',
  'referer' => 'http://127.0.0.1/medias/public/index.php/admin/index/index.html',
  'accept' => 'text/html,application/xhtml+xml,application/xml;q=0.9,image/webp,*/*;q=0.8',
  'user-agent' => 'Mozilla/5.0 (Windows NT 10.0; Win64; x64) AppleWebKit/537.36 (KHTML, like Gecko) Chrome/58.0.3029.110 Safari/537.36',
  'upgrade-insecure-requests' => '1',
  'connection' => 'keep-alive',
  'host' => '127.0.0.1',
  'content-length' => '',
  'content-type' => '',
)
[ info ] [ PARAM ] array (
)
[ info ] [ SESSION ] INIT array (
  'id' => '',
  'var_session_id' => '',
  'prefix' => 'think',
  'type' => '',
  'auto_start' => true,
)
[ info ] [ RUN ] app\admin\controller\Index->main[ D:\rar\phpstudy\WWW\medias\application\admin\controller\Index.php ]
[ info ] [ VIEW ] D:\rar\phpstudy\WWW\medias\public/../application/admin\view\index\main.html [ array (
) ]
[ info ] [ LOG ] INIT File

---------------------------------------------------------------
[ 2017-06-09T10:21:44+08:00 ] 127.0.0.1 127.0.0.1 GET /medias/public/index.php/admin/excel/putin.html
[ log ] 127.0.0.1/medias/public/index.php/admin/excel/putin.html [运行时间：0.018305s][吞吐率：54.63req/s] [内存消耗：1,094.51kb] [文件加载：34]
[ info ] [ LANG ] D:\rar\phpstudy\WWW\medias\thinkphp\lang\zh-cn.php
[ info ] [ ROUTE ] array (
  'type' => 'module',
  'module' => 
  array (
    0 => 'admin',
    1 => 'excel',
    2 => 'putin',
  ),
)
[ info ] [ HEADER ] array (
  'cookie' => 'Hm_lvt_7e1b991d14eb5047e1f521cd606b8f00=1495784905,1496214821,1496223851; PHPSESSID=hacafh34b7itf0jag1b2p049s4',
  'accept-language' => 'zh-CN,zh;q=0.8',
  'accept-encoding' => 'gzip, deflate, sdch, br',
  'referer' => 'http://127.0.0.1/medias/public/index.php/admin/index/menu.html',
  'accept' => 'text/html,application/xhtml+xml,application/xml;q=0.9,image/webp,*/*;q=0.8',
  'user-agent' => 'Mozilla/5.0 (Windows NT 10.0; Win64; x64) AppleWebKit/537.36 (KHTML, like Gecko) Chrome/58.0.3029.110 Safari/537.36',
  'upgrade-insecure-requests' => '1',
  'connection' => 'keep-alive',
  'host' => '127.0.0.1',
  'content-length' => '',
  'content-type' => '',
)
[ info ] [ PARAM ] array (
)
[ info ] [ RUN ] app\admin\controller\Excel->Putin[ D:\rar\phpstudy\WWW\medias\application\admin\controller\Excel.php ]
[ info ] [ VIEW ] D:\rar\phpstudy\WWW\medias\public/../application/admin\view\excel\putin.html [ array (
) ]
[ info ] [ LOG ] INIT File

---------------------------------------------------------------
[ 2017-06-09T10:21:51+08:00 ] 127.0.0.1 127.0.0.1 GET /medias/public/index.php/admin/cityact/citylist.html
[ log ] 127.0.0.1/medias/public/index.php/admin/cityact/citylist.html [运行时间：0.172770s][吞吐率：5.79req/s] [内存消耗：2,314.64kb] [文件加载：45]
[ info ] [ LANG ] D:\rar\phpstudy\WWW\medias\thinkphp\lang\zh-cn.php
[ info ] [ ROUTE ] array (
  'type' => 'module',
  'module' => 
  array (
    0 => 'admin',
    1 => 'cityact',
    2 => 'citylist',
  ),
)
[ info ] [ HEADER ] array (
  'cookie' => 'Hm_lvt_7e1b991d14eb5047e1f521cd606b8f00=1495784905,1496214821,1496223851; PHPSESSID=hacafh34b7itf0jag1b2p049s4',
  'accept-language' => 'zh-CN,zh;q=0.8',
  'accept-encoding' => 'gzip, deflate, sdch, br',
  'referer' => 'http://127.0.0.1/medias/public/index.php/admin/index/menu.html',
  'accept' => 'text/html,application/xhtml+xml,application/xml;q=0.9,image/webp,*/*;q=0.8',
  'user-agent' => 'Mozilla/5.0 (Windows NT 10.0; Win64; x64) AppleWebKit/537.36 (KHTML, like Gecko) Chrome/58.0.3029.110 Safari/537.36',
  'upgrade-insecure-requests' => '1',
  'connection' => 'keep-alive',
  'host' => '127.0.0.1',
  'content-length' => '',
  'content-type' => '',
)
[ info ] [ PARAM ] array (
)
[ info ] [ SESSION ] INIT array (
  'id' => '',
  'var_session_id' => '',
  'prefix' => 'think',
  'type' => '',
  'auto_start' => true,
)
[ info ] [ RUN ] app\admin\controller\Cityact->citylist[ D:\rar\phpstudy\WWW\medias\application\admin\controller\Cityact.php ]
[ info ] [ DB ] INIT mysql
[ info ] [ VIEW ] D:\rar\phpstudy\WWW\medias\public/../application/admin\view\cityact\citylist.html [ array (
  0 => 'zmlist',
  1 => 'procity',
  2 => 'proii',
) ]
[ info ] [ LOG ] INIT File
[ sql ] [ DB ] CONNECT:[ UseTime:0.000635s ] mysql:dbname=media;host=127.0.0.1;port=3306;charset=utf8
[ sql ] [ SQL ] SHOW COLUMNS FROM `zt_allcity` [ RunTime:0.058507s ]
[ sql ] [ SQL ] SELECT `cityid`,`cityname`,`initial` FROM `zt_allcity` WHERE  `level` = 0 ORDER BY initial   [ RunTime:0.001372s ]
[ sql ] [ SQL ] SELECT `a`.`cityid`,`a`.`cityname`,`a`.`status`,`b`.`begtime`,`b`.`endtime`,`b`.`address`,`b`.`fzrname`,`b`.`waiting` FROM `zt_allcity` `a` LEFT JOIN `zt_allcbhact` `b` ON `a`.`cityid`=`b`.`cityid` WHERE  `a`.`parentid` = 1  [ RunTime:0.027816s ]
[ sql ] [ SQL ] SELECT `a`.`cityid`,`a`.`cityname`,`a`.`status`,`b`.`begtime`,`b`.`endtime`,`b`.`address`,`b`.`fzrname`,`b`.`waiting` FROM `zt_allcity` `a` LEFT JOIN `zt_allcbhact` `b` ON `a`.`cityid`=`b`.`cityid` WHERE  `a`.`parentid` = 820000  [ RunTime:0.001032s ]
[ sql ] [ SQL ] SELECT `a`.`cityid`,`a`.`cityname`,`a`.`status`,`b`.`begtime`,`b`.`endtime`,`b`.`address`,`b`.`fzrname`,`b`.`waiting` FROM `zt_allcity` `a` LEFT JOIN `zt_allcbhact` `b` ON `a`.`cityid`=`b`.`cityid` WHERE  `a`.`parentid` = 2  [ RunTime:0.000756s ]
[ sql ] [ SQL ] SELECT `a`.`cityid`,`a`.`cityname`,`a`.`status`,`b`.`begtime`,`b`.`endtime`,`b`.`address`,`b`.`fzrname`,`b`.`waiting` FROM `zt_allcity` `a` LEFT JOIN `zt_allcbhact` `b` ON `a`.`cityid`=`b`.`cityid` WHERE  `a`.`parentid` = 31  [ RunTime:0.000731s ]
[ sql ] [ SQL ] SELECT `a`.`cityid`,`a`.`cityname`,`a`.`status`,`b`.`begtime`,`b`.`endtime`,`b`.`address`,`b`.`fzrname`,`b`.`waiting` FROM `zt_allcity` `a` LEFT JOIN `zt_allcbhact` `b` ON `a`.`cityid`=`b`.`cityid` WHERE  `a`.`parentid` = 3  [ RunTime:0.000813s ]
[ sql ] [ SQL ] SELECT `a`.`cityid`,`a`.`cityname`,`a`.`status`,`b`.`begtime`,`b`.`endtime`,`b`.`address`,`b`.`fzrname`,`b`.`waiting` FROM `zt_allcity` `a` LEFT JOIN `zt_allcbhact` `b` ON `a`.`cityid`=`b`.`cityid` WHERE  `a`.`parentid` = 6  [ RunTime:0.000993s ]
[ sql ] [ SQL ] SELECT `a`.`cityid`,`a`.`cityname`,`a`.`status`,`b`.`begtime`,`b`.`endtime`,`b`.`address`,`b`.`fzrname`,`b`.`waiting` FROM `zt_allcity` `a` LEFT JOIN `zt_allcbhact` `b` ON `a`.`cityid`=`b`.`cityid` WHERE  `a`.`parentid` = 7  [ RunTime:0.000810s ]
[ sql ] [ SQL ] SELECT `a`.`cityid`,`a`.`cityname`,`a`.`status`,`b`.`begtime`,`b`.`endtime`,`b`.`address`,`b`.`fzrname`,`b`.`waiting` FROM `zt_allcity` `a` LEFT JOIN `zt_allcbhact` `b` ON `a`.`cityid`=`b`.`cityid` WHERE  `a`.`parentid` = 4  [ RunTime:0.000947s ]
[ sql ] [ SQL ] SELECT `a`.`cityid`,`a`.`cityname`,`a`.`status`,`b`.`begtime`,`b`.`endtime`,`b`.`address`,`b`.`fzrname`,`b`.`waiting` FROM `zt_allcity` `a` LEFT JOIN `zt_allcbhact` `b` ON `a`.`cityid`=`b`.`cityid` WHERE  `a`.`parentid` = 5  [ RunTime:0.001022s ]
[ sql ] [ SQL ] SELECT `a`.`cityid`,`a`.`cityname`,`a`.`status`,`b`.`begtime`,`b`.`endtime`,`b`.`address`,`b`.`fzrname`,`b`.`waiting` FROM `zt_allcity` `a` LEFT JOIN `zt_allcbhact` `b` ON `a`.`cityid`=`b`.`cityid` WHERE  `a`.`parentid` = 13  [ RunTime:0.000925s ]
[ sql ] [ SQL ] SELECT `a`.`cityid`,`a`.`cityname`,`a`.`status`,`b`.`begtime`,`b`.`endtime`,`b`.`address`,`b`.`fzrname`,`b`.`waiting` FROM `zt_allcity` `a` LEFT JOIN `zt_allcbhact` `b` ON `a`.`cityid`=`b`.`cityid` WHERE  `a`.`parentid` = 12  [ RunTime:0.000991s ]
[ sql ] [ SQL ] SELECT `a`.`cityid`,`a`.`cityname`,`a`.`status`,`b`.`begtime`,`b`.`endtime`,`b`.`address`,`b`.`fzrname`,`b`.`waiting` FROM `zt_allcity` `a` LEFT JOIN `zt_allcbhact` `b` ON `a`.`cityid`=`b`.`cityid` WHERE  `a`.`parentid` = 10  [ RunTime:0.001477s ]
[ sql ] [ SQL ] SELECT `a`.`cityid`,`a`.`cityname`,`a`.`status`,`b`.`begtime`,`b`.`endtime`,`b`.`address`,`b`.`fzrname`,`b`.`waiting` FROM `zt_allcity` `a` LEFT JOIN `zt_allcbhact` `b` ON `a`.`cityid`=`b`.`cityid` WHERE  `a`.`parentid` = 9  [ RunTime:0.001303s ]
[ sql ] [ SQL ] SELECT `a`.`cityid`,`a`.`cityname`,`a`.`status`,`b`.`begtime`,`b`.`endtime`,`b`.`address`,`b`.`fzrname`,`b`.`waiting` FROM `zt_allcity` `a` LEFT JOIN `zt_allcbhact` `b` ON `a`.`cityid`=`b`.`cityid` WHERE  `a`.`parentid` = 8  [ RunTime:0.001202s ]
[ sql ] [ SQL ] SELECT `a`.`cityid`,`a`.`cityname`,`a`.`status`,`b`.`begtime`,`b`.`endtime`,`b`.`address`,`b`.`fzrname`,`b`.`waiting` FROM `zt_allcity` `a` LEFT JOIN `zt_allcbhact` `b` ON `a`.`cityid`=`b`.`cityid` WHERE  `a`.`parentid` = 11  [ RunTime:0.001306s ]
[ sql ] [ SQL ] SELECT `a`.`cityid`,`a`.`cityname`,`a`.`status`,`b`.`begtime`,`b`.`endtime`,`b`.`address`,`b`.`fzrname`,`b`.`waiting` FROM `zt_allcity` `a` LEFT JOIN `zt_allcbhact` `b` ON `a`.`cityid`=`b`.`cityid` WHERE  `a`.`parentid` = 14  [ RunTime:0.001243s ]
[ sql ] [ SQL ] SELECT `a`.`cityid`,`a`.`cityname`,`a`.`status`,`b`.`begtime`,`b`.`endtime`,`b`.`address`,`b`.`fzrname`,`b`.`waiting` FROM `zt_allcity` `a` LEFT JOIN `zt_allcbhact` `b` ON `a`.`cityid`=`b`.`cityid` WHERE  `a`.`parentid` = 15  [ RunTime:0.001305s ]
[ sql ] [ SQL ] SELECT `a`.`cityid`,`a`.`cityname`,`a`.`status`,`b`.`begtime`,`b`.`endtime`,`b`.`address`,`b`.`fzrname`,`b`.`waiting` FROM `zt_allcity` `a` LEFT JOIN `zt_allcbhact` `b` ON `a`.`cityid`=`b`.`cityid` WHERE  `a`.`parentid` = 16  [ RunTime:0.000998s ]
[ sql ] [ SQL ] SELECT `a`.`cityid`,`a`.`cityname`,`a`.`status`,`b`.`begtime`,`b`.`endtime`,`b`.`address`,`b`.`fzrname`,`b`.`waiting` FROM `zt_allcity` `a` LEFT JOIN `zt_allcbhact` `b` ON `a`.`cityid`=`b`.`cityid` WHERE  `a`.`parentid` = 17  [ RunTime:0.001263s ]
[ sql ] [ SQL ] SELECT `a`.`cityid`,`a`.`cityname`,`a`.`status`,`b`.`begtime`,`b`.`endtime`,`b`.`address`,`b`.`fzrname`,`b`.`waiting` FROM `zt_allcity` `a` LEFT JOIN `zt_allcbhact` `b` ON `a`.`cityid`=`b`.`cityid` WHERE  `a`.`parentid` = 18  [ RunTime:0.000817s ]
[ sql ] [ SQL ] SELECT `a`.`cityid`,`a`.`cityname`,`a`.`status`,`b`.`begtime`,`b`.`endtime`,`b`.`address`,`b`.`fzrname`,`b`.`waiting` FROM `zt_allcity` `a` LEFT JOIN `zt_allcbhact` `b` ON `a`.`cityid`=`b`.`cityid` WHERE  `a`.`parentid` = 19  [ RunTime:0.000747s ]
[ sql ] [ SQL ] SELECT `a`.`cityid`,`a`.`cityname`,`a`.`status`,`b`.`begtime`,`b`.`endtime`,`b`.`address`,`b`.`fzrname`,`b`.`waiting` FROM `zt_allcity` `a` LEFT JOIN `zt_allcbhact` `b` ON `a`.`cityid`=`b`.`cityid` WHERE  `a`.`parentid` = 20  [ RunTime:0.000763s ]
[ sql ] [ SQL ] SELECT `a`.`cityid`,`a`.`cityname`,`a`.`status`,`b`.`begtime`,`b`.`endtime`,`b`.`address`,`b`.`fzrname`,`b`.`waiting` FROM `zt_allcity` `a` LEFT JOIN `zt_allcbhact` `b` ON `a`.`cityid`=`b`.`cityid` WHERE  `a`.`parentid` = 23  [ RunTime:0.001053s ]
[ sql ] [ SQL ] SELECT `a`.`cityid`,`a`.`cityname`,`a`.`status`,`b`.`begtime`,`b`.`endtime`,`b`.`address`,`b`.`fzrname`,`b`.`waiting` FROM `zt_allcity` `a` LEFT JOIN `zt_allcbhact` `b` ON `a`.`cityid`=`b`.`cityid` WHERE  `a`.`parentid` = 24  [ RunTime:0.000683s ]
[ sql ] [ SQL ] SELECT `a`.`cityid`,`a`.`cityname`,`a`.`status`,`b`.`begtime`,`b`.`endtime`,`b`.`address`,`b`.`fzrname`,`b`.`waiting` FROM `zt_allcity` `a` LEFT JOIN `zt_allcbhact` `b` ON `a`.`cityid`=`b`.`cityid` WHERE  `a`.`parentid` = 25  [ RunTime:0.000880s ]
[ sql ] [ SQL ] SELECT `a`.`cityid`,`a`.`cityname`,`a`.`status`,`b`.`begtime`,`b`.`endtime`,`b`.`address`,`b`.`fzrname`,`b`.`waiting` FROM `zt_allcity` `a` LEFT JOIN `zt_allcbhact` `b` ON `a`.`cityid`=`b`.`cityid` WHERE  `a`.`parentid` = 22  [ RunTime:0.000782s ]
[ sql ] [ SQL ] SELECT `a`.`cityid`,`a`.`cityname`,`a`.`status`,`b`.`begtime`,`b`.`endtime`,`b`.`address`,`b`.`fzrname`,`b`.`waiting` FROM `zt_allcity` `a` LEFT JOIN `zt_allcbhact` `b` ON `a`.`cityid`=`b`.`cityid` WHERE  `a`.`parentid` = 21  [ RunTime:0.001494s ]
[ sql ] [ SQL ] SELECT `a`.`cityid`,`a`.`cityname`,`a`.`status`,`b`.`begtime`,`b`.`endtime`,`b`.`address`,`b`.`fzrname`,`b`.`waiting` FROM `zt_allcity` `a` LEFT JOIN `zt_allcbhact` `b` ON `a`.`cityid`=`b`.`cityid` WHERE  `a`.`parentid` = 26  [ RunTime:0.001104s ]
[ sql ] [ SQL ] SELECT `a`.`cityid`,`a`.`cityname`,`a`.`status`,`b`.`begtime`,`b`.`endtime`,`b`.`address`,`b`.`fzrname`,`b`.`waiting` FROM `zt_allcity` `a` LEFT JOIN `zt_allcbhact` `b` ON `a`.`cityid`=`b`.`cityid` WHERE  `a`.`parentid` = 710000  [ RunTime:0.001079s ]
[ sql ] [ SQL ] SELECT `a`.`cityid`,`a`.`cityname`,`a`.`status`,`b`.`begtime`,`b`.`endtime`,`b`.`address`,`b`.`fzrname`,`b`.`waiting` FROM `zt_allcity` `a` LEFT JOIN `zt_allcbhact` `b` ON `a`.`cityid`=`b`.`cityid` WHERE  `a`.`parentid` = 810000  [ RunTime:0.001146s ]
[ sql ] [ SQL ] SELECT `a`.`cityid`,`a`.`cityname`,`a`.`status`,`b`.`begtime`,`b`.`endtime`,`b`.`address`,`b`.`fzrname`,`b`.`waiting` FROM `zt_allcity` `a` LEFT JOIN `zt_allcbhact` `b` ON `a`.`cityid`=`b`.`cityid` WHERE  `a`.`parentid` = 27  [ RunTime:0.001463s ]
[ sql ] [ SQL ] SELECT `a`.`cityid`,`a`.`cityname`,`a`.`status`,`b`.`begtime`,`b`.`endtime`,`b`.`address`,`b`.`fzrname`,`b`.`waiting` FROM `zt_allcity` `a` LEFT JOIN `zt_allcbhact` `b` ON `a`.`cityid`=`b`.`cityid` WHERE  `a`.`parentid` = 28  [ RunTime:0.001366s ]
[ sql ] [ SQL ] SELECT `a`.`cityid`,`a`.`cityname`,`a`.`status`,`b`.`begtime`,`b`.`endtime`,`b`.`address`,`b`.`fzrname`,`b`.`waiting` FROM `zt_allcity` `a` LEFT JOIN `zt_allcbhact` `b` ON `a`.`cityid`=`b`.`cityid` WHERE  `a`.`parentid` = 29  [ RunTime:0.001231s ]
[ sql ] [ SQL ] SELECT `a`.`cityid`,`a`.`cityname`,`a`.`status`,`b`.`begtime`,`b`.`endtime`,`b`.`address`,`b`.`fzrname`,`b`.`waiting` FROM `zt_allcity` `a` LEFT JOIN `zt_allcbhact` `b` ON `a`.`cityid`=`b`.`cityid` WHERE  `a`.`parentid` = 30  [ RunTime:0.000929s ]

---------------------------------------------------------------
[ 2017-06-09T10:21:52+08:00 ] 127.0.0.1 127.0.0.1 GET /medias/public/index.php/admin/chebaihui/cbhregall.html
[ log ] 127.0.0.1/medias/public/index.php/admin/chebaihui/cbhregall.html [运行时间：0.283293s][吞吐率：3.53req/s] [内存消耗：1,932.69kb] [文件加载：51]
[ info ] [ LANG ] D:\rar\phpstudy\WWW\medias\thinkphp\lang\zh-cn.php
[ info ] [ ROUTE ] array (
  'type' => 'module',
  'module' => 
  array (
    0 => 'admin',
    1 => 'chebaihui',
    2 => 'cbhregall',
  ),
)
[ info ] [ HEADER ] array (
  'cookie' => 'Hm_lvt_7e1b991d14eb5047e1f521cd606b8f00=1495784905,1496214821,1496223851; PHPSESSID=hacafh34b7itf0jag1b2p049s4',
  'accept-language' => 'zh-CN,zh;q=0.8',
  'accept-encoding' => 'gzip, deflate, sdch, br',
  'referer' => 'http://127.0.0.1/medias/public/index.php/admin/index/menu.html',
  'accept' => 'text/html,application/xhtml+xml,application/xml;q=0.9,image/webp,*/*;q=0.8',
  'user-agent' => 'Mozilla/5.0 (Windows NT 10.0; Win64; x64) AppleWebKit/537.36 (KHTML, like Gecko) Chrome/58.0.3029.110 Safari/537.36',
  'upgrade-insecure-requests' => '1',
  'connection' => 'keep-alive',
  'host' => '127.0.0.1',
  'content-length' => '',
  'content-type' => '',
)
[ info ] [ PARAM ] array (
)
[ info ] [ SESSION ] INIT array (
  'id' => '',
  'var_session_id' => '',
  'prefix' => 'think',
  'type' => '',
  'auto_start' => true,
)
[ info ] [ RUN ] app\admin\controller\Chebaihui->Cbhregall[ D:\rar\phpstudy\WWW\medias\application\admin\controller\Chebaihui.php ]
[ info ] [ DB ] INIT mysql
[ info ] [ VIEW ] D:\rar\phpstudy\WWW\medias\public/../application/admin\view\chebaihui\cbhregall.html [ array (
  0 => 'yxenews',
  1 => 'enewsid',
  2 => 'editopt',
  3 => 'proid',
  4 => 'delopt',
  5 => 'data',
  6 => 'page',
) ]
[ info ] [ LOG ] INIT File
[ sql ] [ DB ] CONNECT:[ UseTime:0.010270s ] mysql:dbname=media;host=127.0.0.1;port=3306;charset=utf8
[ sql ] [ SQL ] SHOW COLUMNS FROM `zt_cbh_reg` [ RunTime:0.063827s ]
[ sql ] [ SQL ] SELECT COUNT(*) AS tp_count FROM `zt_cbh_reg` `d` LEFT JOIN `zt_cbh_carserise` `c` ON `d`.`car_series_id`=`c`.`brand_id` WHERE  `d`.`whreg` = 1 ORDER BY d.dealer_id desc  LIMIT 1   [ RunTime:0.026390s ]
[ sql ] [ SQL ] SELECT `d`.`dealer_id`,`d`.`name`,`d`.`phone`,`d`.`from`,`d`.`car_time`,`c`.`brand_name`,`d`.`time`,`d`.`buy_car_time`,`d`.`localaddr`,`d`.`changeaddr` FROM `zt_cbh_reg` `d` LEFT JOIN `zt_cbh_carserise` `c` ON `d`.`car_series_id`=`c`.`brand_id` WHERE  `d`.`whreg` = 1 ORDER BY d.dealer_id desc  LIMIT 0,20   [ RunTime:0.000407s ]
[ sql ] [ SQL ] SHOW COLUMNS FROM `zt_buytime` [ RunTime:0.033158s ]
[ sql ] [ SQL ] SELECT `id`,`timename` FROM `zt_buytime`  [ RunTime:0.000295s ]
[ sql ] [ SQL ] SHOW COLUMNS FROM `zt_allcity` [ RunTime:0.007974s ]
[ sql ] [ SQL ] SELECT `cityid`,`cityname` FROM `zt_allcity` WHERE  `cityid` = 0   [ RunTime:0.000300s ]
[ sql ] [ SQL ] SELECT `cityid`,`cityname` FROM `zt_allcity` WHERE  `cityid` = 1501   [ RunTime:0.000260s ]
[ sql ] [ SQL ] SELECT `cityid`,`cityname` FROM `zt_allcity` WHERE  `cityid` = 0   [ RunTime:0.000214s ]
[ sql ] [ SQL ] SHOW COLUMNS FROM `zt_admin` [ RunTime:0.007583s ]
[ sql ] [ SQL ] SELECT `rules` FROM `zt_admin` `a` INNER JOIN `zt_auth_group` `b` ON `b`.`id`=`a`.`groupid` WHERE  `a`.`user_id` = 1  [ RunTime:0.000313s ]
[ sql ] [ SQL ] SELECT `rules` FROM `zt_admin` `a` INNER JOIN `zt_auth_group` `b` ON `b`.`id`=`a`.`groupid` WHERE  `a`.`user_id` = 1  [ RunTime:0.000231s ]

---------------------------------------------------------------
[ 2017-06-09T10:21:53+08:00 ] 127.0.0.1 127.0.0.1 GET /medias/public/index.php/admin/chebaihui/gtphone.html
[ log ] 127.0.0.1/medias/public/index.php/admin/chebaihui/gtphone.html [运行时间：0.055172s][吞吐率：18.13req/s] [内存消耗：1,004.76kb] [文件加载：35]
[ info ] [ LANG ] D:\rar\phpstudy\WWW\medias\thinkphp\lang\zh-cn.php
[ info ] [ ROUTE ] array (
  'type' => 'module',
  'module' => 
  array (
    0 => 'admin',
    1 => 'chebaihui',
    2 => 'gtphone',
  ),
)
[ info ] [ HEADER ] array (
  'cookie' => 'Hm_lvt_7e1b991d14eb5047e1f521cd606b8f00=1495784905,1496214821,1496223851; PHPSESSID=hacafh34b7itf0jag1b2p049s4',
  'accept-language' => 'zh-CN,zh;q=0.8',
  'accept-encoding' => 'gzip, deflate, sdch, br',
  'referer' => 'http://127.0.0.1/medias/public/index.php/admin/index/menu.html',
  'accept' => 'text/html,application/xhtml+xml,application/xml;q=0.9,image/webp,*/*;q=0.8',
  'user-agent' => 'Mozilla/5.0 (Windows NT 10.0; Win64; x64) AppleWebKit/537.36 (KHTML, like Gecko) Chrome/58.0.3029.110 Safari/537.36',
  'upgrade-insecure-requests' => '1',
  'connection' => 'keep-alive',
  'host' => '127.0.0.1',
  'content-length' => '',
  'content-type' => '',
)
[ info ] [ PARAM ] array (
)
[ info ] [ SESSION ] INIT array (
  'id' => '',
  'var_session_id' => '',
  'prefix' => 'think',
  'type' => '',
  'auto_start' => true,
)
[ info ] [ RUN ] app\admin\controller\Chebaihui->gtphone[ D:\rar\phpstudy\WWW\medias\application\admin\controller\Chebaihui.php ]
[ info ] [ VIEW ] D:\rar\phpstudy\WWW\medias\public/../application/admin\view\chebaihui\gtphone.html [ array (
  0 => 'uid',
) ]
[ info ] [ LOG ] INIT File

---------------------------------------------------------------
[ 2017-06-09T10:21:55+08:00 ] 127.0.0.1 127.0.0.1 GET /medias/public/index.php/admin/chebaihui/gtphone.html
[ log ] 127.0.0.1/medias/public/index.php/admin/chebaihui/gtphone.html [运行时间：0.013460s][吞吐率：74.29req/s] [内存消耗：1,004.76kb] [文件加载：35]
[ info ] [ LANG ] D:\rar\phpstudy\WWW\medias\thinkphp\lang\zh-cn.php
[ info ] [ ROUTE ] array (
  'type' => 'module',
  'module' => 
  array (
    0 => 'admin',
    1 => 'chebaihui',
    2 => 'gtphone',
  ),
)
[ info ] [ HEADER ] array (
  'cookie' => 'Hm_lvt_7e1b991d14eb5047e1f521cd606b8f00=1495784905,1496214821,1496223851; PHPSESSID=hacafh34b7itf0jag1b2p049s4',
  'accept-language' => 'zh-CN,zh;q=0.8',
  'accept-encoding' => 'gzip, deflate, sdch, br',
  'referer' => 'http://127.0.0.1/medias/public/index.php/admin/index/menu.html',
  'accept' => 'text/html,application/xhtml+xml,application/xml;q=0.9,image/webp,*/*;q=0.8',
  'user-agent' => 'Mozilla/5.0 (Windows NT 10.0; Win64; x64) AppleWebKit/537.36 (KHTML, like Gecko) Chrome/58.0.3029.110 Safari/537.36',
  'upgrade-insecure-requests' => '1',
  'connection' => 'keep-alive',
  'host' => '127.0.0.1',
  'content-length' => '',
  'content-type' => '',
)
[ info ] [ PARAM ] array (
)
[ info ] [ SESSION ] INIT array (
  'id' => '',
  'var_session_id' => '',
  'prefix' => 'think',
  'type' => '',
  'auto_start' => true,
)
[ info ] [ RUN ] app\admin\controller\Chebaihui->gtphone[ D:\rar\phpstudy\WWW\medias\application\admin\controller\Chebaihui.php ]
[ info ] [ VIEW ] D:\rar\phpstudy\WWW\medias\public/../application/admin\view\chebaihui\gtphone.html [ array (
  0 => 'uid',
) ]
[ info ] [ LOG ] INIT File

---------------------------------------------------------------
[ 2017-06-09T10:21:56+08:00 ] 127.0.0.1 127.0.0.1 GET /medias/public/index.php/admin/chebaihui/cbhregall.html
[ log ] 127.0.0.1/medias/public/index.php/admin/chebaihui/cbhregall.html [运行时间：0.060818s][吞吐率：16.44req/s] [内存消耗：1,932.69kb] [文件加载：51]
[ info ] [ LANG ] D:\rar\phpstudy\WWW\medias\thinkphp\lang\zh-cn.php
[ info ] [ ROUTE ] array (
  'type' => 'module',
  'module' => 
  array (
    0 => 'admin',
    1 => 'chebaihui',
    2 => 'cbhregall',
  ),
)
[ info ] [ HEADER ] array (
  'cookie' => 'Hm_lvt_7e1b991d14eb5047e1f521cd606b8f00=1495784905,1496214821,1496223851; PHPSESSID=hacafh34b7itf0jag1b2p049s4',
  'accept-language' => 'zh-CN,zh;q=0.8',
  'accept-encoding' => 'gzip, deflate, sdch, br',
  'referer' => 'http://127.0.0.1/medias/public/index.php/admin/index/menu.html',
  'accept' => 'text/html,application/xhtml+xml,application/xml;q=0.9,image/webp,*/*;q=0.8',
  'user-agent' => 'Mozilla/5.0 (Windows NT 10.0; Win64; x64) AppleWebKit/537.36 (KHTML, like Gecko) Chrome/58.0.3029.110 Safari/537.36',
  'upgrade-insecure-requests' => '1',
  'connection' => 'keep-alive',
  'host' => '127.0.0.1',
  'content-length' => '',
  'content-type' => '',
)
[ info ] [ PARAM ] array (
)
[ info ] [ SESSION ] INIT array (
  'id' => '',
  'var_session_id' => '',
  'prefix' => 'think',
  'type' => '',
  'auto_start' => true,
)
[ info ] [ RUN ] app\admin\controller\Chebaihui->Cbhregall[ D:\rar\phpstudy\WWW\medias\application\admin\controller\Chebaihui.php ]
[ info ] [ DB ] INIT mysql
[ info ] [ VIEW ] D:\rar\phpstudy\WWW\medias\public/../application/admin\view\chebaihui\cbhregall.html [ array (
  0 => 'yxenews',
  1 => 'enewsid',
  2 => 'editopt',
  3 => 'proid',
  4 => 'delopt',
  5 => 'data',
  6 => 'page',
) ]
[ info ] [ LOG ] INIT File
[ sql ] [ DB ] CONNECT:[ UseTime:0.000651s ] mysql:dbname=media;host=127.0.0.1;port=3306;charset=utf8
[ sql ] [ SQL ] SHOW COLUMNS FROM `zt_cbh_reg` [ RunTime:0.008681s ]
[ sql ] [ SQL ] SELECT COUNT(*) AS tp_count FROM `zt_cbh_reg` `d` LEFT JOIN `zt_cbh_carserise` `c` ON `d`.`car_series_id`=`c`.`brand_id` WHERE  `d`.`whreg` = 1 ORDER BY d.dealer_id desc  LIMIT 1   [ RunTime:0.000338s ]
[ sql ] [ SQL ] SELECT `d`.`dealer_id`,`d`.`name`,`d`.`phone`,`d`.`from`,`d`.`car_time`,`c`.`brand_name`,`d`.`time`,`d`.`buy_car_time`,`d`.`localaddr`,`d`.`changeaddr` FROM `zt_cbh_reg` `d` LEFT JOIN `zt_cbh_carserise` `c` ON `d`.`car_series_id`=`c`.`brand_id` WHERE  `d`.`whreg` = 1 ORDER BY d.dealer_id desc  LIMIT 0,20   [ RunTime:0.000466s ]
[ sql ] [ SQL ] SHOW COLUMNS FROM `zt_buytime` [ RunTime:0.007355s ]
[ sql ] [ SQL ] SELECT `id`,`timename` FROM `zt_buytime`  [ RunTime:0.000213s ]
[ sql ] [ SQL ] SHOW COLUMNS FROM `zt_allcity` [ RunTime:0.007662s ]
[ sql ] [ SQL ] SELECT `cityid`,`cityname` FROM `zt_allcity` WHERE  `cityid` = 0   [ RunTime:0.000255s ]
[ sql ] [ SQL ] SELECT `cityid`,`cityname` FROM `zt_allcity` WHERE  `cityid` = 1501   [ RunTime:0.000204s ]
[ sql ] [ SQL ] SELECT `cityid`,`cityname` FROM `zt_allcity` WHERE  `cityid` = 0   [ RunTime:0.000228s ]
[ sql ] [ SQL ] SHOW COLUMNS FROM `zt_admin` [ RunTime:0.007812s ]
[ sql ] [ SQL ] SELECT `rules` FROM `zt_admin` `a` INNER JOIN `zt_auth_group` `b` ON `b`.`id`=`a`.`groupid` WHERE  `a`.`user_id` = 1  [ RunTime:0.000236s ]
[ sql ] [ SQL ] SELECT `rules` FROM `zt_admin` `a` INNER JOIN `zt_auth_group` `b` ON `b`.`id`=`a`.`groupid` WHERE  `a`.`user_id` = 1  [ RunTime:0.000190s ]

---------------------------------------------------------------
[ 2017-06-09T10:22:27+08:00 ] 127.0.0.1 127.0.0.1 GET /medias/public/index.php/admin/excel/putin.html
[ log ] 127.0.0.1/medias/public/index.php/admin/excel/putin.html [运行时间：0.020642s][吞吐率：48.44req/s] [内存消耗：1,094.51kb] [文件加载：34]
[ info ] [ LANG ] D:\rar\phpstudy\WWW\medias\thinkphp\lang\zh-cn.php
[ info ] [ ROUTE ] array (
  'type' => 'module',
  'module' => 
  array (
    0 => 'admin',
    1 => 'excel',
    2 => 'putin',
  ),
)
[ info ] [ HEADER ] array (
  'cookie' => 'Hm_lvt_7e1b991d14eb5047e1f521cd606b8f00=1495784905,1496214821,1496223851; PHPSESSID=hacafh34b7itf0jag1b2p049s4',
  'accept-language' => 'zh-CN,zh;q=0.8',
  'accept-encoding' => 'gzip, deflate, sdch, br',
  'referer' => 'http://127.0.0.1/medias/public/index.php/admin/index/menu.html',
  'accept' => 'text/html,application/xhtml+xml,application/xml;q=0.9,image/webp,*/*;q=0.8',
  'user-agent' => 'Mozilla/5.0 (Windows NT 10.0; Win64; x64) AppleWebKit/537.36 (KHTML, like Gecko) Chrome/58.0.3029.110 Safari/537.36',
  'upgrade-insecure-requests' => '1',
  'connection' => 'keep-alive',
  'host' => '127.0.0.1',
  'content-length' => '',
  'content-type' => '',
)
[ info ] [ PARAM ] array (
)
[ info ] [ RUN ] app\admin\controller\Excel->Putin[ D:\rar\phpstudy\WWW\medias\application\admin\controller\Excel.php ]
[ info ] [ VIEW ] D:\rar\phpstudy\WWW\medias\public/../application/admin\view\excel\putin.html [ array (
) ]
[ info ] [ LOG ] INIT File

---------------------------------------------------------------
[ 2017-06-09T10:27:53+08:00 ] 127.0.0.1 127.0.0.1 GET /medias/public/index.php/admin/excel/putin.html
[ log ] 127.0.0.1/medias/public/index.php/admin/excel/putin.html [运行时间：0.068574s][吞吐率：14.58req/s] [内存消耗：1,207.35kb] [文件加载：36]
[ info ] [ LANG ] D:\rar\phpstudy\WWW\medias\thinkphp\lang\zh-cn.php
[ info ] [ ROUTE ] array (
  'type' => 'module',
  'module' => 
  array (
    0 => 'admin',
    1 => 'excel',
    2 => 'putin',
  ),
)
[ info ] [ HEADER ] array (
  'cookie' => 'Hm_lvt_7e1b991d14eb5047e1f521cd606b8f00=1495784905,1496214821,1496223851; PHPSESSID=hacafh34b7itf0jag1b2p049s4',
  'accept-language' => 'zh-CN,zh;q=0.8',
  'accept-encoding' => 'gzip, deflate, sdch, br',
  'referer' => 'http://127.0.0.1/medias/public/index.php/admin/index/menu.html',
  'accept' => 'text/html,application/xhtml+xml,application/xml;q=0.9,image/webp,*/*;q=0.8',
  'user-agent' => 'Mozilla/5.0 (Windows NT 10.0; Win64; x64) AppleWebKit/537.36 (KHTML, like Gecko) Chrome/58.0.3029.110 Safari/537.36',
  'upgrade-insecure-requests' => '1',
  'connection' => 'keep-alive',
  'host' => '127.0.0.1',
  'content-length' => '',
  'content-type' => '',
)
[ info ] [ PARAM ] array (
)
[ info ] [ RUN ] app\admin\controller\Excel->Putin[ D:\rar\phpstudy\WWW\medias\application\admin\controller\Excel.php ]
[ info ] [ VIEW ] D:\rar\phpstudy\WWW\medias\public/../application/admin\view\excel\putin.html [ array (
) ]
[ info ] [ LOG ] INIT File

---------------------------------------------------------------
[ 2017-06-09T10:28:04+08:00 ] 127.0.0.1 127.0.0.1 GET /medias/public/index.php/admin/excel/putin.html
[ log ] 127.0.0.1/medias/public/index.php/admin/excel/putin.html [运行时间：0.015748s][吞吐率：63.50req/s] [内存消耗：1,207.41kb] [文件加载：36]
[ info ] [ LANG ] D:\rar\phpstudy\WWW\medias\thinkphp\lang\zh-cn.php
[ info ] [ ROUTE ] array (
  'type' => 'module',
  'module' => 
  array (
    0 => 'admin',
    1 => 'excel',
    2 => 'putin',
  ),
)
[ info ] [ HEADER ] array (
  'cookie' => 'Hm_lvt_7e1b991d14eb5047e1f521cd606b8f00=1495784905,1496214821,1496223851; PHPSESSID=hacafh34b7itf0jag1b2p049s4',
  'accept-language' => 'zh-CN,zh;q=0.8',
  'accept-encoding' => 'gzip, deflate, sdch, br',
  'referer' => 'http://127.0.0.1/medias/public/index.php/admin/index/menu.html',
  'accept' => 'text/html,application/xhtml+xml,application/xml;q=0.9,image/webp,*/*;q=0.8',
  'user-agent' => 'Mozilla/5.0 (Windows NT 10.0; Win64; x64) AppleWebKit/537.36 (KHTML, like Gecko) Chrome/58.0.3029.110 Safari/537.36',
  'upgrade-insecure-requests' => '1',
  'connection' => 'keep-alive',
  'host' => '127.0.0.1',
  'content-length' => '',
  'content-type' => '',
)
[ info ] [ PARAM ] array (
)
[ info ] [ RUN ] app\admin\controller\Excel->Putin[ D:\rar\phpstudy\WWW\medias\application\admin\controller\Excel.php ]
[ info ] [ VIEW ] D:\rar\phpstudy\WWW\medias\public/../application/admin\view\excel\putin.html [ array (
) ]
[ info ] [ LOG ] INIT File

---------------------------------------------------------------
[ 2017-06-09T10:28:16+08:00 ] 127.0.0.1 127.0.0.1 GET /medias/public/index.php/admin/excel/putin.html
[ log ] 127.0.0.1/medias/public/index.php/admin/excel/putin.html [运行时间：0.015816s][吞吐率：63.23req/s] [内存消耗：1,207.45kb] [文件加载：36]
[ info ] [ LANG ] D:\rar\phpstudy\WWW\medias\thinkphp\lang\zh-cn.php
[ info ] [ ROUTE ] array (
  'type' => 'module',
  'module' => 
  array (
    0 => 'admin',
    1 => 'excel',
    2 => 'putin',
  ),
)
[ info ] [ HEADER ] array (
  'cookie' => 'Hm_lvt_7e1b991d14eb5047e1f521cd606b8f00=1495784905,1496214821,1496223851; PHPSESSID=hacafh34b7itf0jag1b2p049s4',
  'accept-language' => 'zh-CN,zh;q=0.8',
  'accept-encoding' => 'gzip, deflate, sdch, br',
  'referer' => 'http://127.0.0.1/medias/public/index.php/admin/index/menu.html',
  'accept' => 'text/html,application/xhtml+xml,application/xml;q=0.9,image/webp,*/*;q=0.8',
  'user-agent' => 'Mozilla/5.0 (Windows NT 10.0; Win64; x64) AppleWebKit/537.36 (KHTML, like Gecko) Chrome/58.0.3029.110 Safari/537.36',
  'upgrade-insecure-requests' => '1',
  'connection' => 'keep-alive',
  'host' => '127.0.0.1',
  'content-length' => '',
  'content-type' => '',
)
[ info ] [ PARAM ] array (
)
[ info ] [ RUN ] app\admin\controller\Excel->Putin[ D:\rar\phpstudy\WWW\medias\application\admin\controller\Excel.php ]
[ info ] [ VIEW ] D:\rar\phpstudy\WWW\medias\public/../application/admin\view\excel\putin.html [ array (
) ]
[ info ] [ LOG ] INIT File

---------------------------------------------------------------
[ 2017-06-09T10:31:28+08:00 ] 127.0.0.1 127.0.0.1 GET /medias/public/index.php/admin/chebaihui/cbhregall.html
[ log ] 127.0.0.1/medias/public/index.php/admin/chebaihui/cbhregall.html [运行时间：0.066401s][吞吐率：15.06req/s] [内存消耗：1,932.69kb] [文件加载：51]
[ info ] [ LANG ] D:\rar\phpstudy\WWW\medias\thinkphp\lang\zh-cn.php
[ info ] [ ROUTE ] array (
  'type' => 'module',
  'module' => 
  array (
    0 => 'admin',
    1 => 'chebaihui',
    2 => 'cbhregall',
  ),
)
[ info ] [ HEADER ] array (
  'cookie' => 'Hm_lvt_7e1b991d14eb5047e1f521cd606b8f00=1495784905,1496214821,1496223851; PHPSESSID=hacafh34b7itf0jag1b2p049s4',
  'accept-language' => 'zh-CN,zh;q=0.8',
  'accept-encoding' => 'gzip, deflate, sdch, br',
  'referer' => 'http://127.0.0.1/medias/public/index.php/admin/index/menu.html',
  'accept' => 'text/html,application/xhtml+xml,application/xml;q=0.9,image/webp,*/*;q=0.8',
  'user-agent' => 'Mozilla/5.0 (Windows NT 10.0; Win64; x64) AppleWebKit/537.36 (KHTML, like Gecko) Chrome/58.0.3029.110 Safari/537.36',
  'upgrade-insecure-requests' => '1',
  'connection' => 'keep-alive',
  'host' => '127.0.0.1',
  'content-length' => '',
  'content-type' => '',
)
[ info ] [ PARAM ] array (
)
[ info ] [ SESSION ] INIT array (
  'id' => '',
  'var_session_id' => '',
  'prefix' => 'think',
  'type' => '',
  'auto_start' => true,
)
[ info ] [ RUN ] app\admin\controller\Chebaihui->Cbhregall[ D:\rar\phpstudy\WWW\medias\application\admin\controller\Chebaihui.php ]
[ info ] [ DB ] INIT mysql
[ info ] [ VIEW ] D:\rar\phpstudy\WWW\medias\public/../application/admin\view\chebaihui\cbhregall.html [ array (
  0 => 'yxenews',
  1 => 'enewsid',
  2 => 'editopt',
  3 => 'proid',
  4 => 'delopt',
  5 => 'data',
  6 => 'page',
) ]
[ info ] [ LOG ] INIT File
[ sql ] [ DB ] CONNECT:[ UseTime:0.000789s ] mysql:dbname=media;host=127.0.0.1;port=3306;charset=utf8
[ sql ] [ SQL ] SHOW COLUMNS FROM `zt_cbh_reg` [ RunTime:0.008854s ]
[ sql ] [ SQL ] SELECT COUNT(*) AS tp_count FROM `zt_cbh_reg` `d` LEFT JOIN `zt_cbh_carserise` `c` ON `d`.`car_series_id`=`c`.`brand_id` WHERE  `d`.`whreg` = 1 ORDER BY d.dealer_id desc  LIMIT 1   [ RunTime:0.000342s ]
[ sql ] [ SQL ] SELECT `d`.`dealer_id`,`d`.`name`,`d`.`phone`,`d`.`from`,`d`.`car_time`,`c`.`brand_name`,`d`.`time`,`d`.`buy_car_time`,`d`.`localaddr`,`d`.`changeaddr` FROM `zt_cbh_reg` `d` LEFT JOIN `zt_cbh_carserise` `c` ON `d`.`car_series_id`=`c`.`brand_id` WHERE  `d`.`whreg` = 1 ORDER BY d.dealer_id desc  LIMIT 0,20   [ RunTime:0.000471s ]
[ sql ] [ SQL ] SHOW COLUMNS FROM `zt_buytime` [ RunTime:0.006983s ]
[ sql ] [ SQL ] SELECT `id`,`timename` FROM `zt_buytime`  [ RunTime:0.000274s ]
[ sql ] [ SQL ] SHOW COLUMNS FROM `zt_allcity` [ RunTime:0.008138s ]
[ sql ] [ SQL ] SELECT `cityid`,`cityname` FROM `zt_allcity` WHERE  `cityid` = 0   [ RunTime:0.000225s ]
[ sql ] [ SQL ] SELECT `cityid`,`cityname` FROM `zt_allcity` WHERE  `cityid` = 1501   [ RunTime:0.000273s ]
[ sql ] [ SQL ] SELECT `cityid`,`cityname` FROM `zt_allcity` WHERE  `cityid` = 0   [ RunTime:0.000221s ]
[ sql ] [ SQL ] SHOW COLUMNS FROM `zt_admin` [ RunTime:0.007735s ]
[ sql ] [ SQL ] SELECT `rules` FROM `zt_admin` `a` INNER JOIN `zt_auth_group` `b` ON `b`.`id`=`a`.`groupid` WHERE  `a`.`user_id` = 1  [ RunTime:0.000296s ]
[ sql ] [ SQL ] SELECT `rules` FROM `zt_admin` `a` INNER JOIN `zt_auth_group` `b` ON `b`.`id`=`a`.`groupid` WHERE  `a`.`user_id` = 1  [ RunTime:0.000231s ]

---------------------------------------------------------------
[ 2017-06-09T10:31:30+08:00 ] 127.0.0.1 127.0.0.1 GET /medias/public/index.php/admin/excel/cbhregout/enewsid/1.html
[ log ] 127.0.0.1/medias/public/index.php/admin/excel/cbhregout/enewsid/1.html [运行时间：0.212450s][吞吐率：4.71req/s] [内存消耗：4,790.23kb] [文件加载：100]
[ info ] [ LANG ] D:\rar\phpstudy\WWW\medias\thinkphp\lang\zh-cn.php
[ info ] [ ROUTE ] array (
  'type' => 'module',
  'module' => 
  array (
    0 => 'admin',
    1 => 'excel',
    2 => 'cbhregout',
  ),
)
[ info ] [ HEADER ] array (
  'cookie' => 'Hm_lvt_7e1b991d14eb5047e1f521cd606b8f00=1495784905,1496214821,1496223851; PHPSESSID=hacafh34b7itf0jag1b2p049s4',
  'accept-language' => 'zh-CN,zh;q=0.8',
  'accept-encoding' => 'gzip, deflate, sdch, br',
  'referer' => 'http://127.0.0.1/medias/public/index.php/admin/chebaihui/cbhregall.html',
  'accept' => 'text/html,application/xhtml+xml,application/xml;q=0.9,image/webp,*/*;q=0.8',
  'user-agent' => 'Mozilla/5.0 (Windows NT 10.0; Win64; x64) AppleWebKit/537.36 (KHTML, like Gecko) Chrome/58.0.3029.110 Safari/537.36',
  'upgrade-insecure-requests' => '1',
  'connection' => 'keep-alive',
  'host' => '127.0.0.1',
  'content-length' => '',
  'content-type' => '',
)
[ info ] [ PARAM ] array (
  'enewsid' => '1',
)
[ info ] [ RUN ] app\admin\controller\Excel->CbhregOut[ D:\rar\phpstudy\WWW\medias\application\admin\controller\Excel.php ]
[ info ] [ DB ] INIT mysql
[ info ] [ DB ] INIT mysql
[ info ] [ LOG ] INIT File
[ sql ] [ DB ] CONNECT:[ UseTime:0.000705s ] mysql:dbname=media;host=127.0.0.1;port=3306;charset=utf8
[ sql ] [ SQL ] SHOW COLUMNS FROM `zt_cbh_reg` [ RunTime:0.008664s ]
[ sql ] [ SQL ] SELECT `d`.`dealer_id`,`d`.`name`,`d`.`phone`,`d`.`car_series_id`,n.brand_name as serisename,m.brand_name as ppname,`d`.`time`,`d`.`from`,`d`.`buy_car_time`,`d`.`localaddr`,`d`.`changeaddr`,`d`.`accept` FROM `zt_cbh_reg` `d` LEFT JOIN `zt_cbh_carserise` `n` ON `d`.`car_series_id`=`n`.`brand_id` LEFT JOIN `zt_cbh_brand` `m` ON `d`.`brand`=`m`.`brand_id` WHERE  `d`.`whreg` = 1 ORDER BY d.dealer_id desc   [ RunTime:0.017501s ]
[ sql ] [ DB ] CONNECT:[ UseTime:0.000491s ] mysql:dbname=media;host=127.0.0.1;port=3306;charset=utf8
[ sql ] [ SQL ] SHOW COLUMNS FROM `zt_buytime` [ RunTime:0.007627s ]
[ sql ] [ SQL ] SELECT `id`,`timename` FROM `zt_buytime`  [ RunTime:0.000270s ]
[ sql ] [ SQL ] SHOW COLUMNS FROM `zt_allcity` [ RunTime:0.007458s ]
[ sql ] [ SQL ] SELECT `cityid`,`cityname` FROM `zt_allcity` WHERE  `cityid` = 1501   [ RunTime:0.000386s ]

---------------------------------------------------------------
