[ 2017-06-21T09:57:22+08:00 ] 127.0.0.1 127.0.0.1 GET /medias/public/index.php
[ log ] localhost/medias/public/index.php [运行时间：0.078045s][吞吐率：12.81req/s] [内存消耗：1,026.10kb] [文件加载：36]
[ info ] [ LANG ] D:\rar\phpstudy\WWW\medias\thinkphp\lang\zh-cn.php
[ info ] [ ROUTE ] array (
  'type' => 'module',
  'module' => 
  array (
    0 => '',
    1 => NULL,
    2 => NULL,
  ),
)
[ info ] [ HEADER ] array (
  'cookie' => 'Hm_lvt_f7837cdb3a52632e3ab0c97029d9c19d=1490265823; Hm_lvt_0f9c7b195f0b86ba1118656d4a142474=1490606547; cna=BLM+EVhwMW0CASebnorWKGr1; Hm_lvt_8ec9c91b90c7c95b8a61831bd25de969=1493196656,1493363203; Hm_lvt_7e1b991d14eb5047e1f521cd606b8f00=1494230939,1495849992; Hm_lvt_add096930b07acc951facf60f1bf5db9=1496739940; bdshare_firstime=1497318682011; tshiylastdiggid=55n5; Hm_lvt_9b892b9b49ee5115c47c4c076c7483f8=1497233355,1497490219',
  'accept-language' => 'zh-CN,zh;q=0.8',
  'accept-encoding' => 'gzip, deflate, sdch, br',
  'accept' => 'text/html,application/xhtml+xml,application/xml;q=0.9,image/webp,*/*;q=0.8',
  'user-agent' => 'Mozilla/5.0 (Windows NT 10.0; Win64; x64) AppleWebKit/537.36 (KHTML, like Gecko) Chrome/58.0.3029.110 Safari/537.36',
  'upgrade-insecure-requests' => '1',
  'connection' => 'keep-alive',
  'host' => 'localhost',
  'content-length' => '',
  'content-type' => '',
)
[ info ] [ PARAM ] array (
)
[ info ] [ SESSION ] INIT array (
  'id' => '',
  'var_session_id' => '',
  'prefix' => 'think',
  'type' => '',
  'auto_start' => true,
)
[ info ] [ LOG ] INIT File

---------------------------------------------------------------
[ 2017-06-21T09:57:22+08:00 ] 127.0.0.1 127.0.0.1 GET /medias/public/index.php/admin/login/index.html
[ log ] localhost/medias/public/index.php/admin/login/index.html [运行时间：0.032573s][吞吐率：30.70req/s] [内存消耗：1,012.50kb] [文件加载：34]
[ info ] [ LANG ] D:\rar\phpstudy\WWW\medias\thinkphp\lang\zh-cn.php
[ info ] [ ROUTE ] array (
  'type' => 'module',
  'module' => 
  array (
    0 => 'admin',
    1 => 'login',
    2 => 'index',
  ),
)
[ info ] [ HEADER ] array (
  'cookie' => 'Hm_lvt_f7837cdb3a52632e3ab0c97029d9c19d=1490265823; Hm_lvt_0f9c7b195f0b86ba1118656d4a142474=1490606547; cna=BLM+EVhwMW0CASebnorWKGr1; Hm_lvt_8ec9c91b90c7c95b8a61831bd25de969=1493196656,1493363203; Hm_lvt_7e1b991d14eb5047e1f521cd606b8f00=1494230939,1495849992; Hm_lvt_add096930b07acc951facf60f1bf5db9=1496739940; bdshare_firstime=1497318682011; tshiylastdiggid=55n5; Hm_lvt_9b892b9b49ee5115c47c4c076c7483f8=1497233355,1497490219; PHPSESSID=e85fdflsf3kqvvaamsgrivj8i2',
  'accept-language' => 'zh-CN,zh;q=0.8',
  'accept-encoding' => 'gzip, deflate, sdch, br',
  'accept' => 'text/html,application/xhtml+xml,application/xml;q=0.9,image/webp,*/*;q=0.8',
  'user-agent' => 'Mozilla/5.0 (Windows NT 10.0; Win64; x64) AppleWebKit/537.36 (KHTML, like Gecko) Chrome/58.0.3029.110 Safari/537.36',
  'upgrade-insecure-requests' => '1',
  'connection' => 'keep-alive',
  'host' => 'localhost',
  'content-length' => '',
  'content-type' => '',
)
[ info ] [ PARAM ] array (
)
[ info ] [ RUN ] app\admin\controller\Login->index[ D:\rar\phpstudy\WWW\medias\application\admin\controller\Login.php ]
[ info ] [ VIEW ] D:\rar\phpstudy\WWW\medias\public/../application/admin\view\login\login.html [ array (
) ]
[ info ] [ LOG ] INIT File

---------------------------------------------------------------
[ 2017-06-21T09:57:23+08:00 ] 127.0.0.1 127.0.0.1 OPTIONS /medias/public/index.php/admin/login/login.html
[ log ] 127.0.0.1/medias/public/index.php/admin/login/login.html [运行时间：0.056357s][吞吐率：17.74req/s] [内存消耗：1,529.98kb] [文件加载：40]
[ info ] [ LANG ] D:\rar\phpstudy\WWW\medias\thinkphp\lang\zh-cn.php
[ info ] [ ROUTE ] array (
  'type' => 'module',
  'module' => 
  array (
    0 => 'admin',
    1 => 'login',
    2 => 'login',
  ),
)
[ info ] [ HEADER ] array (
  'accept-language' => 'zh-CN,zh;q=0.8',
  'accept-encoding' => 'gzip, deflate, sdch, br',
  'referer' => 'http://localhost/medias/public/index.php/admin/login/index.html',
  'accept' => '*/*',
  'access-control-request-headers' => 'x-requested-with',
  'user-agent' => 'Mozilla/5.0 (Windows NT 10.0; Win64; x64) AppleWebKit/537.36 (KHTML, like Gecko) Chrome/58.0.3029.110 Safari/537.36',
  'origin' => 'http://localhost',
  'access-control-request-method' => 'POST',
  'connection' => 'keep-alive',
  'host' => '127.0.0.1',
  'content-length' => '',
  'content-type' => '',
)
[ info ] [ PARAM ] array (
)
[ info ] [ RUN ] app\admin\controller\Login->login[ D:\rar\phpstudy\WWW\medias\application\admin\controller\Login.php ]
[ info ] [ DB ] INIT mysql
[ info ] [ VIEW ] D:\rar\phpstudy\WWW\medias\public/../application/admin\view\login\login.html [ array (
) ]
[ info ] [ LOG ] INIT File

---------------------------------------------------------------
[ 2017-06-21T09:57:24+08:00 ] 127.0.0.1 127.0.0.1 POST /medias/public/index.php/admin/login/loginsong.html
[ log ] 127.0.0.1/medias/public/index.php/admin/login/loginsong.html [运行时间：0.170394s][吞吐率：5.87req/s] [内存消耗：1,671.88kb] [文件加载：43]
[ info ] [ LANG ] D:\rar\phpstudy\WWW\medias\thinkphp\lang\zh-cn.php
[ info ] [ ROUTE ] array (
  'type' => 'module',
  'module' => 
  array (
    0 => 'admin',
    1 => 'login',
    2 => 'loginsong',
  ),
)
[ info ] [ HEADER ] array (
  'cookie' => 'Hm_lvt_7e1b991d14eb5047e1f521cd606b8f00=1495784905,1496214821,1496223851',
  'accept-language' => 'zh-CN,zh;q=0.8',
  'accept-encoding' => 'gzip, deflate, br',
  'referer' => 'http://localhost/medias/public/index.php/admin/login/index.html',
  'accept' => 'text/html,application/xhtml+xml,application/xml;q=0.9,image/webp,*/*;q=0.8',
  'content-type' => 'application/x-www-form-urlencoded',
  'user-agent' => 'Mozilla/5.0 (Windows NT 10.0; Win64; x64) AppleWebKit/537.36 (KHTML, like Gecko) Chrome/58.0.3029.110 Safari/537.36',
  'upgrade-insecure-requests' => '1',
  'origin' => 'http://localhost',
  'cache-control' => 'max-age=0',
  'content-length' => '32',
  'connection' => 'keep-alive',
  'host' => '127.0.0.1',
)
[ info ] [ PARAM ] array (
  'username' => 'admin',
  'password' => '1823song',
)
[ info ] [ RUN ] app\admin\controller\Login->loginsong[ D:\rar\phpstudy\WWW\medias\application\admin\controller\Login.php ]
[ info ] [ DB ] INIT mysql
[ info ] [ DB ] INIT mysql
[ info ] [ VIEW ] D:\rar\phpstudy\WWW\medias\thinkphp\tpl\dispatch_jump.tpl [ array (
  0 => 'code',
  1 => 'msg',
  2 => 'data',
  3 => 'url',
  4 => 'wait',
) ]
[ info ] [ LOG ] INIT File
[ sql ] [ DB ] CONNECT:[ UseTime:0.010709s ] mysql:dbname=media;host=127.0.0.1;port=3306;charset=utf8
[ sql ] [ SQL ] SHOW COLUMNS FROM `zt_admin` [ RunTime:0.087034s ]
[ sql ] [ SQL ] SELECT * FROM `zt_admin` WHERE  `username` = 'admin' LIMIT 1    [ RunTime:0.000439s ]
[ sql ] [ DB ] CONNECT:[ UseTime:0.000646s ] mysql:dbname=media;host=127.0.0.1;port=3306;charset=utf8
[ sql ] [ SQL ] SHOW COLUMNS FROM `zt_log` [ RunTime:0.035966s ]
[ sql ] [ SQL ] INSERT INTO `zt_log` (`admin_id` , `admin_name` , `description` , `status` , `ip` , `add_time`) VALUES (1 , 'admin' , '用户【admin】登录失败：密码错误' , 2 , '127.0.0.1' , 1498010244)        [ RunTime:0.000395s ]

---------------------------------------------------------------
[ 2017-06-21T09:57:29+08:00 ] 127.0.0.1 127.0.0.1 OPTIONS /medias/public/index.php/admin/login/login.html
[ log ] 127.0.0.1/medias/public/index.php/admin/login/login.html [运行时间：0.023070s][吞吐率：43.35req/s] [内存消耗：1,529.98kb] [文件加载：40]
[ info ] [ LANG ] D:\rar\phpstudy\WWW\medias\thinkphp\lang\zh-cn.php
[ info ] [ ROUTE ] array (
  'type' => 'module',
  'module' => 
  array (
    0 => 'admin',
    1 => 'login',
    2 => 'login',
  ),
)
[ info ] [ HEADER ] array (
  'accept-language' => 'zh-CN,zh;q=0.8',
  'accept-encoding' => 'gzip, deflate, sdch, br',
  'referer' => 'http://localhost/medias/public/index.php/admin/login/index.html',
  'accept' => '*/*',
  'access-control-request-headers' => 'x-requested-with',
  'user-agent' => 'Mozilla/5.0 (Windows NT 10.0; Win64; x64) AppleWebKit/537.36 (KHTML, like Gecko) Chrome/58.0.3029.110 Safari/537.36',
  'origin' => 'http://localhost',
  'access-control-request-method' => 'POST',
  'connection' => 'keep-alive',
  'host' => '127.0.0.1',
  'content-length' => '',
  'content-type' => '',
)
[ info ] [ PARAM ] array (
)
[ info ] [ RUN ] app\admin\controller\Login->login[ D:\rar\phpstudy\WWW\medias\application\admin\controller\Login.php ]
[ info ] [ DB ] INIT mysql
[ info ] [ VIEW ] D:\rar\phpstudy\WWW\medias\public/../application/admin\view\login\login.html [ array (
) ]
[ info ] [ LOG ] INIT File

---------------------------------------------------------------
[ 2017-06-21T09:57:30+08:00 ] 127.0.0.1 127.0.0.1 POST /medias/public/index.php/admin/login/loginsong.html
[ log ] 127.0.0.1/medias/public/index.php/admin/login/loginsong.html [运行时间：0.110515s][吞吐率：9.05req/s] [内存消耗：1,733.05kb] [文件加载：44]
[ info ] [ LANG ] D:\rar\phpstudy\WWW\medias\thinkphp\lang\zh-cn.php
[ info ] [ ROUTE ] array (
  'type' => 'module',
  'module' => 
  array (
    0 => 'admin',
    1 => 'login',
    2 => 'loginsong',
  ),
)
[ info ] [ HEADER ] array (
  'cookie' => 'Hm_lvt_7e1b991d14eb5047e1f521cd606b8f00=1495784905,1496214821,1496223851',
  'accept-language' => 'zh-CN,zh;q=0.8',
  'accept-encoding' => 'gzip, deflate, br',
  'referer' => 'http://localhost/medias/public/index.php/admin/login/index.html',
  'accept' => 'text/html,application/xhtml+xml,application/xml;q=0.9,image/webp,*/*;q=0.8',
  'content-type' => 'application/x-www-form-urlencoded',
  'user-agent' => 'Mozilla/5.0 (Windows NT 10.0; Win64; x64) AppleWebKit/537.36 (KHTML, like Gecko) Chrome/58.0.3029.110 Safari/537.36',
  'upgrade-insecure-requests' => '1',
  'origin' => 'http://localhost',
  'cache-control' => 'max-age=0',
  'content-length' => '30',
  'connection' => 'keep-alive',
  'host' => '127.0.0.1',
)
[ info ] [ PARAM ] array (
  'username' => 'admin',
  'password' => '555666',
)
[ info ] [ RUN ] app\admin\controller\Login->loginsong[ D:\rar\phpstudy\WWW\medias\application\admin\controller\Login.php ]
[ info ] [ DB ] INIT mysql
[ info ] [ SESSION ] INIT array (
  'id' => '',
  'var_session_id' => '',
  'prefix' => 'think',
  'type' => '',
  'auto_start' => true,
)
[ info ] [ DB ] INIT mysql
[ info ] [ LOG ] INIT File
[ sql ] [ DB ] CONNECT:[ UseTime:0.000670s ] mysql:dbname=media;host=127.0.0.1;port=3306;charset=utf8
[ sql ] [ SQL ] SHOW COLUMNS FROM `zt_admin` [ RunTime:0.009359s ]
[ sql ] [ SQL ] SELECT * FROM `zt_admin` WHERE  `username` = 'admin' LIMIT 1    [ RunTime:0.000456s ]
[ sql ] [ SQL ] SHOW COLUMNS FROM `zt_auth_group` [ RunTime:0.032437s ]
[ sql ] [ SQL ] SELECT * FROM `zt_auth_group` WHERE  `id` = 1 LIMIT 1    [ RunTime:0.006971s ]
[ sql ] [ SQL ] SHOW COLUMNS FROM `zt_auth_rule` [ RunTime:0.024449s ]
[ sql ] [ SQL ] SELECT `name` FROM `zt_auth_rule`  [ RunTime:0.000441s ]
[ sql ] [ SQL ] UPDATE `zt_admin`  SET `loginnum`=254,`last_login_ip`='127.0.0.1',`last_login_time`=1498010250  WHERE  `user_id` = 1       [ RunTime:0.000302s ]
[ sql ] [ DB ] CONNECT:[ UseTime:0.000483s ] mysql:dbname=media;host=127.0.0.1;port=3306;charset=utf8
[ sql ] [ SQL ] SHOW COLUMNS FROM `zt_log` [ RunTime:0.008595s ]
[ sql ] [ SQL ] INSERT INTO `zt_log` (`admin_id` , `admin_name` , `description` , `status` , `ip` , `add_time`) VALUES (1 , 'admin' , '用户【admin】登录成功' , 1 , '127.0.0.1' , 1498010250)        [ RunTime:0.000235s ]

---------------------------------------------------------------
[ 2017-06-21T09:57:30+08:00 ] 127.0.0.1 127.0.0.1 GET /medias/public/index.php/admin/index/index.html
[ log ] 127.0.0.1/medias/public/index.php/admin/index/index.html [运行时间：0.075010s][吞吐率：13.33req/s] [内存消耗：1,745.20kb] [文件加载：45]
[ info ] [ LANG ] D:\rar\phpstudy\WWW\medias\thinkphp\lang\zh-cn.php
[ info ] [ ROUTE ] array (
  'type' => 'module',
  'module' => 
  array (
    0 => 'admin',
    1 => 'index',
    2 => 'index',
  ),
)
[ info ] [ HEADER ] array (
  'cookie' => 'Hm_lvt_7e1b991d14eb5047e1f521cd606b8f00=1495784905,1496214821,1496223851; PHPSESSID=jjnkvvnrev4qk7mb65a7ghecp5',
  'accept-language' => 'zh-CN,zh;q=0.8',
  'accept-encoding' => 'gzip, deflate, sdch, br',
  'referer' => 'http://localhost/medias/public/index.php/admin/login/index.html',
  'accept' => 'text/html,application/xhtml+xml,application/xml;q=0.9,image/webp,*/*;q=0.8',
  'user-agent' => 'Mozilla/5.0 (Windows NT 10.0; Win64; x64) AppleWebKit/537.36 (KHTML, like Gecko) Chrome/58.0.3029.110 Safari/537.36',
  'upgrade-insecure-requests' => '1',
  'cache-control' => 'max-age=0',
  'connection' => 'keep-alive',
  'host' => '127.0.0.1',
  'content-length' => '',
  'content-type' => '',
)
[ info ] [ PARAM ] array (
)
[ info ] [ SESSION ] INIT array (
  'id' => '',
  'var_session_id' => '',
  'prefix' => 'think',
  'type' => '',
  'auto_start' => true,
)
[ info ] [ RUN ] app\admin\controller\Index->index[ D:\rar\phpstudy\WWW\medias\application\admin\controller\Index.php ]
[ info ] [ DB ] INIT mysql
[ info ] [ VIEW ] D:\rar\phpstudy\WWW\medias\public/../application/admin\view\index\index.html [ array (
) ]
[ info ] [ LOG ] INIT File
[ sql ] [ DB ] CONNECT:[ UseTime:0.000677s ] mysql:dbname=media;host=127.0.0.1;port=3306;charset=utf8
[ sql ] [ SQL ] SHOW COLUMNS FROM `zt_admin` [ RunTime:0.008088s ]
[ sql ] [ SQL ] SELECT * FROM `zt_admin` `a` INNER JOIN `zt_auth_group` `g` ON `a`.`groupid`=`g`.`id` WHERE  `a`.`user_id` = 1  [ RunTime:0.000577s ]

---------------------------------------------------------------
[ 2017-06-21T09:57:30+08:00 ] 127.0.0.1 127.0.0.1 GET /medias/public/index.php/admin/index/top.html
[ log ] 127.0.0.1/medias/public/index.php/admin/index/top.html [运行时间：0.059634s][吞吐率：16.77req/s] [内存消耗：1,035.83kb] [文件加载：36]
[ info ] [ LANG ] D:\rar\phpstudy\WWW\medias\thinkphp\lang\zh-cn.php
[ info ] [ ROUTE ] array (
  'type' => 'module',
  'module' => 
  array (
    0 => 'admin',
    1 => 'index',
    2 => 'top',
  ),
)
[ info ] [ HEADER ] array (
  'cookie' => 'Hm_lvt_7e1b991d14eb5047e1f521cd606b8f00=1495784905,1496214821,1496223851; PHPSESSID=jjnkvvnrev4qk7mb65a7ghecp5',
  'accept-language' => 'zh-CN,zh;q=0.8',
  'accept-encoding' => 'gzip, deflate, sdch, br',
  'referer' => 'http://127.0.0.1/medias/public/index.php/admin/index/index.html',
  'accept' => 'text/html,application/xhtml+xml,application/xml;q=0.9,image/webp,*/*;q=0.8',
  'user-agent' => 'Mozilla/5.0 (Windows NT 10.0; Win64; x64) AppleWebKit/537.36 (KHTML, like Gecko) Chrome/58.0.3029.110 Safari/537.36',
  'upgrade-insecure-requests' => '1',
  'connection' => 'keep-alive',
  'host' => '127.0.0.1',
  'content-length' => '',
  'content-type' => '',
)
[ info ] [ PARAM ] array (
)
[ info ] [ SESSION ] INIT array (
  'id' => '',
  'var_session_id' => '',
  'prefix' => 'think',
  'type' => '',
  'auto_start' => true,
)
[ info ] [ RUN ] app\admin\controller\Index->top[ D:\rar\phpstudy\WWW\medias\application\admin\controller\Index.php ]
[ info ] [ VIEW ] D:\rar\phpstudy\WWW\medias\public/../application/admin\view\index\top.html [ array (
  0 => 'UserName',
  1 => 'UserId',
) ]
[ info ] [ LOG ] INIT File

---------------------------------------------------------------
[ 2017-06-21T09:57:30+08:00 ] 127.0.0.1 127.0.0.1 GET /medias/public/index.php/admin/index/menu.html
[ log ] 127.0.0.1/medias/public/index.php/admin/index/menu.html [运行时间：0.045441s][吞吐率：22.01req/s] [内存消耗：1,749.00kb] [文件加载：45]
[ info ] [ LANG ] D:\rar\phpstudy\WWW\medias\thinkphp\lang\zh-cn.php
[ info ] [ ROUTE ] array (
  'type' => 'module',
  'module' => 
  array (
    0 => 'admin',
    1 => 'index',
    2 => 'menu',
  ),
)
[ info ] [ HEADER ] array (
  'cookie' => 'Hm_lvt_7e1b991d14eb5047e1f521cd606b8f00=1495784905,1496214821,1496223851; PHPSESSID=jjnkvvnrev4qk7mb65a7ghecp5',
  'accept-language' => 'zh-CN,zh;q=0.8',
  'accept-encoding' => 'gzip, deflate, sdch, br',
  'referer' => 'http://127.0.0.1/medias/public/index.php/admin/index/index.html',
  'accept' => 'text/html,application/xhtml+xml,application/xml;q=0.9,image/webp,*/*;q=0.8',
  'user-agent' => 'Mozilla/5.0 (Windows NT 10.0; Win64; x64) AppleWebKit/537.36 (KHTML, like Gecko) Chrome/58.0.3029.110 Safari/537.36',
  'upgrade-insecure-requests' => '1',
  'connection' => 'keep-alive',
  'host' => '127.0.0.1',
  'content-length' => '',
  'content-type' => '',
)
[ info ] [ PARAM ] array (
)
[ info ] [ SESSION ] INIT array (
  'id' => '',
  'var_session_id' => '',
  'prefix' => 'think',
  'type' => '',
  'auto_start' => true,
)
[ info ] [ RUN ] app\admin\controller\Index->menu[ D:\rar\phpstudy\WWW\medias\application\admin\controller\Index.php ]
[ info ] [ DB ] INIT mysql
[ info ] [ VIEW ] D:\rar\phpstudy\WWW\medias\public/../application/admin\view\index\menu.html [ array (
  0 => 'menuarr',
) ]
[ info ] [ LOG ] INIT File
[ sql ] [ DB ] CONNECT:[ UseTime:0.000530s ] mysql:dbname=media;host=127.0.0.1;port=3306;charset=utf8
[ sql ] [ SQL ] SHOW COLUMNS FROM `zt_admin` [ RunTime:0.008624s ]
[ sql ] [ SQL ] SELECT `a`.`user_id`,`b`.`rules` FROM `zt_admin` `a` LEFT JOIN `zt_auth_group` `b` ON `a`.`groupid`=`b`.`id` WHERE  `a`.`user_id` = 1  [ RunTime:0.000268s ]
[ sql ] [ SQL ] SHOW COLUMNS FROM `zt_auth_rule` [ RunTime:0.008202s ]
[ sql ] [ SQL ] SELECT `id`,`name`,`title` FROM `zt_auth_rule` WHERE  `pid` = 0 ORDER BY sort   [ RunTime:0.000453s ]
[ sql ] [ SQL ] SELECT `id`,`name`,`title` FROM `zt_auth_rule` WHERE  `pid` = 26 ORDER BY sort   [ RunTime:0.000377s ]
[ sql ] [ SQL ] SELECT `id`,`name`,`title` FROM `zt_auth_rule` WHERE  `pid` = 118 ORDER BY sort   [ RunTime:0.000309s ]
[ sql ] [ SQL ] SELECT `id`,`name`,`title` FROM `zt_auth_rule` WHERE  `pid` = 121 ORDER BY sort   [ RunTime:0.000284s ]
[ sql ] [ SQL ] SELECT `id`,`name`,`title` FROM `zt_auth_rule` WHERE  `pid` = 122 ORDER BY sort   [ RunTime:0.000317s ]
[ sql ] [ SQL ] SELECT `id`,`name`,`title` FROM `zt_auth_rule` WHERE  `pid` = 13 ORDER BY sort   [ RunTime:0.000290s ]
[ sql ] [ SQL ] SELECT `id`,`name`,`title` FROM `zt_auth_rule` WHERE  `pid` = 5 ORDER BY sort   [ RunTime:0.000302s ]
[ sql ] [ SQL ] SELECT `id`,`name`,`title` FROM `zt_auth_rule` WHERE  `pid` = 1 ORDER BY sort   [ RunTime:0.000310s ]

---------------------------------------------------------------
[ 2017-06-21T09:57:31+08:00 ] 127.0.0.1 127.0.0.1 GET /medias/public/index.php/admin/index/main.html
[ log ] 127.0.0.1/medias/public/index.php/admin/index/main.html [运行时间：0.035407s][吞吐率：28.24req/s] [内存消耗：991.51kb] [文件加载：35]
[ info ] [ LANG ] D:\rar\phpstudy\WWW\medias\thinkphp\lang\zh-cn.php
[ info ] [ ROUTE ] array (
  'type' => 'module',
  'module' => 
  array (
    0 => 'admin',
    1 => 'index',
    2 => 'main',
  ),
)
[ info ] [ HEADER ] array (
  'cookie' => 'Hm_lvt_7e1b991d14eb5047e1f521cd606b8f00=1495784905,1496214821,1496223851; PHPSESSID=jjnkvvnrev4qk7mb65a7ghecp5',
  'accept-language' => 'zh-CN,zh;q=0.8',
  'accept-encoding' => 'gzip, deflate, sdch, br',
  'referer' => 'http://127.0.0.1/medias/public/index.php/admin/index/index.html',
  'accept' => 'text/html,application/xhtml+xml,application/xml;q=0.9,image/webp,*/*;q=0.8',
  'user-agent' => 'Mozilla/5.0 (Windows NT 10.0; Win64; x64) AppleWebKit/537.36 (KHTML, like Gecko) Chrome/58.0.3029.110 Safari/537.36',
  'upgrade-insecure-requests' => '1',
  'connection' => 'keep-alive',
  'host' => '127.0.0.1',
  'content-length' => '',
  'content-type' => '',
)
[ info ] [ PARAM ] array (
)
[ info ] [ SESSION ] INIT array (
  'id' => '',
  'var_session_id' => '',
  'prefix' => 'think',
  'type' => '',
  'auto_start' => true,
)
[ info ] [ RUN ] app\admin\controller\Index->main[ D:\rar\phpstudy\WWW\medias\application\admin\controller\Index.php ]
[ info ] [ VIEW ] D:\rar\phpstudy\WWW\medias\public/../application/admin\view\index\main.html [ array (
) ]
[ info ] [ LOG ] INIT File

---------------------------------------------------------------
[ 2017-06-21T09:57:33+08:00 ] 127.0.0.1 127.0.0.1 GET /medias/public/index.php/admin/user/useradd/user_id/1/edit/3.html
[ log ] 127.0.0.1/medias/public/index.php/admin/user/useradd/user_id/1/edit/3.html [运行时间：0.072673s][吞吐率：13.76req/s] [内存消耗：1,779.00kb] [文件加载：45]
[ info ] [ LANG ] D:\rar\phpstudy\WWW\medias\thinkphp\lang\zh-cn.php
[ info ] [ ROUTE ] array (
  'type' => 'module',
  'module' => 
  array (
    0 => 'admin',
    1 => 'user',
    2 => 'useradd',
  ),
)
[ info ] [ HEADER ] array (
  'cookie' => 'Hm_lvt_7e1b991d14eb5047e1f521cd606b8f00=1495784905,1496214821,1496223851; PHPSESSID=jjnkvvnrev4qk7mb65a7ghecp5',
  'accept-language' => 'zh-CN,zh;q=0.8',
  'accept-encoding' => 'gzip, deflate, sdch, br',
  'referer' => 'http://127.0.0.1/medias/public/index.php/admin/index/top.html',
  'accept' => 'text/html,application/xhtml+xml,application/xml;q=0.9,image/webp,*/*;q=0.8',
  'user-agent' => 'Mozilla/5.0 (Windows NT 10.0; Win64; x64) AppleWebKit/537.36 (KHTML, like Gecko) Chrome/58.0.3029.110 Safari/537.36',
  'upgrade-insecure-requests' => '1',
  'connection' => 'keep-alive',
  'host' => '127.0.0.1',
  'content-length' => '',
  'content-type' => '',
)
[ info ] [ PARAM ] array (
  'user_id' => '1',
  'edit' => '3',
)
[ info ] [ SESSION ] INIT array (
  'id' => '',
  'var_session_id' => '',
  'prefix' => 'think',
  'type' => '',
  'auto_start' => true,
)
[ info ] [ RUN ] app\admin\controller\User->UserAdd[ D:\rar\phpstudy\WWW\medias\application\admin\controller\User.php ]
[ info ] [ DB ] INIT mysql
[ info ] [ VIEW ] D:\rar\phpstudy\WWW\medias\public/../application/admin\view\user\useradd.html [ array (
  0 => 'GroupData',
  1 => 'edit',
  2 => 'userinfo',
) ]
[ info ] [ LOG ] INIT File
[ sql ] [ DB ] CONNECT:[ UseTime:0.000617s ] mysql:dbname=media;host=127.0.0.1;port=3306;charset=utf8
[ sql ] [ SQL ] SHOW COLUMNS FROM `zt_admin` [ RunTime:0.008519s ]
[ sql ] [ SQL ] SELECT * FROM `zt_admin` `a` INNER JOIN `zt_auth_group` `g` ON `a`.`groupid`=`g`.`id` WHERE  `a`.`user_id` = '1'  [ RunTime:0.000530s ]
[ sql ] [ SQL ] SHOW COLUMNS FROM `zt_auth_group` [ RunTime:0.008140s ]
[ sql ] [ SQL ] SELECT * FROM `zt_auth_group`  [ RunTime:0.000331s ]

---------------------------------------------------------------
[ 2017-06-21T09:57:38+08:00 ] 127.0.0.1 127.0.0.1 POST /medias/public/index.php/admin/user/useradd.html
[ log ] 127.0.0.1/medias/public/index.php/admin/user/useradd.html [运行时间：0.033407s][吞吐率：29.93req/s] [内存消耗：1,728.36kb] [文件加载：45]
[ info ] [ LANG ] D:\rar\phpstudy\WWW\medias\thinkphp\lang\zh-cn.php
[ info ] [ ROUTE ] array (
  'type' => 'module',
  'module' => 
  array (
    0 => 'admin',
    1 => 'user',
    2 => 'useradd',
  ),
)
[ info ] [ HEADER ] array (
  'cookie' => 'Hm_lvt_7e1b991d14eb5047e1f521cd606b8f00=1495784905,1496214821,1496223851; PHPSESSID=jjnkvvnrev4qk7mb65a7ghecp5',
  'accept-language' => 'zh-CN,zh;q=0.8',
  'accept-encoding' => 'gzip, deflate, br',
  'referer' => 'http://127.0.0.1/medias/public/index.php/admin/user/useradd/user_id/1/edit/3.html',
  'accept' => 'text/html,application/xhtml+xml,application/xml;q=0.9,image/webp,*/*;q=0.8',
  'content-type' => 'application/x-www-form-urlencoded',
  'user-agent' => 'Mozilla/5.0 (Windows NT 10.0; Win64; x64) AppleWebKit/537.36 (KHTML, like Gecko) Chrome/58.0.3029.110 Safari/537.36',
  'upgrade-insecure-requests' => '1',
  'origin' => 'http://127.0.0.1',
  'cache-control' => 'max-age=0',
  'content-length' => '86',
  'connection' => 'keep-alive',
  'host' => '127.0.0.1',
)
[ info ] [ PARAM ] array (
  'groupid' => '1',
  'username' => 'admin',
  'userid' => '1',
  'edit' => '2',
  'password' => '1823song',
  'email' => 'jinghao2012@163.com',
)
[ info ] [ SESSION ] INIT array (
  'id' => '',
  'var_session_id' => '',
  'prefix' => 'think',
  'type' => '',
  'auto_start' => true,
)
[ info ] [ RUN ] app\admin\controller\User->UserAdd[ D:\rar\phpstudy\WWW\medias\application\admin\controller\User.php ]
[ info ] [ DB ] INIT mysql
[ info ] [ VIEW ] D:\rar\phpstudy\WWW\medias\thinkphp\tpl\dispatch_jump.tpl [ array (
  0 => 'code',
  1 => 'msg',
  2 => 'data',
  3 => 'url',
  4 => 'wait',
) ]
[ info ] [ LOG ] INIT File
[ sql ] [ DB ] CONNECT:[ UseTime:0.000628s ] mysql:dbname=media;host=127.0.0.1;port=3306;charset=utf8
[ sql ] [ SQL ] SHOW COLUMNS FROM `zt_admin` [ RunTime:0.007900s ]
[ sql ] [ SQL ] SELECT * FROM `zt_admin` WHERE  `username` = 'admin'   [ RunTime:0.000399s ]
[ sql ] [ SQL ] UPDATE `zt_admin`  SET `groupid`=1,`username`='admin',`password`='92ca0a9097afe9401d20d39d5e22d463',`email`='jinghao2012@163.com',`time`=1498010258  WHERE  `user_id` = 1         [ RunTime:0.000282s ]

---------------------------------------------------------------
[ 2017-06-21T09:57:40+08:00 ] 127.0.0.1 127.0.0.1 GET /medias/public/index.php/admin/project/show.html
[ log ] 127.0.0.1/medias/public/index.php/admin/project/show.html [运行时间：0.116904s][吞吐率：8.55req/s] [内存消耗：1,876.41kb] [文件加载：50]
[ info ] [ LANG ] D:\rar\phpstudy\WWW\medias\thinkphp\lang\zh-cn.php
[ info ] [ ROUTE ] array (
  'type' => 'module',
  'module' => 
  array (
    0 => 'admin',
    1 => 'project',
    2 => 'show',
  ),
)
[ info ] [ HEADER ] array (
  'cookie' => 'Hm_lvt_7e1b991d14eb5047e1f521cd606b8f00=1495784905,1496214821,1496223851; PHPSESSID=jjnkvvnrev4qk7mb65a7ghecp5',
  'accept-language' => 'zh-CN,zh;q=0.8',
  'accept-encoding' => 'gzip, deflate, sdch, br',
  'referer' => 'http://127.0.0.1/medias/public/index.php/admin/index/menu.html',
  'accept' => 'text/html,application/xhtml+xml,application/xml;q=0.9,image/webp,*/*;q=0.8',
  'user-agent' => 'Mozilla/5.0 (Windows NT 10.0; Win64; x64) AppleWebKit/537.36 (KHTML, like Gecko) Chrome/58.0.3029.110 Safari/537.36',
  'upgrade-insecure-requests' => '1',
  'connection' => 'keep-alive',
  'host' => '127.0.0.1',
  'content-length' => '',
  'content-type' => '',
)
[ info ] [ PARAM ] array (
)
[ info ] [ SESSION ] INIT array (
  'id' => '',
  'var_session_id' => '',
  'prefix' => 'think',
  'type' => '',
  'auto_start' => true,
)
[ info ] [ RUN ] app\admin\controller\Project->show[ D:\rar\phpstudy\WWW\medias\application\admin\controller\Project.php ]
[ info ] [ DB ] INIT mysql
[ info ] [ VIEW ] D:\rar\phpstudy\WWW\medias\public/../application/admin\view\project\show.html [ array (
  0 => 'delopt',
  1 => 'data',
) ]
[ info ] [ LOG ] INIT File
[ sql ] [ DB ] CONNECT:[ UseTime:0.000554s ] mysql:dbname=media;host=127.0.0.1;port=3306;charset=utf8
[ sql ] [ SQL ] SHOW COLUMNS FROM `zt_project` [ RunTime:0.036130s ]
[ sql ] [ SQL ] SELECT COUNT(*) AS tp_count FROM `zt_project` `p` INNER JOIN `zt_brand` `b` ON `p`.`brand`=`b`.`brand_id` ORDER BY id desc LIMIT 1   [ RunTime:0.028240s ]
[ sql ] [ SQL ] SELECT * FROM `zt_project` `p` INNER JOIN `zt_brand` `b` ON `p`.`brand`=`b`.`brand_id` ORDER BY id desc LIMIT 0,20   [ RunTime:0.000537s ]
[ sql ] [ SQL ] SHOW COLUMNS FROM `zt_admin` [ RunTime:0.008123s ]
[ sql ] [ SQL ] SELECT `rules` FROM `zt_admin` `a` INNER JOIN `zt_auth_group` `b` ON `b`.`id`=`a`.`groupid` WHERE  `a`.`user_id` = 1  [ RunTime:0.000272s ]

---------------------------------------------------------------
[ 2017-06-21T09:59:23+08:00 ] 127.0.0.1 127.0.0.1 GET /medias/public/index.php/admin/brand/brandshow.html
[ log ] 127.0.0.1/medias/public/index.php/admin/brand/brandshow.html [运行时间：0.085420s][吞吐率：11.71req/s] [内存消耗：1,750.83kb] [文件加载：46]
[ info ] [ LANG ] D:\rar\phpstudy\WWW\medias\thinkphp\lang\zh-cn.php
[ info ] [ ROUTE ] array (
  'type' => 'module',
  'module' => 
  array (
    0 => 'admin',
    1 => 'brand',
    2 => 'brandshow',
  ),
)
[ info ] [ HEADER ] array (
  'cookie' => 'Hm_lvt_7e1b991d14eb5047e1f521cd606b8f00=1495784905,1496214821,1496223851; PHPSESSID=jjnkvvnrev4qk7mb65a7ghecp5',
  'accept-language' => 'zh-CN,zh;q=0.8',
  'accept-encoding' => 'gzip, deflate, sdch, br',
  'referer' => 'http://127.0.0.1/medias/public/index.php/admin/index/menu.html',
  'accept' => 'text/html,application/xhtml+xml,application/xml;q=0.9,image/webp,*/*;q=0.8',
  'user-agent' => 'Mozilla/5.0 (Windows NT 10.0; Win64; x64) AppleWebKit/537.36 (KHTML, like Gecko) Chrome/58.0.3029.110 Safari/537.36',
  'upgrade-insecure-requests' => '1',
  'connection' => 'keep-alive',
  'host' => '127.0.0.1',
  'content-length' => '',
  'content-type' => '',
)
[ info ] [ PARAM ] array (
)
[ info ] [ SESSION ] INIT array (
  'id' => '',
  'var_session_id' => '',
  'prefix' => 'think',
  'type' => '',
  'auto_start' => true,
)
[ info ] [ RUN ] app\admin\controller\Brand->BrandShow[ D:\rar\phpstudy\WWW\medias\application\admin\controller\Brand.php ]
[ info ] [ DB ] INIT mysql
[ info ] [ VIEW ] D:\rar\phpstudy\WWW\medias\public/../application/admin\view\brand\brand_show.html [ array (
  0 => 'brandData',
) ]
[ info ] [ LOG ] INIT File
[ sql ] [ DB ] CONNECT:[ UseTime:0.010680s ] mysql:dbname=media;host=127.0.0.1;port=3306;charset=utf8
[ sql ] [ SQL ] SHOW COLUMNS FROM `zt_brand` [ RunTime:0.010314s ]
[ sql ] [ SQL ] SELECT * FROM `zt_brand`  [ RunTime:0.000528s ]

---------------------------------------------------------------
[ 2017-06-21T09:59:46+08:00 ] 127.0.0.1 127.0.0.1 GET /medias/public/index.php/admin/brand/brandadd.html
[ log ] 127.0.0.1/medias/public/index.php/admin/brand/brandadd.html [运行时间：0.052728s][吞吐率：18.97req/s] [内存消耗：1,747.90kb] [文件加载：45]
[ info ] [ LANG ] D:\rar\phpstudy\WWW\medias\thinkphp\lang\zh-cn.php
[ info ] [ ROUTE ] array (
  'type' => 'module',
  'module' => 
  array (
    0 => 'admin',
    1 => 'brand',
    2 => 'brandadd',
  ),
)
[ info ] [ HEADER ] array (
  'cookie' => 'Hm_lvt_7e1b991d14eb5047e1f521cd606b8f00=1495784905,1496214821,1496223851; PHPSESSID=jjnkvvnrev4qk7mb65a7ghecp5',
  'accept-language' => 'zh-CN,zh;q=0.8',
  'accept-encoding' => 'gzip, deflate, sdch, br',
  'referer' => 'http://127.0.0.1/medias/public/index.php/admin/index/menu.html',
  'accept' => 'text/html,application/xhtml+xml,application/xml;q=0.9,image/webp,*/*;q=0.8',
  'user-agent' => 'Mozilla/5.0 (Windows NT 10.0; Win64; x64) AppleWebKit/537.36 (KHTML, like Gecko) Chrome/58.0.3029.110 Safari/537.36',
  'upgrade-insecure-requests' => '1',
  'connection' => 'keep-alive',
  'host' => '127.0.0.1',
  'content-length' => '',
  'content-type' => '',
)
[ info ] [ PARAM ] array (
)
[ info ] [ SESSION ] INIT array (
  'id' => '',
  'var_session_id' => '',
  'prefix' => 'think',
  'type' => '',
  'auto_start' => true,
)
[ info ] [ RUN ] app\admin\controller\Brand->BrandAdd[ D:\rar\phpstudy\WWW\medias\application\admin\controller\Brand.php ]
[ info ] [ DB ] INIT mysql
[ info ] [ VIEW ] D:\rar\phpstudy\WWW\medias\public/../application/admin\view\brand\add.html [ array (
  0 => 'brandData',
) ]
[ info ] [ LOG ] INIT File
[ sql ] [ DB ] CONNECT:[ UseTime:0.000646s ] mysql:dbname=media;host=127.0.0.1;port=3306;charset=utf8
[ sql ] [ SQL ] SHOW COLUMNS FROM `zt_brand` [ RunTime:0.008768s ]
[ sql ] [ SQL ] SELECT * FROM `zt_brand`  [ RunTime:0.000354s ]

---------------------------------------------------------------
[ 2017-06-21T10:00:08+08:00 ] 127.0.0.1 127.0.0.1 POST /medias/public/index.php/admin/brand/brandadd.html
[ log ] 127.0.0.1/medias/public/index.php/admin/brand/brandadd.html [运行时间：0.118868s][吞吐率：8.41req/s] [内存消耗：1,717.88kb] [文件加载：46]
[ info ] [ LANG ] D:\rar\phpstudy\WWW\medias\thinkphp\lang\zh-cn.php
[ info ] [ ROUTE ] array (
  'type' => 'module',
  'module' => 
  array (
    0 => 'admin',
    1 => 'brand',
    2 => 'brandadd',
  ),
)
[ info ] [ HEADER ] array (
  'cookie' => 'Hm_lvt_7e1b991d14eb5047e1f521cd606b8f00=1495784905,1496214821,1496223851; PHPSESSID=jjnkvvnrev4qk7mb65a7ghecp5',
  'accept-language' => 'zh-CN,zh;q=0.8',
  'accept-encoding' => 'gzip, deflate, br',
  'referer' => 'http://127.0.0.1/medias/public/index.php/admin/brand/brandadd.html',
  'accept' => 'text/html,application/xhtml+xml,application/xml;q=0.9,image/webp,*/*;q=0.8',
  'content-type' => 'application/x-www-form-urlencoded',
  'user-agent' => 'Mozilla/5.0 (Windows NT 10.0; Win64; x64) AppleWebKit/537.36 (KHTML, like Gecko) Chrome/58.0.3029.110 Safari/537.36',
  'upgrade-insecure-requests' => '1',
  'origin' => 'http://127.0.0.1',
  'cache-control' => 'max-age=0',
  'content-length' => '64',
  'connection' => 'keep-alive',
  'host' => '127.0.0.1',
)
[ info ] [ PARAM ] array (
  'brand_name' => '东风标致308',
  'pid' => '0',
  'start' => '0',
)
[ info ] [ SESSION ] INIT array (
  'id' => '',
  'var_session_id' => '',
  'prefix' => 'think',
  'type' => '',
  'auto_start' => true,
)
[ info ] [ RUN ] app\admin\controller\Brand->BrandAdd[ D:\rar\phpstudy\WWW\medias\application\admin\controller\Brand.php ]
[ info ] [ DB ] INIT mysql
[ info ] [ VIEW ] D:\rar\phpstudy\WWW\medias\thinkphp\tpl\dispatch_jump.tpl [ array (
  0 => 'code',
  1 => 'msg',
  2 => 'data',
  3 => 'url',
  4 => 'wait',
) ]
[ info ] [ LOG ] INIT File
[ sql ] [ DB ] CONNECT:[ UseTime:0.001067s ] mysql:dbname=media;host=127.0.0.1;port=3306;charset=utf8
[ sql ] [ SQL ] SHOW COLUMNS FROM `zt_brand` [ RunTime:0.096451s ]
[ sql ] [ SQL ] INSERT INTO `zt_brand` (`brand_name` , `pid` , `start` , `time`) VALUES ('东风标致308' , 0 , 0 , '2017-06-21 10:00:08')      [ RunTime:0.000292s ]

---------------------------------------------------------------
[ 2017-06-21T10:00:10+08:00 ] 127.0.0.1 127.0.0.1 GET /medias/public/index.php/admin/brand/brandadd.html
[ log ] 127.0.0.1/medias/public/index.php/admin/brand/brandadd.html [运行时间：0.034377s][吞吐率：29.09req/s] [内存消耗：1,748.89kb] [文件加载：45]
[ info ] [ LANG ] D:\rar\phpstudy\WWW\medias\thinkphp\lang\zh-cn.php
[ info ] [ ROUTE ] array (
  'type' => 'module',
  'module' => 
  array (
    0 => 'admin',
    1 => 'brand',
    2 => 'brandadd',
  ),
)
[ info ] [ HEADER ] array (
  'cookie' => 'Hm_lvt_7e1b991d14eb5047e1f521cd606b8f00=1495784905,1496214821,1496223851; PHPSESSID=jjnkvvnrev4qk7mb65a7ghecp5',
  'accept-language' => 'zh-CN,zh;q=0.8',
  'accept-encoding' => 'gzip, deflate, sdch, br',
  'referer' => 'http://127.0.0.1/medias/public/index.php/admin/index/menu.html',
  'accept' => 'text/html,application/xhtml+xml,application/xml;q=0.9,image/webp,*/*;q=0.8',
  'user-agent' => 'Mozilla/5.0 (Windows NT 10.0; Win64; x64) AppleWebKit/537.36 (KHTML, like Gecko) Chrome/58.0.3029.110 Safari/537.36',
  'upgrade-insecure-requests' => '1',
  'connection' => 'keep-alive',
  'host' => '127.0.0.1',
  'content-length' => '',
  'content-type' => '',
)
[ info ] [ PARAM ] array (
)
[ info ] [ SESSION ] INIT array (
  'id' => '',
  'var_session_id' => '',
  'prefix' => 'think',
  'type' => '',
  'auto_start' => true,
)
[ info ] [ RUN ] app\admin\controller\Brand->BrandAdd[ D:\rar\phpstudy\WWW\medias\application\admin\controller\Brand.php ]
[ info ] [ DB ] INIT mysql
[ info ] [ VIEW ] D:\rar\phpstudy\WWW\medias\public/../application/admin\view\brand\add.html [ array (
  0 => 'brandData',
) ]
[ info ] [ LOG ] INIT File
[ sql ] [ DB ] CONNECT:[ UseTime:0.000647s ] mysql:dbname=media;host=127.0.0.1;port=3306;charset=utf8
[ sql ] [ SQL ] SHOW COLUMNS FROM `zt_brand` [ RunTime:0.009765s ]
[ sql ] [ SQL ] SELECT * FROM `zt_brand`  [ RunTime:0.000506s ]

---------------------------------------------------------------
[ 2017-06-21T10:00:45+08:00 ] 127.0.0.1 127.0.0.1 POST /medias/public/index.php/admin/brand/brandadd.html
[ log ] 127.0.0.1/medias/public/index.php/admin/brand/brandadd.html [运行时间：0.033345s][吞吐率：29.99req/s] [内存消耗：1,717.91kb] [文件加载：46]
[ info ] [ LANG ] D:\rar\phpstudy\WWW\medias\thinkphp\lang\zh-cn.php
[ info ] [ ROUTE ] array (
  'type' => 'module',
  'module' => 
  array (
    0 => 'admin',
    1 => 'brand',
    2 => 'brandadd',
  ),
)
[ info ] [ HEADER ] array (
  'cookie' => 'Hm_lvt_7e1b991d14eb5047e1f521cd606b8f00=1495784905,1496214821,1496223851; PHPSESSID=jjnkvvnrev4qk7mb65a7ghecp5',
  'accept-language' => 'zh-CN,zh;q=0.8',
  'accept-encoding' => 'gzip, deflate, br',
  'referer' => 'http://127.0.0.1/medias/public/index.php/admin/brand/brandadd.html',
  'accept' => 'text/html,application/xhtml+xml,application/xml;q=0.9,image/webp,*/*;q=0.8',
  'content-type' => 'application/x-www-form-urlencoded',
  'user-agent' => 'Mozilla/5.0 (Windows NT 10.0; Win64; x64) AppleWebKit/537.36 (KHTML, like Gecko) Chrome/58.0.3029.110 Safari/537.36',
  'upgrade-insecure-requests' => '1',
  'origin' => 'http://127.0.0.1',
  'cache-control' => 'max-age=0',
  'content-length' => '88',
  'connection' => 'keep-alive',
  'host' => '127.0.0.1',
)
[ info ] [ PARAM ] array (
  'brand_name' => '2016款1.6L自动风尚型',
  'pid' => '89',
  'start' => '0',
)
[ info ] [ SESSION ] INIT array (
  'id' => '',
  'var_session_id' => '',
  'prefix' => 'think',
  'type' => '',
  'auto_start' => true,
)
[ info ] [ RUN ] app\admin\controller\Brand->BrandAdd[ D:\rar\phpstudy\WWW\medias\application\admin\controller\Brand.php ]
[ info ] [ DB ] INIT mysql
[ info ] [ VIEW ] D:\rar\phpstudy\WWW\medias\thinkphp\tpl\dispatch_jump.tpl [ array (
  0 => 'code',
  1 => 'msg',
  2 => 'data',
  3 => 'url',
  4 => 'wait',
) ]
[ info ] [ LOG ] INIT File
[ sql ] [ DB ] CONNECT:[ UseTime:0.000732s ] mysql:dbname=media;host=127.0.0.1;port=3306;charset=utf8
[ sql ] [ SQL ] SHOW COLUMNS FROM `zt_brand` [ RunTime:0.011428s ]
[ sql ] [ SQL ] INSERT INTO `zt_brand` (`brand_name` , `pid` , `start` , `time`) VALUES ('2016款1.6L自动风尚型' , 89 , 0 , '2017-06-21 10:00:45')      [ RunTime:0.000236s ]

---------------------------------------------------------------
[ 2017-06-21T10:00:46+08:00 ] 127.0.0.1 127.0.0.1 GET /medias/public/index.php/admin/brand/brandadd.html
[ log ] 127.0.0.1/medias/public/index.php/admin/brand/brandadd.html [运行时间：0.032968s][吞吐率：30.33req/s] [内存消耗：1,749.90kb] [文件加载：45]
[ info ] [ LANG ] D:\rar\phpstudy\WWW\medias\thinkphp\lang\zh-cn.php
[ info ] [ ROUTE ] array (
  'type' => 'module',
  'module' => 
  array (
    0 => 'admin',
    1 => 'brand',
    2 => 'brandadd',
  ),
)
[ info ] [ HEADER ] array (
  'cookie' => 'Hm_lvt_7e1b991d14eb5047e1f521cd606b8f00=1495784905,1496214821,1496223851; PHPSESSID=jjnkvvnrev4qk7mb65a7ghecp5',
  'accept-language' => 'zh-CN,zh;q=0.8',
  'accept-encoding' => 'gzip, deflate, sdch, br',
  'referer' => 'http://127.0.0.1/medias/public/index.php/admin/brand/brandadd.html',
  'accept' => 'text/html,application/xhtml+xml,application/xml;q=0.9,image/webp,*/*;q=0.8',
  'user-agent' => 'Mozilla/5.0 (Windows NT 10.0; Win64; x64) AppleWebKit/537.36 (KHTML, like Gecko) Chrome/58.0.3029.110 Safari/537.36',
  'upgrade-insecure-requests' => '1',
  'connection' => 'keep-alive',
  'host' => '127.0.0.1',
  'content-length' => '',
  'content-type' => '',
)
[ info ] [ PARAM ] array (
)
[ info ] [ SESSION ] INIT array (
  'id' => '',
  'var_session_id' => '',
  'prefix' => 'think',
  'type' => '',
  'auto_start' => true,
)
[ info ] [ RUN ] app\admin\controller\Brand->BrandAdd[ D:\rar\phpstudy\WWW\medias\application\admin\controller\Brand.php ]
[ info ] [ DB ] INIT mysql
[ info ] [ VIEW ] D:\rar\phpstudy\WWW\medias\public/../application/admin\view\brand\add.html [ array (
  0 => 'brandData',
) ]
[ info ] [ LOG ] INIT File
[ sql ] [ DB ] CONNECT:[ UseTime:0.000568s ] mysql:dbname=media;host=127.0.0.1;port=3306;charset=utf8
[ sql ] [ SQL ] SHOW COLUMNS FROM `zt_brand` [ RunTime:0.008140s ]
[ sql ] [ SQL ] SELECT * FROM `zt_brand`  [ RunTime:0.000367s ]

---------------------------------------------------------------
[ 2017-06-21T10:00:47+08:00 ] 127.0.0.1 127.0.0.1 GET /medias/public/index.php/admin/project/show.html
[ log ] 127.0.0.1/medias/public/index.php/admin/project/show.html [运行时间：0.054056s][吞吐率：18.50req/s] [内存消耗：1,876.41kb] [文件加载：50]
[ info ] [ LANG ] D:\rar\phpstudy\WWW\medias\thinkphp\lang\zh-cn.php
[ info ] [ ROUTE ] array (
  'type' => 'module',
  'module' => 
  array (
    0 => 'admin',
    1 => 'project',
    2 => 'show',
  ),
)
[ info ] [ HEADER ] array (
  'cookie' => 'Hm_lvt_7e1b991d14eb5047e1f521cd606b8f00=1495784905,1496214821,1496223851; PHPSESSID=jjnkvvnrev4qk7mb65a7ghecp5',
  'accept-language' => 'zh-CN,zh;q=0.8',
  'accept-encoding' => 'gzip, deflate, sdch, br',
  'referer' => 'http://127.0.0.1/medias/public/index.php/admin/index/menu.html',
  'accept' => 'text/html,application/xhtml+xml,application/xml;q=0.9,image/webp,*/*;q=0.8',
  'user-agent' => 'Mozilla/5.0 (Windows NT 10.0; Win64; x64) AppleWebKit/537.36 (KHTML, like Gecko) Chrome/58.0.3029.110 Safari/537.36',
  'upgrade-insecure-requests' => '1',
  'connection' => 'keep-alive',
  'host' => '127.0.0.1',
  'content-length' => '',
  'content-type' => '',
)
[ info ] [ PARAM ] array (
)
[ info ] [ SESSION ] INIT array (
  'id' => '',
  'var_session_id' => '',
  'prefix' => 'think',
  'type' => '',
  'auto_start' => true,
)
[ info ] [ RUN ] app\admin\controller\Project->show[ D:\rar\phpstudy\WWW\medias\application\admin\controller\Project.php ]
[ info ] [ DB ] INIT mysql
[ info ] [ VIEW ] D:\rar\phpstudy\WWW\medias\public/../application/admin\view\project\show.html [ array (
  0 => 'delopt',
  1 => 'data',
) ]
[ info ] [ LOG ] INIT File
[ sql ] [ DB ] CONNECT:[ UseTime:0.000580s ] mysql:dbname=media;host=127.0.0.1;port=3306;charset=utf8
[ sql ] [ SQL ] SHOW COLUMNS FROM `zt_project` [ RunTime:0.016111s ]
[ sql ] [ SQL ] SELECT COUNT(*) AS tp_count FROM `zt_project` `p` INNER JOIN `zt_brand` `b` ON `p`.`brand`=`b`.`brand_id` ORDER BY id desc LIMIT 1   [ RunTime:0.000318s ]
[ sql ] [ SQL ] SELECT * FROM `zt_project` `p` INNER JOIN `zt_brand` `b` ON `p`.`brand`=`b`.`brand_id` ORDER BY id desc LIMIT 0,20   [ RunTime:0.000548s ]
[ sql ] [ SQL ] SHOW COLUMNS FROM `zt_admin` [ RunTime:0.008532s ]
[ sql ] [ SQL ] SELECT `rules` FROM `zt_admin` `a` INNER JOIN `zt_auth_group` `b` ON `b`.`id`=`a`.`groupid` WHERE  `a`.`user_id` = 1  [ RunTime:0.000299s ]

---------------------------------------------------------------
[ 2017-06-21T10:00:49+08:00 ] 127.0.0.1 127.0.0.1 GET /medias/public/index.php/admin/project/add.html
[ log ] 127.0.0.1/medias/public/index.php/admin/project/add.html [运行时间：0.081285s][吞吐率：12.30req/s] [内存消耗：1,759.25kb] [文件加载：46]
[ info ] [ LANG ] D:\rar\phpstudy\WWW\medias\thinkphp\lang\zh-cn.php
[ info ] [ ROUTE ] array (
  'type' => 'module',
  'module' => 
  array (
    0 => 'admin',
    1 => 'project',
    2 => 'add',
  ),
)
[ info ] [ HEADER ] array (
  'cookie' => 'Hm_lvt_7e1b991d14eb5047e1f521cd606b8f00=1495784905,1496214821,1496223851; PHPSESSID=jjnkvvnrev4qk7mb65a7ghecp5',
  'accept-language' => 'zh-CN,zh;q=0.8',
  'accept-encoding' => 'gzip, deflate, sdch, br',
  'referer' => 'http://127.0.0.1/medias/public/index.php/admin/index/menu.html',
  'accept' => 'text/html,application/xhtml+xml,application/xml;q=0.9,image/webp,*/*;q=0.8',
  'user-agent' => 'Mozilla/5.0 (Windows NT 10.0; Win64; x64) AppleWebKit/537.36 (KHTML, like Gecko) Chrome/58.0.3029.110 Safari/537.36',
  'upgrade-insecure-requests' => '1',
  'connection' => 'keep-alive',
  'host' => '127.0.0.1',
  'content-length' => '',
  'content-type' => '',
)
[ info ] [ PARAM ] array (
)
[ info ] [ SESSION ] INIT array (
  'id' => '',
  'var_session_id' => '',
  'prefix' => 'think',
  'type' => '',
  'auto_start' => true,
)
[ info ] [ RUN ] app\admin\controller\Project->add[ D:\rar\phpstudy\WWW\medias\application\admin\controller\Project.php ]
[ info ] [ DB ] INIT mysql
[ info ] [ VIEW ] D:\rar\phpstudy\WWW\medias\public/../application/admin\view\project\add.html [ array (
  0 => 'data',
) ]
[ info ] [ LOG ] INIT File
[ sql ] [ DB ] CONNECT:[ UseTime:0.000848s ] mysql:dbname=media;host=127.0.0.1;port=3306;charset=utf8
[ sql ] [ SQL ] SHOW COLUMNS FROM `zt_brand` [ RunTime:0.009218s ]
[ sql ] [ SQL ] SELECT * FROM `zt_brand` WHERE  `pid` = 0   [ RunTime:0.000418s ]

---------------------------------------------------------------
[ 2017-06-21T10:01:55+08:00 ] 127.0.0.1 127.0.0.1 GET /medias/public/index.php/admin/project/getbrandadd.html?brand_id=89
[ log ] 127.0.0.1/medias/public/index.php/admin/project/getbrandadd.html?brand_id=89 [运行时间：0.032526s][吞吐率：30.74req/s] [内存消耗：1,650.32kb] [文件加载：42]
[ info ] [ LANG ] D:\rar\phpstudy\WWW\medias\thinkphp\lang\zh-cn.php
[ info ] [ ROUTE ] array (
  'type' => 'module',
  'module' => 
  array (
    0 => 'admin',
    1 => 'project',
    2 => 'getbrandadd',
  ),
)
[ info ] [ HEADER ] array (
  'cookie' => 'Hm_lvt_7e1b991d14eb5047e1f521cd606b8f00=1495784905,1496214821,1496223851; PHPSESSID=jjnkvvnrev4qk7mb65a7ghecp5',
  'accept-language' => 'zh-CN,zh;q=0.8',
  'accept-encoding' => 'gzip, deflate, sdch, br',
  'referer' => 'http://127.0.0.1/medias/public/index.php/admin/project/add.html',
  'user-agent' => 'Mozilla/5.0 (Windows NT 10.0; Win64; x64) AppleWebKit/537.36 (KHTML, like Gecko) Chrome/58.0.3029.110 Safari/537.36',
  'x-requested-with' => 'XMLHttpRequest',
  'accept' => 'application/json, text/javascript, */*; q=0.01',
  'connection' => 'keep-alive',
  'host' => '127.0.0.1',
  'content-length' => '',
  'content-type' => '',
)
[ info ] [ PARAM ] array (
  'brand_id' => '89',
)
[ info ] [ SESSION ] INIT array (
  'id' => '',
  'var_session_id' => '',
  'prefix' => 'think',
  'type' => '',
  'auto_start' => true,
)
[ info ] [ RUN ] app\admin\controller\Project->GetBrandAdd[ D:\rar\phpstudy\WWW\medias\application\admin\controller\Project.php ]
[ info ] [ DB ] INIT mysql
[ info ] [ LOG ] INIT File
[ sql ] [ DB ] CONNECT:[ UseTime:0.000731s ] mysql:dbname=media;host=127.0.0.1;port=3306;charset=utf8
[ sql ] [ SQL ] SHOW COLUMNS FROM `zt_brand` [ RunTime:0.009340s ]
[ sql ] [ SQL ] SELECT * FROM `zt_brand` WHERE  `pid` = 89   [ RunTime:0.000350s ]

---------------------------------------------------------------
[ 2017-06-21T10:02:01+08:00 ] 127.0.0.1 127.0.0.1 POST /medias/public/index.php/admin/project/add.html
[ log ] 127.0.0.1/medias/public/index.php/admin/project/add.html [运行时间：0.161198s][吞吐率：6.20req/s] [内存消耗：1,753.54kb] [文件加载：47]
[ info ] [ LANG ] D:\rar\phpstudy\WWW\medias\thinkphp\lang\zh-cn.php
[ info ] [ ROUTE ] array (
  'type' => 'module',
  'module' => 
  array (
    0 => 'admin',
    1 => 'project',
    2 => 'add',
  ),
)
[ info ] [ HEADER ] array (
  'cookie' => 'Hm_lvt_7e1b991d14eb5047e1f521cd606b8f00=1495784905,1496214821,1496223851; PHPSESSID=jjnkvvnrev4qk7mb65a7ghecp5',
  'accept-language' => 'zh-CN,zh;q=0.8',
  'accept-encoding' => 'gzip, deflate, br',
  'referer' => 'http://127.0.0.1/medias/public/index.php/admin/project/add.html',
  'accept' => 'text/html,application/xhtml+xml,application/xml;q=0.9,image/webp,*/*;q=0.8',
  'content-type' => 'application/x-www-form-urlencoded',
  'user-agent' => 'Mozilla/5.0 (Windows NT 10.0; Win64; x64) AppleWebKit/537.36 (KHTML, like Gecko) Chrome/58.0.3029.110 Safari/537.36',
  'upgrade-insecure-requests' => '1',
  'origin' => 'http://127.0.0.1',
  'cache-control' => 'max-age=0',
  'content-length' => '123',
  'connection' => 'keep-alive',
  'host' => '127.0.0.1',
)
[ info ] [ PARAM ] array (
  'project_name' => '东标308互动竞猜',
  'brand_id' => 
  array (
    0 => '89',
    1 => '',
  ),
  'pj_id' => 'NB8934078394',
)
[ info ] [ SESSION ] INIT array (
  'id' => '',
  'var_session_id' => '',
  'prefix' => 'think',
  'type' => '',
  'auto_start' => true,
)
[ info ] [ RUN ] app\admin\controller\Project->add[ D:\rar\phpstudy\WWW\medias\application\admin\controller\Project.php ]
[ info ] [ DB ] INIT mysql
[ info ] [ VIEW ] D:\rar\phpstudy\WWW\medias\thinkphp\tpl\dispatch_jump.tpl [ array (
  0 => 'code',
  1 => 'msg',
  2 => 'data',
  3 => 'url',
  4 => 'wait',
) ]
[ info ] [ LOG ] INIT File
[ sql ] [ DB ] CONNECT:[ UseTime:0.000740s ] mysql:dbname=media;host=127.0.0.1;port=3306;charset=utf8
[ sql ] [ SQL ] SHOW COLUMNS FROM `zt_project` [ RunTime:0.138784s ]
[ sql ] [ SQL ] INSERT INTO `zt_project` (`project_name` , `pj_id` , `brand` , `time`) VALUES ('东标308互动竞猜' , 'NB8934078394' , '89,' , '2017-06-21 10:02:00')      [ RunTime:0.000352s ]

---------------------------------------------------------------
[ 2017-06-21T10:02:04+08:00 ] 127.0.0.1 127.0.0.1 GET /medias/public/index.php/admin/project/show.html
[ log ] 127.0.0.1/medias/public/index.php/admin/project/show.html [运行时间：0.047051s][吞吐率：21.25req/s] [内存消耗：1,877.61kb] [文件加载：50]
[ info ] [ LANG ] D:\rar\phpstudy\WWW\medias\thinkphp\lang\zh-cn.php
[ info ] [ ROUTE ] array (
  'type' => 'module',
  'module' => 
  array (
    0 => 'admin',
    1 => 'project',
    2 => 'show',
  ),
)
[ info ] [ HEADER ] array (
  'cookie' => 'Hm_lvt_7e1b991d14eb5047e1f521cd606b8f00=1495784905,1496214821,1496223851; PHPSESSID=jjnkvvnrev4qk7mb65a7ghecp5',
  'accept-language' => 'zh-CN,zh;q=0.8',
  'accept-encoding' => 'gzip, deflate, sdch, br',
  'referer' => 'http://127.0.0.1/medias/public/index.php/admin/project/add.html',
  'accept' => 'text/html,application/xhtml+xml,application/xml;q=0.9,image/webp,*/*;q=0.8',
  'user-agent' => 'Mozilla/5.0 (Windows NT 10.0; Win64; x64) AppleWebKit/537.36 (KHTML, like Gecko) Chrome/58.0.3029.110 Safari/537.36',
  'upgrade-insecure-requests' => '1',
  'connection' => 'keep-alive',
  'host' => '127.0.0.1',
  'content-length' => '',
  'content-type' => '',
)
[ info ] [ PARAM ] array (
)
[ info ] [ SESSION ] INIT array (
  'id' => '',
  'var_session_id' => '',
  'prefix' => 'think',
  'type' => '',
  'auto_start' => true,
)
[ info ] [ RUN ] app\admin\controller\Project->show[ D:\rar\phpstudy\WWW\medias\application\admin\controller\Project.php ]
[ info ] [ DB ] INIT mysql
[ info ] [ VIEW ] D:\rar\phpstudy\WWW\medias\public/../application/admin\view\project\show.html [ array (
  0 => 'delopt',
  1 => 'data',
) ]
[ info ] [ LOG ] INIT File
[ sql ] [ DB ] CONNECT:[ UseTime:0.000647s ] mysql:dbname=media;host=127.0.0.1;port=3306;charset=utf8
[ sql ] [ SQL ] SHOW COLUMNS FROM `zt_project` [ RunTime:0.009357s ]
[ sql ] [ SQL ] SELECT COUNT(*) AS tp_count FROM `zt_project` `p` INNER JOIN `zt_brand` `b` ON `p`.`brand`=`b`.`brand_id` ORDER BY id desc LIMIT 1   [ RunTime:0.000298s ]
[ sql ] [ SQL ] SELECT * FROM `zt_project` `p` INNER JOIN `zt_brand` `b` ON `p`.`brand`=`b`.`brand_id` ORDER BY id desc LIMIT 0,20   [ RunTime:0.000456s ]
[ sql ] [ SQL ] SHOW COLUMNS FROM `zt_admin` [ RunTime:0.008068s ]
[ sql ] [ SQL ] SELECT `rules` FROM `zt_admin` `a` INNER JOIN `zt_auth_group` `b` ON `b`.`id`=`a`.`groupid` WHERE  `a`.`user_id` = 1  [ RunTime:0.000239s ]

---------------------------------------------------------------
[ 2017-06-21T10:02:10+08:00 ] 127.0.0.1 127.0.0.1 GET /medias/public/index.php/admin/dealer/show/id/43.html
[ log ] 127.0.0.1/medias/public/index.php/admin/dealer/show/id/43.html [运行时间：0.188349s][吞吐率：5.31req/s] [内存消耗：1,900.53kb] [文件加载：48]
[ info ] [ LANG ] D:\rar\phpstudy\WWW\medias\thinkphp\lang\zh-cn.php
[ info ] [ ROUTE ] array (
  'type' => 'module',
  'module' => 
  array (
    0 => 'admin',
    1 => 'dealer',
    2 => 'show',
  ),
)
[ info ] [ HEADER ] array (
  'cookie' => 'Hm_lvt_7e1b991d14eb5047e1f521cd606b8f00=1495784905,1496214821,1496223851; PHPSESSID=jjnkvvnrev4qk7mb65a7ghecp5',
  'accept-language' => 'zh-CN,zh;q=0.8',
  'accept-encoding' => 'gzip, deflate, sdch, br',
  'referer' => 'http://127.0.0.1/medias/public/index.php/admin/project/show.html',
  'accept' => 'text/html,application/xhtml+xml,application/xml;q=0.9,image/webp,*/*;q=0.8',
  'user-agent' => 'Mozilla/5.0 (Windows NT 10.0; Win64; x64) AppleWebKit/537.36 (KHTML, like Gecko) Chrome/58.0.3029.110 Safari/537.36',
  'upgrade-insecure-requests' => '1',
  'connection' => 'keep-alive',
  'host' => '127.0.0.1',
  'content-length' => '',
  'content-type' => '',
)
[ info ] [ PARAM ] array (
  'id' => '43',
)
[ info ] [ SESSION ] INIT array (
  'id' => '',
  'var_session_id' => '',
  'prefix' => 'think',
  'type' => '',
  'auto_start' => true,
)
[ info ] [ RUN ] app\admin\controller\Dealer->show[ D:\rar\phpstudy\WWW\medias\application\admin\controller\Dealer.php ]
[ info ] [ DB ] INIT mysql
[ info ] [ VIEW ] D:\rar\phpstudy\WWW\medias\public/../application/admin\view\dealer\show.html [ array (
  0 => 'yxenews',
  1 => 'proname',
  2 => 'proid',
  3 => 'enewsid',
  4 => 'editopt',
  5 => 'delopt',
  6 => 'data',
  7 => 'page',
) ]
[ info ] [ LOG ] INIT File
[ sql ] [ DB ] CONNECT:[ UseTime:0.000713s ] mysql:dbname=media;host=127.0.0.1;port=3306;charset=utf8
[ sql ] [ SQL ] SHOW COLUMNS FROM `zt_allpro` [ RunTime:0.009834s ]
[ sql ] [ SQL ] SELECT * FROM `zt_allpro` WHERE  `proid` = 43   [ RunTime:0.000346s ]
[ sql ] [ SQL ] SHOW COLUMNS FROM `zt_project` [ RunTime:0.009402s ]
[ sql ] [ SQL ] SELECT `id`,`project_name` FROM `zt_project` WHERE  `id` = 43   [ RunTime:0.000294s ]
[ sql ] [ SQL ] SHOW COLUMNS FROM `zt_buytime` [ RunTime:0.034757s ]
[ sql ] [ SQL ] SELECT `id`,`timename` FROM `zt_buytime`  [ RunTime:0.000318s ]
[ sql ] [ SQL ] SHOW COLUMNS FROM `zt_lottery` [ RunTime:0.026910s ]
[ sql ] [ SQL ] SELECT `id`,`name` FROM `zt_lottery`  [ RunTime:0.000285s ]
[ sql ] [ SQL ] SHOW COLUMNS FROM `zt_admin` [ RunTime:0.007922s ]
[ sql ] [ SQL ] SELECT `rules` FROM `zt_admin` `a` INNER JOIN `zt_auth_group` `b` ON `b`.`id`=`a`.`groupid` WHERE  `a`.`user_id` = 1  [ RunTime:0.000287s ]
[ sql ] [ SQL ] SELECT `rules` FROM `zt_admin` `a` INNER JOIN `zt_auth_group` `b` ON `b`.`id`=`a`.`groupid` WHERE  `a`.`user_id` = 1  [ RunTime:0.000244s ]

---------------------------------------------------------------
[ 2017-06-21T10:02:12+08:00 ] 127.0.0.1 127.0.0.1 GET /medias/public/index.php/admin/dealer/show/enews/2/id/43.html
[ log ] 127.0.0.1/medias/public/index.php/admin/dealer/show/enews/2/id/43.html [运行时间：0.216885s][吞吐率：4.61req/s] [内存消耗：1,900.67kb] [文件加载：48]
[ info ] [ LANG ] D:\rar\phpstudy\WWW\medias\thinkphp\lang\zh-cn.php
[ info ] [ ROUTE ] array (
  'type' => 'module',
  'module' => 
  array (
    0 => 'admin',
    1 => 'dealer',
    2 => 'show',
  ),
)
[ info ] [ HEADER ] array (
  'cookie' => 'Hm_lvt_7e1b991d14eb5047e1f521cd606b8f00=1495784905,1496214821,1496223851; PHPSESSID=jjnkvvnrev4qk7mb65a7ghecp5',
  'accept-language' => 'zh-CN,zh;q=0.8',
  'accept-encoding' => 'gzip, deflate, sdch, br',
  'referer' => 'http://127.0.0.1/medias/public/index.php/admin/dealer/show/id/43.html',
  'accept' => 'text/html,application/xhtml+xml,application/xml;q=0.9,image/webp,*/*;q=0.8',
  'user-agent' => 'Mozilla/5.0 (Windows NT 10.0; Win64; x64) AppleWebKit/537.36 (KHTML, like Gecko) Chrome/58.0.3029.110 Safari/537.36',
  'upgrade-insecure-requests' => '1',
  'connection' => 'keep-alive',
  'host' => '127.0.0.1',
  'content-length' => '',
  'content-type' => '',
)
[ info ] [ PARAM ] array (
  'enews' => '2',
  'id' => '43',
)
[ info ] [ SESSION ] INIT array (
  'id' => '',
  'var_session_id' => '',
  'prefix' => 'think',
  'type' => '',
  'auto_start' => true,
)
[ info ] [ RUN ] app\admin\controller\Dealer->show[ D:\rar\phpstudy\WWW\medias\application\admin\controller\Dealer.php ]
[ info ] [ DB ] INIT mysql
[ info ] [ VIEW ] D:\rar\phpstudy\WWW\medias\public/../application/admin\view\dealer\show.html [ array (
  0 => 'llenews',
  1 => 'proname',
  2 => 'proid',
  3 => 'enewsid',
  4 => 'editopt',
  5 => 'delopt',
  6 => 'data',
  7 => 'page',
) ]
[ info ] [ LOG ] INIT File
[ sql ] [ DB ] CONNECT:[ UseTime:0.000651s ] mysql:dbname=media;host=127.0.0.1;port=3306;charset=utf8
[ sql ] [ SQL ] SHOW COLUMNS FROM `zt_allpro` [ RunTime:0.087389s ]
[ sql ] [ SQL ] SELECT * FROM `zt_allpro` WHERE  `proid` = 43   [ RunTime:0.000339s ]
[ sql ] [ SQL ] SHOW COLUMNS FROM `zt_project` [ RunTime:0.070517s ]
[ sql ] [ SQL ] SELECT `id`,`project_name` FROM `zt_project` WHERE  `id` = 43   [ RunTime:0.000237s ]
[ sql ] [ SQL ] SHOW COLUMNS FROM `zt_buytime` [ RunTime:0.008081s ]
[ sql ] [ SQL ] SELECT `id`,`timename` FROM `zt_buytime`  [ RunTime:0.000234s ]
[ sql ] [ SQL ] SHOW COLUMNS FROM `zt_lottery` [ RunTime:0.008069s ]
[ sql ] [ SQL ] SELECT `id`,`name` FROM `zt_lottery`  [ RunTime:0.000228s ]
[ sql ] [ SQL ] SHOW COLUMNS FROM `zt_admin` [ RunTime:0.008712s ]
[ sql ] [ SQL ] SELECT `rules` FROM `zt_admin` `a` INNER JOIN `zt_auth_group` `b` ON `b`.`id`=`a`.`groupid` WHERE  `a`.`user_id` = 1  [ RunTime:0.000288s ]
[ sql ] [ SQL ] SELECT `rules` FROM `zt_admin` `a` INNER JOIN `zt_auth_group` `b` ON `b`.`id`=`a`.`groupid` WHERE  `a`.`user_id` = 1  [ RunTime:0.000245s ]

---------------------------------------------------------------
[ 2017-06-21T10:02:12+08:00 ] 127.0.0.1 127.0.0.1 GET /medias/public/index.php/admin/dealer/show/enews/1/id/43.html
[ log ] 127.0.0.1/medias/public/index.php/admin/dealer/show/enews/1/id/43.html [运行时间：0.068737s][吞吐率：14.55req/s] [内存消耗：1,900.62kb] [文件加载：48]
[ info ] [ LANG ] D:\rar\phpstudy\WWW\medias\thinkphp\lang\zh-cn.php
[ info ] [ ROUTE ] array (
  'type' => 'module',
  'module' => 
  array (
    0 => 'admin',
    1 => 'dealer',
    2 => 'show',
  ),
)
[ info ] [ HEADER ] array (
  'cookie' => 'Hm_lvt_7e1b991d14eb5047e1f521cd606b8f00=1495784905,1496214821,1496223851; PHPSESSID=jjnkvvnrev4qk7mb65a7ghecp5',
  'accept-language' => 'zh-CN,zh;q=0.8',
  'accept-encoding' => 'gzip, deflate, sdch, br',
  'referer' => 'http://127.0.0.1/medias/public/index.php/admin/dealer/show/enews/2/id/43.html',
  'accept' => 'text/html,application/xhtml+xml,application/xml;q=0.9,image/webp,*/*;q=0.8',
  'user-agent' => 'Mozilla/5.0 (Windows NT 10.0; Win64; x64) AppleWebKit/537.36 (KHTML, like Gecko) Chrome/58.0.3029.110 Safari/537.36',
  'upgrade-insecure-requests' => '1',
  'connection' => 'keep-alive',
  'host' => '127.0.0.1',
  'content-length' => '',
  'content-type' => '',
)
[ info ] [ PARAM ] array (
  'enews' => '1',
  'id' => '43',
)
[ info ] [ SESSION ] INIT array (
  'id' => '',
  'var_session_id' => '',
  'prefix' => 'think',
  'type' => '',
  'auto_start' => true,
)
[ info ] [ RUN ] app\admin\controller\Dealer->show[ D:\rar\phpstudy\WWW\medias\application\admin\controller\Dealer.php ]
[ info ] [ DB ] INIT mysql
[ info ] [ VIEW ] D:\rar\phpstudy\WWW\medias\public/../application/admin\view\dealer\show.html [ array (
  0 => 'yxenews',
  1 => 'proname',
  2 => 'proid',
  3 => 'enewsid',
  4 => 'editopt',
  5 => 'delopt',
  6 => 'data',
  7 => 'page',
) ]
[ info ] [ LOG ] INIT File
[ sql ] [ DB ] CONNECT:[ UseTime:0.000619s ] mysql:dbname=media;host=127.0.0.1;port=3306;charset=utf8
[ sql ] [ SQL ] SHOW COLUMNS FROM `zt_allpro` [ RunTime:0.008495s ]
[ sql ] [ SQL ] SELECT * FROM `zt_allpro` WHERE  `proid` = 43   [ RunTime:0.000293s ]
[ sql ] [ SQL ] SHOW COLUMNS FROM `zt_project` [ RunTime:0.008250s ]
[ sql ] [ SQL ] SELECT `id`,`project_name` FROM `zt_project` WHERE  `id` = 43   [ RunTime:0.000247s ]
[ sql ] [ SQL ] SHOW COLUMNS FROM `zt_buytime` [ RunTime:0.007810s ]
[ sql ] [ SQL ] SELECT `id`,`timename` FROM `zt_buytime`  [ RunTime:0.000194s ]
[ sql ] [ SQL ] SHOW COLUMNS FROM `zt_lottery` [ RunTime:0.008297s ]
[ sql ] [ SQL ] SELECT `id`,`name` FROM `zt_lottery`  [ RunTime:0.000268s ]
[ sql ] [ SQL ] SHOW COLUMNS FROM `zt_admin` [ RunTime:0.007923s ]
[ sql ] [ SQL ] SELECT `rules` FROM `zt_admin` `a` INNER JOIN `zt_auth_group` `b` ON `b`.`id`=`a`.`groupid` WHERE  `a`.`user_id` = 1  [ RunTime:0.000240s ]
[ sql ] [ SQL ] SELECT `rules` FROM `zt_admin` `a` INNER JOIN `zt_auth_group` `b` ON `b`.`id`=`a`.`groupid` WHERE  `a`.`user_id` = 1  [ RunTime:0.000255s ]

---------------------------------------------------------------
[ 2017-06-21T10:02:13+08:00 ] 127.0.0.1 127.0.0.1 GET /medias/public/index.php/admin/project/show.html
[ log ] 127.0.0.1/medias/public/index.php/admin/project/show.html [运行时间：0.044844s][吞吐率：22.30req/s] [内存消耗：1,877.61kb] [文件加载：50]
[ info ] [ LANG ] D:\rar\phpstudy\WWW\medias\thinkphp\lang\zh-cn.php
[ info ] [ ROUTE ] array (
  'type' => 'module',
  'module' => 
  array (
    0 => 'admin',
    1 => 'project',
    2 => 'show',
  ),
)
[ info ] [ HEADER ] array (
  'cookie' => 'Hm_lvt_7e1b991d14eb5047e1f521cd606b8f00=1495784905,1496214821,1496223851; PHPSESSID=jjnkvvnrev4qk7mb65a7ghecp5',
  'accept-language' => 'zh-CN,zh;q=0.8',
  'accept-encoding' => 'gzip, deflate, sdch, br',
  'referer' => 'http://127.0.0.1/medias/public/index.php/admin/index/menu.html',
  'accept' => 'text/html,application/xhtml+xml,application/xml;q=0.9,image/webp,*/*;q=0.8',
  'user-agent' => 'Mozilla/5.0 (Windows NT 10.0; Win64; x64) AppleWebKit/537.36 (KHTML, like Gecko) Chrome/58.0.3029.110 Safari/537.36',
  'upgrade-insecure-requests' => '1',
  'connection' => 'keep-alive',
  'host' => '127.0.0.1',
  'content-length' => '',
  'content-type' => '',
)
[ info ] [ PARAM ] array (
)
[ info ] [ SESSION ] INIT array (
  'id' => '',
  'var_session_id' => '',
  'prefix' => 'think',
  'type' => '',
  'auto_start' => true,
)
[ info ] [ RUN ] app\admin\controller\Project->show[ D:\rar\phpstudy\WWW\medias\application\admin\controller\Project.php ]
[ info ] [ DB ] INIT mysql
[ info ] [ VIEW ] D:\rar\phpstudy\WWW\medias\public/../application/admin\view\project\show.html [ array (
  0 => 'delopt',
  1 => 'data',
) ]
[ info ] [ LOG ] INIT File
[ sql ] [ DB ] CONNECT:[ UseTime:0.000640s ] mysql:dbname=media;host=127.0.0.1;port=3306;charset=utf8
[ sql ] [ SQL ] SHOW COLUMNS FROM `zt_project` [ RunTime:0.008888s ]
[ sql ] [ SQL ] SELECT COUNT(*) AS tp_count FROM `zt_project` `p` INNER JOIN `zt_brand` `b` ON `p`.`brand`=`b`.`brand_id` ORDER BY id desc LIMIT 1   [ RunTime:0.000323s ]
[ sql ] [ SQL ] SELECT * FROM `zt_project` `p` INNER JOIN `zt_brand` `b` ON `p`.`brand`=`b`.`brand_id` ORDER BY id desc LIMIT 0,20   [ RunTime:0.000670s ]
[ sql ] [ SQL ] SHOW COLUMNS FROM `zt_admin` [ RunTime:0.008211s ]
[ sql ] [ SQL ] SELECT `rules` FROM `zt_admin` `a` INNER JOIN `zt_auth_group` `b` ON `b`.`id`=`a`.`groupid` WHERE  `a`.`user_id` = 1  [ RunTime:0.000233s ]

---------------------------------------------------------------
