[ 2017-03-22T18:59:38+08:00 ] 127.0.0.1 127.0.0.1 POST /medias/public/index.php/admin/project/show.html
[ log ] localhost/medias/public/index.php/admin/project/show.html [运行时间：0.054591s][吞吐率：18.32req/s] [内存消耗：1,878.31kb] [文件加载：50]
[ info ] [ LANG ] D:\rar\phpstudy\WWW\medias\thinkphp\lang\zh-cn.php
[ info ] [ ROUTE ] array (
  'type' => 'module',
  'module' => 
  array (
    0 => 'admin',
    1 => 'project',
    2 => 'show',
  ),
)
[ info ] [ HEADER ] array (
  'cookie' => 'PHPSESSID=i15jfrth3aorugsep474450g20; Hm_lvt_7e1b991d14eb5047e1f521cd606b8f00=1490178406; Hm_lpvt_7e1b991d14eb5047e1f521cd606b8f00=1490178868',
  'accept-language' => 'zh-CN,zh;q=0.8',
  'accept-encoding' => 'gzip, deflate, br',
  'referer' => 'http://localhost/medias/public/index.php/admin/project/show.html',
  'accept' => 'text/html,application/xhtml+xml,application/xml;q=0.9,image/webp,*/*;q=0.8',
  'content-type' => 'application/x-www-form-urlencoded',
  'user-agent' => 'Mozilla/5.0 (Windows NT 10.0; WOW64) AppleWebKit/537.36 (KHTML, like Gecko) Chrome/56.0.2924.87 Safari/537.36',
  'upgrade-insecure-requests' => '1',
  'origin' => 'http://localhost',
  'cache-control' => 'no-cache',
  'pragma' => 'no-cache',
  'content-length' => '117',
  'connection' => 'keep-alive',
  'host' => 'localhost',
)
[ info ] [ PARAM ] array (
  'dopost' => '',
  'pj_key' => '3225543',
  'keyxm' => '4L，德系品质',
  'keybrand' => '',
  'imageField_x' => '25',
  'imageField_y' => '9',
)
[ info ] [ SESSION ] INIT array (
  'id' => '',
  'var_session_id' => '',
  'prefix' => 'think',
  'type' => '',
  'auto_start' => true,
)
[ info ] [ DB ] INIT mysql
[ info ] [ RUN ] app\admin\controller\Project->show[ D:\rar\phpstudy\WWW\medias\application\admin\controller\Project.php ]
[ info ] [ VIEW ] D:\rar\phpstudy\WWW\medias\public/../application/admin\view\project\show.html [ array (
  0 => 'delopt',
  1 => 'data',
) ]
[ info ] [ LOG ] INIT File
[ sql ] [ DB ] CONNECT:[ UseTime:0.000712s ] mysql:dbname=media;host=127.0.0.1;port=3306;charset=utf8
[ sql ] [ SQL ] SHOW COLUMNS FROM `zt_admin` [ RunTime:0.009254s ]
[ sql ] [ SQL ] SELECT `user_id`,`groupid`,`title`,`rules` FROM `zt_admin` `a` INNER JOIN `zt_auth_group` `g` ON `g`.`id`=`a`.`groupid` WHERE  (  a.user_id='3'   and g.status='1' )  [ RunTime:0.000446s ]
[ sql ] [ SQL ] SHOW COLUMNS FROM `zt_auth_rule` [ RunTime:0.008171s ]
[ sql ] [ SQL ] SELECT `condition`,`name` FROM `zt_auth_rule` WHERE  `id` IN (5,6,114,26,27,14,116,117,28,118)  AND `type` = 1  AND `status` = 1              [ RunTime:0.000525s ]
[ sql ] [ SQL ] SHOW COLUMNS FROM `zt_project` [ RunTime:0.008446s ]
[ sql ] [ SQL ] SELECT COUNT(*) AS tp_count FROM `zt_project` `p` INNER JOIN `zt_brand` `b` ON `p`.`brand`=`b`.`brand_id` WHERE  (    p.project_name like '%4L，德系品质%'  and p.pj_id like '%3225543%' ) ORDER BY id desc LIMIT 1   [ RunTime:0.000409s ]
[ sql ] [ SQL ] SELECT * FROM `zt_project` `p` INNER JOIN `zt_brand` `b` ON `p`.`brand`=`b`.`brand_id` WHERE  (    p.project_name like '%4L，德系品质%'  and p.pj_id like '%3225543%' ) ORDER BY id desc LIMIT 0,20   [ RunTime:0.000473s ]
[ sql ] [ SQL ] SELECT `rules` FROM `zt_admin` `a` INNER JOIN `zt_auth_group` `b` ON `b`.`id`=`a`.`groupid` WHERE  `a`.`user_id` = 3  [ RunTime:0.000360s ]
[ sql ] [ SQL ] SELECT `id` FROM `zt_auth_rule` WHERE  `id` IN (5,6,114,26,27,14,116,117,28,118)  AND `name` = 'admin/project/pjdel'             [ RunTime:0.000388s ]

---------------------------------------------------------------
